[2025-11-27T19:30:10.305+0000] {local_task_job_runner.py:120} INFO - ::group::Pre task execution logs
[2025-11-27T19:30:10.331+0000] {taskinstance.py:2076} INFO - Dependencies all met for dep_context=non-requeueable deps ti=<TaskInstance: etl_2.extract_task scheduled__2025-11-26T00:00:00+00:00 [queued]>
[2025-11-27T19:30:10.339+0000] {taskinstance.py:2076} INFO - Dependencies all met for dep_context=requeueable deps ti=<TaskInstance: etl_2.extract_task scheduled__2025-11-26T00:00:00+00:00 [queued]>
[2025-11-27T19:30:10.339+0000] {taskinstance.py:2306} INFO - Starting attempt 1 of 1
[2025-11-27T19:30:10.350+0000] {taskinstance.py:2330} INFO - Executing <Task(_PythonDecoratedOperator): extract_task> on 2025-11-26 00:00:00+00:00
[2025-11-27T19:30:10.360+0000] {logging_mixin.py:188} WARNING - /home/***/.local/lib/python3.12/site-packages/***/task/task_runner/standard_task_runner.py:61 DeprecationWarning: This process (pid=710) is multi-threaded, use of fork() may lead to deadlocks in the child.
[2025-11-27T19:30:10.361+0000] {standard_task_runner.py:63} INFO - Started process 714 to run task
[2025-11-27T19:30:10.360+0000] {standard_task_runner.py:90} INFO - Running: ['***', 'tasks', 'run', 'etl_2', 'extract_task', 'scheduled__2025-11-26T00:00:00+00:00', '--job-id', '50', '--raw', '--subdir', 'DAGS_FOLDER/etl.py', '--cfg-path', '/tmp/tmpm6w0n9vx']
[2025-11-27T19:30:10.362+0000] {standard_task_runner.py:91} INFO - Job 50: Subtask extract_task
[2025-11-27T19:30:10.408+0000] {task_command.py:426} INFO - Running <TaskInstance: etl_2.extract_task scheduled__2025-11-26T00:00:00+00:00 [running]> on host 2a6b3d4c2450
[2025-11-27T19:30:10.477+0000] {taskinstance.py:2648} INFO - Exporting env vars: AIRFLOW_CTX_DAG_OWNER='***' AIRFLOW_CTX_DAG_ID='etl_2' AIRFLOW_CTX_TASK_ID='extract_task' AIRFLOW_CTX_EXECUTION_DATE='2025-11-26T00:00:00+00:00' AIRFLOW_CTX_TRY_NUMBER='1' AIRFLOW_CTX_DAG_RUN_ID='scheduled__2025-11-26T00:00:00+00:00'
[2025-11-27T19:30:10.478+0000] {taskinstance.py:430} INFO - ::endgroup::
[2025-11-27T19:30:10.484+0000] {python.py:237} INFO - Done. Returned value was:      Pregnancies  Glucose  ...  Age  Outcome
0              6      148  ...   50        1
1              1       85  ...   31        0
2              8      183  ...   32        1
3              1       89  ...   21        0
4              0      137  ...   33        1
..           ...      ...  ...  ...      ...
763           10      101  ...   63        0
764            2      122  ...   27        0
765            5      121  ...   30        0
766            1      126  ...   47        1
767            1       93  ...   23        0

[768 rows x 9 columns]
[2025-11-27T19:30:10.497+0000] {taskinstance.py:441} INFO - ::group::Post task execution logs
[2025-11-27T19:30:10.520+0000] {taskinstance.py:1206} INFO - Marking task as SUCCESS. dag_id=etl_2, task_id=extract_task, run_id=scheduled__2025-11-26T00:00:00+00:00, execution_date=20251126T000000, start_date=20251127T193010, end_date=20251127T193010
[2025-11-27T19:30:10.535+0000] {local_task_job_runner.py:240} INFO - Task exited with return code 0
[2025-11-27T19:30:10.553+0000] {taskinstance.py:3498} INFO - 1 downstream tasks scheduled from follow-on schedule check
[2025-11-27T19:30:10.556+0000] {local_task_job_runner.py:222} INFO - ::endgroup::
