[2025-11-28T00:45:36.984+0000] {local_task_job_runner.py:120} INFO - ::group::Pre task execution logs
[2025-11-28T00:45:37.005+0000] {taskinstance.py:2076} INFO - Dependencies all met for dep_context=non-requeueable deps ti=<TaskInstance: ml_prediction_monitoring_pipeline_v2.fetch_features scheduled__2025-11-27T00:00:00+00:00 [queued]>
[2025-11-28T00:45:37.013+0000] {taskinstance.py:2076} INFO - Dependencies all met for dep_context=requeueable deps ti=<TaskInstance: ml_prediction_monitoring_pipeline_v2.fetch_features scheduled__2025-11-27T00:00:00+00:00 [queued]>
[2025-11-28T00:45:37.013+0000] {taskinstance.py:2306} INFO - Starting attempt 1 of 3
[2025-11-28T00:45:37.024+0000] {taskinstance.py:2330} INFO - Executing <Task(PythonOperator): fetch_features> on 2025-11-27 00:00:00+00:00
[2025-11-28T00:45:37.030+0000] {logging_mixin.py:188} WARNING - /home/***/.local/lib/python3.12/site-packages/***/task/task_runner/standard_task_runner.py:61 DeprecationWarning: This process (pid=579) is multi-threaded, use of fork() may lead to deadlocks in the child.
[2025-11-28T00:45:37.031+0000] {standard_task_runner.py:63} INFO - Started process 590 to run task
[2025-11-28T00:45:37.031+0000] {standard_task_runner.py:90} INFO - Running: ['***', 'tasks', 'run', 'ml_prediction_monitoring_pipeline_v2', 'fetch_features', 'scheduled__2025-11-27T00:00:00+00:00', '--job-id', '108', '--raw', '--subdir', 'DAGS_FOLDER/pipe_prediction_monitoring.py', '--cfg-path', '/tmp/tmp_zb_5pep']
[2025-11-28T00:45:37.033+0000] {standard_task_runner.py:91} INFO - Job 108: Subtask fetch_features
[2025-11-28T00:45:37.074+0000] {task_command.py:426} INFO - Running <TaskInstance: ml_prediction_monitoring_pipeline_v2.fetch_features scheduled__2025-11-27T00:00:00+00:00 [running]> on host 0c5da11f058c
[2025-11-28T00:45:37.137+0000] {taskinstance.py:2648} INFO - Exporting env vars: AIRFLOW_CTX_DAG_EMAIL='data-team@example.com' AIRFLOW_CTX_DAG_OWNER='data_science_team' AIRFLOW_CTX_DAG_ID='ml_prediction_monitoring_pipeline_v2' AIRFLOW_CTX_TASK_ID='fetch_features' AIRFLOW_CTX_EXECUTION_DATE='2025-11-27T00:00:00+00:00' AIRFLOW_CTX_TRY_NUMBER='1' AIRFLOW_CTX_DAG_RUN_ID='scheduled__2025-11-27T00:00:00+00:00'
[2025-11-28T00:45:37.138+0000] {taskinstance.py:430} INFO - ::endgroup::
[2025-11-28T00:45:37.147+0000] {logging_mixin.py:188} INFO - 📥 Buscando features dos pacientes...
[2025-11-28T00:45:37.638+0000] {registry.py:872} INFO - Registry cache expired, so refreshing
[2025-11-28T00:45:37.640+0000] {utils.py:750} WARNING - _list_feature_views will make breaking changes. Please use _list_batch_feature_views instead. _list_feature_views will behave like _list_all_feature_views in the future.
[2025-11-28T00:45:37.645+0000] {sqlite.py:418} WARNING - Cannot use sqlite_vec for vector search
[2025-11-28T00:45:37.646+0000] {logging_mixin.py:188} WARNING - /home/***/.local/lib/python3.12/site-packages/feast/infra/online_stores/sqlite.py:220 DeprecationWarning: The default timestamp converter is deprecated as of Python 3.12; see the sqlite3 documentation for suggested replacement recipes
[2025-11-28T00:45:37.648+0000] {logging_mixin.py:188} INFO - ✅ Features carregadas: (2, 6)
[2025-11-28T00:45:37.648+0000] {logging_mixin.py:188} INFO -    Colunas: ['patient_id', 'DiabetesPedigreeFunction', 'BMI', 'Glucose', 'SkinThickness', 'Insulin']
[2025-11-28T00:45:37.664+0000] {python.py:237} INFO - Done. Returned value was: None
[2025-11-28T00:45:37.664+0000] {taskinstance.py:441} INFO - ::group::Post task execution logs
[2025-11-28T00:45:37.673+0000] {taskinstance.py:1206} INFO - Marking task as SUCCESS. dag_id=ml_prediction_monitoring_pipeline_v2, task_id=fetch_features, run_id=scheduled__2025-11-27T00:00:00+00:00, execution_date=20251127T000000, start_date=20251128T004537, end_date=20251128T004537
[2025-11-28T00:45:37.731+0000] {local_task_job_runner.py:240} INFO - Task exited with return code 0
[2025-11-28T00:45:37.754+0000] {taskinstance.py:3498} INFO - 1 downstream tasks scheduled from follow-on schedule check
[2025-11-28T00:45:37.757+0000] {local_task_job_runner.py:222} INFO - ::endgroup::
