[2025-11-27T19:24:50.643+0000] {local_task_job_runner.py:120} INFO - ::group::Pre task execution logs
[2025-11-27T19:24:50.670+0000] {taskinstance.py:2076} INFO - Dependencies all met for dep_context=non-requeueable deps ti=<TaskInstance: etl_parquet.transform_task scheduled__2025-11-26T00:00:00+00:00 [queued]>
[2025-11-27T19:24:50.678+0000] {taskinstance.py:2076} INFO - Dependencies all met for dep_context=requeueable deps ti=<TaskInstance: etl_parquet.transform_task scheduled__2025-11-26T00:00:00+00:00 [queued]>
[2025-11-27T19:24:50.678+0000] {taskinstance.py:2306} INFO - Starting attempt 1 of 1
[2025-11-27T19:24:50.691+0000] {taskinstance.py:2330} INFO - Executing <Task(_PythonDecoratedOperator): transform_task> on 2025-11-26 00:00:00+00:00
[2025-11-27T19:24:50.699+0000] {standard_task_runner.py:90} INFO - Running: ['***', 'tasks', 'run', 'etl_parquet', 'transform_task', 'scheduled__2025-11-26T00:00:00+00:00', '--job-id', '44', '--raw', '--subdir', 'DAGS_FOLDER/etl.py', '--cfg-path', '/tmp/tmpx420c0e5']
[2025-11-27T19:24:50.702+0000] {standard_task_runner.py:91} INFO - Job 44: Subtask transform_task
[2025-11-27T19:24:50.703+0000] {logging_mixin.py:188} WARNING - /home/***/.local/lib/python3.12/site-packages/***/task/task_runner/standard_task_runner.py:61 DeprecationWarning: This process (pid=550) is multi-threaded, use of fork() may lead to deadlocks in the child.
[2025-11-27T19:24:50.703+0000] {standard_task_runner.py:63} INFO - Started process 555 to run task
[2025-11-27T19:24:50.748+0000] {task_command.py:426} INFO - Running <TaskInstance: etl_parquet.transform_task scheduled__2025-11-26T00:00:00+00:00 [running]> on host 2a6b3d4c2450
[2025-11-27T19:24:50.857+0000] {taskinstance.py:2648} INFO - Exporting env vars: AIRFLOW_CTX_DAG_OWNER='***' AIRFLOW_CTX_DAG_ID='etl_parquet' AIRFLOW_CTX_TASK_ID='transform_task' AIRFLOW_CTX_EXECUTION_DATE='2025-11-26T00:00:00+00:00' AIRFLOW_CTX_TRY_NUMBER='1' AIRFLOW_CTX_DAG_RUN_ID='scheduled__2025-11-26T00:00:00+00:00'
[2025-11-27T19:24:50.857+0000] {taskinstance.py:430} INFO - ::endgroup::
[2025-11-27T19:24:50.859+0000] {python.py:237} INFO - Done. Returned value was: {'predictor':      Pregnancies  Glucose  BloodPressure  ...   BMI  DiabetesPedigreeFunction  Age
0              6      148             72  ...  33.6                     0.627   50
1              1       85             66  ...  26.6                     0.351   31
2              8      183             64  ...  23.3                     0.672   32
3              1       89             66  ...  28.1                     0.167   21
4              0      137             40  ...  43.1                     2.288   33
..           ...      ...            ...  ...   ...                       ...  ...
763           10      101             76  ...  32.9                     0.171   63
764            2      122             70  ...  36.8                     0.340   27
765            5      121             72  ...  26.2                     0.245   30
766            1      126             60  ...  30.1                     0.349   47
767            1       93             70  ...  30.4                     0.315   23

[768 rows x 8 columns], 'target': 0      1
1      0
2      1
3      0
4      1
      ..
763    0
764    0
765    0
766    1
767    0
Name: Outcome, Length: 768, dtype: int64}
[2025-11-27T19:24:50.866+0000] {taskinstance.py:441} INFO - ::group::Post task execution logs
[2025-11-27T19:24:50.908+0000] {taskinstance.py:1206} INFO - Marking task as SUCCESS. dag_id=etl_parquet, task_id=transform_task, run_id=scheduled__2025-11-26T00:00:00+00:00, execution_date=20251126T000000, start_date=20251127T192450, end_date=20251127T192450
[2025-11-27T19:24:50.957+0000] {local_task_job_runner.py:240} INFO - Task exited with return code 0
[2025-11-27T19:24:50.980+0000] {taskinstance.py:3498} INFO - 1 downstream tasks scheduled from follow-on schedule check
[2025-11-27T19:24:50.982+0000] {local_task_job_runner.py:222} INFO - ::endgroup::
