[2025-11-27T18:03:17.784+0000] {manager.py:470} INFO - Processing files using up to 2 processes at a time 
[2025-11-27T18:03:17.785+0000] {manager.py:471} INFO - Process each file at most once every 30 seconds
[2025-11-27T18:03:17.785+0000] {manager.py:472} INFO - Checking for new files in /opt/airflow/dags every 300 seconds
[2025-11-27T18:03:17.786+0000] {manager.py:737} INFO - Searching for files in /opt/airflow/dags
[2025-11-27T18:03:17.787+0000] {manager.py:740} INFO - There are 0 files in /opt/airflow/dags
[2025-11-27T18:05:33.385+0000] {manager.py:452} INFO - Exiting gracefully upon receiving signal 15
[2025-11-27T18:06:47.590+0000] {manager.py:470} INFO - Processing files using up to 2 processes at a time 
[2025-11-27T18:06:47.591+0000] {manager.py:471} INFO - Process each file at most once every 30 seconds
[2025-11-27T18:06:47.591+0000] {manager.py:472} INFO - Checking for new files in /opt/airflow/dags every 300 seconds
[2025-11-27T18:06:47.591+0000] {manager.py:737} INFO - Searching for files in /opt/airflow/dags
[2025-11-27T18:06:47.592+0000] {manager.py:740} INFO - There are 0 files in /opt/airflow/dags
[2025-11-27T18:11:48.128+0000] {manager.py:737} INFO - Searching for files in /opt/airflow/dags
[2025-11-27T18:11:48.128+0000] {manager.py:740} INFO - There are 0 files in /opt/airflow/dags
[2025-11-27T18:16:48.540+0000] {manager.py:737} INFO - Searching for files in /opt/airflow/dags
[2025-11-27T18:16:48.541+0000] {manager.py:740} INFO - There are 0 files in /opt/airflow/dags
[2025-11-27T18:21:48.917+0000] {manager.py:737} INFO - Searching for files in /opt/airflow/dags
[2025-11-27T18:21:48.918+0000] {manager.py:740} INFO - There are 0 files in /opt/airflow/dags
[2025-11-27T18:26:49.380+0000] {manager.py:737} INFO - Searching for files in /opt/airflow/dags
[2025-11-27T18:26:49.381+0000] {manager.py:740} INFO - There are 0 files in /opt/airflow/dags
[2025-11-27T18:31:50.349+0000] {manager.py:737} INFO - Searching for files in /opt/airflow/dags
[2025-11-27T18:31:50.349+0000] {manager.py:740} INFO - There are 0 files in /opt/airflow/dags
[2025-11-27T18:36:50.654+0000] {manager.py:737} INFO - Searching for files in /opt/airflow/dags
[2025-11-27T18:36:50.655+0000] {manager.py:740} INFO - There are 0 files in /opt/airflow/dags
[2025-11-27T18:41:51.546+0000] {manager.py:737} INFO - Searching for files in /opt/airflow/dags
[2025-11-27T18:41:51.546+0000] {manager.py:740} INFO - There are 0 files in /opt/airflow/dags
[2025-11-27T18:46:52.302+0000] {manager.py:737} INFO - Searching for files in /opt/airflow/dags
[2025-11-27T18:46:52.303+0000] {manager.py:740} INFO - There are 0 files in /opt/airflow/dags
[2025-11-27T18:51:53.123+0000] {manager.py:737} INFO - Searching for files in /opt/airflow/dags
[2025-11-27T18:51:53.124+0000] {manager.py:740} INFO - There are 0 files in /opt/airflow/dags
[2025-11-27T18:56:53.789+0000] {manager.py:737} INFO - Searching for files in /opt/airflow/dags
[2025-11-27T18:56:53.790+0000] {manager.py:740} INFO - There are 1 files in /opt/airflow/dags
[2025-11-27T18:56:56.871+0000] {manager.py:878} INFO - 
================================================================================
DAG File Processing Stats

File Path                 PID    Runtime      # DAGs    # Errors  Last Runtime    Last Run
------------------------  -----  ---------  --------  ----------  --------------  -------------------
/opt/airflow/dags/etl.py                           0           1  0.40s           2025-11-27T18:56:54
================================================================================
[2025-11-27T18:57:29.473+0000] {manager.py:878} INFO - 
================================================================================
DAG File Processing Stats

File Path                 PID    Runtime      # DAGs    # Errors  Last Runtime    Last Run
------------------------  -----  ---------  --------  ----------  --------------  -------------------
/opt/airflow/dags/etl.py                           0           1  0.22s           2025-11-27T18:57:24
================================================================================
[2025-11-27T18:58:01.865+0000] {manager.py:878} INFO - 
================================================================================
DAG File Processing Stats

File Path                 PID    Runtime      # DAGs    # Errors  Last Runtime    Last Run
------------------------  -----  ---------  --------  ----------  --------------  -------------------
/opt/airflow/dags/etl.py                           0           1  0.23s           2025-11-27T18:57:55
================================================================================
[2025-11-27T18:58:34.326+0000] {manager.py:878} INFO - 
================================================================================
DAG File Processing Stats

File Path                 PID    Runtime      # DAGs    # Errors  Last Runtime    Last Run
------------------------  -----  ---------  --------  ----------  --------------  -------------------
/opt/airflow/dags/etl.py                           0           1  0.26s           2025-11-27T18:58:25
================================================================================
[2025-11-27T18:59:06.439+0000] {manager.py:878} INFO - 
================================================================================
DAG File Processing Stats

File Path                 PID    Runtime      # DAGs    # Errors  Last Runtime    Last Run
------------------------  -----  ---------  --------  ----------  --------------  -------------------
/opt/airflow/dags/etl.py                           0           1  0.24s           2025-11-27T18:58:55
================================================================================
[2025-11-27T18:59:38.857+0000] {manager.py:878} INFO - 
================================================================================
DAG File Processing Stats

File Path                 PID    Runtime      # DAGs    # Errors  Last Runtime    Last Run
------------------------  -----  ---------  --------  ----------  --------------  -------------------
/opt/airflow/dags/etl.py                           0           1  0.24s           2025-11-27T18:59:26
================================================================================
[2025-11-27T19:00:11.292+0000] {manager.py:878} INFO - 
================================================================================
DAG File Processing Stats

File Path                 PID    Runtime      # DAGs    # Errors  Last Runtime    Last Run
------------------------  -----  ---------  --------  ----------  --------------  -------------------
/opt/airflow/dags/etl.py                           0           1  0.36s           2025-11-27T18:59:56
================================================================================
[2025-11-27T19:00:43.855+0000] {manager.py:878} INFO - 
================================================================================
DAG File Processing Stats

File Path                 PID    Runtime      # DAGs    # Errors  Last Runtime    Last Run
------------------------  -----  ---------  --------  ----------  --------------  -------------------
/opt/airflow/dags/etl.py                           0           1  0.24s           2025-11-27T19:00:27
================================================================================
[2025-11-27T19:01:16.247+0000] {manager.py:878} INFO - 
================================================================================
DAG File Processing Stats

File Path                 PID    Runtime      # DAGs    # Errors  Last Runtime    Last Run
------------------------  -----  ---------  --------  ----------  --------------  -------------------
/opt/airflow/dags/etl.py                           0           1  0.25s           2025-11-27T19:00:59
================================================================================
[2025-11-27T19:01:35.498+0000] {manager.py:452} INFO - Exiting gracefully upon receiving signal 15
[2025-11-27T19:03:52.684+0000] {manager.py:470} INFO - Processing files using up to 2 processes at a time 
[2025-11-27T19:03:52.685+0000] {manager.py:471} INFO - Process each file at most once every 30 seconds
[2025-11-27T19:03:52.686+0000] {manager.py:472} INFO - Checking for new files in /opt/airflow/dags every 300 seconds
[2025-11-27T19:03:52.686+0000] {manager.py:737} INFO - Searching for files in /opt/airflow/dags
[2025-11-27T19:03:52.688+0000] {manager.py:740} INFO - There are 1 files in /opt/airflow/dags
[2025-11-27T19:03:52.814+0000] {manager.py:878} INFO - 
================================================================================
DAG File Processing Stats

File Path                   PID  Runtime      # DAGs    # Errors  Last Runtime    Last Run
------------------------  -----  ---------  --------  ----------  --------------  ----------
/opt/airflow/dags/etl.py    182  0.04s             0           0
================================================================================
[2025-11-27T19:04:25.421+0000] {manager.py:878} INFO - 
================================================================================
DAG File Processing Stats

File Path                 PID    Runtime      # DAGs    # Errors  Last Runtime    Last Run
------------------------  -----  ---------  --------  ----------  --------------  -------------------
/opt/airflow/dags/etl.py                           0           1  0.24s           2025-11-27T19:04:23
================================================================================
[2025-11-27T19:04:57.832+0000] {manager.py:878} INFO - 
================================================================================
DAG File Processing Stats

File Path                 PID    Runtime      # DAGs    # Errors  Last Runtime    Last Run
------------------------  -----  ---------  --------  ----------  --------------  -------------------
/opt/airflow/dags/etl.py                           0           1  0.23s           2025-11-27T19:04:54
================================================================================
[2025-11-27T19:05:30.203+0000] {manager.py:878} INFO - 
================================================================================
DAG File Processing Stats

File Path                 PID    Runtime      # DAGs    # Errors  Last Runtime    Last Run
------------------------  -----  ---------  --------  ----------  --------------  -------------------
/opt/airflow/dags/etl.py                           0           1  0.24s           2025-11-27T19:05:24
================================================================================
[2025-11-27T19:06:02.879+0000] {manager.py:878} INFO - 
================================================================================
DAG File Processing Stats

File Path                 PID    Runtime      # DAGs    # Errors  Last Runtime    Last Run
------------------------  -----  ---------  --------  ----------  --------------  -------------------
/opt/airflow/dags/etl.py                           0           1  0.24s           2025-11-27T19:05:53
================================================================================
[2025-11-27T19:06:35.061+0000] {manager.py:878} INFO - 
================================================================================
DAG File Processing Stats

File Path                 PID    Runtime      # DAGs    # Errors  Last Runtime    Last Run
------------------------  -----  ---------  --------  ----------  --------------  -------------------
/opt/airflow/dags/etl.py                           0           1  0.27s           2025-11-27T19:06:24
================================================================================
[2025-11-27T19:07:07.501+0000] {manager.py:878} INFO - 
================================================================================
DAG File Processing Stats

File Path                 PID    Runtime      # DAGs    # Errors  Last Runtime    Last Run
------------------------  -----  ---------  --------  ----------  --------------  -------------------
/opt/airflow/dags/etl.py                           0           1  0.24s           2025-11-27T19:06:54
================================================================================
[2025-11-27T19:07:40.006+0000] {manager.py:878} INFO - 
================================================================================
DAG File Processing Stats

File Path                 PID    Runtime      # DAGs    # Errors  Last Runtime    Last Run
------------------------  -----  ---------  --------  ----------  --------------  -------------------
/opt/airflow/dags/etl.py                           0           1  0.23s           2025-11-27T19:07:24
================================================================================
[2025-11-27T19:08:12.424+0000] {manager.py:878} INFO - 
================================================================================
DAG File Processing Stats

File Path                 PID    Runtime      # DAGs    # Errors  Last Runtime    Last Run
------------------------  -----  ---------  --------  ----------  --------------  -------------------
/opt/airflow/dags/etl.py                           1           0  0.52s           2025-11-27T19:08:00
================================================================================
[2025-11-27T19:08:44.867+0000] {manager.py:878} INFO - 
================================================================================
DAG File Processing Stats

File Path                 PID    Runtime      # DAGs    # Errors  Last Runtime    Last Run
------------------------  -----  ---------  --------  ----------  --------------  -------------------
/opt/airflow/dags/etl.py                           1           0  0.39s           2025-11-27T19:08:31
================================================================================
[2025-11-27T19:08:52.890+0000] {manager.py:737} INFO - Searching for files in /opt/airflow/dags
[2025-11-27T19:08:52.891+0000] {manager.py:740} INFO - There are 1 files in /opt/airflow/dags
[2025-11-27T19:09:17.430+0000] {manager.py:878} INFO - 
================================================================================
DAG File Processing Stats

File Path                 PID    Runtime      # DAGs    # Errors  Last Runtime    Last Run
------------------------  -----  ---------  --------  ----------  --------------  -------------------
/opt/airflow/dags/etl.py                           1           0  0.26s           2025-11-27T19:09:09
================================================================================
[2025-11-27T19:09:49.941+0000] {manager.py:878} INFO - 
================================================================================
DAG File Processing Stats

File Path                 PID    Runtime      # DAGs    # Errors  Last Runtime    Last Run
------------------------  -----  ---------  --------  ----------  --------------  -------------------
/opt/airflow/dags/etl.py                           1           0  0.44s           2025-11-27T19:09:39
================================================================================
[2025-11-27T19:10:22.619+0000] {manager.py:878} INFO - 
================================================================================
DAG File Processing Stats

File Path                 PID    Runtime      # DAGs    # Errors  Last Runtime    Last Run
------------------------  -----  ---------  --------  ----------  --------------  -------------------
/opt/airflow/dags/etl.py                           1           0  0.25s           2025-11-27T19:10:06
================================================================================
[2025-11-27T19:10:55.270+0000] {manager.py:878} INFO - 
================================================================================
DAG File Processing Stats

File Path                 PID    Runtime      # DAGs    # Errors  Last Runtime    Last Run
------------------------  -----  ---------  --------  ----------  --------------  -------------------
/opt/airflow/dags/etl.py                           1           0  0.43s           2025-11-27T19:10:51
================================================================================
[2025-11-27T19:11:27.623+0000] {manager.py:878} INFO - 
================================================================================
DAG File Processing Stats

File Path                 PID    Runtime      # DAGs    # Errors  Last Runtime    Last Run
------------------------  -----  ---------  --------  ----------  --------------  -------------------
/opt/airflow/dags/etl.py                           1           0  0.35s           2025-11-27T19:11:21
================================================================================
[2025-11-27T19:12:00.059+0000] {manager.py:878} INFO - 
================================================================================
DAG File Processing Stats

File Path                 PID    Runtime      # DAGs    # Errors  Last Runtime    Last Run
------------------------  -----  ---------  --------  ----------  --------------  -------------------
/opt/airflow/dags/etl.py                           1           0  0.84s           2025-11-27T19:11:52
================================================================================
[2025-11-27T19:12:32.209+0000] {manager.py:878} INFO - 
================================================================================
DAG File Processing Stats

File Path                 PID    Runtime      # DAGs    # Errors  Last Runtime    Last Run
------------------------  -----  ---------  --------  ----------  --------------  -------------------
/opt/airflow/dags/etl.py                           1           0  0.25s           2025-11-27T19:12:23
================================================================================
[2025-11-27T19:13:04.373+0000] {manager.py:878} INFO - 
================================================================================
DAG File Processing Stats

File Path                 PID    Runtime      # DAGs    # Errors  Last Runtime    Last Run
------------------------  -----  ---------  --------  ----------  --------------  -------------------
/opt/airflow/dags/etl.py                           1           0  0.26s           2025-11-27T19:12:53
================================================================================
[2025-11-27T19:13:34.013+0000] {manager.py:452} INFO - Exiting gracefully upon receiving signal 15
[2025-11-27T19:14:13.131+0000] {manager.py:470} INFO - Processing files using up to 2 processes at a time 
[2025-11-27T19:14:13.133+0000] {manager.py:471} INFO - Process each file at most once every 30 seconds
[2025-11-27T19:14:13.133+0000] {manager.py:472} INFO - Checking for new files in /opt/airflow/dags every 300 seconds
[2025-11-27T19:14:13.134+0000] {manager.py:737} INFO - Searching for files in /opt/airflow/dags
[2025-11-27T19:14:13.135+0000] {manager.py:740} INFO - There are 1 files in /opt/airflow/dags
[2025-11-27T19:14:13.249+0000] {manager.py:878} INFO - 
================================================================================
DAG File Processing Stats

File Path                   PID  Runtime      # DAGs    # Errors  Last Runtime    Last Run
------------------------  -----  ---------  --------  ----------  --------------  ----------
/opt/airflow/dags/etl.py    182  0.03s             0           0
================================================================================
[2025-11-27T19:14:46.018+0000] {manager.py:878} INFO - 
================================================================================
DAG File Processing Stats

File Path                 PID    Runtime      # DAGs    # Errors  Last Runtime    Last Run
------------------------  -----  ---------  --------  ----------  --------------  -------------------
/opt/airflow/dags/etl.py                           1           0  0.26s           2025-11-27T19:14:44
================================================================================
[2025-11-27T19:15:18.434+0000] {manager.py:878} INFO - 
================================================================================
DAG File Processing Stats

File Path                 PID    Runtime      # DAGs    # Errors  Last Runtime    Last Run
------------------------  -----  ---------  --------  ----------  --------------  -------------------
/opt/airflow/dags/etl.py                           1           0  0.30s           2025-11-27T19:15:14
================================================================================
[2025-11-27T19:15:51.183+0000] {manager.py:878} INFO - 
================================================================================
DAG File Processing Stats

File Path                 PID    Runtime      # DAGs    # Errors  Last Runtime    Last Run
------------------------  -----  ---------  --------  ----------  --------------  -------------------
/opt/airflow/dags/etl.py                           1           0  0.28s           2025-11-27T19:15:49
================================================================================
[2025-11-27T19:16:23.410+0000] {manager.py:878} INFO - 
================================================================================
DAG File Processing Stats

File Path                 PID    Runtime      # DAGs    # Errors  Last Runtime    Last Run
------------------------  -----  ---------  --------  ----------  --------------  -------------------
/opt/airflow/dags/etl.py                           1           0  0.45s           2025-11-27T19:15:53
================================================================================
[2025-11-27T19:16:55.735+0000] {manager.py:878} INFO - 
================================================================================
DAG File Processing Stats

File Path                 PID    Runtime      # DAGs    # Errors  Last Runtime    Last Run
------------------------  -----  ---------  --------  ----------  --------------  -------------------
/opt/airflow/dags/etl.py                           1           0  0.35s           2025-11-27T19:16:54
================================================================================
[2025-11-27T19:17:27.867+0000] {manager.py:878} INFO - 
================================================================================
DAG File Processing Stats

File Path                 PID    Runtime      # DAGs    # Errors  Last Runtime    Last Run
------------------------  -----  ---------  --------  ----------  --------------  -------------------
/opt/airflow/dags/etl.py                           0           1  0.32s           2025-11-27T19:17:13
================================================================================
[2025-11-27T19:18:00.024+0000] {manager.py:878} INFO - 
================================================================================
DAG File Processing Stats

File Path                 PID    Runtime      # DAGs    # Errors  Last Runtime    Last Run
------------------------  -----  ---------  --------  ----------  --------------  -------------------
/opt/airflow/dags/etl.py                           0           1  0.22s           2025-11-27T19:17:59
================================================================================
[2025-11-27T19:18:32.450+0000] {manager.py:878} INFO - 
================================================================================
DAG File Processing Stats

File Path                 PID    Runtime      # DAGs    # Errors  Last Runtime    Last Run
------------------------  -----  ---------  --------  ----------  --------------  -------------------
/opt/airflow/dags/etl.py                           0           1  0.35s           2025-11-27T19:18:20
================================================================================
[2025-11-27T19:19:05.020+0000] {manager.py:878} INFO - 
================================================================================
DAG File Processing Stats

File Path                 PID    Runtime      # DAGs    # Errors  Last Runtime    Last Run
------------------------  -----  ---------  --------  ----------  --------------  -------------------
/opt/airflow/dags/etl.py                           0           1  0.66s           2025-11-27T19:18:54
================================================================================
[2025-11-27T19:19:13.596+0000] {manager.py:737} INFO - Searching for files in /opt/airflow/dags
[2025-11-27T19:19:13.597+0000] {manager.py:740} INFO - There are 1 files in /opt/airflow/dags
[2025-11-27T19:19:37.209+0000] {manager.py:878} INFO - 
================================================================================
DAG File Processing Stats

File Path                 PID    Runtime      # DAGs    # Errors  Last Runtime    Last Run
------------------------  -----  ---------  --------  ----------  --------------  -------------------
/opt/airflow/dags/etl.py                           0           1  0.23s           2025-11-27T19:19:37
================================================================================
[2025-11-27T19:20:09.382+0000] {manager.py:878} INFO - 
================================================================================
DAG File Processing Stats

File Path                 PID    Runtime      # DAGs    # Errors  Last Runtime    Last Run
------------------------  -----  ---------  --------  ----------  --------------  -------------------
/opt/airflow/dags/etl.py                           0           1  0.23s           2025-11-27T19:19:44
================================================================================
[2025-11-27T19:20:42.036+0000] {manager.py:878} INFO - 
================================================================================
DAG File Processing Stats

File Path                 PID    Runtime      # DAGs    # Errors  Last Runtime    Last Run
------------------------  -----  ---------  --------  ----------  --------------  -------------------
/opt/airflow/dags/etl.py                           1           0  0.54s           2025-11-27T19:20:30
================================================================================
[2025-11-27T19:21:14.562+0000] {manager.py:878} INFO - 
================================================================================
DAG File Processing Stats

File Path                 PID    Runtime      # DAGs    # Errors  Last Runtime    Last Run
------------------------  -----  ---------  --------  ----------  --------------  -------------------
/opt/airflow/dags/etl.py                           1           0  0.27s           2025-11-27T19:21:00
================================================================================
[2025-11-27T19:21:47.026+0000] {manager.py:878} INFO - 
================================================================================
DAG File Processing Stats

File Path                 PID    Runtime      # DAGs    # Errors  Last Runtime    Last Run
------------------------  -----  ---------  --------  ----------  --------------  -------------------
/opt/airflow/dags/etl.py                           1           0  0.43s           2025-11-27T19:21:22
================================================================================
[2025-11-27T19:22:19.322+0000] {manager.py:878} INFO - 
================================================================================
DAG File Processing Stats

File Path                 PID    Runtime      # DAGs    # Errors  Last Runtime    Last Run
------------------------  -----  ---------  --------  ----------  --------------  -------------------
/opt/airflow/dags/etl.py                           1           0  0.39s           2025-11-27T19:21:52
================================================================================
[2025-11-27T19:22:51.758+0000] {manager.py:878} INFO - 
================================================================================
DAG File Processing Stats

File Path                 PID    Runtime      # DAGs    # Errors  Last Runtime    Last Run
------------------------  -----  ---------  --------  ----------  --------------  -------------------
/opt/airflow/dags/etl.py                           1           0  0.50s           2025-11-27T19:22:51
================================================================================
[2025-11-27T19:23:24.003+0000] {manager.py:878} INFO - 
================================================================================
DAG File Processing Stats

File Path                 PID    Runtime      # DAGs    # Errors  Last Runtime    Last Run
------------------------  -----  ---------  --------  ----------  --------------  -------------------
/opt/airflow/dags/etl.py                           1           0  0.28s           2025-11-27T19:23:22
================================================================================
[2025-11-27T19:23:58.498+0000] {manager.py:878} INFO - 
================================================================================
DAG File Processing Stats

File Path                 PID    Runtime      # DAGs    # Errors  Last Runtime    Last Run
------------------------  -----  ---------  --------  ----------  --------------  -------------------
/opt/airflow/dags/etl.py                           1           0  0.26s           2025-11-27T19:23:52
================================================================================
[2025-11-27T19:24:13.804+0000] {manager.py:737} INFO - Searching for files in /opt/airflow/dags
[2025-11-27T19:24:13.805+0000] {manager.py:740} INFO - There are 1 files in /opt/airflow/dags
[2025-11-27T19:24:30.973+0000] {manager.py:878} INFO - 
================================================================================
DAG File Processing Stats

File Path                 PID    Runtime      # DAGs    # Errors  Last Runtime    Last Run
------------------------  -----  ---------  --------  ----------  --------------  -------------------
/opt/airflow/dags/etl.py                           1           0  0.48s           2025-11-27T19:24:17
================================================================================
[2025-11-27T19:25:03.419+0000] {manager.py:878} INFO - 
================================================================================
DAG File Processing Stats

File Path                 PID    Runtime      # DAGs    # Errors  Last Runtime    Last Run
------------------------  -----  ---------  --------  ----------  --------------  -------------------
/opt/airflow/dags/etl.py                           1           0  0.44s           2025-11-27T19:24:46
================================================================================
[2025-11-27T19:25:35.817+0000] {manager.py:878} INFO - 
================================================================================
DAG File Processing Stats

File Path                 PID    Runtime      # DAGs    # Errors  Last Runtime    Last Run
------------------------  -----  ---------  --------  ----------  --------------  -------------------
/opt/airflow/dags/etl.py                           1           0  0.45s           2025-11-27T19:25:16
================================================================================
[2025-11-27T19:26:08.207+0000] {manager.py:878} INFO - 
================================================================================
DAG File Processing Stats

File Path                 PID    Runtime      # DAGs    # Errors  Last Runtime    Last Run
------------------------  -----  ---------  --------  ----------  --------------  -------------------
/opt/airflow/dags/etl.py                           1           0  0.38s           2025-11-27T19:25:47
================================================================================
[2025-11-27T19:26:40.803+0000] {manager.py:878} INFO - 
================================================================================
DAG File Processing Stats

File Path                 PID    Runtime      # DAGs    # Errors  Last Runtime    Last Run
------------------------  -----  ---------  --------  ----------  --------------  -------------------
/opt/airflow/dags/etl.py                           1           0  0.26s           2025-11-27T19:26:17
================================================================================
[2025-11-27T19:27:13.281+0000] {manager.py:878} INFO - 
================================================================================
DAG File Processing Stats

File Path                 PID    Runtime      # DAGs    # Errors  Last Runtime    Last Run
------------------------  -----  ---------  --------  ----------  --------------  -------------------
/opt/airflow/dags/etl.py                           1           0  0.25s           2025-11-27T19:26:48
================================================================================
[2025-11-27T19:27:45.772+0000] {manager.py:878} INFO - 
================================================================================
DAG File Processing Stats

File Path                 PID    Runtime      # DAGs    # Errors  Last Runtime    Last Run
------------------------  -----  ---------  --------  ----------  --------------  -------------------
/opt/airflow/dags/etl.py                           1           0  0.26s           2025-11-27T19:27:18
================================================================================
[2025-11-27T19:28:18.156+0000] {manager.py:878} INFO - 
================================================================================
DAG File Processing Stats

File Path                 PID    Runtime      # DAGs    # Errors  Last Runtime    Last Run
------------------------  -----  ---------  --------  ----------  --------------  -------------------
/opt/airflow/dags/etl.py                           1           0  0.40s           2025-11-27T19:27:49
================================================================================
[2025-11-27T19:28:50.508+0000] {manager.py:878} INFO - 
================================================================================
DAG File Processing Stats

File Path                 PID    Runtime      # DAGs    # Errors  Last Runtime    Last Run
------------------------  -----  ---------  --------  ----------  --------------  -------------------
/opt/airflow/dags/etl.py                           1           0  0.35s           2025-11-27T19:28:50
================================================================================
[2025-11-27T19:29:14.018+0000] {manager.py:737} INFO - Searching for files in /opt/airflow/dags
[2025-11-27T19:29:14.019+0000] {manager.py:740} INFO - There are 1 files in /opt/airflow/dags
[2025-11-27T19:29:22.887+0000] {manager.py:878} INFO - 
================================================================================
DAG File Processing Stats

File Path                 PID    Runtime      # DAGs    # Errors  Last Runtime    Last Run
------------------------  -----  ---------  --------  ----------  --------------  -------------------
/opt/airflow/dags/etl.py                           1           0  0.44s           2025-11-27T19:29:00
================================================================================
[2025-11-27T19:29:55.405+0000] {manager.py:878} INFO - 
================================================================================
DAG File Processing Stats

File Path                 PID    Runtime      # DAGs    # Errors  Last Runtime    Last Run
------------------------  -----  ---------  --------  ----------  --------------  -------------------
/opt/airflow/dags/etl.py                           1           0  0.27s           2025-11-27T19:29:31
================================================================================
[2025-11-27T19:30:28.071+0000] {manager.py:878} INFO - 
================================================================================
DAG File Processing Stats

File Path                 PID    Runtime      # DAGs    # Errors  Last Runtime    Last Run
------------------------  -----  ---------  --------  ----------  --------------  -------------------
/opt/airflow/dags/etl.py                           1           0  0.46s           2025-11-27T19:30:04
================================================================================
[2025-11-27T19:31:00.463+0000] {manager.py:878} INFO - 
================================================================================
DAG File Processing Stats

File Path                 PID    Runtime      # DAGs    # Errors  Last Runtime    Last Run
------------------------  -----  ---------  --------  ----------  --------------  -------------------
/opt/airflow/dags/etl.py                           1           0  0.26s           2025-11-27T19:30:34
================================================================================
[2025-11-27T19:31:32.898+0000] {manager.py:878} INFO - 
================================================================================
DAG File Processing Stats

File Path                 PID    Runtime      # DAGs    # Errors  Last Runtime    Last Run
------------------------  -----  ---------  --------  ----------  --------------  -------------------
/opt/airflow/dags/etl.py                           1           0  0.36s           2025-11-27T19:31:05
================================================================================
[2025-11-27T19:32:05.514+0000] {manager.py:878} INFO - 
================================================================================
DAG File Processing Stats

File Path                 PID    Runtime      # DAGs    # Errors  Last Runtime    Last Run
------------------------  -----  ---------  --------  ----------  --------------  -------------------
/opt/airflow/dags/etl.py                           1           0  0.41s           2025-11-27T19:31:35
================================================================================
[2025-11-27T19:32:37.785+0000] {manager.py:878} INFO - 
================================================================================
DAG File Processing Stats

File Path                 PID    Runtime      # DAGs    # Errors  Last Runtime    Last Run
------------------------  -----  ---------  --------  ----------  --------------  -------------------
/opt/airflow/dags/etl.py                           1           0  0.32s           2025-11-27T19:32:36
================================================================================
[2025-11-27T19:33:09.991+0000] {manager.py:878} INFO - 
================================================================================
DAG File Processing Stats

File Path                 PID    Runtime      # DAGs    # Errors  Last Runtime    Last Run
------------------------  -----  ---------  --------  ----------  --------------  -------------------
/opt/airflow/dags/etl.py                           1           0  0.30s           2025-11-27T19:33:07
================================================================================
[2025-11-27T19:33:42.509+0000] {manager.py:878} INFO - 
================================================================================
DAG File Processing Stats

File Path                 PID    Runtime      # DAGs    # Errors  Last Runtime    Last Run
------------------------  -----  ---------  --------  ----------  --------------  -------------------
/opt/airflow/dags/etl.py                           1           0  0.58s           2025-11-27T19:33:17
================================================================================
[2025-11-27T19:34:14.033+0000] {manager.py:737} INFO - Searching for files in /opt/airflow/dags
[2025-11-27T19:34:14.034+0000] {manager.py:740} INFO - There are 1 files in /opt/airflow/dags
[2025-11-27T19:34:15.044+0000] {manager.py:878} INFO - 
================================================================================
DAG File Processing Stats

File Path                 PID    Runtime      # DAGs    # Errors  Last Runtime    Last Run
------------------------  -----  ---------  --------  ----------  --------------  -------------------
/opt/airflow/dags/etl.py                           1           0  0.52s           2025-11-27T19:33:48
================================================================================
[2025-11-27T19:34:47.672+0000] {manager.py:878} INFO - 
================================================================================
DAG File Processing Stats

File Path                 PID    Runtime      # DAGs    # Errors  Last Runtime    Last Run
------------------------  -----  ---------  --------  ----------  --------------  -------------------
/opt/airflow/dags/etl.py                           1           0  0.36s           2025-11-27T19:34:18
================================================================================
[2025-11-27T19:35:20.100+0000] {manager.py:878} INFO - 
================================================================================
DAG File Processing Stats

File Path                 PID    Runtime      # DAGs    # Errors  Last Runtime    Last Run
------------------------  -----  ---------  --------  ----------  --------------  -------------------
/opt/airflow/dags/etl.py                           1           0  0.45s           2025-11-27T19:35:20
================================================================================
[2025-11-27T19:35:52.876+0000] {manager.py:878} INFO - 
================================================================================
DAG File Processing Stats

File Path                 PID    Runtime      # DAGs    # Errors  Last Runtime    Last Run
------------------------  -----  ---------  --------  ----------  --------------  -------------------
/opt/airflow/dags/etl.py                           1           0  0.65s           2025-11-27T19:35:50
================================================================================
[2025-11-27T19:36:25.159+0000] {manager.py:878} INFO - 
================================================================================
DAG File Processing Stats

File Path                 PID    Runtime      # DAGs    # Errors  Last Runtime    Last Run
------------------------  -----  ---------  --------  ----------  --------------  -------------------
/opt/airflow/dags/etl.py                           1           0  0.27s           2025-11-27T19:36:21
================================================================================
[2025-11-27T19:36:57.543+0000] {manager.py:878} INFO - 
================================================================================
DAG File Processing Stats

File Path                 PID    Runtime      # DAGs    # Errors  Last Runtime    Last Run
------------------------  -----  ---------  --------  ----------  --------------  -------------------
/opt/airflow/dags/etl.py                           1           0  0.28s           2025-11-27T19:36:51
================================================================================
[2025-11-27T19:37:30.029+0000] {manager.py:878} INFO - 
================================================================================
DAG File Processing Stats

File Path                 PID    Runtime      # DAGs    # Errors  Last Runtime    Last Run
------------------------  -----  ---------  --------  ----------  --------------  -------------------
/opt/airflow/dags/etl.py                           1           0  0.37s           2025-11-27T19:37:22
================================================================================
[2025-11-27T19:38:02.610+0000] {manager.py:878} INFO - 
================================================================================
DAG File Processing Stats

File Path                 PID    Runtime      # DAGs    # Errors  Last Runtime    Last Run
------------------------  -----  ---------  --------  ----------  --------------  -------------------
/opt/airflow/dags/etl.py                           1           0  0.37s           2025-11-27T19:37:53
================================================================================
[2025-11-27T19:38:34.849+0000] {manager.py:878} INFO - 
================================================================================
DAG File Processing Stats

File Path                 PID    Runtime      # DAGs    # Errors  Last Runtime    Last Run
------------------------  -----  ---------  --------  ----------  --------------  -------------------
/opt/airflow/dags/etl.py                           1           0  0.42s           2025-11-27T19:38:26
================================================================================
[2025-11-27T19:39:07.420+0000] {manager.py:878} INFO - 
================================================================================
DAG File Processing Stats

File Path                 PID    Runtime      # DAGs    # Errors  Last Runtime    Last Run
------------------------  -----  ---------  --------  ----------  --------------  -------------------
/opt/airflow/dags/etl.py                           1           0  0.26s           2025-11-27T19:38:57
================================================================================
[2025-11-27T19:39:14.440+0000] {manager.py:737} INFO - Searching for files in /opt/airflow/dags
[2025-11-27T19:39:14.441+0000] {manager.py:740} INFO - There are 1 files in /opt/airflow/dags
[2025-11-27T19:39:39.897+0000] {manager.py:878} INFO - 
================================================================================
DAG File Processing Stats

File Path                 PID    Runtime      # DAGs    # Errors  Last Runtime    Last Run
------------------------  -----  ---------  --------  ----------  --------------  -------------------
/opt/airflow/dags/etl.py                           1           0  0.27s           2025-11-27T19:39:29
================================================================================
[2025-11-27T19:40:12.122+0000] {manager.py:878} INFO - 
================================================================================
DAG File Processing Stats

File Path                 PID    Runtime      # DAGs    # Errors  Last Runtime    Last Run
------------------------  -----  ---------  --------  ----------  --------------  -------------------
/opt/airflow/dags/etl.py                           1           0  0.27s           2025-11-27T19:40:02
================================================================================
[2025-11-27T19:40:44.574+0000] {manager.py:878} INFO - 
================================================================================
DAG File Processing Stats

File Path                 PID    Runtime      # DAGs    # Errors  Last Runtime    Last Run
------------------------  -----  ---------  --------  ----------  --------------  -------------------
/opt/airflow/dags/etl.py                           1           0  0.37s           2025-11-27T19:40:34
================================================================================
[2025-11-27T19:41:16.869+0000] {manager.py:878} INFO - 
================================================================================
DAG File Processing Stats

File Path                 PID    Runtime      # DAGs    # Errors  Last Runtime    Last Run
------------------------  -----  ---------  --------  ----------  --------------  -------------------
/opt/airflow/dags/etl.py                           1           0  0.34s           2025-11-27T19:41:06
================================================================================
[2025-11-27T19:41:49.397+0000] {manager.py:878} INFO - 
================================================================================
DAG File Processing Stats

File Path                 PID    Runtime      # DAGs    # Errors  Last Runtime    Last Run
------------------------  -----  ---------  --------  ----------  --------------  -------------------
/opt/airflow/dags/etl.py                           1           0  0.43s           2025-11-27T19:41:38
================================================================================
[2025-11-27T19:42:21.731+0000] {manager.py:878} INFO - 
================================================================================
DAG File Processing Stats

File Path                 PID    Runtime      # DAGs    # Errors  Last Runtime    Last Run
------------------------  -----  ---------  --------  ----------  --------------  -------------------
/opt/airflow/dags/etl.py                           1           0  0.28s           2025-11-27T19:42:10
================================================================================
[2025-11-27T19:42:54.100+0000] {manager.py:878} INFO - 
================================================================================
DAG File Processing Stats

File Path                 PID    Runtime      # DAGs    # Errors  Last Runtime    Last Run
------------------------  -----  ---------  --------  ----------  --------------  -------------------
/opt/airflow/dags/etl.py                           1           0  0.29s           2025-11-27T19:42:43
================================================================================
[2025-11-27T19:43:26.408+0000] {manager.py:878} INFO - 
================================================================================
DAG File Processing Stats

File Path                 PID    Runtime      # DAGs    # Errors  Last Runtime    Last Run
------------------------  -----  ---------  --------  ----------  --------------  -------------------
/opt/airflow/dags/etl.py                           1           0  0.26s           2025-11-27T19:43:14
================================================================================
[2025-11-27T19:43:58.772+0000] {manager.py:878} INFO - 
================================================================================
DAG File Processing Stats

File Path                 PID    Runtime      # DAGs    # Errors  Last Runtime    Last Run
------------------------  -----  ---------  --------  ----------  --------------  -------------------
/opt/airflow/dags/etl.py                           1           0  0.39s           2025-11-27T19:43:46
================================================================================
[2025-11-27T19:44:14.823+0000] {manager.py:737} INFO - Searching for files in /opt/airflow/dags
[2025-11-27T19:44:14.824+0000] {manager.py:740} INFO - There are 1 files in /opt/airflow/dags
[2025-11-27T19:44:31.224+0000] {manager.py:878} INFO - 
================================================================================
DAG File Processing Stats

File Path                 PID    Runtime      # DAGs    # Errors  Last Runtime    Last Run
------------------------  -----  ---------  --------  ----------  --------------  -------------------
/opt/airflow/dags/etl.py                           1           0  0.37s           2025-11-27T19:44:19
================================================================================
[2025-11-27T19:45:03.537+0000] {manager.py:878} INFO - 
================================================================================
DAG File Processing Stats

File Path                 PID    Runtime      # DAGs    # Errors  Last Runtime    Last Run
------------------------  -----  ---------  --------  ----------  --------------  -------------------
/opt/airflow/dags/etl.py                           1           0  0.36s           2025-11-27T19:44:51
================================================================================
[2025-11-27T19:45:36.071+0000] {manager.py:878} INFO - 
================================================================================
DAG File Processing Stats

File Path                 PID    Runtime      # DAGs    # Errors  Last Runtime    Last Run
------------------------  -----  ---------  --------  ----------  --------------  -------------------
/opt/airflow/dags/etl.py                           1           0  0.27s           2025-11-27T19:45:23
================================================================================
[2025-11-27T19:46:08.303+0000] {manager.py:878} INFO - 
================================================================================
DAG File Processing Stats

File Path                 PID    Runtime      # DAGs    # Errors  Last Runtime    Last Run
------------------------  -----  ---------  --------  ----------  --------------  -------------------
/opt/airflow/dags/etl.py                           1           0  0.27s           2025-11-27T19:45:55
================================================================================
[2025-11-27T19:46:40.724+0000] {manager.py:878} INFO - 
================================================================================
DAG File Processing Stats

File Path                 PID    Runtime      # DAGs    # Errors  Last Runtime    Last Run
------------------------  -----  ---------  --------  ----------  --------------  -------------------
/opt/airflow/dags/etl.py                           1           0  0.28s           2025-11-27T19:46:27
================================================================================
[2025-11-27T19:47:12.962+0000] {manager.py:878} INFO - 
================================================================================
DAG File Processing Stats

File Path                 PID    Runtime      # DAGs    # Errors  Last Runtime    Last Run
------------------------  -----  ---------  --------  ----------  --------------  -------------------
/opt/airflow/dags/etl.py                           1           0  0.39s           2025-11-27T19:47:00
================================================================================
[2025-11-27T19:47:45.584+0000] {manager.py:878} INFO - 
================================================================================
DAG File Processing Stats

File Path                 PID    Runtime      # DAGs    # Errors  Last Runtime    Last Run
------------------------  -----  ---------  --------  ----------  --------------  -------------------
/opt/airflow/dags/etl.py                           1           0  0.42s           2025-11-27T19:47:31
================================================================================
[2025-11-27T19:48:17.811+0000] {manager.py:878} INFO - 
================================================================================
DAG File Processing Stats

File Path                 PID    Runtime      # DAGs    # Errors  Last Runtime    Last Run
------------------------  -----  ---------  --------  ----------  --------------  -------------------
/opt/airflow/dags/etl.py                           1           0  0.38s           2025-11-27T19:48:04
================================================================================
[2025-11-27T19:48:50.399+0000] {manager.py:878} INFO - 
================================================================================
DAG File Processing Stats

File Path                 PID    Runtime      # DAGs    # Errors  Last Runtime    Last Run
------------------------  -----  ---------  --------  ----------  --------------  -------------------
/opt/airflow/dags/etl.py                           1           0  0.56s           2025-11-27T19:48:36
================================================================================
[2025-11-27T19:49:15.324+0000] {manager.py:737} INFO - Searching for files in /opt/airflow/dags
[2025-11-27T19:49:15.325+0000] {manager.py:740} INFO - There are 1 files in /opt/airflow/dags
[2025-11-27T19:49:22.799+0000] {manager.py:878} INFO - 
================================================================================
DAG File Processing Stats

File Path                 PID    Runtime      # DAGs    # Errors  Last Runtime    Last Run
------------------------  -----  ---------  --------  ----------  --------------  -------------------
/opt/airflow/dags/etl.py                           1           0  0.73s           2025-11-27T19:49:08
================================================================================
[2025-11-27T19:49:55.080+0000] {manager.py:878} INFO - 
================================================================================
DAG File Processing Stats

File Path                 PID    Runtime      # DAGs    # Errors  Last Runtime    Last Run
------------------------  -----  ---------  --------  ----------  --------------  -------------------
/opt/airflow/dags/etl.py                           1           0  1.91s           2025-11-27T19:49:40
================================================================================
[2025-11-27T19:50:27.626+0000] {manager.py:878} INFO - 
================================================================================
DAG File Processing Stats

File Path                 PID    Runtime      # DAGs    # Errors  Last Runtime    Last Run
------------------------  -----  ---------  --------  ----------  --------------  -------------------
/opt/airflow/dags/etl.py                           1           0  1.52s           2025-11-27T19:50:13
================================================================================
[2025-11-27T19:51:00.060+0000] {manager.py:878} INFO - 
================================================================================
DAG File Processing Stats

File Path                 PID    Runtime      # DAGs    # Errors  Last Runtime    Last Run
------------------------  -----  ---------  --------  ----------  --------------  -------------------
/opt/airflow/dags/etl.py                           1           0  1.32s           2025-11-27T19:50:45
================================================================================
[2025-11-27T19:51:32.575+0000] {manager.py:878} INFO - 
================================================================================
DAG File Processing Stats

File Path                 PID    Runtime      # DAGs    # Errors  Last Runtime    Last Run
------------------------  -----  ---------  --------  ----------  --------------  -------------------
/opt/airflow/dags/etl.py                           1           0  0.41s           2025-11-27T19:51:16
================================================================================
[2025-11-27T19:52:04.932+0000] {manager.py:878} INFO - 
================================================================================
DAG File Processing Stats

File Path                 PID    Runtime      # DAGs    # Errors  Last Runtime    Last Run
------------------------  -----  ---------  --------  ----------  --------------  -------------------
/opt/airflow/dags/etl.py                           1           0  0.88s           2025-11-27T19:51:49
================================================================================
[2025-11-27T19:52:37.178+0000] {manager.py:878} INFO - 
================================================================================
DAG File Processing Stats

File Path                 PID    Runtime      # DAGs    # Errors  Last Runtime    Last Run
------------------------  -----  ---------  --------  ----------  --------------  -------------------
/opt/airflow/dags/etl.py                           1           0  0.30s           2025-11-27T19:52:21
================================================================================
[2025-11-27T19:53:09.437+0000] {manager.py:878} INFO - 
================================================================================
DAG File Processing Stats

File Path                 PID    Runtime      # DAGs    # Errors  Last Runtime    Last Run
------------------------  -----  ---------  --------  ----------  --------------  -------------------
/opt/airflow/dags/etl.py                           1           0  0.31s           2025-11-27T19:52:53
================================================================================
[2025-11-27T19:53:41.891+0000] {manager.py:878} INFO - 
================================================================================
DAG File Processing Stats

File Path                 PID    Runtime      # DAGs    # Errors  Last Runtime    Last Run
------------------------  -----  ---------  --------  ----------  --------------  -------------------
/opt/airflow/dags/etl.py                           1           0  0.53s           2025-11-27T19:53:25
================================================================================
[2025-11-27T19:54:14.439+0000] {manager.py:878} INFO - 
================================================================================
DAG File Processing Stats

File Path                 PID    Runtime      # DAGs    # Errors  Last Runtime    Last Run
------------------------  -----  ---------  --------  ----------  --------------  -------------------
/opt/airflow/dags/etl.py                           1           0  0.40s           2025-11-27T19:53:57
================================================================================
[2025-11-27T19:54:15.443+0000] {manager.py:737} INFO - Searching for files in /opt/airflow/dags
[2025-11-27T19:54:15.444+0000] {manager.py:740} INFO - There are 2 files in /opt/airflow/dags
[2025-11-27T19:54:46.748+0000] {manager.py:878} INFO - 
================================================================================
DAG File Processing Stats

File Path                           PID    Runtime      # DAGs    # Errors  Last Runtime    Last Run
----------------------------------  -----  ---------  --------  ----------  --------------  -------------------
/opt/airflow/dags/etl.py                                     1           0  2.17s           2025-11-27T19:54:29
/opt/airflow/dags/feature_store.py                           1           0  1.61s           2025-11-27T19:54:17
================================================================================
[2025-11-27T19:55:19.488+0000] {manager.py:878} INFO - 
================================================================================
DAG File Processing Stats

File Path                           PID    Runtime      # DAGs    # Errors  Last Runtime    Last Run
----------------------------------  -----  ---------  --------  ----------  --------------  -------------------
/opt/airflow/dags/feature_store.py                           1           0  1.52s           2025-11-27T19:55:12
/opt/airflow/dags/etl.py                                     1           0  0.37s           2025-11-27T19:55:01
================================================================================
[2025-11-27T19:56:16.076+0000] {manager.py:470} INFO - Processing files using up to 2 processes at a time 
[2025-11-27T19:56:16.079+0000] {manager.py:471} INFO - Process each file at most once every 30 seconds
[2025-11-27T19:56:16.080+0000] {manager.py:472} INFO - Checking for new files in /opt/airflow/dags every 300 seconds
[2025-11-27T19:56:16.080+0000] {manager.py:737} INFO - Searching for files in /opt/airflow/dags
[2025-11-27T19:56:16.084+0000] {manager.py:740} INFO - There are 2 files in /opt/airflow/dags
[2025-11-27T19:56:16.297+0000] {manager.py:878} INFO - 
================================================================================
DAG File Processing Stats

File Path                             PID  Runtime      # DAGs    # Errors  Last Runtime    Last Run
----------------------------------  -----  ---------  --------  ----------  --------------  ----------
/opt/airflow/dags/feature_store.py    188  0.07s             0           0
/opt/airflow/dags/etl.py              190  0.06s             0           0
================================================================================
[2025-11-27T19:56:49.109+0000] {manager.py:878} INFO - 
================================================================================
DAG File Processing Stats

File Path                           PID    Runtime      # DAGs    # Errors  Last Runtime    Last Run
----------------------------------  -----  ---------  --------  ----------  --------------  -------------------
/opt/airflow/dags/feature_store.py                           1           0  2.41s           2025-11-27T19:56:31
/opt/airflow/dags/etl.py                                     1           0  0.39s           2025-11-27T19:56:48
================================================================================
[2025-11-27T19:57:21.791+0000] {manager.py:878} INFO - 
================================================================================
DAG File Processing Stats

File Path                           PID    Runtime      # DAGs    # Errors  Last Runtime    Last Run
----------------------------------  -----  ---------  --------  ----------  --------------  -------------------
/opt/airflow/dags/feature_store.py                           1           0  1.48s           2025-11-27T19:57:03
/opt/airflow/dags/etl.py                                     1           0  0.24s           2025-11-27T19:57:18
================================================================================
[2025-11-27T19:57:54.354+0000] {manager.py:878} INFO - 
================================================================================
DAG File Processing Stats

File Path                           PID    Runtime      # DAGs    # Errors  Last Runtime    Last Run
----------------------------------  -----  ---------  --------  ----------  --------------  -------------------
/opt/airflow/dags/feature_store.py                           1           0  1.44s           2025-11-27T19:57:44
/opt/airflow/dags/etl.py                                     1           0  0.25s           2025-11-27T19:57:49
================================================================================
[2025-11-27T19:58:26.851+0000] {manager.py:878} INFO - 
================================================================================
DAG File Processing Stats

File Path                           PID    Runtime      # DAGs    # Errors  Last Runtime    Last Run
----------------------------------  -----  ---------  --------  ----------  --------------  -------------------
/opt/airflow/dags/feature_store.py                           1           0  1.42s           2025-11-27T19:58:16
/opt/airflow/dags/etl.py                                     1           0  0.29s           2025-11-27T19:58:20
================================================================================
[2025-11-27T19:58:59.396+0000] {manager.py:878} INFO - 
================================================================================
DAG File Processing Stats

File Path                           PID    Runtime      # DAGs    # Errors  Last Runtime    Last Run
----------------------------------  -----  ---------  --------  ----------  --------------  -------------------
/opt/airflow/dags/feature_store.py                           1           0  1.40s           2025-11-27T19:58:47
/opt/airflow/dags/etl.py                                     1           0  0.25s           2025-11-27T19:58:50
================================================================================
[2025-11-27T19:59:32.049+0000] {manager.py:878} INFO - 
================================================================================
DAG File Processing Stats

File Path                             PID  Runtime      # DAGs    # Errors  Last Runtime    Last Run
----------------------------------  -----  ---------  --------  ----------  --------------  -------------------
/opt/airflow/dags/feature_store.py    320  1.01s             1           0  1.44s           2025-11-27T19:59:20
/opt/airflow/dags/etl.py                                     1           0  0.26s           2025-11-27T19:59:21
================================================================================
[2025-11-27T20:00:04.135+0000] {manager.py:878} INFO - 
================================================================================
DAG File Processing Stats

File Path                           PID    Runtime      # DAGs    # Errors  Last Runtime    Last Run
----------------------------------  -----  ---------  --------  ----------  --------------  -------------------
/opt/airflow/dags/feature_store.py                           1           0  1.47s           2025-11-27T20:00:04
/opt/airflow/dags/etl.py                                     1           0  0.36s           2025-11-27T19:59:51
================================================================================
[2025-11-27T20:00:36.834+0000] {manager.py:878} INFO - 
================================================================================
DAG File Processing Stats

File Path                           PID    Runtime      # DAGs    # Errors  Last Runtime    Last Run
----------------------------------  -----  ---------  --------  ----------  --------------  -------------------
/opt/airflow/dags/feature_store.py                           1           0  1.47s           2025-11-27T20:00:35
/opt/airflow/dags/etl.py                                     1           0  0.34s           2025-11-27T20:00:22
================================================================================
[2025-11-27T20:01:09.455+0000] {manager.py:878} INFO - 
================================================================================
DAG File Processing Stats

File Path                           PID    Runtime      # DAGs    # Errors  Last Runtime    Last Run
----------------------------------  -----  ---------  --------  ----------  --------------  -------------------
/opt/airflow/dags/feature_store.py                           1           0  1.31s           2025-11-27T20:01:06
/opt/airflow/dags/etl.py                                     1           0  0.46s           2025-11-27T20:00:54
================================================================================
[2025-11-27T20:01:16.484+0000] {manager.py:737} INFO - Searching for files in /opt/airflow/dags
[2025-11-27T20:01:16.484+0000] {manager.py:740} INFO - There are 2 files in /opt/airflow/dags
[2025-11-27T20:01:41.913+0000] {manager.py:878} INFO - 
================================================================================
DAG File Processing Stats

File Path                           PID    Runtime      # DAGs    # Errors  Last Runtime    Last Run
----------------------------------  -----  ---------  --------  ----------  --------------  -------------------
/opt/airflow/dags/feature_store.py                           1           0  1.34s           2025-11-27T20:01:38
/opt/airflow/dags/etl.py                                     1           0  0.27s           2025-11-27T20:01:26
================================================================================
[2025-11-27T20:02:14.050+0000] {manager.py:878} INFO - 
================================================================================
DAG File Processing Stats

File Path                           PID    Runtime      # DAGs    # Errors  Last Runtime    Last Run
----------------------------------  -----  ---------  --------  ----------  --------------  -------------------
/opt/airflow/dags/feature_store.py                           1           0  1.68s           2025-11-27T20:02:10
/opt/airflow/dags/etl.py                                     1           0  0.34s           2025-11-27T20:01:58
================================================================================
[2025-11-27T20:02:46.101+0000] {manager.py:878} INFO - 
================================================================================
DAG File Processing Stats

File Path                           PID    Runtime      # DAGs    # Errors  Last Runtime    Last Run
----------------------------------  -----  ---------  --------  ----------  --------------  -------------------
/opt/airflow/dags/feature_store.py                           1           0  1.32s           2025-11-27T20:02:41
/opt/airflow/dags/etl.py                                     1           0  0.27s           2025-11-27T20:02:31
================================================================================
[2025-11-27T20:03:18.327+0000] {manager.py:878} INFO - 
================================================================================
DAG File Processing Stats

File Path                           PID    Runtime      # DAGs    # Errors  Last Runtime    Last Run
----------------------------------  -----  ---------  --------  ----------  --------------  -------------------
/opt/airflow/dags/feature_store.py                           1           0  1.43s           2025-11-27T20:03:13
/opt/airflow/dags/etl.py                                     1           0  0.27s           2025-11-27T20:03:02
================================================================================
[2025-11-27T20:03:49.915+0000] {manager.py:878} INFO - 
================================================================================
DAG File Processing Stats

File Path                           PID    Runtime      # DAGs    # Errors  Last Runtime    Last Run
----------------------------------  -----  ---------  --------  ----------  --------------  -------------------
/opt/airflow/dags/feature_store.py                           1           0  1.43s           2025-11-27T20:03:45
/opt/airflow/dags/etl.py                                     1           0  0.39s           2025-11-27T20:03:33
================================================================================
[2025-11-27T20:04:21.250+0000] {manager.py:878} INFO - 
================================================================================
DAG File Processing Stats

File Path                           PID    Runtime      # DAGs    # Errors  Last Runtime    Last Run
----------------------------------  -----  ---------  --------  ----------  --------------  -------------------
/opt/airflow/dags/feature_store.py                           1           0  1.46s           2025-11-27T20:04:16
/opt/airflow/dags/etl.py                                     1           0  0.65s           2025-11-27T20:04:04
================================================================================
[2025-11-27T20:04:52.229+0000] {manager.py:878} INFO - 
================================================================================
DAG File Processing Stats

File Path                           PID    Runtime      # DAGs    # Errors  Last Runtime    Last Run
----------------------------------  -----  ---------  --------  ----------  --------------  -------------------
/opt/airflow/dags/feature_store.py                           1           0  2.14s           2025-11-27T20:04:51
/opt/airflow/dags/etl.py                                     1           0  0.30s           2025-11-27T20:04:35
================================================================================
[2025-11-27T20:05:23.420+0000] {manager.py:878} INFO - 
================================================================================
DAG File Processing Stats

File Path                           PID    Runtime      # DAGs    # Errors  Last Runtime    Last Run
----------------------------------  -----  ---------  --------  ----------  --------------  -------------------
/opt/airflow/dags/feature_store.py                           1           0  1.36s           2025-11-27T20:05:22
/opt/airflow/dags/etl.py                                     1           0  0.25s           2025-11-27T20:05:06
================================================================================
[2025-11-27T20:05:54.621+0000] {manager.py:878} INFO - 
================================================================================
DAG File Processing Stats

File Path                           PID    Runtime      # DAGs    # Errors  Last Runtime    Last Run
----------------------------------  -----  ---------  --------  ----------  --------------  -------------------
/opt/airflow/dags/feature_store.py                           1           0  1.58s           2025-11-27T20:05:54
/opt/airflow/dags/etl.py                                     1           0  0.30s           2025-11-27T20:05:36
================================================================================
[2025-11-27T20:06:16.612+0000] {manager.py:737} INFO - Searching for files in /opt/airflow/dags
[2025-11-27T20:06:16.614+0000] {manager.py:740} INFO - There are 2 files in /opt/airflow/dags
[2025-11-27T20:06:25.374+0000] {manager.py:878} INFO - 
================================================================================
DAG File Processing Stats

File Path                             PID  Runtime      # DAGs    # Errors  Last Runtime    Last Run
----------------------------------  -----  ---------  --------  ----------  --------------  -------------------
/opt/airflow/dags/feature_store.py    699  0.73s             1           0  1.58s           2025-11-27T20:05:54
/opt/airflow/dags/etl.py                                     1           0  0.28s           2025-11-27T20:06:07
================================================================================
[2025-11-27T20:06:56.398+0000] {manager.py:878} INFO - 
================================================================================
DAG File Processing Stats

File Path                           PID    Runtime      # DAGs    # Errors  Last Runtime    Last Run
----------------------------------  -----  ---------  --------  ----------  --------------  -------------------
/opt/airflow/dags/feature_store.py                           1           0  1.67s           2025-11-27T20:06:34
/opt/airflow/dags/etl.py                                     1           0  0.36s           2025-11-27T20:06:38
================================================================================
[2025-11-27T20:07:27.496+0000] {manager.py:878} INFO - 
================================================================================
DAG File Processing Stats

File Path                           PID    Runtime      # DAGs    # Errors  Last Runtime    Last Run
----------------------------------  -----  ---------  --------  ----------  --------------  -------------------
/opt/airflow/dags/feature_store.py                           1           0  1.44s           2025-11-27T20:07:06
/opt/airflow/dags/etl.py                                     1           0  0.25s           2025-11-27T20:07:09
================================================================================
