[2025-11-28T11:36:31.343+0000] {local_task_job_runner.py:120} INFO - ::group::Pre task execution logs
[2025-11-28T11:36:31.368+0000] {taskinstance.py:2076} INFO - Dependencies all met for dep_context=non-requeueable deps ti=<TaskInstance: ml_training_pipeline.setup_mlflow manual__2025-11-28T11:36:25.904046+00:00 [queued]>
[2025-11-28T11:36:31.377+0000] {taskinstance.py:2076} INFO - Dependencies all met for dep_context=requeueable deps ti=<TaskInstance: ml_training_pipeline.setup_mlflow manual__2025-11-28T11:36:25.904046+00:00 [queued]>
[2025-11-28T11:36:31.377+0000] {taskinstance.py:2306} INFO - Starting attempt 1 of 3
[2025-11-28T11:36:31.391+0000] {taskinstance.py:2330} INFO - Executing <Task(PythonOperator): setup_mlflow> on 2025-11-28 11:36:25.904046+00:00
[2025-11-28T11:36:31.403+0000] {logging_mixin.py:188} WARNING - /home/***/.local/lib/python3.12/site-packages/***/task/task_runner/standard_task_runner.py:61 DeprecationWarning: This process (pid=278) is multi-threaded, use of fork() may lead to deadlocks in the child.
[2025-11-28T11:36:31.405+0000] {standard_task_runner.py:63} INFO - Started process 294 to run task
[2025-11-28T11:36:31.400+0000] {standard_task_runner.py:90} INFO - Running: ['***', 'tasks', 'run', 'ml_training_pipeline', 'setup_mlflow', 'manual__2025-11-28T11:36:25.904046+00:00', '--job-id', '239', '--raw', '--subdir', 'DAGS_FOLDER/treinamento.py', '--cfg-path', '/tmp/tmpe5fl07xc']
[2025-11-28T11:36:31.406+0000] {standard_task_runner.py:91} INFO - Job 239: Subtask setup_mlflow
[2025-11-28T11:36:31.456+0000] {task_command.py:426} INFO - Running <TaskInstance: ml_training_pipeline.setup_mlflow manual__2025-11-28T11:36:25.904046+00:00 [running]> on host 351eaf83ff35
[2025-11-28T11:36:31.562+0000] {taskinstance.py:2648} INFO - Exporting env vars: AIRFLOW_CTX_DAG_EMAIL='data-team@example.com' AIRFLOW_CTX_DAG_OWNER='data_science_team' AIRFLOW_CTX_DAG_ID='ml_training_pipeline' AIRFLOW_CTX_TASK_ID='setup_mlflow' AIRFLOW_CTX_EXECUTION_DATE='2025-11-28T11:36:25.904046+00:00' AIRFLOW_CTX_TRY_NUMBER='1' AIRFLOW_CTX_DAG_RUN_ID='manual__2025-11-28T11:36:25.904046+00:00'
[2025-11-28T11:36:31.565+0000] {taskinstance.py:430} INFO - ::endgroup::
[2025-11-28T11:36:31.577+0000] {logging_mixin.py:188} INFO - 🔧 Configurando MLflow...
[2025-11-28T11:36:31.669+0000] {logging_mixin.py:188} INFO - ✅ MLflow configurado: http://192.168.65.254:5000/
[2025-11-28T11:36:31.669+0000] {python.py:237} INFO - Done. Returned value was: None
[2025-11-28T11:36:31.670+0000] {taskinstance.py:441} INFO - ::group::Post task execution logs
[2025-11-28T11:36:31.679+0000] {taskinstance.py:1206} INFO - Marking task as SUCCESS. dag_id=ml_training_pipeline, task_id=setup_mlflow, run_id=manual__2025-11-28T11:36:25.904046+00:00, execution_date=20251128T113625, start_date=20251128T113631, end_date=20251128T113631
[2025-11-28T11:36:31.699+0000] {local_task_job_runner.py:240} INFO - Task exited with return code 0
[2025-11-28T11:36:31.725+0000] {taskinstance.py:3498} INFO - 1 downstream tasks scheduled from follow-on schedule check
[2025-11-28T11:36:31.727+0000] {local_task_job_runner.py:222} INFO - ::endgroup::
