[2025-11-28T20:00:40.186+0000] {local_task_job_runner.py:120} INFO - ::group::Pre task execution logs
[2025-11-28T20:00:40.211+0000] {taskinstance.py:2076} INFO - Dependencies all met for dep_context=non-requeueable deps ti=<TaskInstance: ml_training_pipeline.evaluate_model manual__2025-11-28T20:00:16.180435+00:00 [queued]>
[2025-11-28T20:00:40.217+0000] {taskinstance.py:2076} INFO - Dependencies all met for dep_context=requeueable deps ti=<TaskInstance: ml_training_pipeline.evaluate_model manual__2025-11-28T20:00:16.180435+00:00 [queued]>
[2025-11-28T20:00:40.217+0000] {taskinstance.py:2306} INFO - Starting attempt 1 of 3
[2025-11-28T20:00:40.228+0000] {taskinstance.py:2330} INFO - Executing <Task(PythonOperator): evaluate_model> on 2025-11-28 20:00:16.180435+00:00
[2025-11-28T20:00:40.238+0000] {logging_mixin.py:188} WARNING - /home/***/.local/lib/python3.12/site-packages/***/task/task_runner/standard_task_runner.py:61 DeprecationWarning: This process (pid=377) is multi-threaded, use of fork() may lead to deadlocks in the child.
[2025-11-28T20:00:40.239+0000] {standard_task_runner.py:63} INFO - Started process 398 to run task
[2025-11-28T20:00:40.238+0000] {standard_task_runner.py:90} INFO - Running: ['***', 'tasks', 'run', 'ml_training_pipeline', 'evaluate_model', 'manual__2025-11-28T20:00:16.180435+00:00', '--job-id', '30', '--raw', '--subdir', 'DAGS_FOLDER/train.py', '--cfg-path', '/tmp/tmp2180npan']
[2025-11-28T20:00:40.240+0000] {standard_task_runner.py:91} INFO - Job 30: Subtask evaluate_model
[2025-11-28T20:00:40.281+0000] {task_command.py:426} INFO - Running <TaskInstance: ml_training_pipeline.evaluate_model manual__2025-11-28T20:00:16.180435+00:00 [running]> on host 33d3f194c23b
[2025-11-28T20:00:40.343+0000] {taskinstance.py:2648} INFO - Exporting env vars: AIRFLOW_CTX_DAG_EMAIL='data-team@example.com' AIRFLOW_CTX_DAG_OWNER='data_science_team' AIRFLOW_CTX_DAG_ID='ml_training_pipeline' AIRFLOW_CTX_TASK_ID='evaluate_model' AIRFLOW_CTX_EXECUTION_DATE='2025-11-28T20:00:16.180435+00:00' AIRFLOW_CTX_TRY_NUMBER='1' AIRFLOW_CTX_DAG_RUN_ID='manual__2025-11-28T20:00:16.180435+00:00'
[2025-11-28T20:00:40.344+0000] {taskinstance.py:430} INFO - ::endgroup::
[2025-11-28T20:00:40.352+0000] {logging_mixin.py:188} INFO - Avaliando modelo...
[2025-11-28T20:00:40.383+0000] {logging_mixin.py:188} INFO -    Acurácia (treino): 0.7014
[2025-11-28T20:00:40.384+0000] {logging_mixin.py:188} INFO -    Acurácia (teste): 0.6615
[2025-11-28T20:00:40.404+0000] {python.py:237} INFO - Done. Returned value was: None
[2025-11-28T20:00:40.405+0000] {taskinstance.py:441} INFO - ::group::Post task execution logs
[2025-11-28T20:00:40.412+0000] {taskinstance.py:1206} INFO - Marking task as SUCCESS. dag_id=ml_training_pipeline, task_id=evaluate_model, run_id=manual__2025-11-28T20:00:16.180435+00:00, execution_date=20251128T200016, start_date=20251128T200040, end_date=20251128T200040
[2025-11-28T20:00:40.453+0000] {local_task_job_runner.py:240} INFO - Task exited with return code 0
[2025-11-28T20:00:40.471+0000] {taskinstance.py:3498} INFO - 1 downstream tasks scheduled from follow-on schedule check
[2025-11-28T20:00:40.473+0000] {local_task_job_runner.py:222} INFO - ::endgroup::
