[2025-11-28T11:38:35.899+0000] {local_task_job_runner.py:120} INFO - ::group::Pre task execution logs
[2025-11-28T11:38:35.952+0000] {taskinstance.py:2076} INFO - Dependencies all met for dep_context=non-requeueable deps ti=<TaskInstance: ml_prediction_pipeline.cleanup_temp_files manual__2025-11-28T11:37:46.062774+00:00 [queued]>
[2025-11-28T11:38:35.969+0000] {taskinstance.py:2076} INFO - Dependencies all met for dep_context=requeueable deps ti=<TaskInstance: ml_prediction_pipeline.cleanup_temp_files manual__2025-11-28T11:37:46.062774+00:00 [queued]>
[2025-11-28T11:38:35.969+0000] {taskinstance.py:2306} INFO - Starting attempt 1 of 3
[2025-11-28T11:38:35.989+0000] {taskinstance.py:2330} INFO - Executing <Task(PythonOperator): cleanup_temp_files> on 2025-11-28 11:37:46.062774+00:00
[2025-11-28T11:38:36.001+0000] {logging_mixin.py:188} WARNING - /home/***/.local/lib/python3.12/site-packages/***/task/task_runner/standard_task_runner.py:61 DeprecationWarning: This process (pid=865) is multi-threaded, use of fork() may lead to deadlocks in the child.
[2025-11-28T11:38:36.000+0000] {standard_task_runner.py:90} INFO - Running: ['***', 'tasks', 'run', 'ml_prediction_pipeline', 'cleanup_temp_files', 'manual__2025-11-28T11:37:46.062774+00:00', '--job-id', '259', '--raw', '--subdir', 'DAGS_FOLDER/predicao.py', '--cfg-path', '/tmp/tmpyzxk3uqu']
[2025-11-28T11:38:36.004+0000] {standard_task_runner.py:91} INFO - Job 259: Subtask cleanup_temp_files
[2025-11-28T11:38:36.004+0000] {standard_task_runner.py:63} INFO - Started process 882 to run task
[2025-11-28T11:38:36.120+0000] {task_command.py:426} INFO - Running <TaskInstance: ml_prediction_pipeline.cleanup_temp_files manual__2025-11-28T11:37:46.062774+00:00 [running]> on host 351eaf83ff35
[2025-11-28T11:38:36.327+0000] {taskinstance.py:2648} INFO - Exporting env vars: AIRFLOW_CTX_DAG_EMAIL='data-team@example.com' AIRFLOW_CTX_DAG_OWNER='data_science_team' AIRFLOW_CTX_DAG_ID='ml_prediction_pipeline' AIRFLOW_CTX_TASK_ID='cleanup_temp_files' AIRFLOW_CTX_EXECUTION_DATE='2025-11-28T11:37:46.062774+00:00' AIRFLOW_CTX_TRY_NUMBER='1' AIRFLOW_CTX_DAG_RUN_ID='manual__2025-11-28T11:37:46.062774+00:00'
[2025-11-28T11:38:36.329+0000] {taskinstance.py:430} INFO - ::endgroup::
[2025-11-28T11:38:36.355+0000] {logging_mixin.py:188} INFO - 🧹 Limpando arquivos temporários...
[2025-11-28T11:38:36.356+0000] {logging_mixin.py:188} INFO -    Removido: /tmp/features_for_prediction.parquet
[2025-11-28T11:38:36.356+0000] {logging_mixin.py:188} INFO -    Removido: /tmp/loaded_model.pkl
[2025-11-28T11:38:36.357+0000] {logging_mixin.py:188} INFO -    Removido: /tmp/predictions_results.parquet
[2025-11-28T11:38:36.357+0000] {logging_mixin.py:188} INFO - ✅ Limpeza concluída!
[2025-11-28T11:38:36.357+0000] {python.py:237} INFO - Done. Returned value was: None
[2025-11-28T11:38:36.358+0000] {taskinstance.py:441} INFO - ::group::Post task execution logs
[2025-11-28T11:38:36.373+0000] {taskinstance.py:1206} INFO - Marking task as SUCCESS. dag_id=ml_prediction_pipeline, task_id=cleanup_temp_files, run_id=manual__2025-11-28T11:37:46.062774+00:00, execution_date=20251128T113746, start_date=20251128T113835, end_date=20251128T113836
[2025-11-28T11:38:36.426+0000] {local_task_job_runner.py:240} INFO - Task exited with return code 0
[2025-11-28T11:38:36.451+0000] {taskinstance.py:3498} INFO - 0 downstream tasks scheduled from follow-on schedule check
[2025-11-28T11:38:36.454+0000] {local_task_job_runner.py:222} INFO - ::endgroup::
