[2025-11-28T01:26:12.364+0000] {local_task_job_runner.py:120} INFO - ::group::Pre task execution logs
[2025-11-28T01:26:12.383+0000] {taskinstance.py:2076} INFO - Dependencies all met for dep_context=non-requeueable deps ti=<TaskInstance: ml_prediction_monitoring_pipeline.make_predictions manual__2025-11-28T01:25:50.541194+00:00 [queued]>
[2025-11-28T01:26:12.389+0000] {taskinstance.py:2076} INFO - Dependencies all met for dep_context=requeueable deps ti=<TaskInstance: ml_prediction_monitoring_pipeline.make_predictions manual__2025-11-28T01:25:50.541194+00:00 [queued]>
[2025-11-28T01:26:12.389+0000] {taskinstance.py:2306} INFO - Starting attempt 1 of 3
[2025-11-28T01:26:12.398+0000] {taskinstance.py:2330} INFO - Executing <Task(PythonOperator): make_predictions> on 2025-11-28 01:25:50.541194+00:00
[2025-11-28T01:26:12.406+0000] {logging_mixin.py:188} WARNING - /home/***/.local/lib/python3.12/site-packages/***/task/task_runner/standard_task_runner.py:61 DeprecationWarning: This process (pid=4147) is multi-threaded, use of fork() may lead to deadlocks in the child.
[2025-11-28T01:26:12.407+0000] {standard_task_runner.py:63} INFO - Started process 4150 to run task
[2025-11-28T01:26:12.407+0000] {standard_task_runner.py:90} INFO - Running: ['***', 'tasks', 'run', 'ml_prediction_monitoring_pipeline', 'make_predictions', 'manual__2025-11-28T01:25:50.541194+00:00', '--job-id', '179', '--raw', '--subdir', 'DAGS_FOLDER/pipe_prediction_monitoring.py', '--cfg-path', '/tmp/tmpm3lufmyl']
[2025-11-28T01:26:12.410+0000] {standard_task_runner.py:91} INFO - Job 179: Subtask make_predictions
[2025-11-28T01:26:12.446+0000] {task_command.py:426} INFO - Running <TaskInstance: ml_prediction_monitoring_pipeline.make_predictions manual__2025-11-28T01:25:50.541194+00:00 [running]> on host 0c5da11f058c
[2025-11-28T01:26:12.510+0000] {taskinstance.py:2648} INFO - Exporting env vars: AIRFLOW_CTX_DAG_EMAIL='data-team@example.com' AIRFLOW_CTX_DAG_OWNER='data_science_team' AIRFLOW_CTX_DAG_ID='ml_prediction_monitoring_pipeline' AIRFLOW_CTX_TASK_ID='make_predictions' AIRFLOW_CTX_EXECUTION_DATE='2025-11-28T01:25:50.541194+00:00' AIRFLOW_CTX_TRY_NUMBER='1' AIRFLOW_CTX_DAG_RUN_ID='manual__2025-11-28T01:25:50.541194+00:00'
[2025-11-28T01:26:12.511+0000] {taskinstance.py:430} INFO - ::endgroup::
[2025-11-28T01:26:12.519+0000] {logging_mixin.py:188} INFO - 🔮 Fazendo predições...
[2025-11-28T01:26:13.159+0000] {logging_mixin.py:188} INFO - ✅ Usando features do modelo: ['BMI', 'DiabetesPedigreeFunction', 'Insulin', 'SkinThickness']
[2025-11-28T01:26:13.163+0000] {logging_mixin.py:188} INFO - ✅ Predições concluídas!
[2025-11-28T01:26:13.163+0000] {logging_mixin.py:188} INFO -    Total: 2
[2025-11-28T01:26:13.163+0000] {logging_mixin.py:188} INFO -    Classe 0 (Não diabético): 2
[2025-11-28T01:26:13.163+0000] {logging_mixin.py:188} INFO -    Classe 1 (Diabético): 0
[2025-11-28T01:26:13.191+0000] {python.py:237} INFO - Done. Returned value was: None
[2025-11-28T01:26:13.191+0000] {taskinstance.py:441} INFO - ::group::Post task execution logs
[2025-11-28T01:26:13.198+0000] {taskinstance.py:1206} INFO - Marking task as SUCCESS. dag_id=ml_prediction_monitoring_pipeline, task_id=make_predictions, run_id=manual__2025-11-28T01:25:50.541194+00:00, execution_date=20251128T012550, start_date=20251128T012612, end_date=20251128T012613
[2025-11-28T01:26:13.227+0000] {local_task_job_runner.py:240} INFO - Task exited with return code 0
[2025-11-28T01:26:13.246+0000] {taskinstance.py:3498} INFO - 1 downstream tasks scheduled from follow-on schedule check
[2025-11-28T01:26:13.249+0000] {local_task_job_runner.py:222} INFO - ::endgroup::
