[2025-11-28T01:44:22.586+0000] {local_task_job_runner.py:120} INFO - ::group::Pre task execution logs
[2025-11-28T01:44:22.614+0000] {taskinstance.py:2076} INFO - Dependencies all met for dep_context=non-requeueable deps ti=<TaskInstance: ml_monitoring_pipeline.save_predictions manual__2025-11-28T01:43:59.988197+00:00 [queued]>
[2025-11-28T01:44:22.624+0000] {taskinstance.py:2076} INFO - Dependencies all met for dep_context=requeueable deps ti=<TaskInstance: ml_monitoring_pipeline.save_predictions manual__2025-11-28T01:43:59.988197+00:00 [queued]>
[2025-11-28T01:44:22.624+0000] {taskinstance.py:2306} INFO - Starting attempt 1 of 3
[2025-11-28T01:44:22.637+0000] {taskinstance.py:2330} INFO - Executing <Task(PythonOperator): save_predictions> on 2025-11-28 01:43:59.988197+00:00
[2025-11-28T01:44:22.646+0000] {logging_mixin.py:188} WARNING - /home/***/.local/lib/python3.12/site-packages/***/task/task_runner/standard_task_runner.py:61 DeprecationWarning: This process (pid=6452) is multi-threaded, use of fork() may lead to deadlocks in the child.
[2025-11-28T01:44:22.647+0000] {standard_task_runner.py:63} INFO - Started process 6466 to run task
[2025-11-28T01:44:22.648+0000] {standard_task_runner.py:90} INFO - Running: ['***', 'tasks', 'run', 'ml_monitoring_pipeline', 'save_predictions', 'manual__2025-11-28T01:43:59.988197+00:00', '--job-id', '232', '--raw', '--subdir', 'DAGS_FOLDER/pipe_prediction_monitoring.py', '--cfg-path', '/tmp/tmppwoc6jjo']
[2025-11-28T01:44:22.651+0000] {standard_task_runner.py:91} INFO - Job 232: Subtask save_predictions
[2025-11-28T01:44:22.703+0000] {task_command.py:426} INFO - Running <TaskInstance: ml_monitoring_pipeline.save_predictions manual__2025-11-28T01:43:59.988197+00:00 [running]> on host 0c5da11f058c
[2025-11-28T01:44:22.794+0000] {taskinstance.py:2648} INFO - Exporting env vars: AIRFLOW_CTX_DAG_EMAIL='data-team@example.com' AIRFLOW_CTX_DAG_OWNER='data_science_team' AIRFLOW_CTX_DAG_ID='ml_monitoring_pipeline' AIRFLOW_CTX_TASK_ID='save_predictions' AIRFLOW_CTX_EXECUTION_DATE='2025-11-28T01:43:59.988197+00:00' AIRFLOW_CTX_TRY_NUMBER='1' AIRFLOW_CTX_DAG_RUN_ID='manual__2025-11-28T01:43:59.988197+00:00'
[2025-11-28T01:44:22.796+0000] {taskinstance.py:430} INFO - ::endgroup::
[2025-11-28T01:44:22.806+0000] {logging_mixin.py:188} INFO - 💾 Salvando predições...
[2025-11-28T01:44:22.836+0000] {logging_mixin.py:188} INFO - ✅ Predições individuais salvas:
[2025-11-28T01:44:22.837+0000] {logging_mixin.py:188} INFO -    Parquet: /home/luisveloso/MLOps_projects/data/artifacts/predictions/predictions_20251128_014422.parquet
[2025-11-28T01:44:22.837+0000] {logging_mixin.py:188} INFO -    CSV: /home/luisveloso/MLOps_projects/data/artifacts/predictions/predictions_20251128_014422.csv
[2025-11-28T01:44:22.837+0000] {logging_mixin.py:188} INFO - 📚 Criando novo arquivo de histórico
[2025-11-28T01:44:22.839+0000] {logging_mixin.py:188} INFO - ✅ Histórico atualizado: 2 predições totais
[2025-11-28T01:44:22.841+0000] {logging_mixin.py:188} INFO - 
📊 Estatísticas do Histórico:
[2025-11-28T01:44:22.841+0000] {logging_mixin.py:188} INFO -    Total de predições: 2
[2025-11-28T01:44:22.841+0000] {logging_mixin.py:188} INFO -    Total de batches: 1
[2025-11-28T01:44:22.842+0000] {logging_mixin.py:188} INFO -    Primeira predição: 2025-11-28 01:44:19.100027
[2025-11-28T01:44:22.843+0000] {logging_mixin.py:188} INFO -    Última predição: 2025-11-28 01:44:19.100027
[2025-11-28T01:44:22.843+0000] {logging_mixin.py:188} INFO -    Proporção classe 1 (histórico): 0.000
[2025-11-28T01:44:22.897+0000] {python.py:237} INFO - Done. Returned value was: None
[2025-11-28T01:44:22.897+0000] {taskinstance.py:441} INFO - ::group::Post task execution logs
[2025-11-28T01:44:22.906+0000] {taskinstance.py:1206} INFO - Marking task as SUCCESS. dag_id=ml_monitoring_pipeline, task_id=save_predictions, run_id=manual__2025-11-28T01:43:59.988197+00:00, execution_date=20251128T014359, start_date=20251128T014422, end_date=20251128T014422
[2025-11-28T01:44:22.943+0000] {local_task_job_runner.py:240} INFO - Task exited with return code 0
[2025-11-28T01:44:22.968+0000] {taskinstance.py:3498} INFO - 1 downstream tasks scheduled from follow-on schedule check
[2025-11-28T01:44:22.971+0000] {local_task_job_runner.py:222} INFO - ::endgroup::
