[2025-11-27T19:22:59.542+0000] {local_task_job_runner.py:120} INFO - ::group::Pre task execution logs
[2025-11-27T19:22:59.566+0000] {taskinstance.py:2076} INFO - Dependencies all met for dep_context=non-requeueable deps ti=<TaskInstance: etl.extract_task manual__2025-11-27T19:22:58.435764+00:00 [queued]>
[2025-11-27T19:22:59.574+0000] {taskinstance.py:2076} INFO - Dependencies all met for dep_context=requeueable deps ti=<TaskInstance: etl.extract_task manual__2025-11-27T19:22:58.435764+00:00 [queued]>
[2025-11-27T19:22:59.574+0000] {taskinstance.py:2306} INFO - Starting attempt 1 of 1
[2025-11-27T19:22:59.585+0000] {taskinstance.py:2330} INFO - Executing <Task(_PythonDecoratedOperator): extract_task> on 2025-11-27 19:22:58.435764+00:00
[2025-11-27T19:22:59.593+0000] {standard_task_runner.py:90} INFO - Running: ['***', 'tasks', 'run', 'etl', 'extract_task', 'manual__2025-11-27T19:22:58.435764+00:00', '--job-id', '35', '--raw', '--subdir', 'DAGS_FOLDER/etl.py', '--cfg-path', '/tmp/tmp_a0ndauu']
[2025-11-27T19:22:59.596+0000] {standard_task_runner.py:91} INFO - Job 35: Subtask extract_task
[2025-11-27T19:22:59.599+0000] {logging_mixin.py:188} WARNING - /home/***/.local/lib/python3.12/site-packages/***/task/task_runner/standard_task_runner.py:61 DeprecationWarning: This process (pid=484) is multi-threaded, use of fork() may lead to deadlocks in the child.
[2025-11-27T19:22:59.600+0000] {standard_task_runner.py:63} INFO - Started process 486 to run task
[2025-11-27T19:22:59.647+0000] {task_command.py:426} INFO - Running <TaskInstance: etl.extract_task manual__2025-11-27T19:22:58.435764+00:00 [running]> on host 2a6b3d4c2450
[2025-11-27T19:22:59.728+0000] {taskinstance.py:2648} INFO - Exporting env vars: AIRFLOW_CTX_DAG_OWNER='***' AIRFLOW_CTX_DAG_ID='etl' AIRFLOW_CTX_TASK_ID='extract_task' AIRFLOW_CTX_EXECUTION_DATE='2025-11-27T19:22:58.435764+00:00' AIRFLOW_CTX_TRY_NUMBER='1' AIRFLOW_CTX_DAG_RUN_ID='manual__2025-11-27T19:22:58.435764+00:00'
[2025-11-27T19:22:59.729+0000] {taskinstance.py:430} INFO - ::endgroup::
[2025-11-27T19:22:59.737+0000] {python.py:237} INFO - Done. Returned value was:      Pregnancies  Glucose  ...  Age  Outcome
0              6      148  ...   50        1
1              1       85  ...   31        0
2              8      183  ...   32        1
3              1       89  ...   21        0
4              0      137  ...   33        1
..           ...      ...  ...  ...      ...
763           10      101  ...   63        0
764            2      122  ...   27        0
765            5      121  ...   30        0
766            1      126  ...   47        1
767            1       93  ...   23        0

[768 rows x 9 columns]
[2025-11-27T19:22:59.751+0000] {taskinstance.py:441} INFO - ::group::Post task execution logs
[2025-11-27T19:22:59.778+0000] {taskinstance.py:1206} INFO - Marking task as SUCCESS. dag_id=etl, task_id=extract_task, run_id=manual__2025-11-27T19:22:58.435764+00:00, execution_date=20251127T192258, start_date=20251127T192259, end_date=20251127T192259
[2025-11-27T19:22:59.813+0000] {local_task_job_runner.py:240} INFO - Task exited with return code 0
[2025-11-27T19:22:59.835+0000] {taskinstance.py:3498} INFO - 1 downstream tasks scheduled from follow-on schedule check
[2025-11-27T19:22:59.838+0000] {local_task_job_runner.py:222} INFO - ::endgroup::
