[2026-01-30T14:47:18.702+0000] {local_task_job_runner.py:120} INFO - ::group::Pre task execution logs
[2026-01-30T14:47:18.767+0000] {taskinstance.py:2076} INFO - Dependencies all met for dep_context=non-requeueable deps ti=<TaskInstance: etl_pipeline_final.task_transform scheduled__2026-01-29T00:00:00+00:00 [queued]>
[2026-01-30T14:47:18.795+0000] {taskinstance.py:2076} INFO - Dependencies all met for dep_context=requeueable deps ti=<TaskInstance: etl_pipeline_final.task_transform scheduled__2026-01-29T00:00:00+00:00 [queued]>
[2026-01-30T14:47:18.796+0000] {taskinstance.py:2306} INFO - Starting attempt 1 of 1
[2026-01-30T14:47:18.828+0000] {taskinstance.py:2330} INFO - Executing <Task(_PythonDecoratedOperator): task_transform> on 2026-01-29 00:00:00+00:00
[2026-01-30T14:47:18.872+0000] {standard_task_runner.py:90} INFO - Running: ['***', 'tasks', 'run', 'etl_pipeline_final', 'task_transform', 'scheduled__2026-01-29T00:00:00+00:00', '--job-id', '97', '--raw', '--subdir', 'DAGS_FOLDER/etl.py', '--cfg-path', '/tmp/tmpu9grfqtd']
[2026-01-30T14:47:18.891+0000] {logging_mixin.py:188} WARNING - /home/***/.local/lib/python3.12/site-packages/***/task/task_runner/standard_task_runner.py:61 DeprecationWarning: This process (pid=238) is multi-threaded, use of fork() may lead to deadlocks in the child.
[2026-01-30T14:47:18.899+0000] {standard_task_runner.py:91} INFO - Job 97: Subtask task_transform
[2026-01-30T14:47:18.899+0000] {standard_task_runner.py:63} INFO - Started process 240 to run task
[2026-01-30T14:47:19.113+0000] {task_command.py:426} INFO - Running <TaskInstance: etl_pipeline_final.task_transform scheduled__2026-01-29T00:00:00+00:00 [running]> on host 0849d884f7fa
[2026-01-30T14:47:19.314+0000] {taskinstance.py:2648} INFO - Exporting env vars: AIRFLOW_CTX_DAG_OWNER='***' AIRFLOW_CTX_DAG_ID='etl_pipeline_final' AIRFLOW_CTX_TASK_ID='task_transform' AIRFLOW_CTX_EXECUTION_DATE='2026-01-29T00:00:00+00:00' AIRFLOW_CTX_TRY_NUMBER='1' AIRFLOW_CTX_DAG_RUN_ID='scheduled__2026-01-29T00:00:00+00:00'
[2026-01-30T14:47:19.315+0000] {taskinstance.py:430} INFO - ::endgroup::
[2026-01-30T14:47:19.317+0000] {python.py:237} INFO - Done. Returned value was: {'predictor':      Pregnancies  Glucose  BloodPressure  ...   BMI  DiabetesPedigreeFunction  Age
0              6      148             72  ...  33.6                     0.627   50
1              1       85             66  ...  26.6                     0.351   31
2              8      183             64  ...  23.3                     0.672   32
3              1       89             66  ...  28.1                     0.167   21
4              0      137             40  ...  43.1                     2.288   33
..           ...      ...            ...  ...   ...                       ...  ...
764            2      122             70  ...  36.8                     0.340   27
765            5      121             72  ...  26.2                     0.245   30
766            1      126             60  ...  30.1                     0.349   47
767            1       93             70  ...  30.4                     0.315   23
768            1       93             70  ...  30.4                     0.315   23

[769 rows x 8 columns], 'target': 0      1
1      0
2      1
3      0
4      1
      ..
764    0
765    0
766    1
767    0
768    0
Name: Outcome, Length: 769, dtype: int64}
[2026-01-30T14:47:19.328+0000] {taskinstance.py:441} INFO - ::group::Post task execution logs
[2026-01-30T14:47:19.519+0000] {taskinstance.py:1206} INFO - Marking task as SUCCESS. dag_id=etl_pipeline_final, task_id=task_transform, run_id=scheduled__2026-01-29T00:00:00+00:00, execution_date=20260129T000000, start_date=20260130T144718, end_date=20260130T144719
[2026-01-30T14:47:19.568+0000] {local_task_job_runner.py:240} INFO - Task exited with return code 0
[2026-01-30T14:47:19.639+0000] {taskinstance.py:3498} INFO - 1 downstream tasks scheduled from follow-on schedule check
[2026-01-30T14:47:19.642+0000] {local_task_job_runner.py:222} INFO - ::endgroup::
