[2025-11-28T20:02:37.474+0000] {local_task_job_runner.py:120} INFO - ::group::Pre task execution logs
[2025-11-28T20:02:37.505+0000] {taskinstance.py:2076} INFO - Dependencies all met for dep_context=non-requeueable deps ti=<TaskInstance: ml_training_pipeline.create_artifacts manual__2025-11-28T19:56:49.344756+00:00 [queued]>
[2025-11-28T20:02:37.515+0000] {taskinstance.py:2076} INFO - Dependencies all met for dep_context=requeueable deps ti=<TaskInstance: ml_training_pipeline.create_artifacts manual__2025-11-28T19:56:49.344756+00:00 [queued]>
[2025-11-28T20:02:37.515+0000] {taskinstance.py:2306} INFO - Starting attempt 1 of 3
[2025-11-28T20:02:37.531+0000] {taskinstance.py:2330} INFO - Executing <Task(PythonOperator): create_artifacts> on 2025-11-28 19:56:49.344756+00:00
[2025-11-28T20:02:37.543+0000] {logging_mixin.py:188} WARNING - /home/***/.local/lib/python3.12/site-packages/***/task/task_runner/standard_task_runner.py:61 DeprecationWarning: This process (pid=1064) is multi-threaded, use of fork() may lead to deadlocks in the child.
[2025-11-28T20:02:37.546+0000] {standard_task_runner.py:63} INFO - Started process 1118 to run task
[2025-11-28T20:02:37.544+0000] {standard_task_runner.py:90} INFO - Running: ['***', 'tasks', 'run', 'ml_training_pipeline', 'create_artifacts', 'manual__2025-11-28T19:56:49.344756+00:00', '--job-id', '53', '--raw', '--subdir', 'DAGS_FOLDER/train.py', '--cfg-path', '/tmp/tmppurjrsuz']
[2025-11-28T20:02:37.547+0000] {standard_task_runner.py:91} INFO - Job 53: Subtask create_artifacts
[2025-11-28T20:02:37.598+0000] {task_command.py:426} INFO - Running <TaskInstance: ml_training_pipeline.create_artifacts manual__2025-11-28T19:56:49.344756+00:00 [running]> on host 33d3f194c23b
[2025-11-28T20:02:37.684+0000] {taskinstance.py:2648} INFO - Exporting env vars: AIRFLOW_CTX_DAG_EMAIL='data-team@example.com' AIRFLOW_CTX_DAG_OWNER='data_science_team' AIRFLOW_CTX_DAG_ID='ml_training_pipeline' AIRFLOW_CTX_TASK_ID='create_artifacts' AIRFLOW_CTX_EXECUTION_DATE='2025-11-28T19:56:49.344756+00:00' AIRFLOW_CTX_TRY_NUMBER='1' AIRFLOW_CTX_DAG_RUN_ID='manual__2025-11-28T19:56:49.344756+00:00'
[2025-11-28T20:02:37.685+0000] {taskinstance.py:430} INFO - ::endgroup::
[2025-11-28T20:02:37.697+0000] {logging_mixin.py:188} INFO - 🎨 Criando artefatos...
[2025-11-28T20:02:37.993+0000] {logging_mixin.py:188} INFO - Matriz de confusão salva
[2025-11-28T20:02:37.994+0000] {logging_mixin.py:188} INFO - Lista de features salva
[2025-11-28T20:02:37.994+0000] {python.py:237} INFO - Done. Returned value was: None
[2025-11-28T20:02:37.994+0000] {taskinstance.py:441} INFO - ::group::Post task execution logs
[2025-11-28T20:02:38.008+0000] {taskinstance.py:1206} INFO - Marking task as SUCCESS. dag_id=ml_training_pipeline, task_id=create_artifacts, run_id=manual__2025-11-28T19:56:49.344756+00:00, execution_date=20251128T195649, start_date=20251128T200237, end_date=20251128T200238
[2025-11-28T20:02:38.042+0000] {local_task_job_runner.py:240} INFO - Task exited with return code 0
[2025-11-28T20:02:38.086+0000] {taskinstance.py:3498} INFO - 1 downstream tasks scheduled from follow-on schedule check
[2025-11-28T20:02:38.091+0000] {local_task_job_runner.py:222} INFO - ::endgroup::
