[2025-11-27T19:09:45.159+0000] {local_task_job_runner.py:120} INFO - ::group::Pre task execution logs
[2025-11-27T19:09:45.181+0000] {taskinstance.py:2076} INFO - Dependencies all met for dep_context=non-requeueable deps ti=<TaskInstance: etl_for_parquet.extract_task manual__2025-11-27T19:09:44.155848+00:00 [queued]>
[2025-11-27T19:09:45.187+0000] {taskinstance.py:2076} INFO - Dependencies all met for dep_context=requeueable deps ti=<TaskInstance: etl_for_parquet.extract_task manual__2025-11-27T19:09:44.155848+00:00 [queued]>
[2025-11-27T19:09:45.187+0000] {taskinstance.py:2306} INFO - Starting attempt 1 of 1
[2025-11-27T19:09:45.197+0000] {taskinstance.py:2330} INFO - Executing <Task(_PythonDecoratedOperator): extract_task> on 2025-11-27 19:09:44.155848+00:00
[2025-11-27T19:09:45.204+0000] {standard_task_runner.py:90} INFO - Running: ['***', 'tasks', 'run', 'etl_for_parquet', 'extract_task', 'manual__2025-11-27T19:09:44.155848+00:00', '--job-id', '9', '--raw', '--subdir', 'DAGS_FOLDER/etl.py', '--cfg-path', '/tmp/tmpr_h4zufj']
[2025-11-27T19:09:45.208+0000] {standard_task_runner.py:91} INFO - Job 9: Subtask extract_task
[2025-11-27T19:09:45.211+0000] {logging_mixin.py:188} WARNING - /home/***/.local/lib/python3.12/site-packages/***/task/task_runner/standard_task_runner.py:61 DeprecationWarning: This process (pid=356) is multi-threaded, use of fork() may lead to deadlocks in the child.
[2025-11-27T19:09:45.211+0000] {standard_task_runner.py:63} INFO - Started process 361 to run task
[2025-11-27T19:09:45.248+0000] {task_command.py:426} INFO - Running <TaskInstance: etl_for_parquet.extract_task manual__2025-11-27T19:09:44.155848+00:00 [running]> on host 6919090787b8
[2025-11-27T19:09:45.308+0000] {taskinstance.py:2648} INFO - Exporting env vars: AIRFLOW_CTX_DAG_OWNER='***' AIRFLOW_CTX_DAG_ID='etl_for_parquet' AIRFLOW_CTX_TASK_ID='extract_task' AIRFLOW_CTX_EXECUTION_DATE='2025-11-27T19:09:44.155848+00:00' AIRFLOW_CTX_TRY_NUMBER='1' AIRFLOW_CTX_DAG_RUN_ID='manual__2025-11-27T19:09:44.155848+00:00'
[2025-11-27T19:09:45.309+0000] {taskinstance.py:430} INFO - ::endgroup::
[2025-11-27T19:09:45.311+0000] {taskinstance.py:441} INFO - ::group::Post task execution logs
[2025-11-27T19:09:45.311+0000] {taskinstance.py:2905} ERROR - Task failed with exception
Traceback (most recent call last):
  File "/home/airflow/.local/lib/python3.12/site-packages/airflow/models/taskinstance.py", line 465, in _execute_task
    result = _execute_callable(context=context, **execute_callable_kwargs)
             ^^^^^^^^^^^^^^^^^^^^^^^^^^^^^^^^^^^^^^^^^^^^^^^^^^^^^^^^^^^^^
  File "/home/airflow/.local/lib/python3.12/site-packages/airflow/models/taskinstance.py", line 432, in _execute_callable
    return execute_callable(context=context, **execute_callable_kwargs)
           ^^^^^^^^^^^^^^^^^^^^^^^^^^^^^^^^^^^^^^^^^^^^^^^^^^^^^^^^^^^^
  File "/home/airflow/.local/lib/python3.12/site-packages/airflow/models/baseoperator.py", line 400, in wrapper
    return func(self, *args, **kwargs)
           ^^^^^^^^^^^^^^^^^^^^^^^^^^^
  File "/home/airflow/.local/lib/python3.12/site-packages/airflow/decorators/base.py", line 265, in execute
    return_value = super().execute(context)
                   ^^^^^^^^^^^^^^^^^^^^^^^^
  File "/home/airflow/.local/lib/python3.12/site-packages/airflow/models/baseoperator.py", line 400, in wrapper
    return func(self, *args, **kwargs)
           ^^^^^^^^^^^^^^^^^^^^^^^^^^^
  File "/home/airflow/.local/lib/python3.12/site-packages/airflow/operators/python.py", line 235, in execute
    return_value = self.execute_callable()
                   ^^^^^^^^^^^^^^^^^^^^^^^
  File "/home/airflow/.local/lib/python3.12/site-packages/airflow/operators/python.py", line 252, in execute_callable
    return self.python_callable(*self.op_args, **self.op_kwargs)
           ^^^^^^^^^^^^^^^^^^^^^^^^^^^^^^^^^^^^^^^^^^^^^^^^^^^^^
  File "/opt/airflow/dags/etl.py", line 14, in extract_task
    return extract()
           ^^^^^^^^^
  File "/home/luisveloso/MLOps_projects/etl/etl.py", line 11, in extract
    df = pd.read_csv(INPUT_FILE)
         ^^^^^^^^^^^^^^^^^^^^^^^
  File "/home/airflow/.local/lib/python3.12/site-packages/pandas/io/parsers/readers.py", line 912, in read_csv
    return _read(filepath_or_buffer, kwds)
           ^^^^^^^^^^^^^^^^^^^^^^^^^^^^^^^
  File "/home/airflow/.local/lib/python3.12/site-packages/pandas/io/parsers/readers.py", line 577, in _read
    parser = TextFileReader(filepath_or_buffer, **kwds)
             ^^^^^^^^^^^^^^^^^^^^^^^^^^^^^^^^^^^^^^^^^^
  File "/home/airflow/.local/lib/python3.12/site-packages/pandas/io/parsers/readers.py", line 1407, in __init__
    self._engine = self._make_engine(f, self.engine)
                   ^^^^^^^^^^^^^^^^^^^^^^^^^^^^^^^^^
  File "/home/airflow/.local/lib/python3.12/site-packages/pandas/io/parsers/readers.py", line 1661, in _make_engine
    self.handles = get_handle(
                   ^^^^^^^^^^^
  File "/home/airflow/.local/lib/python3.12/site-packages/pandas/io/common.py", line 859, in get_handle
    handle = open(
             ^^^^^
FileNotFoundError: [Errno 2] No such file or directory: 'data/diabetes.csv'
[2025-11-27T19:09:45.319+0000] {taskinstance.py:1206} INFO - Marking task as FAILED. dag_id=etl_for_parquet, task_id=extract_task, run_id=manual__2025-11-27T19:09:44.155848+00:00, execution_date=20251127T190944, start_date=20251127T190945, end_date=20251127T190945
[2025-11-27T19:09:45.328+0000] {standard_task_runner.py:110} ERROR - Failed to execute job 9 for task extract_task ([Errno 2] No such file or directory: 'data/diabetes.csv'; 361)
[2025-11-27T19:09:45.344+0000] {local_task_job_runner.py:240} INFO - Task exited with return code 1
[2025-11-27T19:09:45.358+0000] {taskinstance.py:3498} INFO - 0 downstream tasks scheduled from follow-on schedule check
[2025-11-27T19:09:45.362+0000] {local_task_job_runner.py:222} INFO - ::endgroup::
