[2025-11-28T01:38:25.748+0000] {local_task_job_runner.py:120} INFO - ::group::Pre task execution logs
[2025-11-28T01:38:25.766+0000] {taskinstance.py:2076} INFO - Dependencies all met for dep_context=non-requeueable deps ti=<TaskInstance: ml_monitoring_pipeline.check_data_drift manual__2025-11-28T01:37:58.616870+00:00 [queued]>
[2025-11-28T01:38:25.774+0000] {taskinstance.py:2076} INFO - Dependencies all met for dep_context=requeueable deps ti=<TaskInstance: ml_monitoring_pipeline.check_data_drift manual__2025-11-28T01:37:58.616870+00:00 [queued]>
[2025-11-28T01:38:25.774+0000] {taskinstance.py:2306} INFO - Starting attempt 1 of 3
[2025-11-28T01:38:25.783+0000] {taskinstance.py:2330} INFO - Executing <Task(PythonOperator): check_data_drift> on 2025-11-28 01:37:58.616870+00:00
[2025-11-28T01:38:25.790+0000] {logging_mixin.py:188} WARNING - /home/***/.local/lib/python3.12/site-packages/***/task/task_runner/standard_task_runner.py:61 DeprecationWarning: This process (pid=5855) is multi-threaded, use of fork() may lead to deadlocks in the child.
[2025-11-28T01:38:25.791+0000] {standard_task_runner.py:63} INFO - Started process 5858 to run task
[2025-11-28T01:38:25.790+0000] {standard_task_runner.py:90} INFO - Running: ['***', 'tasks', 'run', 'ml_monitoring_pipeline', 'check_data_drift', 'manual__2025-11-28T01:37:58.616870+00:00', '--job-id', '225', '--raw', '--subdir', 'DAGS_FOLDER/pipe_prediction_monitoring.py', '--cfg-path', '/tmp/tmpqmcsktwo']
[2025-11-28T01:38:25.792+0000] {standard_task_runner.py:91} INFO - Job 225: Subtask check_data_drift
[2025-11-28T01:38:25.827+0000] {task_command.py:426} INFO - Running <TaskInstance: ml_monitoring_pipeline.check_data_drift manual__2025-11-28T01:37:58.616870+00:00 [running]> on host 0c5da11f058c
[2025-11-28T01:38:25.887+0000] {taskinstance.py:2648} INFO - Exporting env vars: AIRFLOW_CTX_DAG_EMAIL='data-team@example.com' AIRFLOW_CTX_DAG_OWNER='data_science_team' AIRFLOW_CTX_DAG_ID='ml_monitoring_pipeline' AIRFLOW_CTX_TASK_ID='check_data_drift' AIRFLOW_CTX_EXECUTION_DATE='2025-11-28T01:37:58.616870+00:00' AIRFLOW_CTX_TRY_NUMBER='1' AIRFLOW_CTX_DAG_RUN_ID='manual__2025-11-28T01:37:58.616870+00:00'
[2025-11-28T01:38:25.888+0000] {taskinstance.py:430} INFO - ::endgroup::
[2025-11-28T01:38:25.895+0000] {logging_mixin.py:188} INFO - 🔍 Verificando data drift...
[2025-11-28T01:38:25.896+0000] {logging_mixin.py:188} INFO - ✅ Nenhum drift significativo detectado
[2025-11-28T01:38:25.896+0000] {logging_mixin.py:188} INFO -    Diferença na proporção: 0.000
[2025-11-28T01:38:25.896+0000] {logging_mixin.py:188} INFO -    Z-score proporção (vs baseline): 0.000
[2025-11-28T01:38:25.897+0000] {logging_mixin.py:188} INFO - ✅ Relatório de drift salvo: /tmp/monitoring/drift_report_20251128_013825.json
[2025-11-28T01:38:25.921+0000] {python.py:237} INFO - Done. Returned value was: None
[2025-11-28T01:38:25.921+0000] {taskinstance.py:441} INFO - ::group::Post task execution logs
[2025-11-28T01:38:25.927+0000] {taskinstance.py:1206} INFO - Marking task as SUCCESS. dag_id=ml_monitoring_pipeline, task_id=check_data_drift, run_id=manual__2025-11-28T01:37:58.616870+00:00, execution_date=20251128T013758, start_date=20251128T013825, end_date=20251128T013825
[2025-11-28T01:38:25.965+0000] {local_task_job_runner.py:240} INFO - Task exited with return code 0
[2025-11-28T01:38:25.978+0000] {taskinstance.py:3498} INFO - 1 downstream tasks scheduled from follow-on schedule check
[2025-11-28T01:38:25.981+0000] {local_task_job_runner.py:222} INFO - ::endgroup::
