[2025-11-28T20:00:43.324+0000] {local_task_job_runner.py:120} INFO - ::group::Pre task execution logs
[2025-11-28T20:00:43.354+0000] {taskinstance.py:2076} INFO - Dependencies all met for dep_context=non-requeueable deps ti=<TaskInstance: ml_training_pipeline.create_artifacts manual__2025-11-28T20:00:16.180435+00:00 [queued]>
[2025-11-28T20:00:43.363+0000] {taskinstance.py:2076} INFO - Dependencies all met for dep_context=requeueable deps ti=<TaskInstance: ml_training_pipeline.create_artifacts manual__2025-11-28T20:00:16.180435+00:00 [queued]>
[2025-11-28T20:00:43.363+0000] {taskinstance.py:2306} INFO - Starting attempt 1 of 3
[2025-11-28T20:00:43.376+0000] {taskinstance.py:2330} INFO - Executing <Task(PythonOperator): create_artifacts> on 2025-11-28 20:00:16.180435+00:00
[2025-11-28T20:00:43.387+0000] {standard_task_runner.py:90} INFO - Running: ['***', 'tasks', 'run', 'ml_training_pipeline', 'create_artifacts', 'manual__2025-11-28T20:00:16.180435+00:00', '--job-id', '31', '--raw', '--subdir', 'DAGS_FOLDER/train.py', '--cfg-path', '/tmp/tmpx6r9q90n']
[2025-11-28T20:00:43.389+0000] {logging_mixin.py:188} WARNING - /home/***/.local/lib/python3.12/site-packages/***/task/task_runner/standard_task_runner.py:61 DeprecationWarning: This process (pid=405) is multi-threaded, use of fork() may lead to deadlocks in the child.
[2025-11-28T20:00:43.390+0000] {standard_task_runner.py:91} INFO - Job 31: Subtask create_artifacts
[2025-11-28T20:00:43.391+0000] {standard_task_runner.py:63} INFO - Started process 421 to run task
[2025-11-28T20:00:43.439+0000] {task_command.py:426} INFO - Running <TaskInstance: ml_training_pipeline.create_artifacts manual__2025-11-28T20:00:16.180435+00:00 [running]> on host 33d3f194c23b
[2025-11-28T20:00:43.509+0000] {taskinstance.py:2648} INFO - Exporting env vars: AIRFLOW_CTX_DAG_EMAIL='data-team@example.com' AIRFLOW_CTX_DAG_OWNER='data_science_team' AIRFLOW_CTX_DAG_ID='ml_training_pipeline' AIRFLOW_CTX_TASK_ID='create_artifacts' AIRFLOW_CTX_EXECUTION_DATE='2025-11-28T20:00:16.180435+00:00' AIRFLOW_CTX_TRY_NUMBER='1' AIRFLOW_CTX_DAG_RUN_ID='manual__2025-11-28T20:00:16.180435+00:00'
[2025-11-28T20:00:43.510+0000] {taskinstance.py:430} INFO - ::endgroup::
[2025-11-28T20:00:43.520+0000] {logging_mixin.py:188} INFO - 🎨 Criando artefatos...
[2025-11-28T20:00:43.724+0000] {logging_mixin.py:188} INFO - Matriz de confusão salva
[2025-11-28T20:00:43.724+0000] {logging_mixin.py:188} INFO - Lista de features salva
[2025-11-28T20:00:43.725+0000] {python.py:237} INFO - Done. Returned value was: None
[2025-11-28T20:00:43.725+0000] {taskinstance.py:441} INFO - ::group::Post task execution logs
[2025-11-28T20:00:43.734+0000] {taskinstance.py:1206} INFO - Marking task as SUCCESS. dag_id=ml_training_pipeline, task_id=create_artifacts, run_id=manual__2025-11-28T20:00:16.180435+00:00, execution_date=20251128T200016, start_date=20251128T200043, end_date=20251128T200043
[2025-11-28T20:00:43.766+0000] {local_task_job_runner.py:240} INFO - Task exited with return code 0
[2025-11-28T20:00:43.789+0000] {taskinstance.py:3498} INFO - 1 downstream tasks scheduled from follow-on schedule check
[2025-11-28T20:00:43.791+0000] {local_task_job_runner.py:222} INFO - ::endgroup::
