[2025-11-28T20:02:15.698+0000] {local_task_job_runner.py:120} INFO - ::group::Pre task execution logs
[2025-11-28T20:02:15.749+0000] {taskinstance.py:2076} INFO - Dependencies all met for dep_context=non-requeueable deps ti=<TaskInstance: ml_training_pipeline.prepare_and_split_data manual__2025-11-28T19:56:49.344756+00:00 [queued]>
[2025-11-28T20:02:15.763+0000] {taskinstance.py:2076} INFO - Dependencies all met for dep_context=requeueable deps ti=<TaskInstance: ml_training_pipeline.prepare_and_split_data manual__2025-11-28T19:56:49.344756+00:00 [queued]>
[2025-11-28T20:02:15.764+0000] {taskinstance.py:2306} INFO - Starting attempt 1 of 3
[2025-11-28T20:02:15.784+0000] {taskinstance.py:2330} INFO - Executing <Task(PythonOperator): prepare_and_split_data> on 2025-11-28 19:56:49.344756+00:00
[2025-11-28T20:02:15.804+0000] {logging_mixin.py:188} WARNING - /home/***/.local/lib/python3.12/site-packages/***/task/task_runner/standard_task_runner.py:61 DeprecationWarning: This process (pid=838) is multi-threaded, use of fork() may lead to deadlocks in the child.
[2025-11-28T20:02:15.807+0000] {standard_task_runner.py:63} INFO - Started process 910 to run task
[2025-11-28T20:02:15.805+0000] {standard_task_runner.py:90} INFO - Running: ['***', 'tasks', 'run', 'ml_training_pipeline', 'prepare_and_split_data', 'manual__2025-11-28T19:56:49.344756+00:00', '--job-id', '44', '--raw', '--subdir', 'DAGS_FOLDER/train.py', '--cfg-path', '/tmp/tmphiptaazd']
[2025-11-28T20:02:15.809+0000] {standard_task_runner.py:91} INFO - Job 44: Subtask prepare_and_split_data
[2025-11-28T20:02:15.896+0000] {task_command.py:426} INFO - Running <TaskInstance: ml_training_pipeline.prepare_and_split_data manual__2025-11-28T19:56:49.344756+00:00 [running]> on host 33d3f194c23b
[2025-11-28T20:02:16.043+0000] {taskinstance.py:2648} INFO - Exporting env vars: AIRFLOW_CTX_DAG_EMAIL='data-team@example.com' AIRFLOW_CTX_DAG_OWNER='data_science_team' AIRFLOW_CTX_DAG_ID='ml_training_pipeline' AIRFLOW_CTX_TASK_ID='prepare_and_split_data' AIRFLOW_CTX_EXECUTION_DATE='2025-11-28T19:56:49.344756+00:00' AIRFLOW_CTX_TRY_NUMBER='1' AIRFLOW_CTX_DAG_RUN_ID='manual__2025-11-28T19:56:49.344756+00:00'
[2025-11-28T20:02:16.045+0000] {taskinstance.py:430} INFO - ::endgroup::
[2025-11-28T20:02:16.068+0000] {logging_mixin.py:188} INFO - 🔧 Preparando features e dividindo dados...
[2025-11-28T20:02:16.113+0000] {logging_mixin.py:188} INFO - 📊 Dados divididos:
[2025-11-28T20:02:16.114+0000] {logging_mixin.py:188} INFO -    Treino: 576 amostras
[2025-11-28T20:02:16.114+0000] {logging_mixin.py:188} INFO -    Teste: 192 amostras
[2025-11-28T20:02:16.222+0000] {python.py:237} INFO - Done. Returned value was: None
[2025-11-28T20:02:16.222+0000] {taskinstance.py:441} INFO - ::group::Post task execution logs
[2025-11-28T20:02:16.236+0000] {taskinstance.py:1206} INFO - Marking task as SUCCESS. dag_id=ml_training_pipeline, task_id=prepare_and_split_data, run_id=manual__2025-11-28T19:56:49.344756+00:00, execution_date=20251128T195649, start_date=20251128T200215, end_date=20251128T200216
[2025-11-28T20:02:16.264+0000] {local_task_job_runner.py:240} INFO - Task exited with return code 0
[2025-11-28T20:02:16.309+0000] {taskinstance.py:3498} INFO - 1 downstream tasks scheduled from follow-on schedule check
[2025-11-28T20:02:16.313+0000] {local_task_job_runner.py:222} INFO - ::endgroup::
