[2025-11-28T20:01:18.953+0000] {local_task_job_runner.py:120} INFO - ::group::Pre task execution logs
[2025-11-28T20:01:18.987+0000] {taskinstance.py:2076} INFO - Dependencies all met for dep_context=non-requeueable deps ti=<TaskInstance: ml_training_pipeline.prepare_and_split_data manual__2025-11-28T19:44:40.772144+00:00 [queued]>
[2025-11-28T20:01:18.996+0000] {taskinstance.py:2076} INFO - Dependencies all met for dep_context=requeueable deps ti=<TaskInstance: ml_training_pipeline.prepare_and_split_data manual__2025-11-28T19:44:40.772144+00:00 [queued]>
[2025-11-28T20:01:18.996+0000] {taskinstance.py:2306} INFO - Starting attempt 1 of 3
[2025-11-28T20:01:19.011+0000] {taskinstance.py:2330} INFO - Executing <Task(PythonOperator): prepare_and_split_data> on 2025-11-28 19:44:40.772144+00:00
[2025-11-28T20:01:19.022+0000] {logging_mixin.py:188} WARNING - /home/***/.local/lib/python3.12/site-packages/***/task/task_runner/standard_task_runner.py:61 DeprecationWarning: This process (pid=577) is multi-threaded, use of fork() may lead to deadlocks in the child.
[2025-11-28T20:01:19.024+0000] {standard_task_runner.py:63} INFO - Started process 593 to run task
[2025-11-28T20:01:19.022+0000] {standard_task_runner.py:90} INFO - Running: ['***', 'tasks', 'run', 'ml_training_pipeline', 'prepare_and_split_data', 'manual__2025-11-28T19:44:40.772144+00:00', '--job-id', '35', '--raw', '--subdir', 'DAGS_FOLDER/train.py', '--cfg-path', '/tmp/tmptmdfcy5n']
[2025-11-28T20:01:19.025+0000] {standard_task_runner.py:91} INFO - Job 35: Subtask prepare_and_split_data
[2025-11-28T20:01:19.077+0000] {task_command.py:426} INFO - Running <TaskInstance: ml_training_pipeline.prepare_and_split_data manual__2025-11-28T19:44:40.772144+00:00 [running]> on host 33d3f194c23b
[2025-11-28T20:01:19.176+0000] {taskinstance.py:2648} INFO - Exporting env vars: AIRFLOW_CTX_DAG_EMAIL='data-team@example.com' AIRFLOW_CTX_DAG_OWNER='data_science_team' AIRFLOW_CTX_DAG_ID='ml_training_pipeline' AIRFLOW_CTX_TASK_ID='prepare_and_split_data' AIRFLOW_CTX_EXECUTION_DATE='2025-11-28T19:44:40.772144+00:00' AIRFLOW_CTX_TRY_NUMBER='1' AIRFLOW_CTX_DAG_RUN_ID='manual__2025-11-28T19:44:40.772144+00:00'
[2025-11-28T20:01:19.178+0000] {taskinstance.py:430} INFO - ::endgroup::
[2025-11-28T20:01:19.188+0000] {logging_mixin.py:188} INFO - 🔧 Preparando features e dividindo dados...
[2025-11-28T20:01:19.220+0000] {logging_mixin.py:188} INFO - 📊 Dados divididos:
[2025-11-28T20:01:19.220+0000] {logging_mixin.py:188} INFO -    Treino: 576 amostras
[2025-11-28T20:01:19.220+0000] {logging_mixin.py:188} INFO -    Teste: 192 amostras
[2025-11-28T20:01:19.294+0000] {python.py:237} INFO - Done. Returned value was: None
[2025-11-28T20:01:19.294+0000] {taskinstance.py:441} INFO - ::group::Post task execution logs
[2025-11-28T20:01:19.302+0000] {taskinstance.py:1206} INFO - Marking task as SUCCESS. dag_id=ml_training_pipeline, task_id=prepare_and_split_data, run_id=manual__2025-11-28T19:44:40.772144+00:00, execution_date=20251128T194440, start_date=20251128T200118, end_date=20251128T200119
[2025-11-28T20:01:19.360+0000] {local_task_job_runner.py:240} INFO - Task exited with return code 0
[2025-11-28T20:01:19.384+0000] {taskinstance.py:3498} INFO - 1 downstream tasks scheduled from follow-on schedule check
[2025-11-28T20:01:19.390+0000] {local_task_job_runner.py:222} INFO - ::endgroup::
