[2025-11-28T01:19:19.751+0000] {local_task_job_runner.py:120} INFO - ::group::Pre task execution logs
[2025-11-28T01:19:19.805+0000] {taskinstance.py:2076} INFO - Dependencies all met for dep_context=non-requeueable deps ti=<TaskInstance: ml_prediction_monitoring_pipeline.make_predictions manual__2025-11-28T01:18:50.169894+00:00 [queued]>
[2025-11-28T01:19:19.819+0000] {taskinstance.py:2076} INFO - Dependencies all met for dep_context=requeueable deps ti=<TaskInstance: ml_prediction_monitoring_pipeline.make_predictions manual__2025-11-28T01:18:50.169894+00:00 [queued]>
[2025-11-28T01:19:19.820+0000] {taskinstance.py:2306} INFO - Starting attempt 1 of 3
[2025-11-28T01:19:19.842+0000] {taskinstance.py:2330} INFO - Executing <Task(PythonOperator): make_predictions> on 2025-11-28 01:18:50.169894+00:00
[2025-11-28T01:19:19.857+0000] {logging_mixin.py:188} WARNING - /home/***/.local/lib/python3.12/site-packages/***/task/task_runner/standard_task_runner.py:61 DeprecationWarning: This process (pid=3187) is multi-threaded, use of fork() may lead to deadlocks in the child.
[2025-11-28T01:19:19.860+0000] {standard_task_runner.py:63} INFO - Started process 3198 to run task
[2025-11-28T01:19:19.859+0000] {standard_task_runner.py:90} INFO - Running: ['***', 'tasks', 'run', 'ml_prediction_monitoring_pipeline', 'make_predictions', 'manual__2025-11-28T01:18:50.169894+00:00', '--job-id', '152', '--raw', '--subdir', 'DAGS_FOLDER/pipe_prediction_monitoring.py', '--cfg-path', '/tmp/tmphp5mfinn']
[2025-11-28T01:19:19.863+0000] {standard_task_runner.py:91} INFO - Job 152: Subtask make_predictions
[2025-11-28T01:19:19.972+0000] {task_command.py:426} INFO - Running <TaskInstance: ml_prediction_monitoring_pipeline.make_predictions manual__2025-11-28T01:18:50.169894+00:00 [running]> on host 0c5da11f058c
[2025-11-28T01:19:20.140+0000] {taskinstance.py:2648} INFO - Exporting env vars: AIRFLOW_CTX_DAG_EMAIL='data-team@example.com' AIRFLOW_CTX_DAG_OWNER='data_science_team' AIRFLOW_CTX_DAG_ID='ml_prediction_monitoring_pipeline' AIRFLOW_CTX_TASK_ID='make_predictions' AIRFLOW_CTX_EXECUTION_DATE='2025-11-28T01:18:50.169894+00:00' AIRFLOW_CTX_TRY_NUMBER='1' AIRFLOW_CTX_DAG_RUN_ID='manual__2025-11-28T01:18:50.169894+00:00'
[2025-11-28T01:19:20.144+0000] {taskinstance.py:430} INFO - ::endgroup::
[2025-11-28T01:19:20.172+0000] {logging_mixin.py:188} INFO - 🔮 Fazendo predições...
[2025-11-28T01:19:21.527+0000] {logging_mixin.py:188} INFO - ✅ Usando features do modelo: ['BMI', 'DiabetesPedigreeFunction', 'Insulin', 'SkinThickness']
[2025-11-28T01:19:21.534+0000] {logging_mixin.py:188} INFO - ✅ Predições concluídas!
[2025-11-28T01:19:21.535+0000] {logging_mixin.py:188} INFO -    Total: 2
[2025-11-28T01:19:21.535+0000] {logging_mixin.py:188} INFO -    Classe 0 (Não diabético): 2
[2025-11-28T01:19:21.535+0000] {logging_mixin.py:188} INFO -    Classe 1 (Diabético): 0
[2025-11-28T01:19:21.607+0000] {python.py:237} INFO - Done. Returned value was: None
[2025-11-28T01:19:21.608+0000] {taskinstance.py:441} INFO - ::group::Post task execution logs
[2025-11-28T01:19:21.624+0000] {taskinstance.py:1206} INFO - Marking task as SUCCESS. dag_id=ml_prediction_monitoring_pipeline, task_id=make_predictions, run_id=manual__2025-11-28T01:18:50.169894+00:00, execution_date=20251128T011850, start_date=20251128T011919, end_date=20251128T011921
[2025-11-28T01:19:21.660+0000] {local_task_job_runner.py:240} INFO - Task exited with return code 0
[2025-11-28T01:19:21.705+0000] {taskinstance.py:3498} INFO - 1 downstream tasks scheduled from follow-on schedule check
[2025-11-28T01:19:21.708+0000] {local_task_job_runner.py:222} INFO - ::endgroup::
