[2025-11-28T01:29:11.404+0000] {local_task_job_runner.py:120} INFO - ::group::Pre task execution logs
[2025-11-28T01:29:11.425+0000] {taskinstance.py:2076} INFO - Dependencies all met for dep_context=non-requeueable deps ti=<TaskInstance: ml_monitoring_pipeline_pred.setup_and_materialize_features scheduled__2025-11-27T00:00:00+00:00 [queued]>
[2025-11-28T01:29:11.433+0000] {taskinstance.py:2076} INFO - Dependencies all met for dep_context=requeueable deps ti=<TaskInstance: ml_monitoring_pipeline_pred.setup_and_materialize_features scheduled__2025-11-27T00:00:00+00:00 [queued]>
[2025-11-28T01:29:11.433+0000] {taskinstance.py:2306} INFO - Starting attempt 1 of 3
[2025-11-28T01:29:11.441+0000] {taskinstance.py:2330} INFO - Executing <Task(PythonOperator): setup_and_materialize_features> on 2025-11-27 00:00:00+00:00
[2025-11-28T01:29:11.447+0000] {logging_mixin.py:188} WARNING - /home/***/.local/lib/python3.12/site-packages/***/task/task_runner/standard_task_runner.py:61 DeprecationWarning: This process (pid=4465) is multi-threaded, use of fork() may lead to deadlocks in the child.
[2025-11-28T01:29:11.448+0000] {standard_task_runner.py:63} INFO - Started process 4474 to run task
[2025-11-28T01:29:11.449+0000] {standard_task_runner.py:90} INFO - Running: ['***', 'tasks', 'run', 'ml_monitoring_pipeline_pred', 'setup_and_materialize_features', 'scheduled__2025-11-27T00:00:00+00:00', '--job-id', '186', '--raw', '--subdir', 'DAGS_FOLDER/pipe_prediction_monitoring.py', '--cfg-path', '/tmp/tmpmc1w0z64']
[2025-11-28T01:29:11.451+0000] {standard_task_runner.py:91} INFO - Job 186: Subtask setup_and_materialize_features
[2025-11-28T01:29:11.489+0000] {task_command.py:426} INFO - Running <TaskInstance: ml_monitoring_pipeline_pred.setup_and_materialize_features scheduled__2025-11-27T00:00:00+00:00 [running]> on host 0c5da11f058c
[2025-11-28T01:29:11.560+0000] {taskinstance.py:2648} INFO - Exporting env vars: AIRFLOW_CTX_DAG_EMAIL='data-team@example.com' AIRFLOW_CTX_DAG_OWNER='data_science_team' AIRFLOW_CTX_DAG_ID='ml_monitoring_pipeline_pred' AIRFLOW_CTX_TASK_ID='setup_and_materialize_features' AIRFLOW_CTX_EXECUTION_DATE='2025-11-27T00:00:00+00:00' AIRFLOW_CTX_TRY_NUMBER='1' AIRFLOW_CTX_DAG_RUN_ID='scheduled__2025-11-27T00:00:00+00:00'
[2025-11-28T01:29:11.561+0000] {taskinstance.py:430} INFO - ::endgroup::
[2025-11-28T01:29:11.570+0000] {logging_mixin.py:188} INFO - 🔧 Configurando MLflow...
[2025-11-28T01:29:11.570+0000] {logging_mixin.py:188} INFO - 🔄 Materializando features no Feast...
[2025-11-28T01:29:12.073+0000] {registry.py:872} INFO - Registry cache expired, so refreshing
[2025-11-28T01:29:12.074+0000] {utils.py:750} WARNING - _list_feature_views will make breaking changes. Please use _list_batch_feature_views instead. _list_feature_views will behave like _list_all_feature_views in the future.
[2025-11-28T01:29:12.074+0000] {registry.py:872} INFO - Registry cache expired, so refreshing
[2025-11-28T01:29:12.077+0000] {registry.py:872} INFO - Registry cache expired, so refreshing
[2025-11-28T01:29:12.077+0000] {logging_mixin.py:188} INFO - Materializing 2 feature views to 2025-11-28 01:29:12+00:00 into the sqlite online store.
[2025-11-28T01:29:12.078+0000] {logging_mixin.py:188} INFO - predictors_df_feature_view from 2026-11-27 21:26:52+00:00 to 2025-11-28 01:29:12+00:00:
[2025-11-28T01:29:12.079+0000] {registry.py:872} INFO - Registry cache expired, so refreshing
[2025-11-28T01:29:12.307+0000] {logging_mixin.py:188} WARNING - 0it [00:00, ?it/s]
[2025-11-28T01:29:12.308+0000] {logging_mixin.py:188} WARNING - 0it [00:00, ?it/s]
[2025-11-28T01:29:12.310+0000] {logging_mixin.py:188} INFO - ptarget_df_feature_view from 2026-11-27 21:26:52+00:00 to 2025-11-28 01:29:12+00:00:
[2025-11-28T01:29:12.310+0000] {registry.py:872} INFO - Registry cache expired, so refreshing
[2025-11-28T01:29:12.341+0000] {logging_mixin.py:188} WARNING - 0it [00:00, ?it/s]
[2025-11-28T01:29:12.341+0000] {logging_mixin.py:188} WARNING - 0it [00:00, ?it/s]
[2025-11-28T01:29:12.362+0000] {logging_mixin.py:188} INFO - ✅ MLflow configurado e features materializadas!
[2025-11-28T01:29:12.362+0000] {python.py:237} INFO - Done. Returned value was: None
[2025-11-28T01:29:12.363+0000] {taskinstance.py:441} INFO - ::group::Post task execution logs
[2025-11-28T01:29:12.369+0000] {taskinstance.py:1206} INFO - Marking task as SUCCESS. dag_id=ml_monitoring_pipeline_pred, task_id=setup_and_materialize_features, run_id=scheduled__2025-11-27T00:00:00+00:00, execution_date=20251127T000000, start_date=20251128T012911, end_date=20251128T012912
[2025-11-28T01:29:12.388+0000] {local_task_job_runner.py:240} INFO - Task exited with return code 0
[2025-11-28T01:29:12.406+0000] {taskinstance.py:3498} INFO - 1 downstream tasks scheduled from follow-on schedule check
[2025-11-28T01:29:12.408+0000] {local_task_job_runner.py:222} INFO - ::endgroup::
