[2025-11-28T01:34:56.457+0000] {local_task_job_runner.py:120} INFO - ::group::Pre task execution logs
[2025-11-28T01:34:56.479+0000] {taskinstance.py:2076} INFO - Dependencies all met for dep_context=non-requeueable deps ti=<TaskInstance: ml_monitoring_pipeline.cleanup_temp_files scheduled__2025-11-27T00:00:00+00:00 [queued]>
[2025-11-28T01:34:56.487+0000] {taskinstance.py:2076} INFO - Dependencies all met for dep_context=requeueable deps ti=<TaskInstance: ml_monitoring_pipeline.cleanup_temp_files scheduled__2025-11-27T00:00:00+00:00 [queued]>
[2025-11-28T01:34:56.487+0000] {taskinstance.py:2306} INFO - Starting attempt 1 of 3
[2025-11-28T01:34:56.499+0000] {taskinstance.py:2330} INFO - Executing <Task(PythonOperator): cleanup_temp_files> on 2025-11-27 00:00:00+00:00
[2025-11-28T01:34:56.506+0000] {logging_mixin.py:188} WARNING - /home/***/.local/lib/python3.12/site-packages/***/task/task_runner/standard_task_runner.py:61 DeprecationWarning: This process (pid=5417) is multi-threaded, use of fork() may lead to deadlocks in the child.
[2025-11-28T01:34:56.507+0000] {standard_task_runner.py:63} INFO - Started process 5431 to run task
[2025-11-28T01:34:56.508+0000] {standard_task_runner.py:90} INFO - Running: ['***', 'tasks', 'run', 'ml_monitoring_pipeline', 'cleanup_temp_files', 'scheduled__2025-11-27T00:00:00+00:00', '--job-id', '215', '--raw', '--subdir', 'DAGS_FOLDER/pipe_prediction_monitoring.py', '--cfg-path', '/tmp/tmp_20exmk4']
[2025-11-28T01:34:56.511+0000] {standard_task_runner.py:91} INFO - Job 215: Subtask cleanup_temp_files
[2025-11-28T01:34:56.576+0000] {task_command.py:426} INFO - Running <TaskInstance: ml_monitoring_pipeline.cleanup_temp_files scheduled__2025-11-27T00:00:00+00:00 [running]> on host 0c5da11f058c
[2025-11-28T01:34:56.659+0000] {taskinstance.py:2648} INFO - Exporting env vars: AIRFLOW_CTX_DAG_EMAIL='data-team@example.com' AIRFLOW_CTX_DAG_OWNER='data_science_team' AIRFLOW_CTX_DAG_ID='ml_monitoring_pipeline' AIRFLOW_CTX_TASK_ID='cleanup_temp_files' AIRFLOW_CTX_EXECUTION_DATE='2025-11-27T00:00:00+00:00' AIRFLOW_CTX_TRY_NUMBER='1' AIRFLOW_CTX_DAG_RUN_ID='scheduled__2025-11-27T00:00:00+00:00'
[2025-11-28T01:34:56.660+0000] {taskinstance.py:430} INFO - ::endgroup::
[2025-11-28T01:34:56.671+0000] {logging_mixin.py:188} INFO - 🧹 Limpando arquivos temporários...
[2025-11-28T01:34:56.672+0000] {logging_mixin.py:188} INFO - ✅ Limpeza concluída!
[2025-11-28T01:34:56.672+0000] {python.py:237} INFO - Done. Returned value was: None
[2025-11-28T01:34:56.672+0000] {taskinstance.py:441} INFO - ::group::Post task execution logs
[2025-11-28T01:34:56.680+0000] {taskinstance.py:1206} INFO - Marking task as SUCCESS. dag_id=ml_monitoring_pipeline, task_id=cleanup_temp_files, run_id=scheduled__2025-11-27T00:00:00+00:00, execution_date=20251127T000000, start_date=20251128T013456, end_date=20251128T013456
[2025-11-28T01:34:56.722+0000] {local_task_job_runner.py:240} INFO - Task exited with return code 0
[2025-11-28T01:34:56.737+0000] {taskinstance.py:3498} INFO - 0 downstream tasks scheduled from follow-on schedule check
[2025-11-28T01:34:56.742+0000] {local_task_job_runner.py:222} INFO - ::endgroup::
