[2025-11-28T01:08:18.540+0000] {local_task_job_runner.py:120} INFO - ::group::Pre task execution logs
[2025-11-28T01:08:18.568+0000] {taskinstance.py:2076} INFO - Dependencies all met for dep_context=non-requeueable deps ti=<TaskInstance: ml_pred_monitoring_pipeline.check_data_drift scheduled__2025-11-27T00:00:00+00:00 [queued]>
[2025-11-28T01:08:18.578+0000] {taskinstance.py:2076} INFO - Dependencies all met for dep_context=requeueable deps ti=<TaskInstance: ml_pred_monitoring_pipeline.check_data_drift scheduled__2025-11-27T00:00:00+00:00 [queued]>
[2025-11-28T01:08:18.579+0000] {taskinstance.py:2306} INFO - Starting attempt 1 of 3
[2025-11-28T01:08:18.594+0000] {taskinstance.py:2330} INFO - Executing <Task(PythonOperator): check_data_drift> on 2025-11-27 00:00:00+00:00
[2025-11-28T01:08:18.602+0000] {logging_mixin.py:188} WARNING - /home/***/.local/lib/python3.12/site-packages/***/task/task_runner/standard_task_runner.py:61 DeprecationWarning: This process (pid=2114) is multi-threaded, use of fork() may lead to deadlocks in the child.
[2025-11-28T01:08:18.603+0000] {standard_task_runner.py:63} INFO - Started process 2121 to run task
[2025-11-28T01:08:18.603+0000] {standard_task_runner.py:90} INFO - Running: ['***', 'tasks', 'run', 'ml_pred_monitoring_pipeline', 'check_data_drift', 'scheduled__2025-11-27T00:00:00+00:00', '--job-id', '141', '--raw', '--subdir', 'DAGS_FOLDER/pipe_prediction_monitoring.py', '--cfg-path', '/tmp/tmpl2i5vi2i']
[2025-11-28T01:08:18.605+0000] {standard_task_runner.py:91} INFO - Job 141: Subtask check_data_drift
[2025-11-28T01:08:18.663+0000] {task_command.py:426} INFO - Running <TaskInstance: ml_pred_monitoring_pipeline.check_data_drift scheduled__2025-11-27T00:00:00+00:00 [running]> on host 0c5da11f058c
[2025-11-28T01:08:18.752+0000] {taskinstance.py:2648} INFO - Exporting env vars: AIRFLOW_CTX_DAG_EMAIL='data-team@example.com' AIRFLOW_CTX_DAG_OWNER='data_science_team' AIRFLOW_CTX_DAG_ID='ml_pred_monitoring_pipeline' AIRFLOW_CTX_TASK_ID='check_data_drift' AIRFLOW_CTX_EXECUTION_DATE='2025-11-27T00:00:00+00:00' AIRFLOW_CTX_TRY_NUMBER='1' AIRFLOW_CTX_DAG_RUN_ID='scheduled__2025-11-27T00:00:00+00:00'
[2025-11-28T01:08:18.753+0000] {taskinstance.py:430} INFO - ::endgroup::
[2025-11-28T01:08:18.763+0000] {logging_mixin.py:188} INFO - 🔍 Verificando data drift...
[2025-11-28T01:08:18.764+0000] {logging_mixin.py:188} INFO - ⚠️ Histórico insuficiente para comparação de drift
[2025-11-28T01:08:18.778+0000] {python.py:237} INFO - Done. Returned value was: None
[2025-11-28T01:08:18.779+0000] {taskinstance.py:441} INFO - ::group::Post task execution logs
[2025-11-28T01:08:18.788+0000] {taskinstance.py:1206} INFO - Marking task as SUCCESS. dag_id=ml_pred_monitoring_pipeline, task_id=check_data_drift, run_id=scheduled__2025-11-27T00:00:00+00:00, execution_date=20251127T000000, start_date=20251128T010818, end_date=20251128T010818
[2025-11-28T01:08:18.818+0000] {local_task_job_runner.py:240} INFO - Task exited with return code 0
[2025-11-28T01:08:18.838+0000] {taskinstance.py:3498} INFO - 1 downstream tasks scheduled from follow-on schedule check
[2025-11-28T01:08:18.842+0000] {local_task_job_runner.py:222} INFO - ::endgroup::
