[2025-11-28T21:00:26.808+0000] {local_task_job_runner.py:120} INFO - ::group::Pre task execution logs
[2025-11-28T21:00:26.827+0000] {taskinstance.py:2076} INFO - Dependencies all met for dep_context=non-requeueable deps ti=<TaskInstance: etl_pipeline_final.task_patient_ids manual__2025-11-28T21:00:22.719137+00:00 [queued]>
[2025-11-28T21:00:26.834+0000] {taskinstance.py:2076} INFO - Dependencies all met for dep_context=requeueable deps ti=<TaskInstance: etl_pipeline_final.task_patient_ids manual__2025-11-28T21:00:22.719137+00:00 [queued]>
[2025-11-28T21:00:26.834+0000] {taskinstance.py:2306} INFO - Starting attempt 1 of 1
[2025-11-28T21:00:26.843+0000] {taskinstance.py:2330} INFO - Executing <Task(_PythonDecoratedOperator): task_patient_ids> on 2025-11-28 21:00:22.719137+00:00
[2025-11-28T21:00:26.849+0000] {standard_task_runner.py:90} INFO - Running: ['***', 'tasks', 'run', 'etl_pipeline_final', 'task_patient_ids', 'manual__2025-11-28T21:00:22.719137+00:00', '--job-id', '75', '--raw', '--subdir', 'DAGS_FOLDER/etl.py', '--cfg-path', '/tmp/tmpxhzvzaf1']
[2025-11-28T21:00:26.851+0000] {standard_task_runner.py:91} INFO - Job 75: Subtask task_patient_ids
[2025-11-28T21:00:26.852+0000] {logging_mixin.py:188} WARNING - /home/***/.local/lib/python3.12/site-packages/***/task/task_runner/standard_task_runner.py:61 DeprecationWarning: This process (pid=237) is multi-threaded, use of fork() may lead to deadlocks in the child.
[2025-11-28T21:00:26.853+0000] {standard_task_runner.py:63} INFO - Started process 239 to run task
[2025-11-28T21:00:26.884+0000] {task_command.py:426} INFO - Running <TaskInstance: etl_pipeline_final.task_patient_ids manual__2025-11-28T21:00:22.719137+00:00 [running]> on host 10644d4e06d9
[2025-11-28T21:00:26.980+0000] {taskinstance.py:2648} INFO - Exporting env vars: AIRFLOW_CTX_DAG_OWNER='***' AIRFLOW_CTX_DAG_ID='etl_pipeline_final' AIRFLOW_CTX_TASK_ID='task_patient_ids' AIRFLOW_CTX_EXECUTION_DATE='2025-11-28T21:00:22.719137+00:00' AIRFLOW_CTX_TRY_NUMBER='1' AIRFLOW_CTX_DAG_RUN_ID='manual__2025-11-28T21:00:22.719137+00:00'
[2025-11-28T21:00:26.981+0000] {taskinstance.py:430} INFO - ::endgroup::
[2025-11-28T21:00:26.982+0000] {python.py:237} INFO - Done. Returned value was: {'predictor':      Pregnancies  Glucose  ...            event_timestamp  patient_id
0              6      148  ... 2023-10-22 21:00:25.789376           0
1              1       85  ... 2023-10-23 21:00:25.789376           1
2              8      183  ... 2023-10-24 21:00:25.789376           2
3              1       89  ... 2023-10-25 21:00:25.789376           3
4              0      137  ... 2023-10-26 21:00:25.789376           4
..           ...      ...  ...                        ...         ...
764            2      122  ... 2025-11-24 21:00:25.789376         764
765            5      121  ... 2025-11-25 21:00:25.789376         765
766            1      126  ... 2025-11-26 21:00:25.789376         766
767            1       93  ... 2025-11-27 21:00:25.789376         767
768            1       93  ... 2025-11-28 21:00:25.789376         768

[769 rows x 10 columns], 'target':      Outcome            event_timestamp  patient_id
0          1 2023-10-22 21:00:25.789376           0
1          0 2023-10-23 21:00:25.789376           1
2          1 2023-10-24 21:00:25.789376           2
3          0 2023-10-25 21:00:25.789376           3
4          1 2023-10-26 21:00:25.789376           4
..       ...                        ...         ...
764        0 2025-11-24 21:00:25.789376         764
765        0 2025-11-25 21:00:25.789376         765
766        1 2025-11-26 21:00:25.789376         766
767        0 2025-11-27 21:00:25.789376         767
768        0 2025-11-28 21:00:25.789376         768

[769 rows x 3 columns]}
[2025-11-28T21:00:26.991+0000] {taskinstance.py:441} INFO - ::group::Post task execution logs
[2025-11-28T21:00:27.028+0000] {taskinstance.py:1206} INFO - Marking task as SUCCESS. dag_id=etl_pipeline_final, task_id=task_patient_ids, run_id=manual__2025-11-28T21:00:22.719137+00:00, execution_date=20251128T210022, start_date=20251128T210026, end_date=20251128T210027
[2025-11-28T21:00:27.066+0000] {local_task_job_runner.py:240} INFO - Task exited with return code 0
[2025-11-28T21:00:27.079+0000] {taskinstance.py:3498} INFO - 1 downstream tasks scheduled from follow-on schedule check
[2025-11-28T21:00:27.082+0000] {local_task_job_runner.py:222} INFO - ::endgroup::
