[2025-11-28T11:38:09.417+0000] {local_task_job_runner.py:120} INFO - ::group::Pre task execution logs
[2025-11-28T11:38:09.453+0000] {taskinstance.py:2076} INFO - Dependencies all met for dep_context=non-requeueable deps ti=<TaskInstance: ml_prediction_pipeline.fetch_features manual__2025-11-28T11:37:46.062774+00:00 [queued]>
[2025-11-28T11:38:09.463+0000] {taskinstance.py:2076} INFO - Dependencies all met for dep_context=requeueable deps ti=<TaskInstance: ml_prediction_pipeline.fetch_features manual__2025-11-28T11:37:46.062774+00:00 [queued]>
[2025-11-28T11:38:09.463+0000] {taskinstance.py:2306} INFO - Starting attempt 1 of 3
[2025-11-28T11:38:09.477+0000] {taskinstance.py:2330} INFO - Executing <Task(PythonOperator): fetch_features> on 2025-11-28 11:37:46.062774+00:00
[2025-11-28T11:38:09.487+0000] {standard_task_runner.py:90} INFO - Running: ['***', 'tasks', 'run', 'ml_prediction_pipeline', 'fetch_features', 'manual__2025-11-28T11:37:46.062774+00:00', '--job-id', '252', '--raw', '--subdir', 'DAGS_FOLDER/predicao.py', '--cfg-path', '/tmp/tmp9xtjvlxb']
[2025-11-28T11:38:09.488+0000] {logging_mixin.py:188} WARNING - /home/***/.local/lib/python3.12/site-packages/***/task/task_runner/standard_task_runner.py:61 DeprecationWarning: This process (pid=692) is multi-threaded, use of fork() may lead to deadlocks in the child.
[2025-11-28T11:38:09.490+0000] {standard_task_runner.py:91} INFO - Job 252: Subtask fetch_features
[2025-11-28T11:38:09.490+0000] {standard_task_runner.py:63} INFO - Started process 714 to run task
[2025-11-28T11:38:09.549+0000] {task_command.py:426} INFO - Running <TaskInstance: ml_prediction_pipeline.fetch_features manual__2025-11-28T11:37:46.062774+00:00 [running]> on host 351eaf83ff35
[2025-11-28T11:38:09.651+0000] {taskinstance.py:2648} INFO - Exporting env vars: AIRFLOW_CTX_DAG_EMAIL='data-team@example.com' AIRFLOW_CTX_DAG_OWNER='data_science_team' AIRFLOW_CTX_DAG_ID='ml_prediction_pipeline' AIRFLOW_CTX_TASK_ID='fetch_features' AIRFLOW_CTX_EXECUTION_DATE='2025-11-28T11:37:46.062774+00:00' AIRFLOW_CTX_TRY_NUMBER='1' AIRFLOW_CTX_DAG_RUN_ID='manual__2025-11-28T11:37:46.062774+00:00'
[2025-11-28T11:38:09.652+0000] {taskinstance.py:430} INFO - ::endgroup::
[2025-11-28T11:38:09.665+0000] {logging_mixin.py:188} INFO - 📥 Buscando features dos pacientes...
[2025-11-28T11:38:10.364+0000] {registry.py:872} INFO - Registry cache expired, so refreshing
[2025-11-28T11:38:10.367+0000] {utils.py:750} WARNING - _list_feature_views will make breaking changes. Please use _list_batch_feature_views instead. _list_feature_views will behave like _list_all_feature_views in the future.
[2025-11-28T11:38:10.372+0000] {sqlite.py:418} WARNING - Cannot use sqlite_vec for vector search
[2025-11-28T11:38:10.375+0000] {logging_mixin.py:188} WARNING - /home/***/.local/lib/python3.12/site-packages/feast/infra/online_stores/sqlite.py:220 DeprecationWarning: The default timestamp converter is deprecated as of Python 3.12; see the sqlite3 documentation for suggested replacement recipes
[2025-11-28T11:38:10.379+0000] {logging_mixin.py:188} INFO - ✅ Features carregadas: (2, 5)
[2025-11-28T11:38:10.379+0000] {logging_mixin.py:188} INFO -    Colunas: ['patient_id', 'SkinThickness', 'Insulin', 'DiabetesPedigreeFunction', 'BMI']
[2025-11-28T11:38:10.402+0000] {python.py:237} INFO - Done. Returned value was: None
[2025-11-28T11:38:10.403+0000] {taskinstance.py:441} INFO - ::group::Post task execution logs
[2025-11-28T11:38:10.414+0000] {taskinstance.py:1206} INFO - Marking task as SUCCESS. dag_id=ml_prediction_pipeline, task_id=fetch_features, run_id=manual__2025-11-28T11:37:46.062774+00:00, execution_date=20251128T113746, start_date=20251128T113809, end_date=20251128T113810
[2025-11-28T11:38:10.470+0000] {local_task_job_runner.py:240} INFO - Task exited with return code 0
[2025-11-28T11:38:10.495+0000] {taskinstance.py:3498} INFO - 1 downstream tasks scheduled from follow-on schedule check
[2025-11-28T11:38:10.498+0000] {local_task_job_runner.py:222} INFO - ::endgroup::
