[2025-11-28T00:40:42.203+0000] {local_task_job_runner.py:120} INFO - ::group::Pre task execution logs
[2025-11-28T00:40:42.228+0000] {taskinstance.py:2076} INFO - Dependencies all met for dep_context=non-requeueable deps ti=<TaskInstance: feature_store_cre.create_dataset_task scheduled__2025-11-27T00:00:00+00:00 [queued]>
[2025-11-28T00:40:42.234+0000] {taskinstance.py:2076} INFO - Dependencies all met for dep_context=requeueable deps ti=<TaskInstance: feature_store_cre.create_dataset_task scheduled__2025-11-27T00:00:00+00:00 [queued]>
[2025-11-28T00:40:42.234+0000] {taskinstance.py:2306} INFO - Starting attempt 1 of 1
[2025-11-28T00:40:42.244+0000] {taskinstance.py:2330} INFO - Executing <Task(_PythonDecoratedOperator): create_dataset_task> on 2025-11-27 00:00:00+00:00
[2025-11-28T00:40:42.250+0000] {logging_mixin.py:188} WARNING - /home/***/.local/lib/python3.12/site-packages/***/task/task_runner/standard_task_runner.py:61 DeprecationWarning: This process (pid=222) is multi-threaded, use of fork() may lead to deadlocks in the child.
[2025-11-28T00:40:42.251+0000] {standard_task_runner.py:63} INFO - Started process 229 to run task
[2025-11-28T00:40:42.250+0000] {standard_task_runner.py:90} INFO - Running: ['***', 'tasks', 'run', 'feature_store_cre', 'create_dataset_task', 'scheduled__2025-11-27T00:00:00+00:00', '--job-id', '90', '--raw', '--subdir', 'DAGS_FOLDER/feature_store.py', '--cfg-path', '/tmp/tmp8cjc5_w5']
[2025-11-28T00:40:42.252+0000] {standard_task_runner.py:91} INFO - Job 90: Subtask create_dataset_task
[2025-11-28T00:40:42.286+0000] {task_command.py:426} INFO - Running <TaskInstance: feature_store_cre.create_dataset_task scheduled__2025-11-27T00:00:00+00:00 [running]> on host 526a5b4f3a6c
[2025-11-28T00:40:42.346+0000] {taskinstance.py:2648} INFO - Exporting env vars: AIRFLOW_CTX_DAG_OWNER='***' AIRFLOW_CTX_DAG_ID='feature_store_cre' AIRFLOW_CTX_TASK_ID='create_dataset_task' AIRFLOW_CTX_EXECUTION_DATE='2025-11-27T00:00:00+00:00' AIRFLOW_CTX_TRY_NUMBER='1' AIRFLOW_CTX_DAG_RUN_ID='scheduled__2025-11-27T00:00:00+00:00'
[2025-11-28T00:40:42.347+0000] {taskinstance.py:430} INFO - ::endgroup::
[2025-11-28T00:40:42.920+0000] {registry.py:872} INFO - Registry cache expired, so refreshing
[2025-11-28T00:40:42.925+0000] {logging_mixin.py:188} INFO - Lendo entidades de: /home/luisveloso/MLOps_projects/data/artifacts/target.parquet
[2025-11-28T00:40:42.950+0000] {logging_mixin.py:188} INFO - Recuperando features históricas...
[2025-11-28T00:40:42.950+0000] {utils.py:750} WARNING - _list_feature_views will make breaking changes. Please use _list_batch_feature_views instead. _list_feature_views will behave like _list_all_feature_views in the future.
[2025-11-28T00:40:42.950+0000] {registry.py:872} INFO - Registry cache expired, so refreshing
[2025-11-28T00:40:42.952+0000] {registry.py:872} INFO - Registry cache expired, so refreshing
[2025-11-28T00:40:42.952+0000] {registry.py:872} INFO - Registry cache expired, so refreshing
[2025-11-28T00:40:42.955+0000] {registry.py:872} INFO - Registry cache expired, so refreshing
[2025-11-28T00:40:42.956+0000] {logging_mixin.py:188} INFO - Persistindo Dataset via Feast...
[2025-11-28T00:40:42.957+0000] {logging_mixin.py:188} WARNING - /home/***/.local/lib/python3.12/site-packages/feast/feature_store.py:1155 RuntimeWarning: Saving dataset is an experimental feature. This API is unstable and it could and most probably will be changed in the future. We do not guarantee that future changes will maintain backward compatibility.
[2025-11-28T00:40:42.957+0000] {taskinstance.py:441} INFO - ::group::Post task execution logs
[2025-11-28T00:40:42.957+0000] {taskinstance.py:2905} ERROR - Task failed with exception
Traceback (most recent call last):
  File "/home/airflow/.local/lib/python3.12/site-packages/airflow/models/taskinstance.py", line 465, in _execute_task
    result = _execute_callable(context=context, **execute_callable_kwargs)
             ^^^^^^^^^^^^^^^^^^^^^^^^^^^^^^^^^^^^^^^^^^^^^^^^^^^^^^^^^^^^^
  File "/home/airflow/.local/lib/python3.12/site-packages/airflow/models/taskinstance.py", line 432, in _execute_callable
    return execute_callable(context=context, **execute_callable_kwargs)
           ^^^^^^^^^^^^^^^^^^^^^^^^^^^^^^^^^^^^^^^^^^^^^^^^^^^^^^^^^^^^
  File "/home/airflow/.local/lib/python3.12/site-packages/airflow/models/baseoperator.py", line 400, in wrapper
    return func(self, *args, **kwargs)
           ^^^^^^^^^^^^^^^^^^^^^^^^^^^
  File "/home/airflow/.local/lib/python3.12/site-packages/airflow/decorators/base.py", line 265, in execute
    return_value = super().execute(context)
                   ^^^^^^^^^^^^^^^^^^^^^^^^
  File "/home/airflow/.local/lib/python3.12/site-packages/airflow/models/baseoperator.py", line 400, in wrapper
    return func(self, *args, **kwargs)
           ^^^^^^^^^^^^^^^^^^^^^^^^^^^
  File "/home/airflow/.local/lib/python3.12/site-packages/airflow/operators/python.py", line 235, in execute
    return_value = self.execute_callable()
                   ^^^^^^^^^^^^^^^^^^^^^^^
  File "/home/airflow/.local/lib/python3.12/site-packages/airflow/operators/python.py", line 252, in execute_callable
    return self.python_callable(*self.op_args, **self.op_kwargs)
           ^^^^^^^^^^^^^^^^^^^^^^^^^^^^^^^^^^^^^^^^^^^^^^^^^^^^^
  File "/opt/airflow/dags/feature_store.py", line 50, in create_dataset_task
    store.create_saved_dataset(
  File "/home/airflow/.local/lib/python3.12/site-packages/feast/feature_store.py", line 1180, in create_saved_dataset
    from_.persist(storage=storage, allow_overwrite=allow_overwrite)
  File "/home/airflow/.local/lib/python3.12/site-packages/feast/infra/offline_stores/dask.py", line 100, in persist
    raise SavedDatasetLocationAlreadyExists(location=storage.file_options.uri)
feast.errors.SavedDatasetLocationAlreadyExists: Saved dataset location /home/luisveloso/MLOps_projects/feature_store/data/my_training_dataset.parquet already exists.
[2025-11-28T00:40:42.969+0000] {taskinstance.py:1206} INFO - Marking task as FAILED. dag_id=feature_store_cre, task_id=create_dataset_task, run_id=scheduled__2025-11-27T00:00:00+00:00, execution_date=20251127T000000, start_date=20251128T004042, end_date=20251128T004042
[2025-11-28T00:40:42.980+0000] {standard_task_runner.py:110} ERROR - Failed to execute job 90 for task create_dataset_task (Saved dataset location /home/luisveloso/MLOps_projects/feature_store/data/my_training_dataset.parquet already exists.; 229)
[2025-11-28T00:40:42.992+0000] {local_task_job_runner.py:240} INFO - Task exited with return code 1
[2025-11-28T00:40:43.003+0000] {taskinstance.py:3498} INFO - 0 downstream tasks scheduled from follow-on schedule check
[2025-11-28T00:40:43.005+0000] {local_task_job_runner.py:222} INFO - ::endgroup::
