[2025-11-28T19:56:54.349+0000] {local_task_job_runner.py:120} INFO - ::group::Pre task execution logs
[2025-11-28T19:56:54.381+0000] {taskinstance.py:2076} INFO - Dependencies all met for dep_context=non-requeueable deps ti=<TaskInstance: ml_training_pipeline.setup_mlflow manual__2025-11-28T19:56:49.344756+00:00 [queued]>
[2025-11-28T19:56:54.392+0000] {taskinstance.py:2076} INFO - Dependencies all met for dep_context=requeueable deps ti=<TaskInstance: ml_training_pipeline.setup_mlflow manual__2025-11-28T19:56:49.344756+00:00 [queued]>
[2025-11-28T19:56:54.392+0000] {taskinstance.py:2306} INFO - Starting attempt 1 of 3
[2025-11-28T19:56:54.406+0000] {taskinstance.py:2330} INFO - Executing <Task(PythonOperator): setup_mlflow> on 2025-11-28 19:56:49.344756+00:00
[2025-11-28T19:56:54.417+0000] {standard_task_runner.py:90} INFO - Running: ['***', 'tasks', 'run', 'ml_training_pipeline', 'setup_mlflow', 'manual__2025-11-28T19:56:49.344756+00:00', '--job-id', '22', '--raw', '--subdir', 'DAGS_FOLDER/train.py', '--cfg-path', '/tmp/tmpl_aszela']
[2025-11-28T19:56:54.419+0000] {logging_mixin.py:188} WARNING - /home/***/.local/lib/python3.12/site-packages/***/task/task_runner/standard_task_runner.py:61 DeprecationWarning: This process (pid=283) is multi-threaded, use of fork() may lead to deadlocks in the child.
[2025-11-28T19:56:54.421+0000] {standard_task_runner.py:91} INFO - Job 22: Subtask setup_mlflow
[2025-11-28T19:56:54.421+0000] {standard_task_runner.py:63} INFO - Started process 299 to run task
[2025-11-28T19:56:54.475+0000] {task_command.py:426} INFO - Running <TaskInstance: ml_training_pipeline.setup_mlflow manual__2025-11-28T19:56:49.344756+00:00 [running]> on host 0d9451e3edad
[2025-11-28T19:56:54.555+0000] {taskinstance.py:2648} INFO - Exporting env vars: AIRFLOW_CTX_DAG_EMAIL='data-team@example.com' AIRFLOW_CTX_DAG_OWNER='data_science_team' AIRFLOW_CTX_DAG_ID='ml_training_pipeline' AIRFLOW_CTX_TASK_ID='setup_mlflow' AIRFLOW_CTX_EXECUTION_DATE='2025-11-28T19:56:49.344756+00:00' AIRFLOW_CTX_TRY_NUMBER='1' AIRFLOW_CTX_DAG_RUN_ID='manual__2025-11-28T19:56:49.344756+00:00'
[2025-11-28T19:56:54.556+0000] {taskinstance.py:430} INFO - ::endgroup::
[2025-11-28T19:56:54.568+0000] {logging_mixin.py:188} INFO - Configurando MLflow...
[2025-11-28T19:56:54.632+0000] {logging_mixin.py:188} INFO - MLflow configurado: http://192.168.65.254:5000/
[2025-11-28T19:56:54.633+0000] {python.py:237} INFO - Done. Returned value was: None
[2025-11-28T19:56:54.633+0000] {taskinstance.py:441} INFO - ::group::Post task execution logs
[2025-11-28T19:56:54.641+0000] {taskinstance.py:1206} INFO - Marking task as SUCCESS. dag_id=ml_training_pipeline, task_id=setup_mlflow, run_id=manual__2025-11-28T19:56:49.344756+00:00, execution_date=20251128T195649, start_date=20251128T195654, end_date=20251128T195654
[2025-11-28T19:56:54.677+0000] {local_task_job_runner.py:240} INFO - Task exited with return code 0
[2025-11-28T19:56:54.699+0000] {taskinstance.py:3498} INFO - 1 downstream tasks scheduled from follow-on schedule check
[2025-11-28T19:56:54.701+0000] {local_task_job_runner.py:222} INFO - ::endgroup::
