[2025-11-28T01:19:39.029+0000] {local_task_job_runner.py:120} INFO - ::group::Pre task execution logs
[2025-11-28T01:19:39.053+0000] {taskinstance.py:2076} INFO - Dependencies all met for dep_context=non-requeueable deps ti=<TaskInstance: ml_prediction_monitoring_pipeline.load_model manual__2025-11-28T01:19:18.219445+00:00 [queued]>
[2025-11-28T01:19:39.060+0000] {taskinstance.py:2076} INFO - Dependencies all met for dep_context=requeueable deps ti=<TaskInstance: ml_prediction_monitoring_pipeline.load_model manual__2025-11-28T01:19:18.219445+00:00 [queued]>
[2025-11-28T01:19:39.061+0000] {taskinstance.py:2306} INFO - Starting attempt 1 of 3
[2025-11-28T01:19:39.072+0000] {taskinstance.py:2330} INFO - Executing <Task(PythonOperator): load_model> on 2025-11-28 01:19:18.219445+00:00
[2025-11-28T01:19:39.079+0000] {logging_mixin.py:188} WARNING - /home/***/.local/lib/python3.12/site-packages/***/task/task_runner/standard_task_runner.py:61 DeprecationWarning: This process (pid=3318) is multi-threaded, use of fork() may lead to deadlocks in the child.
[2025-11-28T01:19:39.080+0000] {standard_task_runner.py:63} INFO - Started process 3327 to run task
[2025-11-28T01:19:39.079+0000] {standard_task_runner.py:90} INFO - Running: ['***', 'tasks', 'run', 'ml_prediction_monitoring_pipeline', 'load_model', 'manual__2025-11-28T01:19:18.219445+00:00', '--job-id', '159', '--raw', '--subdir', 'DAGS_FOLDER/pipe_prediction_monitoring.py', '--cfg-path', '/tmp/tmprcsh_o37']
[2025-11-28T01:19:39.081+0000] {standard_task_runner.py:91} INFO - Job 159: Subtask load_model
[2025-11-28T01:19:39.121+0000] {task_command.py:426} INFO - Running <TaskInstance: ml_prediction_monitoring_pipeline.load_model manual__2025-11-28T01:19:18.219445+00:00 [running]> on host 0c5da11f058c
[2025-11-28T01:19:39.186+0000] {taskinstance.py:2648} INFO - Exporting env vars: AIRFLOW_CTX_DAG_EMAIL='data-team@example.com' AIRFLOW_CTX_DAG_OWNER='data_science_team' AIRFLOW_CTX_DAG_ID='ml_prediction_monitoring_pipeline' AIRFLOW_CTX_TASK_ID='load_model' AIRFLOW_CTX_EXECUTION_DATE='2025-11-28T01:19:18.219445+00:00' AIRFLOW_CTX_TRY_NUMBER='1' AIRFLOW_CTX_DAG_RUN_ID='manual__2025-11-28T01:19:18.219445+00:00'
[2025-11-28T01:19:39.187+0000] {taskinstance.py:430} INFO - ::endgroup::
[2025-11-28T01:19:39.197+0000] {logging_mixin.py:188} INFO - 🤖 Carregando modelo 'diabete_model'...
[2025-11-28T01:19:39.199+0000] {logging_mixin.py:188} WARNING - /opt/***/dags/pipe_prediction_monitoring.py:145 FutureWarning: ``mlflow.tracking.client.MlflowClient.get_latest_versions`` is deprecated since 2.9.0. Model registry stages will be removed in a future major release. To learn more about the deprecation of model registry stages, see our migration guide here: https://mlflow.org/docs/latest/model-registry.html#migrating-from-stages
[2025-11-28T01:19:39.255+0000] {logging_mixin.py:188} INFO - 📦 Versão encontrada: 1
[2025-11-28T01:19:39.301+0000] {logging_mixin.py:188} WARNING - Downloading artifacts:   0%|          | 0/5 [00:00<?, ?it/s]
[2025-11-28T01:19:39.324+0000] {logging_mixin.py:188} WARNING - Downloading artifacts:  20%|##        | 1/5 [00:00<00:00, 45.53it/s]
[2025-11-28T01:19:39.336+0000] {logging_mixin.py:188} WARNING - Downloading artifacts:  40%|####      | 2/5 [00:00<00:00, 58.34it/s]
[2025-11-28T01:19:39.353+0000] {logging_mixin.py:188} WARNING - Downloading artifacts:  60%|######    | 3/5 [00:00<00:00, 58.51it/s]
[2025-11-28T01:19:39.359+0000] {logging_mixin.py:188} WARNING - Downloading artifacts:  80%|########  | 4/5 [00:00<00:00, 70.59it/s]
[2025-11-28T01:19:39.359+0000] {logging_mixin.py:188} WARNING - Downloading artifacts: 100%|##########| 5/5 [00:00<00:00, 86.90it/s]
[2025-11-28T01:19:39.360+0000] {logging_mixin.py:188} WARNING - Downloading artifacts: 100%|##########| 5/5 [00:00<00:00, 85.92it/s]
[2025-11-28T01:19:40.087+0000] {logging_mixin.py:188} INFO - 📋 Features do modelo: ['BMI', 'DiabetesPedigreeFunction', 'Insulin', 'SkinThickness']
[2025-11-28T01:19:40.104+0000] {logging_mixin.py:188} INFO - ✅ Modelo carregado!
[2025-11-28T01:19:40.133+0000] {python.py:237} INFO - Done. Returned value was: None
[2025-11-28T01:19:40.134+0000] {taskinstance.py:441} INFO - ::group::Post task execution logs
[2025-11-28T01:19:40.143+0000] {taskinstance.py:1206} INFO - Marking task as SUCCESS. dag_id=ml_prediction_monitoring_pipeline, task_id=load_model, run_id=manual__2025-11-28T01:19:18.219445+00:00, execution_date=20251128T011918, start_date=20251128T011939, end_date=20251128T011940
[2025-11-28T01:19:40.187+0000] {local_task_job_runner.py:240} INFO - Task exited with return code 0
[2025-11-28T01:19:40.211+0000] {taskinstance.py:3498} INFO - 1 downstream tasks scheduled from follow-on schedule check
[2025-11-28T01:19:40.214+0000] {local_task_job_runner.py:222} INFO - ::endgroup::
