[2025-11-28T00:50:46.814+0000] {local_task_job_runner.py:120} INFO - ::group::Pre task execution logs
[2025-11-28T00:50:46.841+0000] {taskinstance.py:2076} INFO - Dependencies all met for dep_context=non-requeueable deps ti=<TaskInstance: ml_prediction_monitoring_pipeline_v2.make_predictions manual__2025-11-28T00:45:25.509197+00:00 [queued]>
[2025-11-28T00:50:46.851+0000] {taskinstance.py:2076} INFO - Dependencies all met for dep_context=requeueable deps ti=<TaskInstance: ml_prediction_monitoring_pipeline_v2.make_predictions manual__2025-11-28T00:45:25.509197+00:00 [queued]>
[2025-11-28T00:50:46.852+0000] {taskinstance.py:2306} INFO - Starting attempt 2 of 3
[2025-11-28T00:50:46.864+0000] {taskinstance.py:2330} INFO - Executing <Task(PythonOperator): make_predictions> on 2025-11-28 00:45:25.509197+00:00
[2025-11-28T00:50:46.870+0000] {logging_mixin.py:188} WARNING - /home/***/.local/lib/python3.12/site-packages/***/task/task_runner/standard_task_runner.py:61 DeprecationWarning: This process (pid=1128) is multi-threaded, use of fork() may lead to deadlocks in the child.
[2025-11-28T00:50:46.871+0000] {standard_task_runner.py:63} INFO - Started process 1133 to run task
[2025-11-28T00:50:46.872+0000] {standard_task_runner.py:90} INFO - Running: ['***', 'tasks', 'run', 'ml_prediction_monitoring_pipeline_v2', 'make_predictions', 'manual__2025-11-28T00:45:25.509197+00:00', '--job-id', '114', '--raw', '--subdir', 'DAGS_FOLDER/pipe_prediction_monitoring.py', '--cfg-path', '/tmp/tmpir3h0vv0']
[2025-11-28T00:50:46.875+0000] {standard_task_runner.py:91} INFO - Job 114: Subtask make_predictions
[2025-11-28T00:50:46.923+0000] {task_command.py:426} INFO - Running <TaskInstance: ml_prediction_monitoring_pipeline_v2.make_predictions manual__2025-11-28T00:45:25.509197+00:00 [running]> on host 0c5da11f058c
[2025-11-28T00:50:46.993+0000] {taskinstance.py:2648} INFO - Exporting env vars: AIRFLOW_CTX_DAG_EMAIL='data-team@example.com' AIRFLOW_CTX_DAG_OWNER='data_science_team' AIRFLOW_CTX_DAG_ID='ml_prediction_monitoring_pipeline_v2' AIRFLOW_CTX_TASK_ID='make_predictions' AIRFLOW_CTX_EXECUTION_DATE='2025-11-28T00:45:25.509197+00:00' AIRFLOW_CTX_TRY_NUMBER='2' AIRFLOW_CTX_DAG_RUN_ID='manual__2025-11-28T00:45:25.509197+00:00'
[2025-11-28T00:50:46.994+0000] {taskinstance.py:430} INFO - ::endgroup::
[2025-11-28T00:50:47.002+0000] {logging_mixin.py:188} INFO - 🔮 Fazendo predições...
[2025-11-28T00:50:47.680+0000] {taskinstance.py:441} INFO - ::group::Post task execution logs
[2025-11-28T00:50:47.681+0000] {taskinstance.py:2905} ERROR - Task failed with exception
Traceback (most recent call last):
  File "/home/airflow/.local/lib/python3.12/site-packages/airflow/models/taskinstance.py", line 465, in _execute_task
    result = _execute_callable(context=context, **execute_callable_kwargs)
             ^^^^^^^^^^^^^^^^^^^^^^^^^^^^^^^^^^^^^^^^^^^^^^^^^^^^^^^^^^^^^
  File "/home/airflow/.local/lib/python3.12/site-packages/airflow/models/taskinstance.py", line 432, in _execute_callable
    return execute_callable(context=context, **execute_callable_kwargs)
           ^^^^^^^^^^^^^^^^^^^^^^^^^^^^^^^^^^^^^^^^^^^^^^^^^^^^^^^^^^^^
  File "/home/airflow/.local/lib/python3.12/site-packages/airflow/models/baseoperator.py", line 400, in wrapper
    return func(self, *args, **kwargs)
           ^^^^^^^^^^^^^^^^^^^^^^^^^^^
  File "/home/airflow/.local/lib/python3.12/site-packages/airflow/operators/python.py", line 235, in execute
    return_value = self.execute_callable()
                   ^^^^^^^^^^^^^^^^^^^^^^^
  File "/home/airflow/.local/lib/python3.12/site-packages/airflow/operators/python.py", line 252, in execute_callable
    return self.python_callable(*self.op_args, **self.op_kwargs)
           ^^^^^^^^^^^^^^^^^^^^^^^^^^^^^^^^^^^^^^^^^^^^^^^^^^^^^
  File "/opt/airflow/dags/pipe_prediction_monitoring.py", line 182, in make_predictions
    predictions = model.predict(X)
                  ^^^^^^^^^^^^^^^^
  File "/home/airflow/.local/lib/python3.12/site-packages/sklearn/linear_model/_base.py", line 375, in predict
    scores = self.decision_function(X)
             ^^^^^^^^^^^^^^^^^^^^^^^^^
  File "/home/airflow/.local/lib/python3.12/site-packages/sklearn/linear_model/_base.py", line 352, in decision_function
    X = validate_data(self, X, accept_sparse="csr", reset=False)
        ^^^^^^^^^^^^^^^^^^^^^^^^^^^^^^^^^^^^^^^^^^^^^^^^^^^^^^^^
  File "/home/airflow/.local/lib/python3.12/site-packages/sklearn/utils/validation.py", line 2929, in validate_data
    _check_feature_names(_estimator, X, reset=reset)
  File "/home/airflow/.local/lib/python3.12/site-packages/sklearn/utils/validation.py", line 2787, in _check_feature_names
    raise ValueError(message)
ValueError: The feature names should match those that were passed during fit.
Feature names unseen at fit time:
- Glucose

[2025-11-28T00:50:47.691+0000] {taskinstance.py:1206} INFO - Marking task as UP_FOR_RETRY. dag_id=ml_prediction_monitoring_pipeline_v2, task_id=make_predictions, run_id=manual__2025-11-28T00:45:25.509197+00:00, execution_date=20251128T004525, start_date=20251128T005046, end_date=20251128T005047
[2025-11-28T00:50:47.705+0000] {standard_task_runner.py:110} ERROR - Failed to execute job 114 for task make_predictions (The feature names should match those that were passed during fit.
Feature names unseen at fit time:
- Glucose
; 1133)
[2025-11-28T00:50:47.733+0000] {local_task_job_runner.py:240} INFO - Task exited with return code 1
[2025-11-28T00:50:47.755+0000] {taskinstance.py:3498} INFO - 0 downstream tasks scheduled from follow-on schedule check
[2025-11-28T00:50:47.758+0000] {local_task_job_runner.py:222} INFO - ::endgroup::
