[2025-11-28T01:34:34.886+0000] {local_task_job_runner.py:120} INFO - ::group::Pre task execution logs
[2025-11-28T01:34:34.908+0000] {taskinstance.py:2076} INFO - Dependencies all met for dep_context=non-requeueable deps ti=<TaskInstance: ml_monitoring_pipeline.load_model manual__2025-11-28T01:34:20.068843+00:00 [queued]>
[2025-11-28T01:34:34.915+0000] {taskinstance.py:2076} INFO - Dependencies all met for dep_context=requeueable deps ti=<TaskInstance: ml_monitoring_pipeline.load_model manual__2025-11-28T01:34:20.068843+00:00 [queued]>
[2025-11-28T01:34:34.915+0000] {taskinstance.py:2306} INFO - Starting attempt 1 of 3
[2025-11-28T01:34:34.925+0000] {taskinstance.py:2330} INFO - Executing <Task(PythonOperator): load_model> on 2025-11-28 01:34:20.068843+00:00
[2025-11-28T01:34:34.931+0000] {logging_mixin.py:188} WARNING - /home/***/.local/lib/python3.12/site-packages/***/task/task_runner/standard_task_runner.py:61 DeprecationWarning: This process (pid=5238) is multi-threaded, use of fork() may lead to deadlocks in the child.
[2025-11-28T01:34:34.932+0000] {standard_task_runner.py:63} INFO - Started process 5243 to run task
[2025-11-28T01:34:34.931+0000] {standard_task_runner.py:90} INFO - Running: ['***', 'tasks', 'run', 'ml_monitoring_pipeline', 'load_model', 'manual__2025-11-28T01:34:20.068843+00:00', '--job-id', '203', '--raw', '--subdir', 'DAGS_FOLDER/pipe_prediction_monitoring.py', '--cfg-path', '/tmp/tmpjbuzrhjb']
[2025-11-28T01:34:34.933+0000] {standard_task_runner.py:91} INFO - Job 203: Subtask load_model
[2025-11-28T01:34:34.971+0000] {task_command.py:426} INFO - Running <TaskInstance: ml_monitoring_pipeline.load_model manual__2025-11-28T01:34:20.068843+00:00 [running]> on host 0c5da11f058c
[2025-11-28T01:34:35.035+0000] {taskinstance.py:2648} INFO - Exporting env vars: AIRFLOW_CTX_DAG_EMAIL='data-team@example.com' AIRFLOW_CTX_DAG_OWNER='data_science_team' AIRFLOW_CTX_DAG_ID='ml_monitoring_pipeline' AIRFLOW_CTX_TASK_ID='load_model' AIRFLOW_CTX_EXECUTION_DATE='2025-11-28T01:34:20.068843+00:00' AIRFLOW_CTX_TRY_NUMBER='1' AIRFLOW_CTX_DAG_RUN_ID='manual__2025-11-28T01:34:20.068843+00:00'
[2025-11-28T01:34:35.037+0000] {taskinstance.py:430} INFO - ::endgroup::
[2025-11-28T01:34:35.046+0000] {logging_mixin.py:188} INFO - 🤖 Carregando modelo 'diabete_model'...
[2025-11-28T01:34:35.048+0000] {logging_mixin.py:188} WARNING - /opt/***/dags/pipe_prediction_monitoring.py:146 FutureWarning: ``mlflow.tracking.client.MlflowClient.get_latest_versions`` is deprecated since 2.9.0. Model registry stages will be removed in a future major release. To learn more about the deprecation of model registry stages, see our migration guide here: https://mlflow.org/docs/latest/model-registry.html#migrating-from-stages
[2025-11-28T01:34:35.100+0000] {logging_mixin.py:188} INFO - 📦 Versão encontrada: 1
[2025-11-28T01:34:35.141+0000] {logging_mixin.py:188} WARNING - Downloading artifacts:   0%|          | 0/5 [00:00<?, ?it/s]
[2025-11-28T01:34:35.162+0000] {logging_mixin.py:188} WARNING - Downloading artifacts:  20%|##        | 1/5 [00:00<00:00, 48.77it/s]
[2025-11-28T01:34:35.177+0000] {logging_mixin.py:188} WARNING - Downloading artifacts:  40%|####      | 2/5 [00:00<00:00, 55.57it/s]
[2025-11-28T01:34:35.182+0000] {logging_mixin.py:188} WARNING - Downloading artifacts:  60%|######    | 3/5 [00:00<00:00, 73.91it/s]
[2025-11-28T01:34:35.203+0000] {logging_mixin.py:188} WARNING - Downloading artifacts:  80%|########  | 4/5 [00:00<00:00, 64.25it/s]
[2025-11-28T01:34:35.221+0000] {logging_mixin.py:188} WARNING - Downloading artifacts: 100%|##########| 5/5 [00:00<00:00, 62.55it/s]
[2025-11-28T01:34:35.222+0000] {logging_mixin.py:188} WARNING - Downloading artifacts: 100%|##########| 5/5 [00:00<00:00, 62.12it/s]
[2025-11-28T01:34:35.831+0000] {logging_mixin.py:188} INFO - 📋 Features do modelo: ['BMI', 'DiabetesPedigreeFunction', 'Insulin', 'SkinThickness']
[2025-11-28T01:34:35.844+0000] {logging_mixin.py:188} INFO - ✅ Modelo carregado!
[2025-11-28T01:34:35.861+0000] {python.py:237} INFO - Done. Returned value was: None
[2025-11-28T01:34:35.861+0000] {taskinstance.py:441} INFO - ::group::Post task execution logs
[2025-11-28T01:34:35.869+0000] {taskinstance.py:1206} INFO - Marking task as SUCCESS. dag_id=ml_monitoring_pipeline, task_id=load_model, run_id=manual__2025-11-28T01:34:20.068843+00:00, execution_date=20251128T013420, start_date=20251128T013434, end_date=20251128T013435
[2025-11-28T01:34:35.915+0000] {local_task_job_runner.py:240} INFO - Task exited with return code 0
[2025-11-28T01:34:35.933+0000] {taskinstance.py:3498} INFO - 1 downstream tasks scheduled from follow-on schedule check
[2025-11-28T01:34:35.936+0000] {local_task_job_runner.py:222} INFO - ::endgroup::
