[2025-11-28T00:45:39.998+0000] {local_task_job_runner.py:120} INFO - ::group::Pre task execution logs
[2025-11-28T00:45:40.020+0000] {taskinstance.py:2076} INFO - Dependencies all met for dep_context=non-requeueable deps ti=<TaskInstance: ml_prediction_monitoring_pipeline_v2.load_model scheduled__2025-11-27T00:00:00+00:00 [queued]>
[2025-11-28T00:45:40.027+0000] {taskinstance.py:2076} INFO - Dependencies all met for dep_context=requeueable deps ti=<TaskInstance: ml_prediction_monitoring_pipeline_v2.load_model scheduled__2025-11-27T00:00:00+00:00 [queued]>
[2025-11-28T00:45:40.027+0000] {taskinstance.py:2306} INFO - Starting attempt 1 of 3
[2025-11-28T00:45:40.040+0000] {taskinstance.py:2330} INFO - Executing <Task(PythonOperator): load_model> on 2025-11-27 00:00:00+00:00
[2025-11-28T00:45:40.047+0000] {logging_mixin.py:188} WARNING - /home/***/.local/lib/python3.12/site-packages/***/task/task_runner/standard_task_runner.py:61 DeprecationWarning: This process (pid=614) is multi-threaded, use of fork() may lead to deadlocks in the child.
[2025-11-28T00:45:40.047+0000] {standard_task_runner.py:63} INFO - Started process 620 to run task
[2025-11-28T00:45:40.047+0000] {standard_task_runner.py:90} INFO - Running: ['***', 'tasks', 'run', 'ml_prediction_monitoring_pipeline_v2', 'load_model', 'scheduled__2025-11-27T00:00:00+00:00', '--job-id', '110', '--raw', '--subdir', 'DAGS_FOLDER/pipe_prediction_monitoring.py', '--cfg-path', '/tmp/tmp4vooun7v']
[2025-11-28T00:45:40.049+0000] {standard_task_runner.py:91} INFO - Job 110: Subtask load_model
[2025-11-28T00:45:40.091+0000] {task_command.py:426} INFO - Running <TaskInstance: ml_prediction_monitoring_pipeline_v2.load_model scheduled__2025-11-27T00:00:00+00:00 [running]> on host 0c5da11f058c
[2025-11-28T00:45:40.165+0000] {taskinstance.py:2648} INFO - Exporting env vars: AIRFLOW_CTX_DAG_EMAIL='data-team@example.com' AIRFLOW_CTX_DAG_OWNER='data_science_team' AIRFLOW_CTX_DAG_ID='ml_prediction_monitoring_pipeline_v2' AIRFLOW_CTX_TASK_ID='load_model' AIRFLOW_CTX_EXECUTION_DATE='2025-11-27T00:00:00+00:00' AIRFLOW_CTX_TRY_NUMBER='1' AIRFLOW_CTX_DAG_RUN_ID='scheduled__2025-11-27T00:00:00+00:00'
[2025-11-28T00:45:40.165+0000] {taskinstance.py:430} INFO - ::endgroup::
[2025-11-28T00:45:40.174+0000] {logging_mixin.py:188} INFO - 🤖 Carregando modelo 'diabete_model'...
[2025-11-28T00:45:40.176+0000] {logging_mixin.py:188} WARNING - /opt/***/dags/pipe_prediction_monitoring.py:145 FutureWarning: ``mlflow.tracking.client.MlflowClient.get_latest_versions`` is deprecated since 2.9.0. Model registry stages will be removed in a future major release. To learn more about the deprecation of model registry stages, see our migration guide here: https://mlflow.org/docs/latest/model-registry.html#migrating-from-stages
[2025-11-28T00:45:40.272+0000] {logging_mixin.py:188} INFO - 📦 Versão encontrada: 1
[2025-11-28T00:45:40.332+0000] {logging_mixin.py:188} WARNING - Downloading artifacts:   0%|          | 0/5 [00:00<?, ?it/s]
[2025-11-28T00:45:40.373+0000] {logging_mixin.py:188} WARNING - Downloading artifacts:  20%|##        | 1/5 [00:00<00:00, 25.16it/s]
[2025-11-28T00:45:40.381+0000] {logging_mixin.py:188} WARNING - Downloading artifacts:  40%|####      | 2/5 [00:00<00:00, 41.96it/s]
[2025-11-28T00:45:40.388+0000] {logging_mixin.py:188} WARNING - Downloading artifacts:  60%|######    | 3/5 [00:00<00:00, 54.87it/s]
[2025-11-28T00:45:40.396+0000] {logging_mixin.py:188} WARNING - Downloading artifacts:  80%|########  | 4/5 [00:00<00:00, 63.98it/s]
[2025-11-28T00:45:40.419+0000] {logging_mixin.py:188} WARNING - Downloading artifacts: 100%|##########| 5/5 [00:00<00:00, 58.12it/s]
[2025-11-28T00:45:40.420+0000] {logging_mixin.py:188} WARNING - Downloading artifacts: 100%|##########| 5/5 [00:00<00:00, 57.60it/s]
[2025-11-28T00:45:41.131+0000] {logging_mixin.py:188} INFO - ✅ Modelo carregado!
[2025-11-28T00:45:41.153+0000] {python.py:237} INFO - Done. Returned value was: None
[2025-11-28T00:45:41.154+0000] {taskinstance.py:441} INFO - ::group::Post task execution logs
[2025-11-28T00:45:41.160+0000] {taskinstance.py:1206} INFO - Marking task as SUCCESS. dag_id=ml_prediction_monitoring_pipeline_v2, task_id=load_model, run_id=scheduled__2025-11-27T00:00:00+00:00, execution_date=20251127T000000, start_date=20251128T004540, end_date=20251128T004541
[2025-11-28T00:45:41.205+0000] {local_task_job_runner.py:240} INFO - Task exited with return code 0
[2025-11-28T00:45:41.223+0000] {taskinstance.py:3498} INFO - 1 downstream tasks scheduled from follow-on schedule check
[2025-11-28T00:45:41.227+0000] {local_task_job_runner.py:222} INFO - ::endgroup::
