[2025-11-28T20:02:47.537+0000] {local_task_job_runner.py:120} INFO - ::group::Pre task execution logs
[2025-11-28T20:02:47.581+0000] {taskinstance.py:2076} INFO - Dependencies all met for dep_context=non-requeueable deps ti=<TaskInstance: ml_training_pipeline.log_to_mlflow manual__2025-11-28T19:56:49.344756+00:00 [queued]>
[2025-11-28T20:02:47.599+0000] {taskinstance.py:2076} INFO - Dependencies all met for dep_context=requeueable deps ti=<TaskInstance: ml_training_pipeline.log_to_mlflow manual__2025-11-28T19:56:49.344756+00:00 [queued]>
[2025-11-28T20:02:47.600+0000] {taskinstance.py:2306} INFO - Starting attempt 1 of 3
[2025-11-28T20:02:47.621+0000] {taskinstance.py:2330} INFO - Executing <Task(PythonOperator): log_to_mlflow> on 2025-11-28 19:56:49.344756+00:00
[2025-11-28T20:02:47.642+0000] {logging_mixin.py:188} WARNING - /home/***/.local/lib/python3.12/site-packages/***/task/task_runner/standard_task_runner.py:61 DeprecationWarning: This process (pid=1142) is multi-threaded, use of fork() may lead to deadlocks in the child.
[2025-11-28T20:02:47.644+0000] {standard_task_runner.py:63} INFO - Started process 1214 to run task
[2025-11-28T20:02:47.642+0000] {standard_task_runner.py:90} INFO - Running: ['***', 'tasks', 'run', 'ml_training_pipeline', 'log_to_mlflow', 'manual__2025-11-28T19:56:49.344756+00:00', '--job-id', '56', '--raw', '--subdir', 'DAGS_FOLDER/train.py', '--cfg-path', '/tmp/tmptlerksql']
[2025-11-28T20:02:47.647+0000] {standard_task_runner.py:91} INFO - Job 56: Subtask log_to_mlflow
[2025-11-28T20:02:47.744+0000] {task_command.py:426} INFO - Running <TaskInstance: ml_training_pipeline.log_to_mlflow manual__2025-11-28T19:56:49.344756+00:00 [running]> on host 33d3f194c23b
[2025-11-28T20:02:47.903+0000] {taskinstance.py:2648} INFO - Exporting env vars: AIRFLOW_CTX_DAG_EMAIL='data-team@example.com' AIRFLOW_CTX_DAG_OWNER='data_science_team' AIRFLOW_CTX_DAG_ID='ml_training_pipeline' AIRFLOW_CTX_TASK_ID='log_to_mlflow' AIRFLOW_CTX_EXECUTION_DATE='2025-11-28T19:56:49.344756+00:00' AIRFLOW_CTX_TRY_NUMBER='1' AIRFLOW_CTX_DAG_RUN_ID='manual__2025-11-28T19:56:49.344756+00:00'
[2025-11-28T20:02:47.905+0000] {taskinstance.py:430} INFO - ::endgroup::
[2025-11-28T20:02:47.920+0000] {logging_mixin.py:188} INFO - Registrando experimento no MLflow...
[2025-11-28T20:02:48.076+0000] {logging_mixin.py:188} WARNING - 2025/11/28 20:02:48 WARNING mlflow.utils.git_utils: Failed to import Git (the Git executable is probably not on your PATH), so Git SHA is not available. Error: Failed to initialize: Bad git executable.
The git executable must be specified in one of the following ways:
    - be included in your $PATH
    - be set via $GIT_PYTHON_GIT_EXECUTABLE
    - explicitly set via git.refresh(<full-path-to-git-executable>)

All git commands will error until this is rectified.

This initial message can be silenced or aggravated in the future by setting the
$GIT_PYTHON_REFRESH environment variable. Use one of the following values:
    - quiet|q|silence|s|silent|none|n|0: for no message or exception
    - warn|w|warning|log|l|1: for a warning message (logging level CRITICAL, displayed by default)
    - error|e|exception|raise|r|2: for a raised exception

Example:
    export GIT_PYTHON_REFRESH=quiet
[2025-11-28T20:02:49.331+0000] {logging_mixin.py:188} WARNING - 2025/11/28 20:02:49 WARNING mlflow.models.model: `artifact_path` is deprecated. Please use `name` instead.
[2025-11-28T20:02:55.547+0000] {logging_mixin.py:188} WARNING - 2025/11/28 20:02:55 WARNING mlflow.models.model: Model logged without a signature and input example. Please set `input_example` parameter when logging the model to auto infer the model signature.
[2025-11-28T20:02:55.653+0000] {logging_mixin.py:188} INFO - Experimento registrado no MLflow!
[2025-11-28T20:02:55.670+0000] {logging_mixin.py:188} INFO - 🏃 View run logistic_regression_*** at: http://192.168.65.254:5000/#/experiments/467326610704772702/runs/4f386bb3ab344c57b017b78f482d793a
[2025-11-28T20:02:55.670+0000] {logging_mixin.py:188} INFO - 🧪 View experiment at: http://192.168.65.254:5000/#/experiments/467326610704772702
[2025-11-28T20:02:55.683+0000] {python.py:237} INFO - Done. Returned value was: None
[2025-11-28T20:02:55.684+0000] {taskinstance.py:441} INFO - ::group::Post task execution logs
[2025-11-28T20:02:55.701+0000] {taskinstance.py:1206} INFO - Marking task as SUCCESS. dag_id=ml_training_pipeline, task_id=log_to_mlflow, run_id=manual__2025-11-28T19:56:49.344756+00:00, execution_date=20251128T195649, start_date=20251128T200247, end_date=20251128T200255
[2025-11-28T20:02:55.773+0000] {local_task_job_runner.py:240} INFO - Task exited with return code 0
[2025-11-28T20:02:55.832+0000] {taskinstance.py:3498} INFO - 1 downstream tasks scheduled from follow-on schedule check
[2025-11-28T20:02:55.836+0000] {local_task_job_runner.py:222} INFO - ::endgroup::
