[2025-11-28T01:21:51.968+0000] {local_task_job_runner.py:120} INFO - ::group::Pre task execution logs
[2025-11-28T01:21:51.992+0000] {taskinstance.py:2076} INFO - Dependencies all met for dep_context=non-requeueable deps ti=<TaskInstance: ml_prediction_monitoring_pipeline.save_monitoring_stats manual__2025-11-28T01:21:19.138782+00:00 [queued]>
[2025-11-28T01:21:52.000+0000] {taskinstance.py:2076} INFO - Dependencies all met for dep_context=requeueable deps ti=<TaskInstance: ml_prediction_monitoring_pipeline.save_monitoring_stats manual__2025-11-28T01:21:19.138782+00:00 [queued]>
[2025-11-28T01:21:52.000+0000] {taskinstance.py:2306} INFO - Starting attempt 1 of 3
[2025-11-28T01:21:52.011+0000] {taskinstance.py:2330} INFO - Executing <Task(PythonOperator): save_monitoring_stats> on 2025-11-28 01:21:19.138782+00:00
[2025-11-28T01:21:52.019+0000] {logging_mixin.py:188} WARNING - /home/***/.local/lib/python3.12/site-packages/***/task/task_runner/standard_task_runner.py:61 DeprecationWarning: This process (pid=3687) is multi-threaded, use of fork() may lead to deadlocks in the child.
[2025-11-28T01:21:52.020+0000] {standard_task_runner.py:63} INFO - Started process 3690 to run task
[2025-11-28T01:21:52.020+0000] {standard_task_runner.py:90} INFO - Running: ['***', 'tasks', 'run', 'ml_prediction_monitoring_pipeline', 'save_monitoring_stats', 'manual__2025-11-28T01:21:19.138782+00:00', '--job-id', '169', '--raw', '--subdir', 'DAGS_FOLDER/pipe_prediction_monitoring.py', '--cfg-path', '/tmp/tmpqw1vf84s']
[2025-11-28T01:21:52.022+0000] {standard_task_runner.py:91} INFO - Job 169: Subtask save_monitoring_stats
[2025-11-28T01:21:52.061+0000] {task_command.py:426} INFO - Running <TaskInstance: ml_prediction_monitoring_pipeline.save_monitoring_stats manual__2025-11-28T01:21:19.138782+00:00 [running]> on host 0c5da11f058c
[2025-11-28T01:21:52.130+0000] {taskinstance.py:2648} INFO - Exporting env vars: AIRFLOW_CTX_DAG_EMAIL='data-team@example.com' AIRFLOW_CTX_DAG_OWNER='data_science_team' AIRFLOW_CTX_DAG_ID='ml_prediction_monitoring_pipeline' AIRFLOW_CTX_TASK_ID='save_monitoring_stats' AIRFLOW_CTX_EXECUTION_DATE='2025-11-28T01:21:19.138782+00:00' AIRFLOW_CTX_TRY_NUMBER='1' AIRFLOW_CTX_DAG_RUN_ID='manual__2025-11-28T01:21:19.138782+00:00'
[2025-11-28T01:21:52.131+0000] {taskinstance.py:430} INFO - ::endgroup::
[2025-11-28T01:21:52.141+0000] {logging_mixin.py:188} INFO - 💾 Salvando estatísticas de monitoramento...
[2025-11-28T01:21:52.142+0000] {logging_mixin.py:188} INFO - ✅ Estatísticas salvas: /tmp/monitoring/monitoring_stats_20251128_012152.json
[2025-11-28T01:21:52.154+0000] {python.py:237} INFO - Done. Returned value was: None
[2025-11-28T01:21:52.155+0000] {taskinstance.py:441} INFO - ::group::Post task execution logs
[2025-11-28T01:21:52.162+0000] {taskinstance.py:1206} INFO - Marking task as SUCCESS. dag_id=ml_prediction_monitoring_pipeline, task_id=save_monitoring_stats, run_id=manual__2025-11-28T01:21:19.138782+00:00, execution_date=20251128T012119, start_date=20251128T012151, end_date=20251128T012152
[2025-11-28T01:21:52.194+0000] {local_task_job_runner.py:240} INFO - Task exited with return code 0
[2025-11-28T01:21:52.213+0000] {taskinstance.py:3498} INFO - 1 downstream tasks scheduled from follow-on schedule check
[2025-11-28T01:21:52.216+0000] {local_task_job_runner.py:222} INFO - ::endgroup::
