[2025-11-28T11:38:29.252+0000] {local_task_job_runner.py:120} INFO - ::group::Pre task execution logs
[2025-11-28T11:38:29.287+0000] {taskinstance.py:2076} INFO - Dependencies all met for dep_context=non-requeueable deps ti=<TaskInstance: ml_prediction_pipeline.save_predictions scheduled__2025-11-27T00:00:00+00:00 [queued]>
[2025-11-28T11:38:29.295+0000] {taskinstance.py:2076} INFO - Dependencies all met for dep_context=requeueable deps ti=<TaskInstance: ml_prediction_pipeline.save_predictions scheduled__2025-11-27T00:00:00+00:00 [queued]>
[2025-11-28T11:38:29.296+0000] {taskinstance.py:2306} INFO - Starting attempt 1 of 3
[2025-11-28T11:38:29.310+0000] {taskinstance.py:2330} INFO - Executing <Task(PythonOperator): save_predictions> on 2025-11-27 00:00:00+00:00
[2025-11-28T11:38:29.320+0000] {logging_mixin.py:188} WARNING - /home/***/.local/lib/python3.12/site-packages/***/task/task_runner/standard_task_runner.py:61 DeprecationWarning: This process (pid=835) is multi-threaded, use of fork() may lead to deadlocks in the child.
[2025-11-28T11:38:29.321+0000] {standard_task_runner.py:63} INFO - Started process 841 to run task
[2025-11-28T11:38:29.320+0000] {standard_task_runner.py:90} INFO - Running: ['***', 'tasks', 'run', 'ml_prediction_pipeline', 'save_predictions', 'scheduled__2025-11-27T00:00:00+00:00', '--job-id', '257', '--raw', '--subdir', 'DAGS_FOLDER/predicao.py', '--cfg-path', '/tmp/tmpswgqoaiz']
[2025-11-28T11:38:29.322+0000] {standard_task_runner.py:91} INFO - Job 257: Subtask save_predictions
[2025-11-28T11:38:29.394+0000] {task_command.py:426} INFO - Running <TaskInstance: ml_prediction_pipeline.save_predictions scheduled__2025-11-27T00:00:00+00:00 [running]> on host 351eaf83ff35
[2025-11-28T11:38:29.583+0000] {taskinstance.py:2648} INFO - Exporting env vars: AIRFLOW_CTX_DAG_EMAIL='data-team@example.com' AIRFLOW_CTX_DAG_OWNER='data_science_team' AIRFLOW_CTX_DAG_ID='ml_prediction_pipeline' AIRFLOW_CTX_TASK_ID='save_predictions' AIRFLOW_CTX_EXECUTION_DATE='2025-11-27T00:00:00+00:00' AIRFLOW_CTX_TRY_NUMBER='1' AIRFLOW_CTX_DAG_RUN_ID='scheduled__2025-11-27T00:00:00+00:00'
[2025-11-28T11:38:29.585+0000] {taskinstance.py:430} INFO - ::endgroup::
[2025-11-28T11:38:29.608+0000] {logging_mixin.py:188} INFO - 💾 Salvando predições...
[2025-11-28T11:38:29.688+0000] {logging_mixin.py:188} INFO - ✅ Predições individuais salvas:
[2025-11-28T11:38:29.688+0000] {logging_mixin.py:188} INFO -    Parquet: /home/luisveloso/MLOps_projects/data/artifacts/predictions/predictions_20251128_113829.parquet
[2025-11-28T11:38:29.689+0000] {logging_mixin.py:188} INFO -    CSV: /home/luisveloso/MLOps_projects/data/artifacts/predictions/predictions_20251128_113829.csv
[2025-11-28T11:38:29.694+0000] {logging_mixin.py:188} INFO - 📚 Histórico encontrado: 2 predições anteriores
[2025-11-28T11:38:29.706+0000] {logging_mixin.py:188} INFO - ✅ Histórico atualizado: 4 predições totais
[2025-11-28T11:38:29.708+0000] {logging_mixin.py:188} INFO - 
📊 Estatísticas do Histórico:
[2025-11-28T11:38:29.709+0000] {logging_mixin.py:188} INFO -    Total de predições: 4
[2025-11-28T11:38:29.712+0000] {logging_mixin.py:188} INFO -    Total de batches: 1
[2025-11-28T11:38:29.716+0000] {logging_mixin.py:188} INFO -    Primeira predição: 2025-11-28 11:38:22.584607
[2025-11-28T11:38:29.717+0000] {logging_mixin.py:188} INFO -    Última predição: 2025-11-28 11:38:22.584607
[2025-11-28T11:38:29.718+0000] {logging_mixin.py:188} INFO -    Proporção classe 1 (histórico): 0.000
[2025-11-28T11:38:29.791+0000] {python.py:237} INFO - Done. Returned value was: None
[2025-11-28T11:38:29.791+0000] {taskinstance.py:441} INFO - ::group::Post task execution logs
[2025-11-28T11:38:29.805+0000] {taskinstance.py:1206} INFO - Marking task as SUCCESS. dag_id=ml_prediction_pipeline, task_id=save_predictions, run_id=scheduled__2025-11-27T00:00:00+00:00, execution_date=20251127T000000, start_date=20251128T113829, end_date=20251128T113829
[2025-11-28T11:38:29.856+0000] {local_task_job_runner.py:240} INFO - Task exited with return code 0
[2025-11-28T11:38:29.883+0000] {taskinstance.py:3498} INFO - 1 downstream tasks scheduled from follow-on schedule check
[2025-11-28T11:38:29.886+0000] {local_task_job_runner.py:222} INFO - ::endgroup::
