[2025-11-28T01:21:31.311+0000] {local_task_job_runner.py:120} INFO - ::group::Pre task execution logs
[2025-11-28T01:21:31.334+0000] {taskinstance.py:2076} INFO - Dependencies all met for dep_context=non-requeueable deps ti=<TaskInstance: ml_prediction_monitoring_pipeline.fetch_features manual__2025-11-28T01:21:19.138782+00:00 [queued]>
[2025-11-28T01:21:31.341+0000] {taskinstance.py:2076} INFO - Dependencies all met for dep_context=requeueable deps ti=<TaskInstance: ml_prediction_monitoring_pipeline.fetch_features manual__2025-11-28T01:21:19.138782+00:00 [queued]>
[2025-11-28T01:21:31.342+0000] {taskinstance.py:2306} INFO - Starting attempt 1 of 3
[2025-11-28T01:21:31.351+0000] {taskinstance.py:2330} INFO - Executing <Task(PythonOperator): fetch_features> on 2025-11-28 01:21:19.138782+00:00
[2025-11-28T01:21:31.360+0000] {logging_mixin.py:188} WARNING - /home/***/.local/lib/python3.12/site-packages/***/task/task_runner/standard_task_runner.py:61 DeprecationWarning: This process (pid=3560) is multi-threaded, use of fork() may lead to deadlocks in the child.
[2025-11-28T01:21:31.361+0000] {standard_task_runner.py:63} INFO - Started process 3563 to run task
[2025-11-28T01:21:31.360+0000] {standard_task_runner.py:90} INFO - Running: ['***', 'tasks', 'run', 'ml_prediction_monitoring_pipeline', 'fetch_features', 'manual__2025-11-28T01:21:19.138782+00:00', '--job-id', '164', '--raw', '--subdir', 'DAGS_FOLDER/pipe_prediction_monitoring.py', '--cfg-path', '/tmp/tmpj6kss7bd']
[2025-11-28T01:21:31.362+0000] {standard_task_runner.py:91} INFO - Job 164: Subtask fetch_features
[2025-11-28T01:21:31.403+0000] {task_command.py:426} INFO - Running <TaskInstance: ml_prediction_monitoring_pipeline.fetch_features manual__2025-11-28T01:21:19.138782+00:00 [running]> on host 0c5da11f058c
[2025-11-28T01:21:31.469+0000] {taskinstance.py:2648} INFO - Exporting env vars: AIRFLOW_CTX_DAG_EMAIL='data-team@example.com' AIRFLOW_CTX_DAG_OWNER='data_science_team' AIRFLOW_CTX_DAG_ID='ml_prediction_monitoring_pipeline' AIRFLOW_CTX_TASK_ID='fetch_features' AIRFLOW_CTX_EXECUTION_DATE='2025-11-28T01:21:19.138782+00:00' AIRFLOW_CTX_TRY_NUMBER='1' AIRFLOW_CTX_DAG_RUN_ID='manual__2025-11-28T01:21:19.138782+00:00'
[2025-11-28T01:21:31.469+0000] {taskinstance.py:430} INFO - ::endgroup::
[2025-11-28T01:21:31.479+0000] {logging_mixin.py:188} INFO - 📥 Buscando features dos pacientes...
[2025-11-28T01:21:32.028+0000] {registry.py:872} INFO - Registry cache expired, so refreshing
[2025-11-28T01:21:32.031+0000] {utils.py:750} WARNING - _list_feature_views will make breaking changes. Please use _list_batch_feature_views instead. _list_feature_views will behave like _list_all_feature_views in the future.
[2025-11-28T01:21:32.035+0000] {sqlite.py:418} WARNING - Cannot use sqlite_vec for vector search
[2025-11-28T01:21:32.036+0000] {logging_mixin.py:188} WARNING - /home/***/.local/lib/python3.12/site-packages/feast/infra/online_stores/sqlite.py:220 DeprecationWarning: The default timestamp converter is deprecated as of Python 3.12; see the sqlite3 documentation for suggested replacement recipes
[2025-11-28T01:21:32.038+0000] {logging_mixin.py:188} INFO - ✅ Features carregadas: (2, 5)
[2025-11-28T01:21:32.039+0000] {logging_mixin.py:188} INFO -    Colunas: ['patient_id', 'DiabetesPedigreeFunction', 'Insulin', 'SkinThickness', 'BMI']
[2025-11-28T01:21:32.058+0000] {python.py:237} INFO - Done. Returned value was: None
[2025-11-28T01:21:32.058+0000] {taskinstance.py:441} INFO - ::group::Post task execution logs
[2025-11-28T01:21:32.066+0000] {taskinstance.py:1206} INFO - Marking task as SUCCESS. dag_id=ml_prediction_monitoring_pipeline, task_id=fetch_features, run_id=manual__2025-11-28T01:21:19.138782+00:00, execution_date=20251128T012119, start_date=20251128T012131, end_date=20251128T012132
[2025-11-28T01:21:32.099+0000] {local_task_job_runner.py:240} INFO - Task exited with return code 0
[2025-11-28T01:21:32.123+0000] {taskinstance.py:3498} INFO - 1 downstream tasks scheduled from follow-on schedule check
[2025-11-28T01:21:32.126+0000] {local_task_job_runner.py:222} INFO - ::endgroup::
