[2025-11-28T20:02:34.606+0000] {local_task_job_runner.py:120} INFO - ::group::Pre task execution logs
[2025-11-28T20:02:34.661+0000] {taskinstance.py:2076} INFO - Dependencies all met for dep_context=non-requeueable deps ti=<TaskInstance: ml_prediction_pipeline.load_model manual__2025-11-28T20:02:03.214917+00:00 [queued]>
[2025-11-28T20:02:34.685+0000] {taskinstance.py:2076} INFO - Dependencies all met for dep_context=requeueable deps ti=<TaskInstance: ml_prediction_pipeline.load_model manual__2025-11-28T20:02:03.214917+00:00 [queued]>
[2025-11-28T20:02:34.685+0000] {taskinstance.py:2306} INFO - Starting attempt 1 of 3
[2025-11-28T20:02:34.714+0000] {taskinstance.py:2330} INFO - Executing <Task(PythonOperator): load_model> on 2025-11-28 20:02:03.214917+00:00
[2025-11-28T20:02:34.746+0000] {logging_mixin.py:188} WARNING - /home/***/.local/lib/python3.12/site-packages/***/task/task_runner/standard_task_runner.py:61 DeprecationWarning: This process (pid=1053) is multi-threaded, use of fork() may lead to deadlocks in the child.
[2025-11-28T20:02:34.749+0000] {standard_task_runner.py:63} INFO - Started process 1080 to run task
[2025-11-28T20:02:34.762+0000] {standard_task_runner.py:90} INFO - Running: ['***', 'tasks', 'run', 'ml_prediction_pipeline', 'load_model', 'manual__2025-11-28T20:02:03.214917+00:00', '--job-id', '52', '--raw', '--subdir', 'DAGS_FOLDER/predict.py', '--cfg-path', '/tmp/tmpmiyosr1z']
[2025-11-28T20:02:34.768+0000] {standard_task_runner.py:91} INFO - Job 52: Subtask load_model
[2025-11-28T20:02:34.845+0000] {task_command.py:426} INFO - Running <TaskInstance: ml_prediction_pipeline.load_model manual__2025-11-28T20:02:03.214917+00:00 [running]> on host 33d3f194c23b
[2025-11-28T20:02:34.987+0000] {taskinstance.py:2648} INFO - Exporting env vars: AIRFLOW_CTX_DAG_EMAIL='data-team@example.com' AIRFLOW_CTX_DAG_OWNER='data_science_team' AIRFLOW_CTX_DAG_ID='ml_prediction_pipeline' AIRFLOW_CTX_TASK_ID='load_model' AIRFLOW_CTX_EXECUTION_DATE='2025-11-28T20:02:03.214917+00:00' AIRFLOW_CTX_TRY_NUMBER='1' AIRFLOW_CTX_DAG_RUN_ID='manual__2025-11-28T20:02:03.214917+00:00'
[2025-11-28T20:02:34.988+0000] {taskinstance.py:430} INFO - ::endgroup::
[2025-11-28T20:02:35.014+0000] {logging_mixin.py:188} INFO - Carregando modelo 'diabete_model'...
[2025-11-28T20:02:35.018+0000] {logging_mixin.py:188} WARNING - /opt/***/dags/framework/prediction.py:135 FutureWarning: ``mlflow.tracking.client.MlflowClient.get_latest_versions`` is deprecated since 2.9.0. Model registry stages will be removed in a future major release. To learn more about the deprecation of model registry stages, see our migration guide here: https://mlflow.org/docs/latest/model-registry.html#migrating-from-stages
[2025-11-28T20:02:35.178+0000] {logging_mixin.py:188} INFO - Versão encontrada: 1
[2025-11-28T20:02:35.300+0000] {logging_mixin.py:188} WARNING - Downloading artifacts:   0%|          | 0/5 [00:00<?, ?it/s]
[2025-11-28T20:02:35.410+0000] {logging_mixin.py:188} WARNING - Downloading artifacts:  20%|##        | 1/5 [00:00<00:00,  9.15it/s]
[2025-11-28T20:02:35.413+0000] {logging_mixin.py:188} WARNING - Downloading artifacts:  20%|##        | 1/5 [00:00<00:00,  9.15it/s]
[2025-11-28T20:02:35.414+0000] {logging_mixin.py:188} WARNING - Downloading artifacts:  40%|####      | 2/5 [00:00<00:00,  9.15it/s]
[2025-11-28T20:02:35.415+0000] {logging_mixin.py:188} WARNING - Downloading artifacts:  60%|######    | 3/5 [00:00<00:00,  9.15it/s]
[2025-11-28T20:02:35.633+0000] {logging_mixin.py:188} WARNING - Downloading artifacts:  80%|########  | 4/5 [00:00<00:00, 12.38it/s]
[2025-11-28T20:02:35.634+0000] {logging_mixin.py:188} WARNING - Downloading artifacts:  80%|########  | 4/5 [00:00<00:00, 12.38it/s]
[2025-11-28T20:02:35.635+0000] {logging_mixin.py:188} WARNING - Downloading artifacts: 100%|##########| 5/5 [00:00<00:00, 12.38it/s]
[2025-11-28T20:02:35.636+0000] {logging_mixin.py:188} WARNING - Downloading artifacts: 100%|##########| 5/5 [00:00<00:00, 14.94it/s]
[2025-11-28T20:02:36.785+0000] {logging_mixin.py:188} INFO - Features do modelo: ['BMI', 'DiabetesPedigreeFunction', 'Insulin', 'SkinThickness']
[2025-11-28T20:02:36.812+0000] {logging_mixin.py:188} INFO - Modelo carregado!
[2025-11-28T20:02:36.844+0000] {python.py:237} INFO - Done. Returned value was: None
[2025-11-28T20:02:36.845+0000] {taskinstance.py:441} INFO - ::group::Post task execution logs
[2025-11-28T20:02:36.862+0000] {taskinstance.py:1206} INFO - Marking task as SUCCESS. dag_id=ml_prediction_pipeline, task_id=load_model, run_id=manual__2025-11-28T20:02:03.214917+00:00, execution_date=20251128T200203, start_date=20251128T200234, end_date=20251128T200236
[2025-11-28T20:02:36.922+0000] {local_task_job_runner.py:240} INFO - Task exited with return code 0
[2025-11-28T20:02:36.966+0000] {taskinstance.py:3498} INFO - 1 downstream tasks scheduled from follow-on schedule check
[2025-11-28T20:02:36.970+0000] {local_task_job_runner.py:222} INFO - ::endgroup::
