[2025-11-28T01:44:28.684+0000] {local_task_job_runner.py:120} INFO - ::group::Pre task execution logs
[2025-11-28T01:44:28.711+0000] {taskinstance.py:2076} INFO - Dependencies all met for dep_context=non-requeueable deps ti=<TaskInstance: ml_monitoring_pipeline.save_monitoring_stats manual__2025-11-28T01:43:59.988197+00:00 [queued]>
[2025-11-28T01:44:28.721+0000] {taskinstance.py:2076} INFO - Dependencies all met for dep_context=requeueable deps ti=<TaskInstance: ml_monitoring_pipeline.save_monitoring_stats manual__2025-11-28T01:43:59.988197+00:00 [queued]>
[2025-11-28T01:44:28.722+0000] {taskinstance.py:2306} INFO - Starting attempt 1 of 3
[2025-11-28T01:44:28.736+0000] {taskinstance.py:2330} INFO - Executing <Task(PythonOperator): save_monitoring_stats> on 2025-11-28 01:43:59.988197+00:00
[2025-11-28T01:44:28.745+0000] {logging_mixin.py:188} WARNING - /home/***/.local/lib/python3.12/site-packages/***/task/task_runner/standard_task_runner.py:61 DeprecationWarning: This process (pid=6498) is multi-threaded, use of fork() may lead to deadlocks in the child.
[2025-11-28T01:44:28.746+0000] {standard_task_runner.py:63} INFO - Started process 6511 to run task
[2025-11-28T01:44:28.747+0000] {standard_task_runner.py:90} INFO - Running: ['***', 'tasks', 'run', 'ml_monitoring_pipeline', 'save_monitoring_stats', 'manual__2025-11-28T01:43:59.988197+00:00', '--job-id', '234', '--raw', '--subdir', 'DAGS_FOLDER/pipe_prediction_monitoring.py', '--cfg-path', '/tmp/tmpy4fygtao']
[2025-11-28T01:44:28.749+0000] {standard_task_runner.py:91} INFO - Job 234: Subtask save_monitoring_stats
[2025-11-28T01:44:28.808+0000] {task_command.py:426} INFO - Running <TaskInstance: ml_monitoring_pipeline.save_monitoring_stats manual__2025-11-28T01:43:59.988197+00:00 [running]> on host 0c5da11f058c
[2025-11-28T01:44:28.925+0000] {taskinstance.py:2648} INFO - Exporting env vars: AIRFLOW_CTX_DAG_EMAIL='data-team@example.com' AIRFLOW_CTX_DAG_OWNER='data_science_team' AIRFLOW_CTX_DAG_ID='ml_monitoring_pipeline' AIRFLOW_CTX_TASK_ID='save_monitoring_stats' AIRFLOW_CTX_EXECUTION_DATE='2025-11-28T01:43:59.988197+00:00' AIRFLOW_CTX_TRY_NUMBER='1' AIRFLOW_CTX_DAG_RUN_ID='manual__2025-11-28T01:43:59.988197+00:00'
[2025-11-28T01:44:28.927+0000] {taskinstance.py:430} INFO - ::endgroup::
[2025-11-28T01:44:28.944+0000] {logging_mixin.py:188} INFO - 💾 Salvando estatísticas de monitoramento...
[2025-11-28T01:44:28.959+0000] {logging_mixin.py:188} INFO - ✅ Estatísticas salvas: /home/luisveloso/MLOps_projects/data/artifacts/monitoring/monitoring_stats_20251128_014428.json
[2025-11-28T01:44:28.959+0000] {logging_mixin.py:188} INFO - ✅ Histórico de stats atualizado: /home/luisveloso/MLOps_projects/data/artifacts/monitoring/monitoring_history.jsonl
[2025-11-28T01:44:28.965+0000] {logging_mixin.py:188} INFO - ✅ Resumo do monitoramento salvo: /home/luisveloso/MLOps_projects/data/artifacts/monitoring/monitoring_summary.csv
[2025-11-28T01:44:28.965+0000] {logging_mixin.py:188} INFO - 
📊 Resumo do Histórico de Monitoramento:
[2025-11-28T01:44:28.965+0000] {logging_mixin.py:188} INFO -    Total de execuções: 1
[2025-11-28T01:44:28.966+0000] {logging_mixin.py:188} INFO -    Proporção classe 1 (média): 0.000
[2025-11-28T01:44:28.967+0000] {logging_mixin.py:188} INFO -    Proporção classe 1 (std): nan
[2025-11-28T01:44:28.998+0000] {python.py:237} INFO - Done. Returned value was: None
[2025-11-28T01:44:28.999+0000] {taskinstance.py:441} INFO - ::group::Post task execution logs
[2025-11-28T01:44:29.007+0000] {taskinstance.py:1206} INFO - Marking task as SUCCESS. dag_id=ml_monitoring_pipeline, task_id=save_monitoring_stats, run_id=manual__2025-11-28T01:43:59.988197+00:00, execution_date=20251128T014359, start_date=20251128T014428, end_date=20251128T014429
[2025-11-28T01:44:29.042+0000] {local_task_job_runner.py:240} INFO - Task exited with return code 0
[2025-11-28T01:44:29.067+0000] {taskinstance.py:3498} INFO - 1 downstream tasks scheduled from follow-on schedule check
[2025-11-28T01:44:29.070+0000] {local_task_job_runner.py:222} INFO - ::endgroup::
