[2025-11-28T01:07:52.768+0000] {local_task_job_runner.py:120} INFO - ::group::Pre task execution logs
[2025-11-28T01:07:52.815+0000] {taskinstance.py:2076} INFO - Dependencies all met for dep_context=non-requeueable deps ti=<TaskInstance: ml_pred_monitoring_pipeline.fetch_features scheduled__2025-11-27T00:00:00+00:00 [queued]>
[2025-11-28T01:07:52.826+0000] {taskinstance.py:2076} INFO - Dependencies all met for dep_context=requeueable deps ti=<TaskInstance: ml_pred_monitoring_pipeline.fetch_features scheduled__2025-11-27T00:00:00+00:00 [queued]>
[2025-11-28T01:07:52.826+0000] {taskinstance.py:2306} INFO - Starting attempt 1 of 3
[2025-11-28T01:07:52.841+0000] {taskinstance.py:2330} INFO - Executing <Task(PythonOperator): fetch_features> on 2025-11-27 00:00:00+00:00
[2025-11-28T01:07:52.849+0000] {logging_mixin.py:188} WARNING - /home/***/.local/lib/python3.12/site-packages/***/task/task_runner/standard_task_runner.py:61 DeprecationWarning: This process (pid=1891) is multi-threaded, use of fork() may lead to deadlocks in the child.
[2025-11-28T01:07:52.850+0000] {standard_task_runner.py:63} INFO - Started process 1904 to run task
[2025-11-28T01:07:52.851+0000] {standard_task_runner.py:90} INFO - Running: ['***', 'tasks', 'run', 'ml_pred_monitoring_pipeline', 'fetch_features', 'scheduled__2025-11-27T00:00:00+00:00', '--job-id', '129', '--raw', '--subdir', 'DAGS_FOLDER/pipe_prediction_monitoring.py', '--cfg-path', '/tmp/tmpvcdyu6zk']
[2025-11-28T01:07:52.853+0000] {standard_task_runner.py:91} INFO - Job 129: Subtask fetch_features
[2025-11-28T01:07:52.904+0000] {task_command.py:426} INFO - Running <TaskInstance: ml_pred_monitoring_pipeline.fetch_features scheduled__2025-11-27T00:00:00+00:00 [running]> on host 0c5da11f058c
[2025-11-28T01:07:52.991+0000] {taskinstance.py:2648} INFO - Exporting env vars: AIRFLOW_CTX_DAG_EMAIL='data-team@example.com' AIRFLOW_CTX_DAG_OWNER='data_science_team' AIRFLOW_CTX_DAG_ID='ml_pred_monitoring_pipeline' AIRFLOW_CTX_TASK_ID='fetch_features' AIRFLOW_CTX_EXECUTION_DATE='2025-11-27T00:00:00+00:00' AIRFLOW_CTX_TRY_NUMBER='1' AIRFLOW_CTX_DAG_RUN_ID='scheduled__2025-11-27T00:00:00+00:00'
[2025-11-28T01:07:52.993+0000] {taskinstance.py:430} INFO - ::endgroup::
[2025-11-28T01:07:53.006+0000] {logging_mixin.py:188} INFO - 📥 Buscando features dos pacientes...
[2025-11-28T01:07:53.613+0000] {registry.py:872} INFO - Registry cache expired, so refreshing
[2025-11-28T01:07:53.616+0000] {utils.py:750} WARNING - _list_feature_views will make breaking changes. Please use _list_batch_feature_views instead. _list_feature_views will behave like _list_all_feature_views in the future.
[2025-11-28T01:07:53.620+0000] {sqlite.py:418} WARNING - Cannot use sqlite_vec for vector search
[2025-11-28T01:07:53.622+0000] {logging_mixin.py:188} WARNING - /home/***/.local/lib/python3.12/site-packages/feast/infra/online_stores/sqlite.py:220 DeprecationWarning: The default timestamp converter is deprecated as of Python 3.12; see the sqlite3 documentation for suggested replacement recipes
[2025-11-28T01:07:53.624+0000] {logging_mixin.py:188} INFO - ✅ Features carregadas: (2, 5)
[2025-11-28T01:07:53.624+0000] {logging_mixin.py:188} INFO -    Colunas: ['patient_id', 'DiabetesPedigreeFunction', 'Insulin', 'SkinThickness', 'BMI']
[2025-11-28T01:07:53.640+0000] {python.py:237} INFO - Done. Returned value was: None
[2025-11-28T01:07:53.640+0000] {taskinstance.py:441} INFO - ::group::Post task execution logs
[2025-11-28T01:07:53.647+0000] {taskinstance.py:1206} INFO - Marking task as SUCCESS. dag_id=ml_pred_monitoring_pipeline, task_id=fetch_features, run_id=scheduled__2025-11-27T00:00:00+00:00, execution_date=20251127T000000, start_date=20251128T010752, end_date=20251128T010753
[2025-11-28T01:07:53.673+0000] {local_task_job_runner.py:240} INFO - Task exited with return code 0
[2025-11-28T01:07:53.692+0000] {taskinstance.py:3498} INFO - 1 downstream tasks scheduled from follow-on schedule check
[2025-11-28T01:07:53.694+0000] {local_task_job_runner.py:222} INFO - ::endgroup::
