[2025-11-28T01:38:28.202+0000] {local_task_job_runner.py:120} INFO - ::group::Pre task execution logs
[2025-11-28T01:38:28.220+0000] {taskinstance.py:2076} INFO - Dependencies all met for dep_context=non-requeueable deps ti=<TaskInstance: ml_monitoring_pipeline.cleanup_temp_files manual__2025-11-28T01:37:58.616870+00:00 [queued]>
[2025-11-28T01:38:28.226+0000] {taskinstance.py:2076} INFO - Dependencies all met for dep_context=requeueable deps ti=<TaskInstance: ml_monitoring_pipeline.cleanup_temp_files manual__2025-11-28T01:37:58.616870+00:00 [queued]>
[2025-11-28T01:38:28.226+0000] {taskinstance.py:2306} INFO - Starting attempt 1 of 3
[2025-11-28T01:38:28.236+0000] {taskinstance.py:2330} INFO - Executing <Task(PythonOperator): cleanup_temp_files> on 2025-11-28 01:37:58.616870+00:00
[2025-11-28T01:38:28.242+0000] {logging_mixin.py:188} WARNING - /home/***/.local/lib/python3.12/site-packages/***/task/task_runner/standard_task_runner.py:61 DeprecationWarning: This process (pid=5859) is multi-threaded, use of fork() may lead to deadlocks in the child.
[2025-11-28T01:38:28.243+0000] {standard_task_runner.py:63} INFO - Started process 5868 to run task
[2025-11-28T01:38:28.243+0000] {standard_task_runner.py:90} INFO - Running: ['***', 'tasks', 'run', 'ml_monitoring_pipeline', 'cleanup_temp_files', 'manual__2025-11-28T01:37:58.616870+00:00', '--job-id', '226', '--raw', '--subdir', 'DAGS_FOLDER/pipe_prediction_monitoring.py', '--cfg-path', '/tmp/tmpyu5aufie']
[2025-11-28T01:38:28.245+0000] {standard_task_runner.py:91} INFO - Job 226: Subtask cleanup_temp_files
[2025-11-28T01:38:28.282+0000] {task_command.py:426} INFO - Running <TaskInstance: ml_monitoring_pipeline.cleanup_temp_files manual__2025-11-28T01:37:58.616870+00:00 [running]> on host 0c5da11f058c
[2025-11-28T01:38:28.345+0000] {taskinstance.py:2648} INFO - Exporting env vars: AIRFLOW_CTX_DAG_EMAIL='data-team@example.com' AIRFLOW_CTX_DAG_OWNER='data_science_team' AIRFLOW_CTX_DAG_ID='ml_monitoring_pipeline' AIRFLOW_CTX_TASK_ID='cleanup_temp_files' AIRFLOW_CTX_EXECUTION_DATE='2025-11-28T01:37:58.616870+00:00' AIRFLOW_CTX_TRY_NUMBER='1' AIRFLOW_CTX_DAG_RUN_ID='manual__2025-11-28T01:37:58.616870+00:00'
[2025-11-28T01:38:28.346+0000] {taskinstance.py:430} INFO - ::endgroup::
[2025-11-28T01:38:28.354+0000] {logging_mixin.py:188} INFO - 🧹 Limpando arquivos temporários...
[2025-11-28T01:38:28.354+0000] {logging_mixin.py:188} INFO -    Removido: /tmp/features_for_prediction.parquet
[2025-11-28T01:38:28.354+0000] {logging_mixin.py:188} INFO -    Removido: /tmp/loaded_model.pkl
[2025-11-28T01:38:28.355+0000] {logging_mixin.py:188} INFO -    Removido: /tmp/predictions_results.parquet
[2025-11-28T01:38:28.355+0000] {logging_mixin.py:188} INFO -    Removido: /tmp/monitoring_stats_temp.json
[2025-11-28T01:38:28.355+0000] {logging_mixin.py:188} INFO - ✅ Limpeza concluída!
[2025-11-28T01:38:28.355+0000] {python.py:237} INFO - Done. Returned value was: None
[2025-11-28T01:38:28.355+0000] {taskinstance.py:441} INFO - ::group::Post task execution logs
[2025-11-28T01:38:28.362+0000] {taskinstance.py:1206} INFO - Marking task as SUCCESS. dag_id=ml_monitoring_pipeline, task_id=cleanup_temp_files, run_id=manual__2025-11-28T01:37:58.616870+00:00, execution_date=20251128T013758, start_date=20251128T013828, end_date=20251128T013828
[2025-11-28T01:38:28.377+0000] {local_task_job_runner.py:240} INFO - Task exited with return code 0
[2025-11-28T01:38:28.389+0000] {taskinstance.py:3498} INFO - 0 downstream tasks scheduled from follow-on schedule check
[2025-11-28T01:38:28.391+0000] {local_task_job_runner.py:222} INFO - ::endgroup::
