[2025-11-28T01:34:43.498+0000] {local_task_job_runner.py:120} INFO - ::group::Pre task execution logs
[2025-11-28T01:34:43.524+0000] {taskinstance.py:2076} INFO - Dependencies all met for dep_context=non-requeueable deps ti=<TaskInstance: ml_monitoring_pipeline.save_predictions manual__2025-11-28T01:34:20.068843+00:00 [queued]>
[2025-11-28T01:34:43.533+0000] {taskinstance.py:2076} INFO - Dependencies all met for dep_context=requeueable deps ti=<TaskInstance: ml_monitoring_pipeline.save_predictions manual__2025-11-28T01:34:20.068843+00:00 [queued]>
[2025-11-28T01:34:43.533+0000] {taskinstance.py:2306} INFO - Starting attempt 1 of 3
[2025-11-28T01:34:43.546+0000] {taskinstance.py:2330} INFO - Executing <Task(PythonOperator): save_predictions> on 2025-11-28 01:34:20.068843+00:00
[2025-11-28T01:34:43.555+0000] {logging_mixin.py:188} WARNING - /home/***/.local/lib/python3.12/site-packages/***/task/task_runner/standard_task_runner.py:61 DeprecationWarning: This process (pid=5327) is multi-threaded, use of fork() may lead to deadlocks in the child.
[2025-11-28T01:34:43.554+0000] {standard_task_runner.py:90} INFO - Running: ['***', 'tasks', 'run', 'ml_monitoring_pipeline', 'save_predictions', 'manual__2025-11-28T01:34:20.068843+00:00', '--job-id', '208', '--raw', '--subdir', 'DAGS_FOLDER/pipe_prediction_monitoring.py', '--cfg-path', '/tmp/tmprq88g_nb']
[2025-11-28T01:34:43.556+0000] {standard_task_runner.py:91} INFO - Job 208: Subtask save_predictions
[2025-11-28T01:34:43.556+0000] {standard_task_runner.py:63} INFO - Started process 5336 to run task
[2025-11-28T01:34:43.601+0000] {task_command.py:426} INFO - Running <TaskInstance: ml_monitoring_pipeline.save_predictions manual__2025-11-28T01:34:20.068843+00:00 [running]> on host 0c5da11f058c
[2025-11-28T01:34:43.678+0000] {taskinstance.py:2648} INFO - Exporting env vars: AIRFLOW_CTX_DAG_EMAIL='data-team@example.com' AIRFLOW_CTX_DAG_OWNER='data_science_team' AIRFLOW_CTX_DAG_ID='ml_monitoring_pipeline' AIRFLOW_CTX_TASK_ID='save_predictions' AIRFLOW_CTX_EXECUTION_DATE='2025-11-28T01:34:20.068843+00:00' AIRFLOW_CTX_TRY_NUMBER='1' AIRFLOW_CTX_DAG_RUN_ID='manual__2025-11-28T01:34:20.068843+00:00'
[2025-11-28T01:34:43.679+0000] {taskinstance.py:430} INFO - ::endgroup::
[2025-11-28T01:34:43.689+0000] {logging_mixin.py:188} INFO - 💾 Salvando predições...
[2025-11-28T01:34:43.721+0000] {logging_mixin.py:188} INFO - ✅ Predições individuais salvas:
[2025-11-28T01:34:43.721+0000] {logging_mixin.py:188} INFO -    Parquet: /tmp/predictions/predictions_20251128_013443.parquet
[2025-11-28T01:34:43.721+0000] {logging_mixin.py:188} INFO -    CSV: /tmp/predictions/predictions_20251128_013443.csv
[2025-11-28T01:34:43.725+0000] {logging_mixin.py:188} INFO - 📚 Histórico encontrado: 2 predições anteriores
[2025-11-28T01:34:43.729+0000] {logging_mixin.py:188} INFO - ✅ Histórico atualizado: 4 predições totais
[2025-11-28T01:34:43.731+0000] {logging_mixin.py:188} INFO - 
📊 Estatísticas do Histórico:
[2025-11-28T01:34:43.731+0000] {logging_mixin.py:188} INFO -    Total de predições: 4
[2025-11-28T01:34:43.731+0000] {logging_mixin.py:188} INFO -    Total de batches: 1
[2025-11-28T01:34:43.732+0000] {logging_mixin.py:188} INFO -    Primeira predição: 2025-11-28 01:34:39.037121
[2025-11-28T01:34:43.733+0000] {logging_mixin.py:188} INFO -    Última predição: 2025-11-28 01:34:39.037121
[2025-11-28T01:34:43.734+0000] {logging_mixin.py:188} INFO -    Proporção classe 1 (histórico): 0.000
[2025-11-28T01:34:43.775+0000] {python.py:237} INFO - Done. Returned value was: None
[2025-11-28T01:34:43.776+0000] {taskinstance.py:441} INFO - ::group::Post task execution logs
[2025-11-28T01:34:43.783+0000] {taskinstance.py:1206} INFO - Marking task as SUCCESS. dag_id=ml_monitoring_pipeline, task_id=save_predictions, run_id=manual__2025-11-28T01:34:20.068843+00:00, execution_date=20251128T013420, start_date=20251128T013443, end_date=20251128T013443
[2025-11-28T01:34:43.810+0000] {local_task_job_runner.py:240} INFO - Task exited with return code 0
[2025-11-28T01:34:43.832+0000] {taskinstance.py:3498} INFO - 1 downstream tasks scheduled from follow-on schedule check
[2025-11-28T01:34:43.836+0000] {local_task_job_runner.py:222} INFO - ::endgroup::
