[2025-11-28T20:03:01.689+0000] {local_task_job_runner.py:120} INFO - ::group::Pre task execution logs
[2025-11-28T20:03:01.740+0000] {taskinstance.py:2076} INFO - Dependencies all met for dep_context=non-requeueable deps ti=<TaskInstance: ml_training_pipeline.cleanup_temp_files manual__2025-11-28T19:56:49.344756+00:00 [queued]>
[2025-11-28T20:03:01.753+0000] {taskinstance.py:2076} INFO - Dependencies all met for dep_context=requeueable deps ti=<TaskInstance: ml_training_pipeline.cleanup_temp_files manual__2025-11-28T19:56:49.344756+00:00 [queued]>
[2025-11-28T20:03:01.753+0000] {taskinstance.py:2306} INFO - Starting attempt 1 of 3
[2025-11-28T20:03:01.781+0000] {taskinstance.py:2330} INFO - Executing <Task(PythonOperator): cleanup_temp_files> on 2025-11-28 19:56:49.344756+00:00
[2025-11-28T20:03:01.796+0000] {logging_mixin.py:188} WARNING - /home/***/.local/lib/python3.12/site-packages/***/task/task_runner/standard_task_runner.py:61 DeprecationWarning: This process (pid=1290) is multi-threaded, use of fork() may lead to deadlocks in the child.
[2025-11-28T20:03:01.797+0000] {standard_task_runner.py:90} INFO - Running: ['***', 'tasks', 'run', 'ml_training_pipeline', 'cleanup_temp_files', 'manual__2025-11-28T19:56:49.344756+00:00', '--job-id', '61', '--raw', '--subdir', 'DAGS_FOLDER/train.py', '--cfg-path', '/tmp/tmpc9u0ec8k']
[2025-11-28T20:03:01.800+0000] {standard_task_runner.py:91} INFO - Job 61: Subtask cleanup_temp_files
[2025-11-28T20:03:01.800+0000] {standard_task_runner.py:63} INFO - Started process 1323 to run task
[2025-11-28T20:03:01.880+0000] {task_command.py:426} INFO - Running <TaskInstance: ml_training_pipeline.cleanup_temp_files manual__2025-11-28T19:56:49.344756+00:00 [running]> on host 33d3f194c23b
[2025-11-28T20:03:02.012+0000] {taskinstance.py:2648} INFO - Exporting env vars: AIRFLOW_CTX_DAG_EMAIL='data-team@example.com' AIRFLOW_CTX_DAG_OWNER='data_science_team' AIRFLOW_CTX_DAG_ID='ml_training_pipeline' AIRFLOW_CTX_TASK_ID='cleanup_temp_files' AIRFLOW_CTX_EXECUTION_DATE='2025-11-28T19:56:49.344756+00:00' AIRFLOW_CTX_TRY_NUMBER='1' AIRFLOW_CTX_DAG_RUN_ID='manual__2025-11-28T19:56:49.344756+00:00'
[2025-11-28T20:03:02.015+0000] {taskinstance.py:430} INFO - ::endgroup::
[2025-11-28T20:03:02.032+0000] {logging_mixin.py:188} INFO - Limpando arquivos temporários...
[2025-11-28T20:03:02.032+0000] {logging_mixin.py:188} INFO -    Removido: /tmp/training_data.parquet
[2025-11-28T20:03:02.032+0000] {logging_mixin.py:188} INFO -    Removido: /tmp/X_train.parquet
[2025-11-28T20:03:02.033+0000] {logging_mixin.py:188} INFO -    Removido: /tmp/X_test.parquet
[2025-11-28T20:03:02.033+0000] {logging_mixin.py:188} INFO -    Removido: /tmp/y_train.parquet
[2025-11-28T20:03:02.033+0000] {logging_mixin.py:188} INFO -    Removido: /tmp/y_test.parquet
[2025-11-28T20:03:02.033+0000] {logging_mixin.py:188} INFO -    Removido: /tmp/y_test_pred.parquet
[2025-11-28T20:03:02.033+0000] {logging_mixin.py:188} INFO -    Removido: /tmp/model.pkl
[2025-11-28T20:03:02.033+0000] {logging_mixin.py:188} INFO -    Removido: /tmp/confusion_matrix.png
[2025-11-28T20:03:02.033+0000] {logging_mixin.py:188} INFO -    Removido: /tmp/features.txt
[2025-11-28T20:03:02.034+0000] {logging_mixin.py:188} INFO -  Limpeza concluída!
[2025-11-28T20:03:02.034+0000] {python.py:237} INFO - Done. Returned value was: None
[2025-11-28T20:03:02.034+0000] {taskinstance.py:441} INFO - ::group::Post task execution logs
[2025-11-28T20:03:02.048+0000] {taskinstance.py:1206} INFO - Marking task as SUCCESS. dag_id=ml_training_pipeline, task_id=cleanup_temp_files, run_id=manual__2025-11-28T19:56:49.344756+00:00, execution_date=20251128T195649, start_date=20251128T200301, end_date=20251128T200302
[2025-11-28T20:03:02.095+0000] {local_task_job_runner.py:240} INFO - Task exited with return code 0
[2025-11-28T20:03:02.124+0000] {taskinstance.py:3498} INFO - 0 downstream tasks scheduled from follow-on schedule check
[2025-11-28T20:03:02.127+0000] {local_task_job_runner.py:222} INFO - ::endgroup::
