[2025-11-28T01:07:11.719+0000] {local_task_job_runner.py:120} INFO - ::group::Pre task execution logs
[2025-11-28T01:07:11.744+0000] {taskinstance.py:2076} INFO - Dependencies all met for dep_context=non-requeueable deps ti=<TaskInstance: ml_prediction_monitoring_pipeline.make_predictions manual__2025-11-28T00:43:38.561599+00:00 [queued]>
[2025-11-28T01:07:11.752+0000] {taskinstance.py:2076} INFO - Dependencies all met for dep_context=requeueable deps ti=<TaskInstance: ml_prediction_monitoring_pipeline.make_predictions manual__2025-11-28T00:43:38.561599+00:00 [queued]>
[2025-11-28T01:07:11.753+0000] {taskinstance.py:2306} INFO - Starting attempt 1 of 3
[2025-11-28T01:07:11.768+0000] {taskinstance.py:2330} INFO - Executing <Task(PythonOperator): make_predictions> on 2025-11-28 00:43:38.561599+00:00
[2025-11-28T01:07:11.776+0000] {logging_mixin.py:188} WARNING - /home/***/.local/lib/python3.12/site-packages/***/task/task_runner/standard_task_runner.py:61 DeprecationWarning: This process (pid=1745) is multi-threaded, use of fork() may lead to deadlocks in the child.
[2025-11-28T01:07:11.777+0000] {standard_task_runner.py:63} INFO - Started process 1750 to run task
[2025-11-28T01:07:11.776+0000] {standard_task_runner.py:90} INFO - Running: ['***', 'tasks', 'run', 'ml_prediction_monitoring_pipeline', 'make_predictions', 'manual__2025-11-28T00:43:38.561599+00:00', '--job-id', '122', '--raw', '--subdir', 'DAGS_FOLDER/pipe_prediction_monitoring.py', '--cfg-path', '/tmp/tmp0jb4_yqt']
[2025-11-28T01:07:11.779+0000] {standard_task_runner.py:91} INFO - Job 122: Subtask make_predictions
[2025-11-28T01:07:11.824+0000] {task_command.py:426} INFO - Running <TaskInstance: ml_prediction_monitoring_pipeline.make_predictions manual__2025-11-28T00:43:38.561599+00:00 [running]> on host 0c5da11f058c
[2025-11-28T01:07:11.900+0000] {taskinstance.py:2648} INFO - Exporting env vars: AIRFLOW_CTX_DAG_EMAIL='data-team@example.com' AIRFLOW_CTX_DAG_OWNER='data_science_team' AIRFLOW_CTX_DAG_ID='ml_prediction_monitoring_pipeline' AIRFLOW_CTX_TASK_ID='make_predictions' AIRFLOW_CTX_EXECUTION_DATE='2025-11-28T00:43:38.561599+00:00' AIRFLOW_CTX_TRY_NUMBER='1' AIRFLOW_CTX_DAG_RUN_ID='manual__2025-11-28T00:43:38.561599+00:00'
[2025-11-28T01:07:11.900+0000] {taskinstance.py:430} INFO - ::endgroup::
[2025-11-28T01:07:11.911+0000] {logging_mixin.py:188} INFO - 🔮 Fazendo predições...
[2025-11-28T01:07:12.714+0000] {taskinstance.py:441} INFO - ::group::Post task execution logs
[2025-11-28T01:07:12.715+0000] {taskinstance.py:2905} ERROR - Task failed with exception
Traceback (most recent call last):
  File "/home/airflow/.local/lib/python3.12/site-packages/airflow/models/taskinstance.py", line 465, in _execute_task
    result = _execute_callable(context=context, **execute_callable_kwargs)
             ^^^^^^^^^^^^^^^^^^^^^^^^^^^^^^^^^^^^^^^^^^^^^^^^^^^^^^^^^^^^^
  File "/home/airflow/.local/lib/python3.12/site-packages/airflow/models/taskinstance.py", line 432, in _execute_callable
    return execute_callable(context=context, **execute_callable_kwargs)
           ^^^^^^^^^^^^^^^^^^^^^^^^^^^^^^^^^^^^^^^^^^^^^^^^^^^^^^^^^^^^
  File "/home/airflow/.local/lib/python3.12/site-packages/airflow/models/baseoperator.py", line 400, in wrapper
    return func(self, *args, **kwargs)
           ^^^^^^^^^^^^^^^^^^^^^^^^^^^
  File "/home/airflow/.local/lib/python3.12/site-packages/airflow/operators/python.py", line 235, in execute
    return_value = self.execute_callable()
                   ^^^^^^^^^^^^^^^^^^^^^^^
  File "/home/airflow/.local/lib/python3.12/site-packages/airflow/operators/python.py", line 252, in execute_callable
    return self.python_callable(*self.op_args, **self.op_kwargs)
           ^^^^^^^^^^^^^^^^^^^^^^^^^^^^^^^^^^^^^^^^^^^^^^^^^^^^^
  File "/opt/airflow/dags/pipe_prediction_monitoring.py", line 183, in make_predictions
    features_df = pd.read_parquet('/tmp/features_for_prediction.parquet')
                  ^^^^^^^^^^^^^^^^^^^^^^^^^^^^^^^^^^^^^^^^^^^^^^^^^^^^^^^
  File "/home/airflow/.local/lib/python3.12/site-packages/pandas/io/parquet.py", line 509, in read_parquet
    return impl.read(
           ^^^^^^^^^^
  File "/home/airflow/.local/lib/python3.12/site-packages/pandas/io/parquet.py", line 220, in read
    path_or_handle, handles, kwargs["filesystem"] = _get_path_or_handle(
                                                    ^^^^^^^^^^^^^^^^^^^^
  File "/home/airflow/.local/lib/python3.12/site-packages/pandas/io/parquet.py", line 110, in _get_path_or_handle
    handles = get_handle(
              ^^^^^^^^^^^
  File "/home/airflow/.local/lib/python3.12/site-packages/pandas/io/common.py", line 868, in get_handle
    handle = open(handle, ioargs.mode)
             ^^^^^^^^^^^^^^^^^^^^^^^^^
FileNotFoundError: [Errno 2] No such file or directory: '/tmp/features_for_prediction.parquet'
[2025-11-28T01:07:12.723+0000] {taskinstance.py:1206} INFO - Marking task as UP_FOR_RETRY. dag_id=ml_prediction_monitoring_pipeline, task_id=make_predictions, run_id=manual__2025-11-28T00:43:38.561599+00:00, execution_date=20251128T004338, start_date=20251128T010711, end_date=20251128T010712
[2025-11-28T01:07:12.737+0000] {standard_task_runner.py:110} ERROR - Failed to execute job 122 for task make_predictions ([Errno 2] No such file or directory: '/tmp/features_for_prediction.parquet'; 1750)
[2025-11-28T01:07:12.765+0000] {local_task_job_runner.py:240} INFO - Task exited with return code 1
[2025-11-28T01:07:12.788+0000] {taskinstance.py:3498} INFO - 0 downstream tasks scheduled from follow-on schedule check
[2025-11-28T01:07:12.792+0000] {local_task_job_runner.py:222} INFO - ::endgroup::
