[2026-01-30T14:47:20.594+0000] {local_task_job_runner.py:120} INFO - ::group::Pre task execution logs
[2026-01-30T14:47:20.617+0000] {taskinstance.py:2076} INFO - Dependencies all met for dep_context=non-requeueable deps ti=<TaskInstance: etl_pipeline_final.task_timestamps scheduled__2026-01-29T00:00:00+00:00 [queued]>
[2026-01-30T14:47:20.626+0000] {taskinstance.py:2076} INFO - Dependencies all met for dep_context=requeueable deps ti=<TaskInstance: etl_pipeline_final.task_timestamps scheduled__2026-01-29T00:00:00+00:00 [queued]>
[2026-01-30T14:47:20.626+0000] {taskinstance.py:2306} INFO - Starting attempt 1 of 1
[2026-01-30T14:47:20.637+0000] {taskinstance.py:2330} INFO - Executing <Task(_PythonDecoratedOperator): task_timestamps> on 2026-01-29 00:00:00+00:00
[2026-01-30T14:47:20.646+0000] {logging_mixin.py:188} WARNING - /home/***/.local/lib/python3.12/site-packages/***/task/task_runner/standard_task_runner.py:61 DeprecationWarning: This process (pid=253) is multi-threaded, use of fork() may lead to deadlocks in the child.
[2026-01-30T14:47:20.644+0000] {standard_task_runner.py:90} INFO - Running: ['***', 'tasks', 'run', 'etl_pipeline_final', 'task_timestamps', 'scheduled__2026-01-29T00:00:00+00:00', '--job-id', '99', '--raw', '--subdir', 'DAGS_FOLDER/etl.py', '--cfg-path', '/tmp/tmpk_uerg_h']
[2026-01-30T14:47:20.646+0000] {standard_task_runner.py:91} INFO - Job 99: Subtask task_timestamps
[2026-01-30T14:47:20.646+0000] {standard_task_runner.py:63} INFO - Started process 260 to run task
[2026-01-30T14:47:20.688+0000] {task_command.py:426} INFO - Running <TaskInstance: etl_pipeline_final.task_timestamps scheduled__2026-01-29T00:00:00+00:00 [running]> on host 0849d884f7fa
[2026-01-30T14:47:20.806+0000] {taskinstance.py:2648} INFO - Exporting env vars: AIRFLOW_CTX_DAG_OWNER='***' AIRFLOW_CTX_DAG_ID='etl_pipeline_final' AIRFLOW_CTX_TASK_ID='task_timestamps' AIRFLOW_CTX_EXECUTION_DATE='2026-01-29T00:00:00+00:00' AIRFLOW_CTX_TRY_NUMBER='1' AIRFLOW_CTX_DAG_RUN_ID='scheduled__2026-01-29T00:00:00+00:00'
[2026-01-30T14:47:20.807+0000] {taskinstance.py:430} INFO - ::endgroup::
[2026-01-30T14:47:20.813+0000] {python.py:237} INFO - Done. Returned value was: {'predictor':      Pregnancies  Glucose  ...  Age            event_timestamp
0              6      148  ...   50 2023-12-24 14:47:20.807911
1              1       85  ...   31 2023-12-25 14:47:20.807911
2              8      183  ...   32 2023-12-26 14:47:20.807911
3              1       89  ...   21 2023-12-27 14:47:20.807911
4              0      137  ...   33 2023-12-28 14:47:20.807911
..           ...      ...  ...  ...                        ...
764            2      122  ...   27 2026-01-26 14:47:20.807911
765            5      121  ...   30 2026-01-27 14:47:20.807911
766            1      126  ...   47 2026-01-28 14:47:20.807911
767            1       93  ...   23 2026-01-29 14:47:20.807911
768            1       93  ...   23 2026-01-30 14:47:20.807911

[769 rows x 9 columns], 'target':      Outcome            event_timestamp
0          1 2023-12-24 14:47:20.807911
1          0 2023-12-25 14:47:20.807911
2          1 2023-12-26 14:47:20.807911
3          0 2023-12-27 14:47:20.807911
4          1 2023-12-28 14:47:20.807911
..       ...                        ...
764        0 2026-01-26 14:47:20.807911
765        0 2026-01-27 14:47:20.807911
766        1 2026-01-28 14:47:20.807911
767        0 2026-01-29 14:47:20.807911
768        0 2026-01-30 14:47:20.807911

[769 rows x 2 columns]}
[2026-01-30T14:47:20.824+0000] {taskinstance.py:441} INFO - ::group::Post task execution logs
[2026-01-30T14:47:20.991+0000] {taskinstance.py:1206} INFO - Marking task as SUCCESS. dag_id=etl_pipeline_final, task_id=task_timestamps, run_id=scheduled__2026-01-29T00:00:00+00:00, execution_date=20260129T000000, start_date=20260130T144720, end_date=20260130T144720
[2026-01-30T14:47:21.020+0000] {local_task_job_runner.py:240} INFO - Task exited with return code 0
[2026-01-30T14:47:21.047+0000] {taskinstance.py:3498} INFO - 1 downstream tasks scheduled from follow-on schedule check
[2026-01-30T14:47:21.050+0000] {local_task_job_runner.py:222} INFO - ::endgroup::
