[2025-11-28T20:00:56.287+0000] {local_task_job_runner.py:120} INFO - ::group::Pre task execution logs
[2025-11-28T20:00:56.322+0000] {taskinstance.py:2076} INFO - Dependencies all met for dep_context=non-requeueable deps ti=<TaskInstance: ml_training_pipeline.cleanup_temp_files manual__2025-11-28T20:00:16.180435+00:00 [queued]>
[2025-11-28T20:00:56.331+0000] {taskinstance.py:2076} INFO - Dependencies all met for dep_context=requeueable deps ti=<TaskInstance: ml_training_pipeline.cleanup_temp_files manual__2025-11-28T20:00:16.180435+00:00 [queued]>
[2025-11-28T20:00:56.332+0000] {taskinstance.py:2306} INFO - Starting attempt 1 of 3
[2025-11-28T20:00:56.347+0000] {taskinstance.py:2330} INFO - Executing <Task(PythonOperator): cleanup_temp_files> on 2025-11-28 20:00:16.180435+00:00
[2025-11-28T20:00:56.362+0000] {logging_mixin.py:188} WARNING - /home/***/.local/lib/python3.12/site-packages/***/task/task_runner/standard_task_runner.py:61 DeprecationWarning: This process (pid=484) is multi-threaded, use of fork() may lead to deadlocks in the child.
[2025-11-28T20:00:56.360+0000] {standard_task_runner.py:90} INFO - Running: ['***', 'tasks', 'run', 'ml_training_pipeline', 'cleanup_temp_files', 'manual__2025-11-28T20:00:16.180435+00:00', '--job-id', '33', '--raw', '--subdir', 'DAGS_FOLDER/train.py', '--cfg-path', '/tmp/tmpaf7b1dsr']
[2025-11-28T20:00:56.364+0000] {standard_task_runner.py:63} INFO - Started process 500 to run task
[2025-11-28T20:00:56.365+0000] {standard_task_runner.py:91} INFO - Job 33: Subtask cleanup_temp_files
[2025-11-28T20:00:56.435+0000] {task_command.py:426} INFO - Running <TaskInstance: ml_training_pipeline.cleanup_temp_files manual__2025-11-28T20:00:16.180435+00:00 [running]> on host 33d3f194c23b
[2025-11-28T20:00:56.545+0000] {taskinstance.py:2648} INFO - Exporting env vars: AIRFLOW_CTX_DAG_EMAIL='data-team@example.com' AIRFLOW_CTX_DAG_OWNER='data_science_team' AIRFLOW_CTX_DAG_ID='ml_training_pipeline' AIRFLOW_CTX_TASK_ID='cleanup_temp_files' AIRFLOW_CTX_EXECUTION_DATE='2025-11-28T20:00:16.180435+00:00' AIRFLOW_CTX_TRY_NUMBER='1' AIRFLOW_CTX_DAG_RUN_ID='manual__2025-11-28T20:00:16.180435+00:00'
[2025-11-28T20:00:56.547+0000] {taskinstance.py:430} INFO - ::endgroup::
[2025-11-28T20:00:56.561+0000] {logging_mixin.py:188} INFO - Limpando arquivos temporários...
[2025-11-28T20:00:56.561+0000] {logging_mixin.py:188} INFO -    Removido: /tmp/training_data.parquet
[2025-11-28T20:00:56.561+0000] {logging_mixin.py:188} INFO -    Removido: /tmp/X_train.parquet
[2025-11-28T20:00:56.562+0000] {logging_mixin.py:188} INFO -    Removido: /tmp/X_test.parquet
[2025-11-28T20:00:56.562+0000] {logging_mixin.py:188} INFO -    Removido: /tmp/y_train.parquet
[2025-11-28T20:00:56.562+0000] {logging_mixin.py:188} INFO -    Removido: /tmp/y_test.parquet
[2025-11-28T20:00:56.562+0000] {logging_mixin.py:188} INFO -    Removido: /tmp/y_test_pred.parquet
[2025-11-28T20:00:56.562+0000] {logging_mixin.py:188} INFO -    Removido: /tmp/model.pkl
[2025-11-28T20:00:56.562+0000] {logging_mixin.py:188} INFO -    Removido: /tmp/confusion_matrix.png
[2025-11-28T20:00:56.562+0000] {logging_mixin.py:188} INFO -    Removido: /tmp/features.txt
[2025-11-28T20:00:56.562+0000] {logging_mixin.py:188} INFO -  Limpeza concluída!
[2025-11-28T20:00:56.562+0000] {python.py:237} INFO - Done. Returned value was: None
[2025-11-28T20:00:56.563+0000] {taskinstance.py:441} INFO - ::group::Post task execution logs
[2025-11-28T20:00:56.574+0000] {taskinstance.py:1206} INFO - Marking task as SUCCESS. dag_id=ml_training_pipeline, task_id=cleanup_temp_files, run_id=manual__2025-11-28T20:00:16.180435+00:00, execution_date=20251128T200016, start_date=20251128T200056, end_date=20251128T200056
[2025-11-28T20:00:56.620+0000] {local_task_job_runner.py:240} INFO - Task exited with return code 0
[2025-11-28T20:00:56.638+0000] {taskinstance.py:3498} INFO - 0 downstream tasks scheduled from follow-on schedule check
[2025-11-28T20:00:56.640+0000] {local_task_job_runner.py:222} INFO - ::endgroup::
