[2025-11-28T01:29:27.753+0000] {local_task_job_runner.py:120} INFO - ::group::Pre task execution logs
[2025-11-28T01:29:27.788+0000] {taskinstance.py:2076} INFO - Dependencies all met for dep_context=non-requeueable deps ti=<TaskInstance: ml_monitoring_pipeline_pred.load_model scheduled__2025-11-27T00:00:00+00:00 [queued]>
[2025-11-28T01:29:27.801+0000] {taskinstance.py:2076} INFO - Dependencies all met for dep_context=requeueable deps ti=<TaskInstance: ml_monitoring_pipeline_pred.load_model scheduled__2025-11-27T00:00:00+00:00 [queued]>
[2025-11-28T01:29:27.802+0000] {taskinstance.py:2306} INFO - Starting attempt 1 of 3
[2025-11-28T01:29:27.817+0000] {taskinstance.py:2330} INFO - Executing <Task(PythonOperator): load_model> on 2025-11-27 00:00:00+00:00
[2025-11-28T01:29:27.827+0000] {logging_mixin.py:188} WARNING - /home/***/.local/lib/python3.12/site-packages/***/task/task_runner/standard_task_runner.py:61 DeprecationWarning: This process (pid=4575) is multi-threaded, use of fork() may lead to deadlocks in the child.
[2025-11-28T01:29:27.828+0000] {standard_task_runner.py:63} INFO - Started process 4585 to run task
[2025-11-28T01:29:27.831+0000] {standard_task_runner.py:90} INFO - Running: ['***', 'tasks', 'run', 'ml_monitoring_pipeline_pred', 'load_model', 'scheduled__2025-11-27T00:00:00+00:00', '--job-id', '191', '--raw', '--subdir', 'DAGS_FOLDER/pipe_prediction_monitoring.py', '--cfg-path', '/tmp/tmp65j8lheq']
[2025-11-28T01:29:27.836+0000] {standard_task_runner.py:91} INFO - Job 191: Subtask load_model
[2025-11-28T01:29:27.930+0000] {task_command.py:426} INFO - Running <TaskInstance: ml_monitoring_pipeline_pred.load_model scheduled__2025-11-27T00:00:00+00:00 [running]> on host 0c5da11f058c
[2025-11-28T01:29:28.049+0000] {taskinstance.py:2648} INFO - Exporting env vars: AIRFLOW_CTX_DAG_EMAIL='data-team@example.com' AIRFLOW_CTX_DAG_OWNER='data_science_team' AIRFLOW_CTX_DAG_ID='ml_monitoring_pipeline_pred' AIRFLOW_CTX_TASK_ID='load_model' AIRFLOW_CTX_EXECUTION_DATE='2025-11-27T00:00:00+00:00' AIRFLOW_CTX_TRY_NUMBER='1' AIRFLOW_CTX_DAG_RUN_ID='scheduled__2025-11-27T00:00:00+00:00'
[2025-11-28T01:29:28.051+0000] {taskinstance.py:430} INFO - ::endgroup::
[2025-11-28T01:29:28.066+0000] {logging_mixin.py:188} INFO - 🤖 Carregando modelo 'diabete_model'...
[2025-11-28T01:29:28.069+0000] {logging_mixin.py:188} WARNING - /opt/***/dags/pipe_prediction_monitoring.py:146 FutureWarning: ``mlflow.tracking.client.MlflowClient.get_latest_versions`` is deprecated since 2.9.0. Model registry stages will be removed in a future major release. To learn more about the deprecation of model registry stages, see our migration guide here: https://mlflow.org/docs/latest/model-registry.html#migrating-from-stages
[2025-11-28T01:29:28.181+0000] {logging_mixin.py:188} INFO - 📦 Versão encontrada: 1
[2025-11-28T01:29:28.265+0000] {logging_mixin.py:188} WARNING - Downloading artifacts:   0%|          | 0/5 [00:00<?, ?it/s]
[2025-11-28T01:29:28.331+0000] {logging_mixin.py:188} WARNING - Downloading artifacts:  20%|##        | 1/5 [00:00<00:00, 15.52it/s]
[2025-11-28T01:29:28.333+0000] {logging_mixin.py:188} WARNING - Downloading artifacts:  40%|####      | 2/5 [00:00<00:00, 29.63it/s]
[2025-11-28T01:29:28.349+0000] {logging_mixin.py:188} WARNING - Downloading artifacts:  60%|######    | 3/5 [00:00<00:00, 36.39it/s]
[2025-11-28T01:29:28.362+0000] {logging_mixin.py:188} WARNING - Downloading artifacts:  80%|########  | 4/5 [00:00<00:00, 41.58it/s]
[2025-11-28T01:29:28.363+0000] {logging_mixin.py:188} WARNING - Downloading artifacts: 100%|##########| 5/5 [00:00<00:00, 51.33it/s]
[2025-11-28T01:29:28.364+0000] {logging_mixin.py:188} WARNING - Downloading artifacts: 100%|##########| 5/5 [00:00<00:00, 50.98it/s]
[2025-11-28T01:29:29.827+0000] {logging_mixin.py:188} INFO - 📋 Features do modelo: ['BMI', 'DiabetesPedigreeFunction', 'Insulin', 'SkinThickness']
[2025-11-28T01:29:29.847+0000] {logging_mixin.py:188} INFO - ✅ Modelo carregado!
[2025-11-28T01:29:29.881+0000] {python.py:237} INFO - Done. Returned value was: None
[2025-11-28T01:29:29.882+0000] {taskinstance.py:441} INFO - ::group::Post task execution logs
[2025-11-28T01:29:29.897+0000] {taskinstance.py:1206} INFO - Marking task as SUCCESS. dag_id=ml_monitoring_pipeline_pred, task_id=load_model, run_id=scheduled__2025-11-27T00:00:00+00:00, execution_date=20251127T000000, start_date=20251128T012927, end_date=20251128T012929
[2025-11-28T01:29:29.941+0000] {local_task_job_runner.py:240} INFO - Task exited with return code 0
[2025-11-28T01:29:29.985+0000] {taskinstance.py:3498} INFO - 1 downstream tasks scheduled from follow-on schedule check
[2025-11-28T01:29:29.988+0000] {local_task_job_runner.py:222} INFO - ::endgroup::
