[2025-11-28T11:38:14.263+0000] {local_task_job_runner.py:120} INFO - ::group::Pre task execution logs
[2025-11-28T11:38:14.330+0000] {taskinstance.py:2076} INFO - Dependencies all met for dep_context=non-requeueable deps ti=<TaskInstance: ml_prediction_pipeline.load_model manual__2025-11-28T11:37:46.062774+00:00 [queued]>
[2025-11-28T11:38:14.345+0000] {taskinstance.py:2076} INFO - Dependencies all met for dep_context=requeueable deps ti=<TaskInstance: ml_prediction_pipeline.load_model manual__2025-11-28T11:37:46.062774+00:00 [queued]>
[2025-11-28T11:38:14.345+0000] {taskinstance.py:2306} INFO - Starting attempt 1 of 3
[2025-11-28T11:38:14.370+0000] {taskinstance.py:2330} INFO - Executing <Task(PythonOperator): load_model> on 2025-11-28 11:37:46.062774+00:00
[2025-11-28T11:38:14.383+0000] {logging_mixin.py:188} WARNING - /home/***/.local/lib/python3.12/site-packages/***/task/task_runner/standard_task_runner.py:61 DeprecationWarning: This process (pid=738) is multi-threaded, use of fork() may lead to deadlocks in the child.
[2025-11-28T11:38:14.385+0000] {standard_task_runner.py:63} INFO - Started process 743 to run task
[2025-11-28T11:38:14.386+0000] {standard_task_runner.py:90} INFO - Running: ['***', 'tasks', 'run', 'ml_prediction_pipeline', 'load_model', 'manual__2025-11-28T11:37:46.062774+00:00', '--job-id', '253', '--raw', '--subdir', 'DAGS_FOLDER/predicao.py', '--cfg-path', '/tmp/tmpcz0v6zk9']
[2025-11-28T11:38:14.391+0000] {standard_task_runner.py:91} INFO - Job 253: Subtask load_model
[2025-11-28T11:38:14.509+0000] {task_command.py:426} INFO - Running <TaskInstance: ml_prediction_pipeline.load_model manual__2025-11-28T11:37:46.062774+00:00 [running]> on host 351eaf83ff35
[2025-11-28T11:38:14.652+0000] {taskinstance.py:2648} INFO - Exporting env vars: AIRFLOW_CTX_DAG_EMAIL='data-team@example.com' AIRFLOW_CTX_DAG_OWNER='data_science_team' AIRFLOW_CTX_DAG_ID='ml_prediction_pipeline' AIRFLOW_CTX_TASK_ID='load_model' AIRFLOW_CTX_EXECUTION_DATE='2025-11-28T11:37:46.062774+00:00' AIRFLOW_CTX_TRY_NUMBER='1' AIRFLOW_CTX_DAG_RUN_ID='manual__2025-11-28T11:37:46.062774+00:00'
[2025-11-28T11:38:14.654+0000] {taskinstance.py:430} INFO - ::endgroup::
[2025-11-28T11:38:14.672+0000] {logging_mixin.py:188} INFO - 🤖 Carregando modelo 'diabete_model'...
[2025-11-28T11:38:14.677+0000] {logging_mixin.py:188} WARNING - /home/luisveloso/MLOps_projects/framework/prediction.py:135 FutureWarning: ``mlflow.tracking.client.MlflowClient.get_latest_versions`` is deprecated since 2.9.0. Model registry stages will be removed in a future major release. To learn more about the deprecation of model registry stages, see our migration guide here: https://mlflow.org/docs/latest/model-registry.html#migrating-from-stages
[2025-11-28T11:38:14.801+0000] {logging_mixin.py:188} INFO - 📦 Versão encontrada: 1
[2025-11-28T11:38:14.927+0000] {logging_mixin.py:188} WARNING - Downloading artifacts:   0%|          | 0/5 [00:00<?, ?it/s]
[2025-11-28T11:38:15.010+0000] {logging_mixin.py:188} WARNING - Downloading artifacts:  20%|##        | 1/5 [00:00<00:00, 12.16it/s]
[2025-11-28T11:38:15.094+0000] {logging_mixin.py:188} WARNING - Downloading artifacts:  40%|####      | 2/5 [00:00<00:00, 12.09it/s]
[2025-11-28T11:38:15.094+0000] {logging_mixin.py:188} WARNING - Downloading artifacts:  40%|####      | 2/5 [00:00<00:00, 12.09it/s]
[2025-11-28T11:38:15.100+0000] {logging_mixin.py:188} WARNING - Downloading artifacts:  60%|######    | 3/5 [00:00<00:00, 12.09it/s]
[2025-11-28T11:38:15.111+0000] {logging_mixin.py:188} WARNING - Downloading artifacts:  80%|########  | 4/5 [00:00<00:00, 12.09it/s]
[2025-11-28T11:38:15.114+0000] {logging_mixin.py:188} WARNING - Downloading artifacts: 100%|##########| 5/5 [00:00<00:00, 12.09it/s]
[2025-11-28T11:38:15.115+0000] {logging_mixin.py:188} WARNING - Downloading artifacts: 100%|##########| 5/5 [00:00<00:00, 26.69it/s]
[2025-11-28T11:38:16.121+0000] {logging_mixin.py:188} INFO - 📋 Features do modelo: ['BMI', 'DiabetesPedigreeFunction', 'Insulin', 'SkinThickness']
[2025-11-28T11:38:16.142+0000] {logging_mixin.py:188} INFO - ✅ Modelo carregado!
[2025-11-28T11:38:16.169+0000] {python.py:237} INFO - Done. Returned value was: None
[2025-11-28T11:38:16.169+0000] {taskinstance.py:441} INFO - ::group::Post task execution logs
[2025-11-28T11:38:16.180+0000] {taskinstance.py:1206} INFO - Marking task as SUCCESS. dag_id=ml_prediction_pipeline, task_id=load_model, run_id=manual__2025-11-28T11:37:46.062774+00:00, execution_date=20251128T113746, start_date=20251128T113814, end_date=20251128T113816
[2025-11-28T11:38:16.227+0000] {local_task_job_runner.py:240} INFO - Task exited with return code 0
[2025-11-28T11:38:16.252+0000] {taskinstance.py:3498} INFO - 1 downstream tasks scheduled from follow-on schedule check
[2025-11-28T11:38:16.256+0000] {local_task_job_runner.py:222} INFO - ::endgroup::
