[2025-11-28T01:34:53.412+0000] {local_task_job_runner.py:120} INFO - ::group::Pre task execution logs
[2025-11-28T01:34:53.441+0000] {taskinstance.py:2076} INFO - Dependencies all met for dep_context=non-requeueable deps ti=<TaskInstance: ml_monitoring_pipeline.check_data_drift scheduled__2025-11-27T00:00:00+00:00 [queued]>
[2025-11-28T01:34:53.450+0000] {taskinstance.py:2076} INFO - Dependencies all met for dep_context=requeueable deps ti=<TaskInstance: ml_monitoring_pipeline.check_data_drift scheduled__2025-11-27T00:00:00+00:00 [queued]>
[2025-11-28T01:34:53.451+0000] {taskinstance.py:2306} INFO - Starting attempt 1 of 3
[2025-11-28T01:34:53.465+0000] {taskinstance.py:2330} INFO - Executing <Task(PythonOperator): check_data_drift> on 2025-11-27 00:00:00+00:00
[2025-11-28T01:34:53.477+0000] {standard_task_runner.py:90} INFO - Running: ['***', 'tasks', 'run', 'ml_monitoring_pipeline', 'check_data_drift', 'scheduled__2025-11-27T00:00:00+00:00', '--job-id', '213', '--raw', '--subdir', 'DAGS_FOLDER/pipe_prediction_monitoring.py', '--cfg-path', '/tmp/tmpzans8_sl']
[2025-11-28T01:34:53.478+0000] {logging_mixin.py:188} WARNING - /home/***/.local/lib/python3.12/site-packages/***/task/task_runner/standard_task_runner.py:61 DeprecationWarning: This process (pid=5404) is multi-threaded, use of fork() may lead to deadlocks in the child.
[2025-11-28T01:34:53.480+0000] {standard_task_runner.py:91} INFO - Job 213: Subtask check_data_drift
[2025-11-28T01:34:53.480+0000] {standard_task_runner.py:63} INFO - Started process 5414 to run task
[2025-11-28T01:34:53.540+0000] {task_command.py:426} INFO - Running <TaskInstance: ml_monitoring_pipeline.check_data_drift scheduled__2025-11-27T00:00:00+00:00 [running]> on host 0c5da11f058c
[2025-11-28T01:34:53.636+0000] {taskinstance.py:2648} INFO - Exporting env vars: AIRFLOW_CTX_DAG_EMAIL='data-team@example.com' AIRFLOW_CTX_DAG_OWNER='data_science_team' AIRFLOW_CTX_DAG_ID='ml_monitoring_pipeline' AIRFLOW_CTX_TASK_ID='check_data_drift' AIRFLOW_CTX_EXECUTION_DATE='2025-11-27T00:00:00+00:00' AIRFLOW_CTX_TRY_NUMBER='1' AIRFLOW_CTX_DAG_RUN_ID='scheduled__2025-11-27T00:00:00+00:00'
[2025-11-28T01:34:53.638+0000] {taskinstance.py:430} INFO - ::endgroup::
[2025-11-28T01:34:53.649+0000] {logging_mixin.py:188} INFO - 🔍 Verificando data drift...
[2025-11-28T01:34:53.650+0000] {logging_mixin.py:188} INFO - ✅ Nenhum drift significativo detectado
[2025-11-28T01:34:53.651+0000] {logging_mixin.py:188} INFO -    Diferença na proporção: 0.000
[2025-11-28T01:34:53.651+0000] {logging_mixin.py:188} INFO -    Z-score proporção (vs baseline): 0.000
[2025-11-28T01:34:53.651+0000] {logging_mixin.py:188} INFO - ✅ Relatório de drift salvo: /tmp/monitoring/drift_report_20251128_013453.json
[2025-11-28T01:34:53.694+0000] {python.py:237} INFO - Done. Returned value was: None
[2025-11-28T01:34:53.694+0000] {taskinstance.py:441} INFO - ::group::Post task execution logs
[2025-11-28T01:34:53.703+0000] {taskinstance.py:1206} INFO - Marking task as SUCCESS. dag_id=ml_monitoring_pipeline, task_id=check_data_drift, run_id=scheduled__2025-11-27T00:00:00+00:00, execution_date=20251127T000000, start_date=20251128T013453, end_date=20251128T013453
[2025-11-28T01:34:53.738+0000] {local_task_job_runner.py:240} INFO - Task exited with return code 0
[2025-11-28T01:34:53.758+0000] {taskinstance.py:3498} INFO - 1 downstream tasks scheduled from follow-on schedule check
[2025-11-28T01:34:53.762+0000] {local_task_job_runner.py:222} INFO - ::endgroup::
