[2025-11-28T00:43:50.624+0000] {local_task_job_runner.py:120} INFO - ::group::Pre task execution logs
[2025-11-28T00:43:50.655+0000] {taskinstance.py:2076} INFO - Dependencies all met for dep_context=non-requeueable deps ti=<TaskInstance: ml_prediction_monitoring_pipeline.fetch_features scheduled__2025-11-27T00:00:00+00:00 [queued]>
[2025-11-28T00:43:50.665+0000] {taskinstance.py:2076} INFO - Dependencies all met for dep_context=requeueable deps ti=<TaskInstance: ml_prediction_monitoring_pipeline.fetch_features scheduled__2025-11-27T00:00:00+00:00 [queued]>
[2025-11-28T00:43:50.666+0000] {taskinstance.py:2306} INFO - Starting attempt 1 of 3
[2025-11-28T00:43:50.679+0000] {taskinstance.py:2330} INFO - Executing <Task(PythonOperator): fetch_features> on 2025-11-27 00:00:00+00:00
[2025-11-28T00:43:50.687+0000] {logging_mixin.py:188} WARNING - /home/***/.local/lib/python3.12/site-packages/***/task/task_runner/standard_task_runner.py:61 DeprecationWarning: This process (pid=294) is multi-threaded, use of fork() may lead to deadlocks in the child.
[2025-11-28T00:43:50.688+0000] {standard_task_runner.py:63} INFO - Started process 313 to run task
[2025-11-28T00:43:50.690+0000] {standard_task_runner.py:90} INFO - Running: ['***', 'tasks', 'run', 'ml_prediction_monitoring_pipeline', 'fetch_features', 'scheduled__2025-11-27T00:00:00+00:00', '--job-id', '101', '--raw', '--subdir', 'DAGS_FOLDER/pipe_prediction_monitoring.py', '--cfg-path', '/tmp/tmpiwvnqann']
[2025-11-28T00:43:50.694+0000] {standard_task_runner.py:91} INFO - Job 101: Subtask fetch_features
[2025-11-28T00:43:50.759+0000] {task_command.py:426} INFO - Running <TaskInstance: ml_prediction_monitoring_pipeline.fetch_features scheduled__2025-11-27T00:00:00+00:00 [running]> on host 0c5da11f058c
[2025-11-28T00:43:50.864+0000] {taskinstance.py:2648} INFO - Exporting env vars: AIRFLOW_CTX_DAG_EMAIL='data-team@example.com' AIRFLOW_CTX_DAG_OWNER='data_science_team' AIRFLOW_CTX_DAG_ID='ml_prediction_monitoring_pipeline' AIRFLOW_CTX_TASK_ID='fetch_features' AIRFLOW_CTX_EXECUTION_DATE='2025-11-27T00:00:00+00:00' AIRFLOW_CTX_TRY_NUMBER='1' AIRFLOW_CTX_DAG_RUN_ID='scheduled__2025-11-27T00:00:00+00:00'
[2025-11-28T00:43:50.865+0000] {taskinstance.py:430} INFO - ::endgroup::
[2025-11-28T00:43:50.880+0000] {logging_mixin.py:188} INFO - 📥 Buscando features dos pacientes...
[2025-11-28T00:43:51.503+0000] {registry.py:872} INFO - Registry cache expired, so refreshing
[2025-11-28T00:43:51.507+0000] {utils.py:750} WARNING - _list_feature_views will make breaking changes. Please use _list_batch_feature_views instead. _list_feature_views will behave like _list_all_feature_views in the future.
[2025-11-28T00:43:51.516+0000] {sqlite.py:418} WARNING - Cannot use sqlite_vec for vector search
[2025-11-28T00:43:51.518+0000] {logging_mixin.py:188} WARNING - /home/***/.local/lib/python3.12/site-packages/feast/infra/online_stores/sqlite.py:220 DeprecationWarning: The default timestamp converter is deprecated as of Python 3.12; see the sqlite3 documentation for suggested replacement recipes
[2025-11-28T00:43:51.521+0000] {logging_mixin.py:188} INFO - ✅ Features carregadas: (2, 6)
[2025-11-28T00:43:51.522+0000] {logging_mixin.py:188} INFO -    Colunas: ['patient_id', 'DiabetesPedigreeFunction', 'BMI', 'Glucose', 'SkinThickness', 'Insulin']
[2025-11-28T00:43:51.553+0000] {python.py:237} INFO - Done. Returned value was: None
[2025-11-28T00:43:51.553+0000] {taskinstance.py:441} INFO - ::group::Post task execution logs
[2025-11-28T00:43:51.564+0000] {taskinstance.py:1206} INFO - Marking task as SUCCESS. dag_id=ml_prediction_monitoring_pipeline, task_id=fetch_features, run_id=scheduled__2025-11-27T00:00:00+00:00, execution_date=20251127T000000, start_date=20251128T004350, end_date=20251128T004351
[2025-11-28T00:43:51.594+0000] {local_task_job_runner.py:240} INFO - Task exited with return code 0
[2025-11-28T00:43:51.622+0000] {taskinstance.py:3498} INFO - 1 downstream tasks scheduled from follow-on schedule check
[2025-11-28T00:43:51.626+0000] {local_task_job_runner.py:222} INFO - ::endgroup::
[2025-11-28T01:19:09.468+0000] {local_task_job_runner.py:120} INFO - ::group::Pre task execution logs
[2025-11-28T01:19:09.510+0000] {taskinstance.py:2076} INFO - Dependencies all met for dep_context=non-requeueable deps ti=<TaskInstance: ml_prediction_monitoring_pipeline.fetch_features scheduled__2025-11-27T00:00:00+00:00 [queued]>
[2025-11-28T01:19:09.522+0000] {taskinstance.py:2076} INFO - Dependencies all met for dep_context=requeueable deps ti=<TaskInstance: ml_prediction_monitoring_pipeline.fetch_features scheduled__2025-11-27T00:00:00+00:00 [queued]>
[2025-11-28T01:19:09.522+0000] {taskinstance.py:2306} INFO - Starting attempt 1 of 3
[2025-11-28T01:19:09.542+0000] {taskinstance.py:2330} INFO - Executing <Task(PythonOperator): fetch_features> on 2025-11-27 00:00:00+00:00
[2025-11-28T01:19:09.553+0000] {standard_task_runner.py:90} INFO - Running: ['***', 'tasks', 'run', 'ml_prediction_monitoring_pipeline', 'fetch_features', 'scheduled__2025-11-27T00:00:00+00:00', '--job-id', '149', '--raw', '--subdir', 'DAGS_FOLDER/pipe_prediction_monitoring.py', '--cfg-path', '/tmp/tmpom2t3oy1']
[2025-11-28T01:19:09.555+0000] {logging_mixin.py:188} WARNING - /home/***/.local/lib/python3.12/site-packages/***/task/task_runner/standard_task_runner.py:61 DeprecationWarning: This process (pid=3102) is multi-threaded, use of fork() may lead to deadlocks in the child.
[2025-11-28T01:19:09.557+0000] {standard_task_runner.py:91} INFO - Job 149: Subtask fetch_features
[2025-11-28T01:19:09.557+0000] {standard_task_runner.py:63} INFO - Started process 3119 to run task
[2025-11-28T01:19:09.636+0000] {task_command.py:426} INFO - Running <TaskInstance: ml_prediction_monitoring_pipeline.fetch_features scheduled__2025-11-27T00:00:00+00:00 [running]> on host 0c5da11f058c
[2025-11-28T01:19:09.761+0000] {taskinstance.py:2648} INFO - Exporting env vars: AIRFLOW_CTX_DAG_EMAIL='data-team@example.com' AIRFLOW_CTX_DAG_OWNER='data_science_team' AIRFLOW_CTX_DAG_ID='ml_prediction_monitoring_pipeline' AIRFLOW_CTX_TASK_ID='fetch_features' AIRFLOW_CTX_EXECUTION_DATE='2025-11-27T00:00:00+00:00' AIRFLOW_CTX_TRY_NUMBER='1' AIRFLOW_CTX_DAG_RUN_ID='scheduled__2025-11-27T00:00:00+00:00'
[2025-11-28T01:19:09.763+0000] {taskinstance.py:430} INFO - ::endgroup::
[2025-11-28T01:19:09.777+0000] {logging_mixin.py:188} INFO - 📥 Buscando features dos pacientes...
[2025-11-28T01:19:10.491+0000] {registry.py:872} INFO - Registry cache expired, so refreshing
[2025-11-28T01:19:10.494+0000] {utils.py:750} WARNING - _list_feature_views will make breaking changes. Please use _list_batch_feature_views instead. _list_feature_views will behave like _list_all_feature_views in the future.
[2025-11-28T01:19:10.499+0000] {sqlite.py:418} WARNING - Cannot use sqlite_vec for vector search
[2025-11-28T01:19:10.501+0000] {logging_mixin.py:188} WARNING - /home/***/.local/lib/python3.12/site-packages/feast/infra/online_stores/sqlite.py:220 DeprecationWarning: The default timestamp converter is deprecated as of Python 3.12; see the sqlite3 documentation for suggested replacement recipes
[2025-11-28T01:19:10.503+0000] {logging_mixin.py:188} INFO - ✅ Features carregadas: (2, 5)
[2025-11-28T01:19:10.504+0000] {logging_mixin.py:188} INFO -    Colunas: ['patient_id', 'DiabetesPedigreeFunction', 'Insulin', 'SkinThickness', 'BMI']
[2025-11-28T01:19:10.528+0000] {python.py:237} INFO - Done. Returned value was: None
[2025-11-28T01:19:10.529+0000] {taskinstance.py:441} INFO - ::group::Post task execution logs
[2025-11-28T01:19:10.539+0000] {taskinstance.py:1206} INFO - Marking task as SUCCESS. dag_id=ml_prediction_monitoring_pipeline, task_id=fetch_features, run_id=scheduled__2025-11-27T00:00:00+00:00, execution_date=20251127T000000, start_date=20251128T011909, end_date=20251128T011910
[2025-11-28T01:19:10.581+0000] {local_task_job_runner.py:240} INFO - Task exited with return code 0
[2025-11-28T01:19:10.604+0000] {taskinstance.py:3498} INFO - 1 downstream tasks scheduled from follow-on schedule check
[2025-11-28T01:19:10.607+0000] {local_task_job_runner.py:222} INFO - ::endgroup::
