[2026-01-30T14:47:13.941+0000] {local_task_job_runner.py:120} INFO - ::group::Pre task execution logs
[2026-01-30T14:47:13.994+0000] {taskinstance.py:2076} INFO - Dependencies all met for dep_context=non-requeueable deps ti=<TaskInstance: etl_pipeline_final.task_extract scheduled__2026-01-29T00:00:00+00:00 [queued]>
[2026-01-30T14:47:14.010+0000] {taskinstance.py:2076} INFO - Dependencies all met for dep_context=requeueable deps ti=<TaskInstance: etl_pipeline_final.task_extract scheduled__2026-01-29T00:00:00+00:00 [queued]>
[2026-01-30T14:47:14.011+0000] {taskinstance.py:2306} INFO - Starting attempt 1 of 1
[2026-01-30T14:47:14.035+0000] {taskinstance.py:2330} INFO - Executing <Task(_PythonDecoratedOperator): task_extract> on 2026-01-29 00:00:00+00:00
[2026-01-30T14:47:14.047+0000] {standard_task_runner.py:90} INFO - Running: ['***', 'tasks', 'run', 'etl_pipeline_final', 'task_extract', 'scheduled__2026-01-29T00:00:00+00:00', '--job-id', '96', '--raw', '--subdir', 'DAGS_FOLDER/etl.py', '--cfg-path', '/tmp/tmpkadw_6u1']
[2026-01-30T14:47:14.051+0000] {standard_task_runner.py:91} INFO - Job 96: Subtask task_extract
[2026-01-30T14:47:14.067+0000] {logging_mixin.py:188} WARNING - /home/***/.local/lib/python3.12/site-packages/***/task/task_runner/standard_task_runner.py:61 DeprecationWarning: This process (pid=233) is multi-threaded, use of fork() may lead to deadlocks in the child.
[2026-01-30T14:47:14.069+0000] {standard_task_runner.py:63} INFO - Started process 237 to run task
[2026-01-30T14:47:14.162+0000] {task_command.py:426} INFO - Running <TaskInstance: etl_pipeline_final.task_extract scheduled__2026-01-29T00:00:00+00:00 [running]> on host 0849d884f7fa
[2026-01-30T14:47:14.407+0000] {taskinstance.py:2648} INFO - Exporting env vars: AIRFLOW_CTX_DAG_OWNER='***' AIRFLOW_CTX_DAG_ID='etl_pipeline_final' AIRFLOW_CTX_TASK_ID='task_extract' AIRFLOW_CTX_EXECUTION_DATE='2026-01-29T00:00:00+00:00' AIRFLOW_CTX_TRY_NUMBER='1' AIRFLOW_CTX_DAG_RUN_ID='scheduled__2026-01-29T00:00:00+00:00'
[2026-01-30T14:47:14.413+0000] {taskinstance.py:430} INFO - ::endgroup::
[2026-01-30T14:47:14.472+0000] {python.py:237} INFO - Done. Returned value was:      Pregnancies  Glucose  ...  Age  Outcome
0              6      148  ...   50        1
1              1       85  ...   31        0
2              8      183  ...   32        1
3              1       89  ...   21        0
4              0      137  ...   33        1
..           ...      ...  ...  ...      ...
764            2      122  ...   27        0
765            5      121  ...   30        0
766            1      126  ...   47        1
767            1       93  ...   23        0
768            1       93  ...   23        0

[769 rows x 9 columns]
[2026-01-30T14:47:14.556+0000] {taskinstance.py:441} INFO - ::group::Post task execution logs
[2026-01-30T14:47:15.292+0000] {taskinstance.py:1206} INFO - Marking task as SUCCESS. dag_id=etl_pipeline_final, task_id=task_extract, run_id=scheduled__2026-01-29T00:00:00+00:00, execution_date=20260129T000000, start_date=20260130T144713, end_date=20260130T144715
[2026-01-30T14:47:15.347+0000] {local_task_job_runner.py:240} INFO - Task exited with return code 0
[2026-01-30T14:47:15.387+0000] {taskinstance.py:3498} INFO - 1 downstream tasks scheduled from follow-on schedule check
[2026-01-30T14:47:15.390+0000] {local_task_job_runner.py:222} INFO - ::endgroup::
