[2025-11-28T01:29:38.115+0000] {local_task_job_runner.py:120} INFO - ::group::Pre task execution logs
[2025-11-28T01:29:38.160+0000] {taskinstance.py:2076} INFO - Dependencies all met for dep_context=non-requeueable deps ti=<TaskInstance: ml_monitoring_pipeline_pred.save_predictions manual__2025-11-28T01:29:08.330350+00:00 [queued]>
[2025-11-28T01:29:38.175+0000] {taskinstance.py:2076} INFO - Dependencies all met for dep_context=requeueable deps ti=<TaskInstance: ml_monitoring_pipeline_pred.save_predictions manual__2025-11-28T01:29:08.330350+00:00 [queued]>
[2025-11-28T01:29:38.176+0000] {taskinstance.py:2306} INFO - Starting attempt 1 of 3
[2025-11-28T01:29:38.195+0000] {taskinstance.py:2330} INFO - Executing <Task(PythonOperator): save_predictions> on 2025-11-28 01:29:08.330350+00:00
[2025-11-28T01:29:38.205+0000] {logging_mixin.py:188} WARNING - /home/***/.local/lib/python3.12/site-packages/***/task/task_runner/standard_task_runner.py:61 DeprecationWarning: This process (pid=4686) is multi-threaded, use of fork() may lead to deadlocks in the child.
[2025-11-28T01:29:38.206+0000] {standard_task_runner.py:63} INFO - Started process 4694 to run task
[2025-11-28T01:29:38.205+0000] {standard_task_runner.py:90} INFO - Running: ['***', 'tasks', 'run', 'ml_monitoring_pipeline_pred', 'save_predictions', 'manual__2025-11-28T01:29:08.330350+00:00', '--job-id', '196', '--raw', '--subdir', 'DAGS_FOLDER/pipe_prediction_monitoring.py', '--cfg-path', '/tmp/tmpix6gaaeh']
[2025-11-28T01:29:38.209+0000] {standard_task_runner.py:91} INFO - Job 196: Subtask save_predictions
[2025-11-28T01:29:38.277+0000] {task_command.py:426} INFO - Running <TaskInstance: ml_monitoring_pipeline_pred.save_predictions manual__2025-11-28T01:29:08.330350+00:00 [running]> on host 0c5da11f058c
[2025-11-28T01:29:38.379+0000] {taskinstance.py:2648} INFO - Exporting env vars: AIRFLOW_CTX_DAG_EMAIL='data-team@example.com' AIRFLOW_CTX_DAG_OWNER='data_science_team' AIRFLOW_CTX_DAG_ID='ml_monitoring_pipeline_pred' AIRFLOW_CTX_TASK_ID='save_predictions' AIRFLOW_CTX_EXECUTION_DATE='2025-11-28T01:29:08.330350+00:00' AIRFLOW_CTX_TRY_NUMBER='1' AIRFLOW_CTX_DAG_RUN_ID='manual__2025-11-28T01:29:08.330350+00:00'
[2025-11-28T01:29:38.381+0000] {taskinstance.py:430} INFO - ::endgroup::
[2025-11-28T01:29:38.399+0000] {logging_mixin.py:188} INFO - 💾 Salvando predições...
[2025-11-28T01:29:38.443+0000] {logging_mixin.py:188} INFO - ✅ Predições individuais salvas:
[2025-11-28T01:29:38.443+0000] {logging_mixin.py:188} INFO -    Parquet: /tmp/predictions/predictions_20251128_012938.parquet
[2025-11-28T01:29:38.443+0000] {logging_mixin.py:188} INFO -    CSV: /tmp/predictions/predictions_20251128_012938.csv
[2025-11-28T01:29:38.444+0000] {taskinstance.py:441} INFO - ::group::Post task execution logs
[2025-11-28T01:29:38.445+0000] {taskinstance.py:2905} ERROR - Task failed with exception
Traceback (most recent call last):
  File "/home/airflow/.local/lib/python3.12/site-packages/airflow/models/taskinstance.py", line 465, in _execute_task
    result = _execute_callable(context=context, **execute_callable_kwargs)
             ^^^^^^^^^^^^^^^^^^^^^^^^^^^^^^^^^^^^^^^^^^^^^^^^^^^^^^^^^^^^^
  File "/home/airflow/.local/lib/python3.12/site-packages/airflow/models/taskinstance.py", line 432, in _execute_callable
    return execute_callable(context=context, **execute_callable_kwargs)
           ^^^^^^^^^^^^^^^^^^^^^^^^^^^^^^^^^^^^^^^^^^^^^^^^^^^^^^^^^^^^
  File "/home/airflow/.local/lib/python3.12/site-packages/airflow/models/baseoperator.py", line 400, in wrapper
    return func(self, *args, **kwargs)
           ^^^^^^^^^^^^^^^^^^^^^^^^^^^
  File "/home/airflow/.local/lib/python3.12/site-packages/airflow/operators/python.py", line 235, in execute
    return_value = self.execute_callable()
                   ^^^^^^^^^^^^^^^^^^^^^^^
  File "/home/airflow/.local/lib/python3.12/site-packages/airflow/operators/python.py", line 252, in execute_callable
    return self.python_callable(*self.op_args, **self.op_kwargs)
           ^^^^^^^^^^^^^^^^^^^^^^^^^^^^^^^^^^^^^^^^^^^^^^^^^^^^^
  File "/opt/airflow/dags/pipe_prediction_monitoring.py", line 267, in save_predictions
    historical_df = pd.read_parquet(HISTORICAL_PREDICTIONS_FILE)
                    ^^^^^^^^^^^^^^^^^^^^^^^^^^^^^^^^^^^^^^^^^^^^
  File "/home/airflow/.local/lib/python3.12/site-packages/pandas/io/parquet.py", line 509, in read_parquet
    return impl.read(
           ^^^^^^^^^^
  File "/home/airflow/.local/lib/python3.12/site-packages/pandas/io/parquet.py", line 227, in read
    pa_table = self.api.parquet.read_table(
               ^^^^^^^^^^^^^^^^^^^^^^^^^^^^
  File "/home/airflow/.local/lib/python3.12/site-packages/pyarrow/parquet/core.py", line 1762, in read_table
    dataset = ParquetDataset(
              ^^^^^^^^^^^^^^^
  File "/home/airflow/.local/lib/python3.12/site-packages/pyarrow/parquet/core.py", line 1329, in __init__
    [fragment], schema=schema or fragment.physical_schema,
                                 ^^^^^^^^^^^^^^^^^^^^^^^^
  File "pyarrow/_dataset.pyx", line 1431, in pyarrow._dataset.Fragment.physical_schema.__get__
  File "pyarrow/error.pxi", line 154, in pyarrow.lib.pyarrow_internal_check_status
  File "pyarrow/error.pxi", line 91, in pyarrow.lib.check_status
pyarrow.lib.ArrowInvalid: Could not open Parquet input source '<Buffer>': Parquet magic bytes not found in footer. Either the file is corrupted or this is not a parquet file.
[2025-11-28T01:29:38.462+0000] {taskinstance.py:1206} INFO - Marking task as UP_FOR_RETRY. dag_id=ml_monitoring_pipeline_pred, task_id=save_predictions, run_id=manual__2025-11-28T01:29:08.330350+00:00, execution_date=20251128T012908, start_date=20251128T012938, end_date=20251128T012938
[2025-11-28T01:29:38.475+0000] {standard_task_runner.py:110} ERROR - Failed to execute job 196 for task save_predictions (Could not open Parquet input source '<Buffer>': Parquet magic bytes not found in footer. Either the file is corrupted or this is not a parquet file.; 4694)
[2025-11-28T01:29:38.503+0000] {local_task_job_runner.py:240} INFO - Task exited with return code 1
[2025-11-28T01:29:38.530+0000] {taskinstance.py:3498} INFO - 0 downstream tasks scheduled from follow-on schedule check
[2025-11-28T01:29:38.533+0000] {local_task_job_runner.py:222} INFO - ::endgroup::
