[2025-11-27T20:05:00.469+0000] {local_task_job_runner.py:120} INFO - ::group::Pre task execution logs
[2025-11-27T20:05:00.497+0000] {taskinstance.py:2076} INFO - Dependencies all met for dep_context=non-requeueable deps ti=<TaskInstance: feature_store_cre.create_dataset_task scheduled__2025-11-26T00:00:00+00:00 [queued]>
[2025-11-27T20:05:00.506+0000] {taskinstance.py:2076} INFO - Dependencies all met for dep_context=requeueable deps ti=<TaskInstance: feature_store_cre.create_dataset_task scheduled__2025-11-26T00:00:00+00:00 [queued]>
[2025-11-27T20:05:00.506+0000] {taskinstance.py:2306} INFO - Starting attempt 1 of 1
[2025-11-27T20:05:00.518+0000] {taskinstance.py:2330} INFO - Executing <Task(_PythonDecoratedOperator): create_dataset_task> on 2025-11-26 00:00:00+00:00
[2025-11-27T20:05:00.529+0000] {logging_mixin.py:188} WARNING - /home/***/.local/lib/python3.12/site-packages/***/task/task_runner/standard_task_runner.py:61 DeprecationWarning: This process (pid=604) is multi-threaded, use of fork() may lead to deadlocks in the child.
[2025-11-27T20:05:00.527+0000] {standard_task_runner.py:90} INFO - Running: ['***', 'tasks', 'run', 'feature_store_cre', 'create_dataset_task', 'scheduled__2025-11-26T00:00:00+00:00', '--job-id', '76', '--raw', '--subdir', 'DAGS_FOLDER/feature_store.py', '--cfg-path', '/tmp/tmps3hh1ppo']
[2025-11-27T20:05:00.530+0000] {standard_task_runner.py:91} INFO - Job 76: Subtask create_dataset_task
[2025-11-27T20:05:00.530+0000] {standard_task_runner.py:63} INFO - Started process 608 to run task
[2025-11-27T20:05:00.584+0000] {task_command.py:426} INFO - Running <TaskInstance: feature_store_cre.create_dataset_task scheduled__2025-11-26T00:00:00+00:00 [running]> on host 526a5b4f3a6c
[2025-11-27T20:05:00.671+0000] {taskinstance.py:2648} INFO - Exporting env vars: AIRFLOW_CTX_DAG_OWNER='***' AIRFLOW_CTX_DAG_ID='feature_store_cre' AIRFLOW_CTX_TASK_ID='create_dataset_task' AIRFLOW_CTX_EXECUTION_DATE='2025-11-26T00:00:00+00:00' AIRFLOW_CTX_TRY_NUMBER='1' AIRFLOW_CTX_DAG_RUN_ID='scheduled__2025-11-26T00:00:00+00:00'
[2025-11-27T20:05:00.672+0000] {taskinstance.py:430} INFO - ::endgroup::
[2025-11-27T20:05:01.271+0000] {registry.py:872} INFO - Registry cache expired, so refreshing
[2025-11-27T20:05:01.275+0000] {logging_mixin.py:188} INFO - Lendo entidades de: /home/luisveloso/MLOps_projects/data/artifacts/target.parquet
[2025-11-27T20:05:01.285+0000] {logging_mixin.py:188} INFO - Recuperando features históricas...
[2025-11-27T20:05:01.285+0000] {utils.py:750} WARNING - _list_feature_views will make breaking changes. Please use _list_batch_feature_views instead. _list_feature_views will behave like _list_all_feature_views in the future.
[2025-11-27T20:05:01.285+0000] {registry.py:872} INFO - Registry cache expired, so refreshing
[2025-11-27T20:05:01.288+0000] {registry.py:872} INFO - Registry cache expired, so refreshing
[2025-11-27T20:05:01.288+0000] {registry.py:872} INFO - Registry cache expired, so refreshing
[2025-11-27T20:05:01.293+0000] {registry.py:872} INFO - Registry cache expired, so refreshing
[2025-11-27T20:05:01.295+0000] {logging_mixin.py:188} INFO - Persistindo Dataset via Feast...
[2025-11-27T20:05:01.296+0000] {logging_mixin.py:188} WARNING - /home/***/.local/lib/python3.12/site-packages/feast/feature_store.py:1155 RuntimeWarning: Saving dataset is an experimental feature. This API is unstable and it could and most probably will be changed in the future. We do not guarantee that future changes will maintain backward compatibility.
[2025-11-27T20:05:01.438+0000] {logging_mixin.py:188} INFO - Dataset salvo e registrado em: /home/luisveloso/MLOps_projects/feature_store/data/my_training_dataset.parquet
[2025-11-27T20:05:01.438+0000] {python.py:237} INFO - Done. Returned value was: /home/luisveloso/MLOps_projects/feature_store/data/my_training_dataset.parquet
[2025-11-27T20:05:01.438+0000] {taskinstance.py:441} INFO - ::group::Post task execution logs
[2025-11-27T20:05:01.465+0000] {taskinstance.py:1206} INFO - Marking task as SUCCESS. dag_id=feature_store_cre, task_id=create_dataset_task, run_id=scheduled__2025-11-26T00:00:00+00:00, execution_date=20251126T000000, start_date=20251127T200500, end_date=20251127T200501
[2025-11-27T20:05:01.524+0000] {local_task_job_runner.py:240} INFO - Task exited with return code 0
[2025-11-27T20:05:01.540+0000] {taskinstance.py:3498} INFO - 0 downstream tasks scheduled from follow-on schedule check
[2025-11-27T20:05:01.543+0000] {local_task_job_runner.py:222} INFO - ::endgroup::
