[2026-01-30T14:47:21.671+0000] {local_task_job_runner.py:120} INFO - ::group::Pre task execution logs
[2026-01-30T14:47:21.696+0000] {taskinstance.py:2076} INFO - Dependencies all met for dep_context=non-requeueable deps ti=<TaskInstance: etl_pipeline_final.task_patient_ids scheduled__2026-01-29T00:00:00+00:00 [queued]>
[2026-01-30T14:47:21.706+0000] {taskinstance.py:2076} INFO - Dependencies all met for dep_context=requeueable deps ti=<TaskInstance: etl_pipeline_final.task_patient_ids scheduled__2026-01-29T00:00:00+00:00 [queued]>
[2026-01-30T14:47:21.706+0000] {taskinstance.py:2306} INFO - Starting attempt 1 of 1
[2026-01-30T14:47:21.718+0000] {taskinstance.py:2330} INFO - Executing <Task(_PythonDecoratedOperator): task_patient_ids> on 2026-01-29 00:00:00+00:00
[2026-01-30T14:47:21.728+0000] {logging_mixin.py:188} WARNING - /home/***/.local/lib/python3.12/site-packages/***/task/task_runner/standard_task_runner.py:61 DeprecationWarning: This process (pid=261) is multi-threaded, use of fork() may lead to deadlocks in the child.
[2026-01-30T14:47:21.729+0000] {standard_task_runner.py:63} INFO - Started process 263 to run task
[2026-01-30T14:47:21.728+0000] {standard_task_runner.py:90} INFO - Running: ['***', 'tasks', 'run', 'etl_pipeline_final', 'task_patient_ids', 'scheduled__2026-01-29T00:00:00+00:00', '--job-id', '100', '--raw', '--subdir', 'DAGS_FOLDER/etl.py', '--cfg-path', '/tmp/tmp20axzyap']
[2026-01-30T14:47:21.731+0000] {standard_task_runner.py:91} INFO - Job 100: Subtask task_patient_ids
[2026-01-30T14:47:21.783+0000] {task_command.py:426} INFO - Running <TaskInstance: etl_pipeline_final.task_patient_ids scheduled__2026-01-29T00:00:00+00:00 [running]> on host 0849d884f7fa
[2026-01-30T14:47:21.921+0000] {taskinstance.py:2648} INFO - Exporting env vars: AIRFLOW_CTX_DAG_OWNER='***' AIRFLOW_CTX_DAG_ID='etl_pipeline_final' AIRFLOW_CTX_TASK_ID='task_patient_ids' AIRFLOW_CTX_EXECUTION_DATE='2026-01-29T00:00:00+00:00' AIRFLOW_CTX_TRY_NUMBER='1' AIRFLOW_CTX_DAG_RUN_ID='scheduled__2026-01-29T00:00:00+00:00'
[2026-01-30T14:47:21.922+0000] {taskinstance.py:430} INFO - ::endgroup::
[2026-01-30T14:47:21.923+0000] {python.py:237} INFO - Done. Returned value was: {'predictor':      Pregnancies  Glucose  ...            event_timestamp  patient_id
0              6      148  ... 2023-12-24 14:47:20.807911           0
1              1       85  ... 2023-12-25 14:47:20.807911           1
2              8      183  ... 2023-12-26 14:47:20.807911           2
3              1       89  ... 2023-12-27 14:47:20.807911           3
4              0      137  ... 2023-12-28 14:47:20.807911           4
..           ...      ...  ...                        ...         ...
764            2      122  ... 2026-01-26 14:47:20.807911         764
765            5      121  ... 2026-01-27 14:47:20.807911         765
766            1      126  ... 2026-01-28 14:47:20.807911         766
767            1       93  ... 2026-01-29 14:47:20.807911         767
768            1       93  ... 2026-01-30 14:47:20.807911         768

[769 rows x 10 columns], 'target':      Outcome            event_timestamp  patient_id
0          1 2023-12-24 14:47:20.807911           0
1          0 2023-12-25 14:47:20.807911           1
2          1 2023-12-26 14:47:20.807911           2
3          0 2023-12-27 14:47:20.807911           3
4          1 2023-12-28 14:47:20.807911           4
..       ...                        ...         ...
764        0 2026-01-26 14:47:20.807911         764
765        0 2026-01-27 14:47:20.807911         765
766        1 2026-01-28 14:47:20.807911         766
767        0 2026-01-29 14:47:20.807911         767
768        0 2026-01-30 14:47:20.807911         768

[769 rows x 3 columns]}
[2026-01-30T14:47:21.938+0000] {taskinstance.py:441} INFO - ::group::Post task execution logs
[2026-01-30T14:47:22.116+0000] {taskinstance.py:1206} INFO - Marking task as SUCCESS. dag_id=etl_pipeline_final, task_id=task_patient_ids, run_id=scheduled__2026-01-29T00:00:00+00:00, execution_date=20260129T000000, start_date=20260130T144721, end_date=20260130T144722
[2026-01-30T14:47:22.144+0000] {local_task_job_runner.py:240} INFO - Task exited with return code 0
[2026-01-30T14:47:22.163+0000] {taskinstance.py:3498} INFO - 1 downstream tasks scheduled from follow-on schedule check
[2026-01-30T14:47:22.165+0000] {local_task_job_runner.py:222} INFO - ::endgroup::
