[2025-11-27T21:38:08.133+0000] {local_task_job_runner.py:120} INFO - ::group::Pre task execution logs
[2025-11-27T21:38:08.160+0000] {taskinstance.py:2076} INFO - Dependencies all met for dep_context=non-requeueable deps ti=<TaskInstance: ml_training_pipeline.evaluate_model manual__2025-11-27T21:37:38.169153+00:00 [queued]>
[2025-11-27T21:38:08.169+0000] {taskinstance.py:2076} INFO - Dependencies all met for dep_context=requeueable deps ti=<TaskInstance: ml_training_pipeline.evaluate_model manual__2025-11-27T21:37:38.169153+00:00 [queued]>
[2025-11-27T21:38:08.169+0000] {taskinstance.py:2306} INFO - Starting attempt 1 of 3
[2025-11-27T21:38:08.184+0000] {taskinstance.py:2330} INFO - Executing <Task(PythonOperator): evaluate_model> on 2025-11-27 21:37:38.169153+00:00
[2025-11-27T21:38:08.196+0000] {logging_mixin.py:188} WARNING - /home/***/.local/lib/python3.12/site-packages/***/task/task_runner/standard_task_runner.py:61 DeprecationWarning: This process (pid=2618) is multi-threaded, use of fork() may lead to deadlocks in the child.
[2025-11-27T21:38:08.197+0000] {standard_task_runner.py:63} INFO - Started process 2634 to run task
[2025-11-27T21:38:08.197+0000] {standard_task_runner.py:90} INFO - Running: ['***', 'tasks', 'run', 'ml_training_pipeline', 'evaluate_model', 'manual__2025-11-27T21:37:38.169153+00:00', '--job-id', '82', '--raw', '--subdir', 'DAGS_FOLDER/treinamento.py', '--cfg-path', '/tmp/tmpqknsci97']
[2025-11-27T21:38:08.200+0000] {standard_task_runner.py:91} INFO - Job 82: Subtask evaluate_model
[2025-11-27T21:38:08.249+0000] {task_command.py:426} INFO - Running <TaskInstance: ml_training_pipeline.evaluate_model manual__2025-11-27T21:37:38.169153+00:00 [running]> on host 526a5b4f3a6c
[2025-11-27T21:38:08.329+0000] {taskinstance.py:2648} INFO - Exporting env vars: AIRFLOW_CTX_DAG_EMAIL='data-team@example.com' AIRFLOW_CTX_DAG_OWNER='data_science_team' AIRFLOW_CTX_DAG_ID='ml_training_pipeline' AIRFLOW_CTX_TASK_ID='evaluate_model' AIRFLOW_CTX_EXECUTION_DATE='2025-11-27T21:37:38.169153+00:00' AIRFLOW_CTX_TRY_NUMBER='1' AIRFLOW_CTX_DAG_RUN_ID='manual__2025-11-27T21:37:38.169153+00:00'
[2025-11-27T21:38:08.330+0000] {taskinstance.py:430} INFO - ::endgroup::
[2025-11-27T21:38:08.344+0000] {logging_mixin.py:188} INFO - 📈 Avaliando modelo...
[2025-11-27T21:38:08.380+0000] {logging_mixin.py:188} INFO -    Acurácia (treino): 0.7014
[2025-11-27T21:38:08.380+0000] {logging_mixin.py:188} INFO -    Acurácia (teste): 0.6615
[2025-11-27T21:38:08.408+0000] {python.py:237} INFO - Done. Returned value was: None
[2025-11-27T21:38:08.409+0000] {taskinstance.py:441} INFO - ::group::Post task execution logs
[2025-11-27T21:38:08.417+0000] {taskinstance.py:1206} INFO - Marking task as SUCCESS. dag_id=ml_training_pipeline, task_id=evaluate_model, run_id=manual__2025-11-27T21:37:38.169153+00:00, execution_date=20251127T213738, start_date=20251127T213808, end_date=20251127T213808
[2025-11-27T21:38:08.452+0000] {local_task_job_runner.py:240} INFO - Task exited with return code 0
[2025-11-27T21:38:08.476+0000] {taskinstance.py:3498} INFO - 1 downstream tasks scheduled from follow-on schedule check
[2025-11-27T21:38:08.479+0000] {local_task_job_runner.py:222} INFO - ::endgroup::
