[2025-11-28T00:40:42.911+0000] {local_task_job_runner.py:120} INFO - ::group::Pre task execution logs
[2025-11-28T00:40:42.935+0000] {taskinstance.py:2076} INFO - Dependencies all met for dep_context=non-requeueable deps ti=<TaskInstance: etl_pipeline_final.task_timestamps scheduled__2025-11-27T00:00:00+00:00 [queued]>
[2025-11-28T00:40:42.941+0000] {taskinstance.py:2076} INFO - Dependencies all met for dep_context=requeueable deps ti=<TaskInstance: etl_pipeline_final.task_timestamps scheduled__2025-11-27T00:00:00+00:00 [queued]>
[2025-11-28T00:40:42.942+0000] {taskinstance.py:2306} INFO - Starting attempt 1 of 1
[2025-11-28T00:40:42.952+0000] {taskinstance.py:2330} INFO - Executing <Task(_PythonDecoratedOperator): task_timestamps> on 2025-11-27 00:00:00+00:00
[2025-11-28T00:40:42.959+0000] {logging_mixin.py:188} WARNING - /home/***/.local/lib/python3.12/site-packages/***/task/task_runner/standard_task_runner.py:61 DeprecationWarning: This process (pid=241) is multi-threaded, use of fork() may lead to deadlocks in the child.
[2025-11-28T00:40:42.959+0000] {standard_task_runner.py:63} INFO - Started process 248 to run task
[2025-11-28T00:40:42.958+0000] {standard_task_runner.py:90} INFO - Running: ['***', 'tasks', 'run', 'etl_pipeline_final', 'task_timestamps', 'scheduled__2025-11-27T00:00:00+00:00', '--job-id', '91', '--raw', '--subdir', 'DAGS_FOLDER/etl.py', '--cfg-path', '/tmp/tmp72p7vj0k']
[2025-11-28T00:40:42.960+0000] {standard_task_runner.py:91} INFO - Job 91: Subtask task_timestamps
[2025-11-28T00:40:42.995+0000] {task_command.py:426} INFO - Running <TaskInstance: etl_pipeline_final.task_timestamps scheduled__2025-11-27T00:00:00+00:00 [running]> on host 526a5b4f3a6c
[2025-11-28T00:40:43.181+0000] {taskinstance.py:2648} INFO - Exporting env vars: AIRFLOW_CTX_DAG_OWNER='***' AIRFLOW_CTX_DAG_ID='etl_pipeline_final' AIRFLOW_CTX_TASK_ID='task_timestamps' AIRFLOW_CTX_EXECUTION_DATE='2025-11-27T00:00:00+00:00' AIRFLOW_CTX_TRY_NUMBER='1' AIRFLOW_CTX_DAG_RUN_ID='scheduled__2025-11-27T00:00:00+00:00'
[2025-11-28T00:40:43.182+0000] {taskinstance.py:430} INFO - ::endgroup::
[2025-11-28T00:40:43.184+0000] {python.py:237} INFO - Done. Returned value was: {'predictor':      Pregnancies  Glucose  ...  Age            event_timestamp
0              6      148  ...   50 2023-10-22 00:40:43.182355
1              1       85  ...   31 2023-10-23 00:40:43.182355
2              8      183  ...   32 2023-10-24 00:40:43.182355
3              1       89  ...   21 2023-10-25 00:40:43.182355
4              0      137  ...   33 2023-10-26 00:40:43.182355
..           ...      ...  ...  ...                        ...
764            2      122  ...   27 2025-11-24 00:40:43.182355
765            5      121  ...   30 2025-11-25 00:40:43.182355
766            1      126  ...   47 2025-11-26 00:40:43.182355
767            1       93  ...   23 2025-11-27 00:40:43.182355
768            1       93  ...   23 2025-11-28 00:40:43.182355

[769 rows x 9 columns], 'target':      Outcome            event_timestamp
0          1 2023-10-22 00:40:43.182355
1          0 2023-10-23 00:40:43.182355
2          1 2023-10-24 00:40:43.182355
3          0 2023-10-25 00:40:43.182355
4          1 2023-10-26 00:40:43.182355
..       ...                        ...
764        0 2025-11-24 00:40:43.182355
765        0 2025-11-25 00:40:43.182355
766        1 2025-11-26 00:40:43.182355
767        0 2025-11-27 00:40:43.182355
768        0 2025-11-28 00:40:43.182355

[769 rows x 2 columns]}
[2025-11-28T00:40:43.192+0000] {taskinstance.py:441} INFO - ::group::Post task execution logs
[2025-11-28T00:40:43.230+0000] {taskinstance.py:1206} INFO - Marking task as SUCCESS. dag_id=etl_pipeline_final, task_id=task_timestamps, run_id=scheduled__2025-11-27T00:00:00+00:00, execution_date=20251127T000000, start_date=20251128T004042, end_date=20251128T004043
[2025-11-28T00:40:43.253+0000] {local_task_job_runner.py:240} INFO - Task exited with return code 0
[2025-11-28T00:40:43.289+0000] {taskinstance.py:3498} INFO - 1 downstream tasks scheduled from follow-on schedule check
[2025-11-28T00:40:43.293+0000] {local_task_job_runner.py:222} INFO - ::endgroup::
