[2025-11-27T19:16:08.718+0000] {local_task_job_runner.py:120} INFO - ::group::Pre task execution logs
[2025-11-27T19:16:08.749+0000] {taskinstance.py:2076} INFO - Dependencies all met for dep_context=non-requeueable deps ti=<TaskInstance: etl_to_parquet.transform_task manual__2025-11-27T19:16:05.747688+00:00 [queued]>
[2025-11-27T19:16:08.758+0000] {taskinstance.py:2076} INFO - Dependencies all met for dep_context=requeueable deps ti=<TaskInstance: etl_to_parquet.transform_task manual__2025-11-27T19:16:05.747688+00:00 [queued]>
[2025-11-27T19:16:08.759+0000] {taskinstance.py:2306} INFO - Starting attempt 1 of 1
[2025-11-27T19:16:08.770+0000] {taskinstance.py:2330} INFO - Executing <Task(_PythonDecoratedOperator): transform_task> on 2025-11-27 19:16:05.747688+00:00
[2025-11-27T19:16:08.778+0000] {standard_task_runner.py:90} INFO - Running: ['***', 'tasks', 'run', 'etl_to_parquet', 'transform_task', 'manual__2025-11-27T19:16:05.747688+00:00', '--job-id', '27', '--raw', '--subdir', 'DAGS_FOLDER/etl.py', '--cfg-path', '/tmp/tmptp33gp_3']
[2025-11-27T19:16:08.781+0000] {standard_task_runner.py:91} INFO - Job 27: Subtask transform_task
[2025-11-27T19:16:08.783+0000] {logging_mixin.py:188} WARNING - /home/***/.local/lib/python3.12/site-packages/***/task/task_runner/standard_task_runner.py:61 DeprecationWarning: This process (pid=273) is multi-threaded, use of fork() may lead to deadlocks in the child.
[2025-11-27T19:16:08.784+0000] {standard_task_runner.py:63} INFO - Started process 275 to run task
[2025-11-27T19:16:08.835+0000] {task_command.py:426} INFO - Running <TaskInstance: etl_to_parquet.transform_task manual__2025-11-27T19:16:05.747688+00:00 [running]> on host 2a6b3d4c2450
[2025-11-27T19:16:08.986+0000] {taskinstance.py:2648} INFO - Exporting env vars: AIRFLOW_CTX_DAG_OWNER='***' AIRFLOW_CTX_DAG_ID='etl_to_parquet' AIRFLOW_CTX_TASK_ID='transform_task' AIRFLOW_CTX_EXECUTION_DATE='2025-11-27T19:16:05.747688+00:00' AIRFLOW_CTX_TRY_NUMBER='1' AIRFLOW_CTX_DAG_RUN_ID='manual__2025-11-27T19:16:05.747688+00:00'
[2025-11-27T19:16:08.987+0000] {taskinstance.py:430} INFO - ::endgroup::
[2025-11-27T19:16:08.989+0000] {python.py:237} INFO - Done. Returned value was: {'predictor':      Pregnancies  Glucose  BloodPressure  ...   BMI  DiabetesPedigreeFunction  Age
0              6      148             72  ...  33.6                     0.627   50
1              1       85             66  ...  26.6                     0.351   31
2              8      183             64  ...  23.3                     0.672   32
3              1       89             66  ...  28.1                     0.167   21
4              0      137             40  ...  43.1                     2.288   33
..           ...      ...            ...  ...   ...                       ...  ...
763           10      101             76  ...  32.9                     0.171   63
764            2      122             70  ...  36.8                     0.340   27
765            5      121             72  ...  26.2                     0.245   30
766            1      126             60  ...  30.1                     0.349   47
767            1       93             70  ...  30.4                     0.315   23

[768 rows x 8 columns], 'target': 0      1
1      0
2      1
3      0
4      1
      ..
763    0
764    0
765    0
766    1
767    0
Name: Outcome, Length: 768, dtype: int64}
[2025-11-27T19:16:09.000+0000] {taskinstance.py:441} INFO - ::group::Post task execution logs
[2025-11-27T19:16:09.051+0000] {taskinstance.py:1206} INFO - Marking task as SUCCESS. dag_id=etl_to_parquet, task_id=transform_task, run_id=manual__2025-11-27T19:16:05.747688+00:00, execution_date=20251127T191605, start_date=20251127T191608, end_date=20251127T191609
[2025-11-27T19:16:09.079+0000] {local_task_job_runner.py:240} INFO - Task exited with return code 0
[2025-11-27T19:16:09.108+0000] {taskinstance.py:3498} INFO - 1 downstream tasks scheduled from follow-on schedule check
[2025-11-27T19:16:09.112+0000] {local_task_job_runner.py:222} INFO - ::endgroup::
