[2025-11-28T01:19:26.738+0000] {local_task_job_runner.py:120} INFO - ::group::Pre task execution logs
[2025-11-28T01:19:26.793+0000] {taskinstance.py:2076} INFO - Dependencies all met for dep_context=non-requeueable deps ti=<TaskInstance: ml_prediction_monitoring_pipeline.save_predictions scheduled__2025-11-27T00:00:00+00:00 [queued]>
[2025-11-28T01:19:26.807+0000] {taskinstance.py:2076} INFO - Dependencies all met for dep_context=requeueable deps ti=<TaskInstance: ml_prediction_monitoring_pipeline.save_predictions scheduled__2025-11-27T00:00:00+00:00 [queued]>
[2025-11-28T01:19:26.808+0000] {taskinstance.py:2306} INFO - Starting attempt 1 of 3
[2025-11-28T01:19:26.826+0000] {taskinstance.py:2330} INFO - Executing <Task(PythonOperator): save_predictions> on 2025-11-27 00:00:00+00:00
[2025-11-28T01:19:26.841+0000] {logging_mixin.py:188} WARNING - /home/***/.local/lib/python3.12/site-packages/***/task/task_runner/standard_task_runner.py:61 DeprecationWarning: This process (pid=3257) is multi-threaded, use of fork() may lead to deadlocks in the child.
[2025-11-28T01:19:26.843+0000] {standard_task_runner.py:63} INFO - Started process 3288 to run task
[2025-11-28T01:19:26.841+0000] {standard_task_runner.py:90} INFO - Running: ['***', 'tasks', 'run', 'ml_prediction_monitoring_pipeline', 'save_predictions', 'scheduled__2025-11-27T00:00:00+00:00', '--job-id', '155', '--raw', '--subdir', 'DAGS_FOLDER/pipe_prediction_monitoring.py', '--cfg-path', '/tmp/tmpbpu1y5ra']
[2025-11-28T01:19:26.845+0000] {standard_task_runner.py:91} INFO - Job 155: Subtask save_predictions
[2025-11-28T01:19:26.934+0000] {task_command.py:426} INFO - Running <TaskInstance: ml_prediction_monitoring_pipeline.save_predictions scheduled__2025-11-27T00:00:00+00:00 [running]> on host 0c5da11f058c
[2025-11-28T01:19:27.076+0000] {taskinstance.py:2648} INFO - Exporting env vars: AIRFLOW_CTX_DAG_EMAIL='data-team@example.com' AIRFLOW_CTX_DAG_OWNER='data_science_team' AIRFLOW_CTX_DAG_ID='ml_prediction_monitoring_pipeline' AIRFLOW_CTX_TASK_ID='save_predictions' AIRFLOW_CTX_EXECUTION_DATE='2025-11-27T00:00:00+00:00' AIRFLOW_CTX_TRY_NUMBER='1' AIRFLOW_CTX_DAG_RUN_ID='scheduled__2025-11-27T00:00:00+00:00'
[2025-11-28T01:19:27.078+0000] {taskinstance.py:430} INFO - ::endgroup::
[2025-11-28T01:19:27.104+0000] {logging_mixin.py:188} INFO - 💾 Salvando predições...
[2025-11-28T01:19:27.105+0000] {taskinstance.py:441} INFO - ::group::Post task execution logs
[2025-11-28T01:19:27.105+0000] {taskinstance.py:2905} ERROR - Task failed with exception
Traceback (most recent call last):
  File "/home/airflow/.local/lib/python3.12/site-packages/airflow/models/taskinstance.py", line 465, in _execute_task
    result = _execute_callable(context=context, **execute_callable_kwargs)
             ^^^^^^^^^^^^^^^^^^^^^^^^^^^^^^^^^^^^^^^^^^^^^^^^^^^^^^^^^^^^^
  File "/home/airflow/.local/lib/python3.12/site-packages/airflow/models/taskinstance.py", line 432, in _execute_callable
    return execute_callable(context=context, **execute_callable_kwargs)
           ^^^^^^^^^^^^^^^^^^^^^^^^^^^^^^^^^^^^^^^^^^^^^^^^^^^^^^^^^^^^
  File "/home/airflow/.local/lib/python3.12/site-packages/airflow/models/baseoperator.py", line 400, in wrapper
    return func(self, *args, **kwargs)
           ^^^^^^^^^^^^^^^^^^^^^^^^^^^
  File "/home/airflow/.local/lib/python3.12/site-packages/airflow/operators/python.py", line 235, in execute
    return_value = self.execute_callable()
                   ^^^^^^^^^^^^^^^^^^^^^^^
  File "/home/airflow/.local/lib/python3.12/site-packages/airflow/operators/python.py", line 252, in execute_callable
    return self.python_callable(*self.op_args, **self.op_kwargs)
           ^^^^^^^^^^^^^^^^^^^^^^^^^^^^^^^^^^^^^^^^^^^^^^^^^^^^^
  File "/opt/airflow/dags/pipe_prediction_monitoring.py", line 237, in save_predictions
    Path(os.path.dirname(HISTORICAL_PREDICTIONS_FILE)).mkdir(parents=True, exist_ok=True)
                         ^^^^^^^^^^^^^^^^^^^^^^^^^^^
NameError: name 'HISTORICAL_PREDICTIONS_FILE' is not defined
[2025-11-28T01:19:27.127+0000] {taskinstance.py:1206} INFO - Marking task as UP_FOR_RETRY. dag_id=ml_prediction_monitoring_pipeline, task_id=save_predictions, run_id=scheduled__2025-11-27T00:00:00+00:00, execution_date=20251127T000000, start_date=20251128T011926, end_date=20251128T011927
[2025-11-28T01:19:27.143+0000] {standard_task_runner.py:110} ERROR - Failed to execute job 155 for task save_predictions (name 'HISTORICAL_PREDICTIONS_FILE' is not defined; 3288)
[2025-11-28T01:19:27.180+0000] {local_task_job_runner.py:240} INFO - Task exited with return code 1
[2025-11-28T01:19:27.213+0000] {taskinstance.py:3498} INFO - 0 downstream tasks scheduled from follow-on schedule check
[2025-11-28T01:19:27.218+0000] {local_task_job_runner.py:222} INFO - ::endgroup::
