[2025-11-28T01:34:38.085+0000] {local_task_job_runner.py:120} INFO - ::group::Pre task execution logs
[2025-11-28T01:34:38.106+0000] {taskinstance.py:2076} INFO - Dependencies all met for dep_context=non-requeueable deps ti=<TaskInstance: ml_monitoring_pipeline.make_predictions scheduled__2025-11-27T00:00:00+00:00 [queued]>
[2025-11-28T01:34:38.112+0000] {taskinstance.py:2076} INFO - Dependencies all met for dep_context=requeueable deps ti=<TaskInstance: ml_monitoring_pipeline.make_predictions scheduled__2025-11-27T00:00:00+00:00 [queued]>
[2025-11-28T01:34:38.112+0000] {taskinstance.py:2306} INFO - Starting attempt 1 of 3
[2025-11-28T01:34:38.122+0000] {taskinstance.py:2330} INFO - Executing <Task(PythonOperator): make_predictions> on 2025-11-27 00:00:00+00:00
[2025-11-28T01:34:38.129+0000] {logging_mixin.py:188} WARNING - /home/***/.local/lib/python3.12/site-packages/***/task/task_runner/standard_task_runner.py:61 DeprecationWarning: This process (pid=5279) is multi-threaded, use of fork() may lead to deadlocks in the child.
[2025-11-28T01:34:38.130+0000] {standard_task_runner.py:63} INFO - Started process 5286 to run task
[2025-11-28T01:34:38.129+0000] {standard_task_runner.py:90} INFO - Running: ['***', 'tasks', 'run', 'ml_monitoring_pipeline', 'make_predictions', 'scheduled__2025-11-27T00:00:00+00:00', '--job-id', '206', '--raw', '--subdir', 'DAGS_FOLDER/pipe_prediction_monitoring.py', '--cfg-path', '/tmp/tmpm8bg1pa1']
[2025-11-28T01:34:38.131+0000] {standard_task_runner.py:91} INFO - Job 206: Subtask make_predictions
[2025-11-28T01:34:38.170+0000] {task_command.py:426} INFO - Running <TaskInstance: ml_monitoring_pipeline.make_predictions scheduled__2025-11-27T00:00:00+00:00 [running]> on host 0c5da11f058c
[2025-11-28T01:34:38.231+0000] {taskinstance.py:2648} INFO - Exporting env vars: AIRFLOW_CTX_DAG_EMAIL='data-team@example.com' AIRFLOW_CTX_DAG_OWNER='data_science_team' AIRFLOW_CTX_DAG_ID='ml_monitoring_pipeline' AIRFLOW_CTX_TASK_ID='make_predictions' AIRFLOW_CTX_EXECUTION_DATE='2025-11-27T00:00:00+00:00' AIRFLOW_CTX_TRY_NUMBER='1' AIRFLOW_CTX_DAG_RUN_ID='scheduled__2025-11-27T00:00:00+00:00'
[2025-11-28T01:34:38.231+0000] {taskinstance.py:430} INFO - ::endgroup::
[2025-11-28T01:34:38.239+0000] {logging_mixin.py:188} INFO - 🔮 Fazendo predições...
[2025-11-28T01:34:39.025+0000] {logging_mixin.py:188} INFO - ✅ Usando features do modelo: ['BMI', 'DiabetesPedigreeFunction', 'Insulin', 'SkinThickness']
[2025-11-28T01:34:39.038+0000] {logging_mixin.py:188} INFO - ✅ Predições concluídas!
[2025-11-28T01:34:39.038+0000] {logging_mixin.py:188} INFO -    Total: 2
[2025-11-28T01:34:39.038+0000] {logging_mixin.py:188} INFO -    Classe 0 (Não diabético): 2
[2025-11-28T01:34:39.039+0000] {logging_mixin.py:188} INFO -    Classe 1 (Diabético): 0
[2025-11-28T01:34:39.108+0000] {python.py:237} INFO - Done. Returned value was: None
[2025-11-28T01:34:39.109+0000] {taskinstance.py:441} INFO - ::group::Post task execution logs
[2025-11-28T01:34:39.132+0000] {taskinstance.py:1206} INFO - Marking task as SUCCESS. dag_id=ml_monitoring_pipeline, task_id=make_predictions, run_id=scheduled__2025-11-27T00:00:00+00:00, execution_date=20251127T000000, start_date=20251128T013438, end_date=20251128T013439
[2025-11-28T01:34:39.236+0000] {local_task_job_runner.py:240} INFO - Task exited with return code 0
[2025-11-28T01:34:39.257+0000] {local_task_job_runner.py:222} INFO - ::endgroup::
