[2025-11-28T01:07:07.935+0000] {local_task_job_runner.py:120} INFO - ::group::Pre task execution logs
[2025-11-28T01:07:07.959+0000] {taskinstance.py:2076} INFO - Dependencies all met for dep_context=non-requeueable deps ti=<TaskInstance: ml_prediction_monitoring_pipeline.load_model manual__2025-11-28T00:43:38.561599+00:00 [queued]>
[2025-11-28T01:07:07.967+0000] {taskinstance.py:2076} INFO - Dependencies all met for dep_context=requeueable deps ti=<TaskInstance: ml_prediction_monitoring_pipeline.load_model manual__2025-11-28T00:43:38.561599+00:00 [queued]>
[2025-11-28T01:07:07.967+0000] {taskinstance.py:2306} INFO - Starting attempt 2 of 3
[2025-11-28T01:07:07.977+0000] {taskinstance.py:2330} INFO - Executing <Task(PythonOperator): load_model> on 2025-11-28 00:43:38.561599+00:00
[2025-11-28T01:07:07.984+0000] {standard_task_runner.py:90} INFO - Running: ['***', 'tasks', 'run', 'ml_prediction_monitoring_pipeline', 'load_model', 'manual__2025-11-28T00:43:38.561599+00:00', '--job-id', '120', '--raw', '--subdir', 'DAGS_FOLDER/pipe_prediction_monitoring.py', '--cfg-path', '/tmp/tmpb3i6t0v4']
[2025-11-28T01:07:07.986+0000] {logging_mixin.py:188} WARNING - /home/***/.local/lib/python3.12/site-packages/***/task/task_runner/standard_task_runner.py:61 DeprecationWarning: This process (pid=1703) is multi-threaded, use of fork() may lead to deadlocks in the child.
[2025-11-28T01:07:07.987+0000] {standard_task_runner.py:91} INFO - Job 120: Subtask load_model
[2025-11-28T01:07:07.987+0000] {standard_task_runner.py:63} INFO - Started process 1708 to run task
[2025-11-28T01:07:08.032+0000] {task_command.py:426} INFO - Running <TaskInstance: ml_prediction_monitoring_pipeline.load_model manual__2025-11-28T00:43:38.561599+00:00 [running]> on host 0c5da11f058c
[2025-11-28T01:07:08.102+0000] {taskinstance.py:2648} INFO - Exporting env vars: AIRFLOW_CTX_DAG_EMAIL='data-team@example.com' AIRFLOW_CTX_DAG_OWNER='data_science_team' AIRFLOW_CTX_DAG_ID='ml_prediction_monitoring_pipeline' AIRFLOW_CTX_TASK_ID='load_model' AIRFLOW_CTX_EXECUTION_DATE='2025-11-28T00:43:38.561599+00:00' AIRFLOW_CTX_TRY_NUMBER='2' AIRFLOW_CTX_DAG_RUN_ID='manual__2025-11-28T00:43:38.561599+00:00'
[2025-11-28T01:07:08.103+0000] {taskinstance.py:430} INFO - ::endgroup::
[2025-11-28T01:07:08.113+0000] {logging_mixin.py:188} INFO - 🤖 Carregando modelo 'diabete_model'...
[2025-11-28T01:07:08.115+0000] {logging_mixin.py:188} WARNING - /opt/***/dags/pipe_prediction_monitoring.py:145 FutureWarning: ``mlflow.tracking.client.MlflowClient.get_latest_versions`` is deprecated since 2.9.0. Model registry stages will be removed in a future major release. To learn more about the deprecation of model registry stages, see our migration guide here: https://mlflow.org/docs/latest/model-registry.html#migrating-from-stages
[2025-11-28T01:07:08.178+0000] {logging_mixin.py:188} INFO - 📦 Versão encontrada: 1
[2025-11-28T01:07:08.224+0000] {logging_mixin.py:188} WARNING - Downloading artifacts:   0%|          | 0/5 [00:00<?, ?it/s]
[2025-11-28T01:07:08.251+0000] {logging_mixin.py:188} WARNING - Downloading artifacts:  20%|##        | 1/5 [00:00<00:00, 37.93it/s]
[2025-11-28T01:07:08.263+0000] {logging_mixin.py:188} WARNING - Downloading artifacts:  40%|####      | 2/5 [00:00<00:00, 52.18it/s]
[2025-11-28T01:07:08.284+0000] {logging_mixin.py:188} WARNING - Downloading artifacts:  60%|######    | 3/5 [00:00<00:00, 50.33it/s]
[2025-11-28T01:07:08.288+0000] {logging_mixin.py:188} WARNING - Downloading artifacts:  80%|########  | 4/5 [00:00<00:00, 62.37it/s]
[2025-11-28T01:07:08.289+0000] {logging_mixin.py:188} WARNING - Downloading artifacts: 100%|##########| 5/5 [00:00<00:00, 76.91it/s]
[2025-11-28T01:07:08.290+0000] {logging_mixin.py:188} WARNING - Downloading artifacts: 100%|##########| 5/5 [00:00<00:00, 76.38it/s]
[2025-11-28T01:07:08.956+0000] {logging_mixin.py:188} INFO - 📋 Features do modelo: ['BMI', 'DiabetesPedigreeFunction', 'Insulin', 'SkinThickness']
[2025-11-28T01:07:08.974+0000] {logging_mixin.py:188} INFO - ✅ Modelo carregado!
[2025-11-28T01:07:08.995+0000] {python.py:237} INFO - Done. Returned value was: None
[2025-11-28T01:07:08.996+0000] {taskinstance.py:441} INFO - ::group::Post task execution logs
[2025-11-28T01:07:09.003+0000] {taskinstance.py:1206} INFO - Marking task as SUCCESS. dag_id=ml_prediction_monitoring_pipeline, task_id=load_model, run_id=manual__2025-11-28T00:43:38.561599+00:00, execution_date=20251128T004338, start_date=20251128T010707, end_date=20251128T010709
[2025-11-28T01:07:09.047+0000] {local_task_job_runner.py:240} INFO - Task exited with return code 0
[2025-11-28T01:07:09.070+0000] {taskinstance.py:3498} INFO - 1 downstream tasks scheduled from follow-on schedule check
[2025-11-28T01:07:09.073+0000] {local_task_job_runner.py:222} INFO - ::endgroup::
