[2025-11-28T11:36:49.244+0000] {local_task_job_runner.py:120} INFO - ::group::Pre task execution logs
[2025-11-28T11:36:49.288+0000] {taskinstance.py:2076} INFO - Dependencies all met for dep_context=non-requeueable deps ti=<TaskInstance: ml_training_pipeline.train_model manual__2025-11-28T11:36:25.904046+00:00 [queued]>
[2025-11-28T11:36:49.312+0000] {taskinstance.py:2076} INFO - Dependencies all met for dep_context=requeueable deps ti=<TaskInstance: ml_training_pipeline.train_model manual__2025-11-28T11:36:25.904046+00:00 [queued]>
[2025-11-28T11:36:49.313+0000] {taskinstance.py:2306} INFO - Starting attempt 1 of 3
[2025-11-28T11:36:49.328+0000] {taskinstance.py:2330} INFO - Executing <Task(PythonOperator): train_model> on 2025-11-28 11:36:25.904046+00:00
[2025-11-28T11:36:49.340+0000] {logging_mixin.py:188} WARNING - /home/***/.local/lib/python3.12/site-packages/***/task/task_runner/standard_task_runner.py:61 DeprecationWarning: This process (pid=359) is multi-threaded, use of fork() may lead to deadlocks in the child.
[2025-11-28T11:36:49.340+0000] {standard_task_runner.py:90} INFO - Running: ['***', 'tasks', 'run', 'ml_training_pipeline', 'train_model', 'manual__2025-11-28T11:36:25.904046+00:00', '--job-id', '242', '--raw', '--subdir', 'DAGS_FOLDER/treinamento.py', '--cfg-path', '/tmp/tmp2i779hbq']
[2025-11-28T11:36:49.343+0000] {standard_task_runner.py:91} INFO - Job 242: Subtask train_model
[2025-11-28T11:36:49.343+0000] {standard_task_runner.py:63} INFO - Started process 388 to run task
[2025-11-28T11:36:49.407+0000] {task_command.py:426} INFO - Running <TaskInstance: ml_training_pipeline.train_model manual__2025-11-28T11:36:25.904046+00:00 [running]> on host 351eaf83ff35
[2025-11-28T11:36:49.513+0000] {taskinstance.py:2648} INFO - Exporting env vars: AIRFLOW_CTX_DAG_EMAIL='data-team@example.com' AIRFLOW_CTX_DAG_OWNER='data_science_team' AIRFLOW_CTX_DAG_ID='ml_training_pipeline' AIRFLOW_CTX_TASK_ID='train_model' AIRFLOW_CTX_EXECUTION_DATE='2025-11-28T11:36:25.904046+00:00' AIRFLOW_CTX_TRY_NUMBER='1' AIRFLOW_CTX_DAG_RUN_ID='manual__2025-11-28T11:36:25.904046+00:00'
[2025-11-28T11:36:49.514+0000] {taskinstance.py:430} INFO - ::endgroup::
[2025-11-28T11:36:49.528+0000] {logging_mixin.py:188} INFO - 🤖 Treinando modelo...
[2025-11-28T11:36:49.581+0000] {logging_mixin.py:188} INFO - ✅ Modelo treinado!
[2025-11-28T11:36:49.653+0000] {python.py:237} INFO - Done. Returned value was: None
[2025-11-28T11:36:49.654+0000] {taskinstance.py:441} INFO - ::group::Post task execution logs
[2025-11-28T11:36:49.686+0000] {taskinstance.py:1206} INFO - Marking task as SUCCESS. dag_id=ml_training_pipeline, task_id=train_model, run_id=manual__2025-11-28T11:36:25.904046+00:00, execution_date=20251128T113625, start_date=20251128T113649, end_date=20251128T113649
[2025-11-28T11:36:49.723+0000] {local_task_job_runner.py:240} INFO - Task exited with return code 0
[2025-11-28T11:36:49.772+0000] {taskinstance.py:3498} INFO - 0 downstream tasks scheduled from follow-on schedule check
[2025-11-28T11:36:49.786+0000] {local_task_job_runner.py:222} INFO - ::endgroup::
