[2026-01-27T14:23:25.938+0000] {local_task_job_runner.py:120} INFO - ::group::Pre task execution logs
[2026-01-27T14:23:26.299+0000] {taskinstance.py:2076} INFO - Dependencies all met for dep_context=non-requeueable deps ti=<TaskInstance: etl_pipeline_final.task_transform scheduled__2025-11-28T00:00:00+00:00 [queued]>
[2026-01-27T14:23:26.376+0000] {taskinstance.py:2076} INFO - Dependencies all met for dep_context=requeueable deps ti=<TaskInstance: etl_pipeline_final.task_transform scheduled__2025-11-28T00:00:00+00:00 [queued]>
[2026-01-27T14:23:26.378+0000] {taskinstance.py:2306} INFO - Starting attempt 1 of 1
[2026-01-27T14:23:26.493+0000] {taskinstance.py:2330} INFO - Executing <Task(_PythonDecoratedOperator): task_transform> on 2025-11-28 00:00:00+00:00
[2026-01-27T14:23:26.585+0000] {standard_task_runner.py:90} INFO - Running: ['***', 'tasks', 'run', 'etl_pipeline_final', 'task_transform', 'scheduled__2025-11-28T00:00:00+00:00', '--job-id', '85', '--raw', '--subdir', 'DAGS_FOLDER/etl.py', '--cfg-path', '/tmp/tmpd11a_me4']
[2026-01-27T14:23:26.610+0000] {standard_task_runner.py:91} INFO - Job 85: Subtask task_transform
[2026-01-27T14:23:26.612+0000] {logging_mixin.py:188} WARNING - /home/***/.local/lib/python3.12/site-packages/***/task/task_runner/standard_task_runner.py:61 DeprecationWarning: This process (pid=227) is multi-threaded, use of fork() may lead to deadlocks in the child.
[2026-01-27T14:23:26.613+0000] {standard_task_runner.py:63} INFO - Started process 231 to run task
[2026-01-27T14:23:26.909+0000] {task_command.py:426} INFO - Running <TaskInstance: etl_pipeline_final.task_transform scheduled__2025-11-28T00:00:00+00:00 [running]> on host 10644d4e06d9
[2026-01-27T14:23:28.341+0000] {taskinstance.py:2648} INFO - Exporting env vars: AIRFLOW_CTX_DAG_OWNER='***' AIRFLOW_CTX_DAG_ID='etl_pipeline_final' AIRFLOW_CTX_TASK_ID='task_transform' AIRFLOW_CTX_EXECUTION_DATE='2025-11-28T00:00:00+00:00' AIRFLOW_CTX_TRY_NUMBER='1' AIRFLOW_CTX_DAG_RUN_ID='scheduled__2025-11-28T00:00:00+00:00'
[2026-01-27T14:23:28.349+0000] {taskinstance.py:430} INFO - ::endgroup::
[2026-01-27T14:23:28.360+0000] {python.py:237} INFO - Done. Returned value was: {'predictor':      Pregnancies  Glucose  BloodPressure  ...   BMI  DiabetesPedigreeFunction  Age
0              6      148             72  ...  33.6                     0.627   50
1              1       85             66  ...  26.6                     0.351   31
2              8      183             64  ...  23.3                     0.672   32
3              1       89             66  ...  28.1                     0.167   21
4              0      137             40  ...  43.1                     2.288   33
..           ...      ...            ...  ...   ...                       ...  ...
764            2      122             70  ...  36.8                     0.340   27
765            5      121             72  ...  26.2                     0.245   30
766            1      126             60  ...  30.1                     0.349   47
767            1       93             70  ...  30.4                     0.315   23
768            1       93             70  ...  30.4                     0.315   23

[769 rows x 8 columns], 'target': 0      1
1      0
2      1
3      0
4      1
      ..
764    0
765    0
766    1
767    0
768    0
Name: Outcome, Length: 769, dtype: int64}
[2026-01-27T14:23:28.417+0000] {taskinstance.py:441} INFO - ::group::Post task execution logs
[2026-01-27T14:23:28.637+0000] {taskinstance.py:1206} INFO - Marking task as SUCCESS. dag_id=etl_pipeline_final, task_id=task_transform, run_id=scheduled__2025-11-28T00:00:00+00:00, execution_date=20251128T000000, start_date=20260127T142326, end_date=20260127T142328
[2026-01-27T14:23:28.704+0000] {local_task_job_runner.py:240} INFO - Task exited with return code 0
[2026-01-27T14:23:28.884+0000] {taskinstance.py:3498} INFO - 1 downstream tasks scheduled from follow-on schedule check
[2026-01-27T14:23:28.892+0000] {local_task_job_runner.py:222} INFO - ::endgroup::
