[2025-11-27T21:38:12.980+0000] {local_task_job_runner.py:120} INFO - ::group::Pre task execution logs
[2025-11-27T21:38:13.012+0000] {taskinstance.py:2076} INFO - Dependencies all met for dep_context=non-requeueable deps ti=<TaskInstance: ml_training_pipeline.create_artifacts manual__2025-11-27T21:37:38.169153+00:00 [queued]>
[2025-11-27T21:38:13.024+0000] {taskinstance.py:2076} INFO - Dependencies all met for dep_context=requeueable deps ti=<TaskInstance: ml_training_pipeline.create_artifacts manual__2025-11-27T21:37:38.169153+00:00 [queued]>
[2025-11-27T21:38:13.024+0000] {taskinstance.py:2306} INFO - Starting attempt 1 of 3
[2025-11-27T21:38:13.043+0000] {taskinstance.py:2330} INFO - Executing <Task(PythonOperator): create_artifacts> on 2025-11-27 21:37:38.169153+00:00
[2025-11-27T21:38:13.059+0000] {logging_mixin.py:188} WARNING - /home/***/.local/lib/python3.12/site-packages/***/task/task_runner/standard_task_runner.py:61 DeprecationWarning: This process (pid=2641) is multi-threaded, use of fork() may lead to deadlocks in the child.
[2025-11-27T21:38:13.061+0000] {standard_task_runner.py:63} INFO - Started process 2663 to run task
[2025-11-27T21:38:13.059+0000] {standard_task_runner.py:90} INFO - Running: ['***', 'tasks', 'run', 'ml_training_pipeline', 'create_artifacts', 'manual__2025-11-27T21:37:38.169153+00:00', '--job-id', '83', '--raw', '--subdir', 'DAGS_FOLDER/treinamento.py', '--cfg-path', '/tmp/tmp4xk3vw0u']
[2025-11-27T21:38:13.064+0000] {standard_task_runner.py:91} INFO - Job 83: Subtask create_artifacts
[2025-11-27T21:38:13.132+0000] {task_command.py:426} INFO - Running <TaskInstance: ml_training_pipeline.create_artifacts manual__2025-11-27T21:37:38.169153+00:00 [running]> on host 526a5b4f3a6c
[2025-11-27T21:38:13.254+0000] {taskinstance.py:2648} INFO - Exporting env vars: AIRFLOW_CTX_DAG_EMAIL='data-team@example.com' AIRFLOW_CTX_DAG_OWNER='data_science_team' AIRFLOW_CTX_DAG_ID='ml_training_pipeline' AIRFLOW_CTX_TASK_ID='create_artifacts' AIRFLOW_CTX_EXECUTION_DATE='2025-11-27T21:37:38.169153+00:00' AIRFLOW_CTX_TRY_NUMBER='1' AIRFLOW_CTX_DAG_RUN_ID='manual__2025-11-27T21:37:38.169153+00:00'
[2025-11-27T21:38:13.256+0000] {taskinstance.py:430} INFO - ::endgroup::
[2025-11-27T21:38:13.276+0000] {logging_mixin.py:188} INFO - 🎨 Criando artefatos...
[2025-11-27T21:38:13.517+0000] {logging_mixin.py:188} INFO - ✅ Matriz de confusão salva
[2025-11-27T21:38:13.517+0000] {logging_mixin.py:188} INFO - ✅ Lista de features salva
[2025-11-27T21:38:13.517+0000] {python.py:237} INFO - Done. Returned value was: None
[2025-11-27T21:38:13.518+0000] {taskinstance.py:441} INFO - ::group::Post task execution logs
[2025-11-27T21:38:13.529+0000] {taskinstance.py:1206} INFO - Marking task as SUCCESS. dag_id=ml_training_pipeline, task_id=create_artifacts, run_id=manual__2025-11-27T21:37:38.169153+00:00, execution_date=20251127T213738, start_date=20251127T213813, end_date=20251127T213813
[2025-11-27T21:38:13.557+0000] {local_task_job_runner.py:240} INFO - Task exited with return code 0
[2025-11-27T21:38:13.590+0000] {taskinstance.py:3498} INFO - 1 downstream tasks scheduled from follow-on schedule check
[2025-11-27T21:38:13.593+0000] {local_task_job_runner.py:222} INFO - ::endgroup::
