[2026-01-27T14:23:32.487+0000] {local_task_job_runner.py:120} INFO - ::group::Pre task execution logs
[2026-01-27T14:23:32.786+0000] {taskinstance.py:2076} INFO - Dependencies all met for dep_context=non-requeueable deps ti=<TaskInstance: etl_pipeline_final.task_timestamps scheduled__2025-11-28T00:00:00+00:00 [queued]>
[2026-01-27T14:23:32.854+0000] {taskinstance.py:2076} INFO - Dependencies all met for dep_context=requeueable deps ti=<TaskInstance: etl_pipeline_final.task_timestamps scheduled__2025-11-28T00:00:00+00:00 [queued]>
[2026-01-27T14:23:32.855+0000] {taskinstance.py:2306} INFO - Starting attempt 1 of 1
[2026-01-27T14:23:32.920+0000] {taskinstance.py:2330} INFO - Executing <Task(_PythonDecoratedOperator): task_timestamps> on 2025-11-28 00:00:00+00:00
[2026-01-27T14:23:32.956+0000] {standard_task_runner.py:90} INFO - Running: ['***', 'tasks', 'run', 'etl_pipeline_final', 'task_timestamps', 'scheduled__2025-11-28T00:00:00+00:00', '--job-id', '88', '--raw', '--subdir', 'DAGS_FOLDER/etl.py', '--cfg-path', '/tmp/tmp0dejncpq']
[2026-01-27T14:23:32.973+0000] {standard_task_runner.py:91} INFO - Job 88: Subtask task_timestamps
[2026-01-27T14:23:32.971+0000] {logging_mixin.py:188} WARNING - /home/***/.local/lib/python3.12/site-packages/***/task/task_runner/standard_task_runner.py:61 DeprecationWarning: This process (pid=267) is multi-threaded, use of fork() may lead to deadlocks in the child.
[2026-01-27T14:23:32.977+0000] {standard_task_runner.py:63} INFO - Started process 299 to run task
[2026-01-27T14:23:33.212+0000] {task_command.py:426} INFO - Running <TaskInstance: etl_pipeline_final.task_timestamps scheduled__2025-11-28T00:00:00+00:00 [running]> on host 10644d4e06d9
[2026-01-27T14:23:34.340+0000] {taskinstance.py:2648} INFO - Exporting env vars: AIRFLOW_CTX_DAG_OWNER='***' AIRFLOW_CTX_DAG_ID='etl_pipeline_final' AIRFLOW_CTX_TASK_ID='task_timestamps' AIRFLOW_CTX_EXECUTION_DATE='2025-11-28T00:00:00+00:00' AIRFLOW_CTX_TRY_NUMBER='1' AIRFLOW_CTX_DAG_RUN_ID='scheduled__2025-11-28T00:00:00+00:00'
[2026-01-27T14:23:34.342+0000] {taskinstance.py:430} INFO - ::endgroup::
[2026-01-27T14:23:34.369+0000] {python.py:237} INFO - Done. Returned value was: {'predictor':      Pregnancies  Glucose  ...  Age            event_timestamp
0              6      148  ...   50 2023-12-21 14:23:34.343766
1              1       85  ...   31 2023-12-22 14:23:34.343766
2              8      183  ...   32 2023-12-23 14:23:34.343766
3              1       89  ...   21 2023-12-24 14:23:34.343766
4              0      137  ...   33 2023-12-25 14:23:34.343766
..           ...      ...  ...  ...                        ...
764            2      122  ...   27 2026-01-23 14:23:34.343766
765            5      121  ...   30 2026-01-24 14:23:34.343766
766            1      126  ...   47 2026-01-25 14:23:34.343766
767            1       93  ...   23 2026-01-26 14:23:34.343766
768            1       93  ...   23 2026-01-27 14:23:34.343766

[769 rows x 9 columns], 'target':      Outcome            event_timestamp
0          1 2023-12-21 14:23:34.343766
1          0 2023-12-22 14:23:34.343766
2          1 2023-12-23 14:23:34.343766
3          0 2023-12-24 14:23:34.343766
4          1 2023-12-25 14:23:34.343766
..       ...                        ...
764        0 2026-01-23 14:23:34.343766
765        0 2026-01-24 14:23:34.343766
766        1 2026-01-25 14:23:34.343766
767        0 2026-01-26 14:23:34.343766
768        0 2026-01-27 14:23:34.343766

[769 rows x 2 columns]}
[2026-01-27T14:23:34.453+0000] {taskinstance.py:441} INFO - ::group::Post task execution logs
[2026-01-27T14:23:34.657+0000] {taskinstance.py:1206} INFO - Marking task as SUCCESS. dag_id=etl_pipeline_final, task_id=task_timestamps, run_id=scheduled__2025-11-28T00:00:00+00:00, execution_date=20251128T000000, start_date=20260127T142332, end_date=20260127T142334
[2026-01-27T14:23:34.759+0000] {local_task_job_runner.py:240} INFO - Task exited with return code 0
[2026-01-27T14:23:34.870+0000] {local_task_job_runner.py:222} INFO - ::endgroup::
