[2025-11-28T00:43:41.473+0000] {local_task_job_runner.py:120} INFO - ::group::Pre task execution logs
[2025-11-28T00:43:41.494+0000] {taskinstance.py:2076} INFO - Dependencies all met for dep_context=non-requeueable deps ti=<TaskInstance: ml_prediction_monitoring_pipeline.setup_and_materialize_features scheduled__2025-11-27T00:00:00+00:00 [queued]>
[2025-11-28T00:43:41.500+0000] {taskinstance.py:2076} INFO - Dependencies all met for dep_context=requeueable deps ti=<TaskInstance: ml_prediction_monitoring_pipeline.setup_and_materialize_features scheduled__2025-11-27T00:00:00+00:00 [queued]>
[2025-11-28T00:43:41.500+0000] {taskinstance.py:2306} INFO - Starting attempt 1 of 3
[2025-11-28T00:43:41.509+0000] {taskinstance.py:2330} INFO - Executing <Task(PythonOperator): setup_and_materialize_features> on 2025-11-27 00:00:00+00:00
[2025-11-28T00:43:41.515+0000] {logging_mixin.py:188} WARNING - /home/***/.local/lib/python3.12/site-packages/***/task/task_runner/standard_task_runner.py:61 DeprecationWarning: This process (pid=227) is multi-threaded, use of fork() may lead to deadlocks in the child.
[2025-11-28T00:43:41.517+0000] {standard_task_runner.py:63} INFO - Started process 234 to run task
[2025-11-28T00:43:41.517+0000] {standard_task_runner.py:90} INFO - Running: ['***', 'tasks', 'run', 'ml_prediction_monitoring_pipeline', 'setup_and_materialize_features', 'scheduled__2025-11-27T00:00:00+00:00', '--job-id', '97', '--raw', '--subdir', 'DAGS_FOLDER/pipe_prediction_monitoring.py', '--cfg-path', '/tmp/tmpmx7ycuxh']
[2025-11-28T00:43:41.519+0000] {standard_task_runner.py:91} INFO - Job 97: Subtask setup_and_materialize_features
[2025-11-28T00:43:41.559+0000] {task_command.py:426} INFO - Running <TaskInstance: ml_prediction_monitoring_pipeline.setup_and_materialize_features scheduled__2025-11-27T00:00:00+00:00 [running]> on host 0c5da11f058c
[2025-11-28T00:43:41.638+0000] {taskinstance.py:2648} INFO - Exporting env vars: AIRFLOW_CTX_DAG_EMAIL='data-team@example.com' AIRFLOW_CTX_DAG_OWNER='data_science_team' AIRFLOW_CTX_DAG_ID='ml_prediction_monitoring_pipeline' AIRFLOW_CTX_TASK_ID='setup_and_materialize_features' AIRFLOW_CTX_EXECUTION_DATE='2025-11-27T00:00:00+00:00' AIRFLOW_CTX_TRY_NUMBER='1' AIRFLOW_CTX_DAG_RUN_ID='scheduled__2025-11-27T00:00:00+00:00'
[2025-11-28T00:43:41.639+0000] {taskinstance.py:430} INFO - ::endgroup::
[2025-11-28T00:43:41.649+0000] {logging_mixin.py:188} INFO - 🔧 Configurando MLflow...
[2025-11-28T00:43:41.649+0000] {logging_mixin.py:188} INFO - 🔄 Materializando features no Feast...
[2025-11-28T00:43:42.128+0000] {registry.py:872} INFO - Registry cache expired, so refreshing
[2025-11-28T00:43:42.131+0000] {utils.py:750} WARNING - _list_feature_views will make breaking changes. Please use _list_batch_feature_views instead. _list_feature_views will behave like _list_all_feature_views in the future.
[2025-11-28T00:43:42.131+0000] {registry.py:872} INFO - Registry cache expired, so refreshing
[2025-11-28T00:43:42.134+0000] {registry.py:872} INFO - Registry cache expired, so refreshing
[2025-11-28T00:43:42.134+0000] {logging_mixin.py:188} INFO - Materializing 2 feature views to 2025-11-28 00:43:42+00:00 into the sqlite online store.
[2025-11-28T00:43:42.135+0000] {logging_mixin.py:188} INFO - predictors_df_feature_view from 2026-11-27 21:26:52+00:00 to 2025-11-28 00:43:42+00:00:
[2025-11-28T00:43:42.137+0000] {registry.py:872} INFO - Registry cache expired, so refreshing
[2025-11-28T00:43:42.372+0000] {logging_mixin.py:188} WARNING - 0it [00:00, ?it/s]
[2025-11-28T00:43:42.372+0000] {logging_mixin.py:188} WARNING - 0it [00:00, ?it/s]
[2025-11-28T00:43:42.375+0000] {logging_mixin.py:188} INFO - ptarget_df_feature_view from 2026-11-27 21:26:52+00:00 to 2025-11-28 00:43:42+00:00:
[2025-11-28T00:43:42.375+0000] {registry.py:872} INFO - Registry cache expired, so refreshing
[2025-11-28T00:43:42.411+0000] {logging_mixin.py:188} WARNING - 0it [00:00, ?it/s]
[2025-11-28T00:43:42.411+0000] {logging_mixin.py:188} WARNING - 0it [00:00, ?it/s]
[2025-11-28T00:43:42.431+0000] {logging_mixin.py:188} INFO - ✅ MLflow configurado e features materializadas!
[2025-11-28T00:43:42.431+0000] {python.py:237} INFO - Done. Returned value was: None
[2025-11-28T00:43:42.432+0000] {taskinstance.py:441} INFO - ::group::Post task execution logs
[2025-11-28T00:43:42.440+0000] {taskinstance.py:1206} INFO - Marking task as SUCCESS. dag_id=ml_prediction_monitoring_pipeline, task_id=setup_and_materialize_features, run_id=scheduled__2025-11-27T00:00:00+00:00, execution_date=20251127T000000, start_date=20251128T004341, end_date=20251128T004342
[2025-11-28T00:43:42.461+0000] {local_task_job_runner.py:240} INFO - Task exited with return code 0
[2025-11-28T00:43:42.479+0000] {taskinstance.py:3498} INFO - 1 downstream tasks scheduled from follow-on schedule check
[2025-11-28T00:43:42.482+0000] {local_task_job_runner.py:222} INFO - ::endgroup::
[2025-11-28T01:18:54.078+0000] {local_task_job_runner.py:120} INFO - ::group::Pre task execution logs
[2025-11-28T01:18:54.127+0000] {taskinstance.py:2076} INFO - Dependencies all met for dep_context=non-requeueable deps ti=<TaskInstance: ml_prediction_monitoring_pipeline.setup_and_materialize_features scheduled__2025-11-27T00:00:00+00:00 [queued]>
[2025-11-28T01:18:54.139+0000] {taskinstance.py:2076} INFO - Dependencies all met for dep_context=requeueable deps ti=<TaskInstance: ml_prediction_monitoring_pipeline.setup_and_materialize_features scheduled__2025-11-27T00:00:00+00:00 [queued]>
[2025-11-28T01:18:54.140+0000] {taskinstance.py:2306} INFO - Starting attempt 1 of 3
[2025-11-28T01:18:54.159+0000] {taskinstance.py:2330} INFO - Executing <Task(PythonOperator): setup_and_materialize_features> on 2025-11-27 00:00:00+00:00
[2025-11-28T01:18:54.171+0000] {logging_mixin.py:188} WARNING - /home/***/.local/lib/python3.12/site-packages/***/task/task_runner/standard_task_runner.py:61 DeprecationWarning: This process (pid=3028) is multi-threaded, use of fork() may lead to deadlocks in the child.
[2025-11-28T01:18:54.171+0000] {standard_task_runner.py:90} INFO - Running: ['***', 'tasks', 'run', 'ml_prediction_monitoring_pipeline', 'setup_and_materialize_features', 'scheduled__2025-11-27T00:00:00+00:00', '--job-id', '144', '--raw', '--subdir', 'DAGS_FOLDER/pipe_prediction_monitoring.py', '--cfg-path', '/tmp/tmpfn6uxens']
[2025-11-28T01:18:54.175+0000] {standard_task_runner.py:63} INFO - Started process 3041 to run task
[2025-11-28T01:18:54.175+0000] {standard_task_runner.py:91} INFO - Job 144: Subtask setup_and_materialize_features
[2025-11-28T01:18:54.250+0000] {task_command.py:426} INFO - Running <TaskInstance: ml_prediction_monitoring_pipeline.setup_and_materialize_features scheduled__2025-11-27T00:00:00+00:00 [running]> on host 0c5da11f058c
[2025-11-28T01:18:54.368+0000] {taskinstance.py:2648} INFO - Exporting env vars: AIRFLOW_CTX_DAG_EMAIL='data-team@example.com' AIRFLOW_CTX_DAG_OWNER='data_science_team' AIRFLOW_CTX_DAG_ID='ml_prediction_monitoring_pipeline' AIRFLOW_CTX_TASK_ID='setup_and_materialize_features' AIRFLOW_CTX_EXECUTION_DATE='2025-11-27T00:00:00+00:00' AIRFLOW_CTX_TRY_NUMBER='1' AIRFLOW_CTX_DAG_RUN_ID='scheduled__2025-11-27T00:00:00+00:00'
[2025-11-28T01:18:54.370+0000] {taskinstance.py:430} INFO - ::endgroup::
[2025-11-28T01:18:54.384+0000] {logging_mixin.py:188} INFO - 🔧 Configurando MLflow...
[2025-11-28T01:18:54.385+0000] {logging_mixin.py:188} INFO - 🔄 Materializando features no Feast...
[2025-11-28T01:18:55.209+0000] {registry.py:872} INFO - Registry cache expired, so refreshing
[2025-11-28T01:18:55.214+0000] {utils.py:750} WARNING - _list_feature_views will make breaking changes. Please use _list_batch_feature_views instead. _list_feature_views will behave like _list_all_feature_views in the future.
[2025-11-28T01:18:55.214+0000] {registry.py:872} INFO - Registry cache expired, so refreshing
[2025-11-28T01:18:55.225+0000] {registry.py:872} INFO - Registry cache expired, so refreshing
[2025-11-28T01:18:55.226+0000] {logging_mixin.py:188} INFO - Materializing 2 feature views to 2025-11-28 01:18:55+00:00 into the sqlite online store.
[2025-11-28T01:18:55.228+0000] {logging_mixin.py:188} INFO - predictors_df_feature_view from 2026-11-27 21:26:52+00:00 to 2025-11-28 01:18:55+00:00:
[2025-11-28T01:18:55.233+0000] {registry.py:872} INFO - Registry cache expired, so refreshing
[2025-11-28T01:18:55.683+0000] {logging_mixin.py:188} WARNING - 0it [00:00, ?it/s]
[2025-11-28T01:18:55.685+0000] {logging_mixin.py:188} WARNING - 0it [00:00, ?it/s]
[2025-11-28T01:18:55.690+0000] {logging_mixin.py:188} INFO - ptarget_df_feature_view from 2026-11-27 21:26:52+00:00 to 2025-11-28 01:18:55+00:00:
[2025-11-28T01:18:55.691+0000] {registry.py:872} INFO - Registry cache expired, so refreshing
[2025-11-28T01:18:55.756+0000] {logging_mixin.py:188} WARNING - 0it [00:00, ?it/s]
[2025-11-28T01:18:55.757+0000] {logging_mixin.py:188} WARNING - 0it [00:00, ?it/s]
[2025-11-28T01:18:55.798+0000] {logging_mixin.py:188} INFO - ✅ MLflow configurado e features materializadas!
[2025-11-28T01:18:55.798+0000] {python.py:237} INFO - Done. Returned value was: None
[2025-11-28T01:18:55.799+0000] {taskinstance.py:441} INFO - ::group::Post task execution logs
[2025-11-28T01:18:55.810+0000] {taskinstance.py:1206} INFO - Marking task as SUCCESS. dag_id=ml_prediction_monitoring_pipeline, task_id=setup_and_materialize_features, run_id=scheduled__2025-11-27T00:00:00+00:00, execution_date=20251127T000000, start_date=20251128T011854, end_date=20251128T011855
[2025-11-28T01:18:55.885+0000] {local_task_job_runner.py:240} INFO - Task exited with return code 0
[2025-11-28T01:18:55.930+0000] {taskinstance.py:3498} INFO - 1 downstream tasks scheduled from follow-on schedule check
[2025-11-28T01:18:55.935+0000] {local_task_job_runner.py:222} INFO - ::endgroup::
