[2025-11-28T20:02:50.913+0000] {local_task_job_runner.py:120} INFO - ::group::Pre task execution logs
[2025-11-28T20:02:50.957+0000] {taskinstance.py:2076} INFO - Dependencies all met for dep_context=non-requeueable deps ti=<TaskInstance: ml_prediction_pipeline.save_predictions manual__2025-11-28T20:02:03.214917+00:00 [queued]>
[2025-11-28T20:02:50.971+0000] {taskinstance.py:2076} INFO - Dependencies all met for dep_context=requeueable deps ti=<TaskInstance: ml_prediction_pipeline.save_predictions manual__2025-11-28T20:02:03.214917+00:00 [queued]>
[2025-11-28T20:02:50.971+0000] {taskinstance.py:2306} INFO - Starting attempt 1 of 3
[2025-11-28T20:02:50.989+0000] {taskinstance.py:2330} INFO - Executing <Task(PythonOperator): save_predictions> on 2025-11-28 20:02:03.214917+00:00
[2025-11-28T20:02:51.005+0000] {logging_mixin.py:188} WARNING - /home/***/.local/lib/python3.12/site-packages/***/task/task_runner/standard_task_runner.py:61 DeprecationWarning: This process (pid=1204) is multi-threaded, use of fork() may lead to deadlocks in the child.
[2025-11-28T20:02:51.003+0000] {standard_task_runner.py:90} INFO - Running: ['***', 'tasks', 'run', 'ml_prediction_pipeline', 'save_predictions', 'manual__2025-11-28T20:02:03.214917+00:00', '--job-id', '57', '--raw', '--subdir', 'DAGS_FOLDER/predict.py', '--cfg-path', '/tmp/tmp3vm9otoe']
[2025-11-28T20:02:51.006+0000] {standard_task_runner.py:63} INFO - Started process 1229 to run task
[2025-11-28T20:02:51.006+0000] {standard_task_runner.py:91} INFO - Job 57: Subtask save_predictions
[2025-11-28T20:02:51.090+0000] {task_command.py:426} INFO - Running <TaskInstance: ml_prediction_pipeline.save_predictions manual__2025-11-28T20:02:03.214917+00:00 [running]> on host 33d3f194c23b
[2025-11-28T20:02:51.230+0000] {taskinstance.py:2648} INFO - Exporting env vars: AIRFLOW_CTX_DAG_EMAIL='data-team@example.com' AIRFLOW_CTX_DAG_OWNER='data_science_team' AIRFLOW_CTX_DAG_ID='ml_prediction_pipeline' AIRFLOW_CTX_TASK_ID='save_predictions' AIRFLOW_CTX_EXECUTION_DATE='2025-11-28T20:02:03.214917+00:00' AIRFLOW_CTX_TRY_NUMBER='1' AIRFLOW_CTX_DAG_RUN_ID='manual__2025-11-28T20:02:03.214917+00:00'
[2025-11-28T20:02:51.232+0000] {taskinstance.py:430} INFO - ::endgroup::
[2025-11-28T20:02:51.254+0000] {logging_mixin.py:188} INFO - Salvando predições...
[2025-11-28T20:02:51.327+0000] {logging_mixin.py:188} INFO -    Predições individuais salvas:
[2025-11-28T20:02:51.328+0000] {logging_mixin.py:188} INFO -    Parquet: /home/luisveloso/MLOps_projects/data/artifacts/predictions/predictions_20251128_200251.parquet
[2025-11-28T20:02:51.328+0000] {logging_mixin.py:188} INFO -    CSV: /home/luisveloso/MLOps_projects/data/artifacts/predictions/predictions_20251128_200251.csv
[2025-11-28T20:02:51.337+0000] {logging_mixin.py:188} INFO - Histórico encontrado: 4 predições anteriores
[2025-11-28T20:02:51.348+0000] {logging_mixin.py:188} INFO - Histórico atualizado: 6 predições totais
[2025-11-28T20:02:51.351+0000] {logging_mixin.py:188} INFO - 
 Estatísticas do Histórico:
[2025-11-28T20:02:51.352+0000] {logging_mixin.py:188} INFO -    Total de predições: 6
[2025-11-28T20:02:51.353+0000] {logging_mixin.py:188} INFO -    Total de batches: 2
[2025-11-28T20:02:51.355+0000] {logging_mixin.py:188} INFO -    Primeira predição: 2025-11-28 11:38:22.584607
[2025-11-28T20:02:51.356+0000] {logging_mixin.py:188} INFO -    Última predição: 2025-11-28 20:02:45.889255
[2025-11-28T20:02:51.357+0000] {logging_mixin.py:188} INFO -    Proporção classe 1 (histórico): 0.000
[2025-11-28T20:02:51.430+0000] {python.py:237} INFO - Done. Returned value was: None
[2025-11-28T20:02:51.430+0000] {taskinstance.py:441} INFO - ::group::Post task execution logs
[2025-11-28T20:02:51.443+0000] {taskinstance.py:1206} INFO - Marking task as SUCCESS. dag_id=ml_prediction_pipeline, task_id=save_predictions, run_id=manual__2025-11-28T20:02:03.214917+00:00, execution_date=20251128T200203, start_date=20251128T200250, end_date=20251128T200251
[2025-11-28T20:02:51.503+0000] {local_task_job_runner.py:240} INFO - Task exited with return code 0
[2025-11-28T20:02:51.571+0000] {taskinstance.py:3498} INFO - 0 downstream tasks scheduled from follow-on schedule check
[2025-11-28T20:02:51.583+0000] {local_task_job_runner.py:222} INFO - ::endgroup::
