[2025-11-28T01:19:46.607+0000] {local_task_job_runner.py:120} INFO - ::group::Pre task execution logs
[2025-11-28T01:19:46.637+0000] {taskinstance.py:2076} INFO - Dependencies all met for dep_context=non-requeueable deps ti=<TaskInstance: ml_prediction_monitoring_pipeline.save_predictions manual__2025-11-28T01:19:18.219445+00:00 [queued]>
[2025-11-28T01:19:46.647+0000] {taskinstance.py:2076} INFO - Dependencies all met for dep_context=requeueable deps ti=<TaskInstance: ml_prediction_monitoring_pipeline.save_predictions manual__2025-11-28T01:19:18.219445+00:00 [queued]>
[2025-11-28T01:19:46.648+0000] {taskinstance.py:2306} INFO - Starting attempt 1 of 3
[2025-11-28T01:19:46.666+0000] {taskinstance.py:2330} INFO - Executing <Task(PythonOperator): save_predictions> on 2025-11-28 01:19:18.219445+00:00
[2025-11-28T01:19:46.675+0000] {logging_mixin.py:188} WARNING - /home/***/.local/lib/python3.12/site-packages/***/task/task_runner/standard_task_runner.py:61 DeprecationWarning: This process (pid=3374) is multi-threaded, use of fork() may lead to deadlocks in the child.
[2025-11-28T01:19:46.677+0000] {standard_task_runner.py:63} INFO - Started process 3377 to run task
[2025-11-28T01:19:46.676+0000] {standard_task_runner.py:90} INFO - Running: ['***', 'tasks', 'run', 'ml_prediction_monitoring_pipeline', 'save_predictions', 'manual__2025-11-28T01:19:18.219445+00:00', '--job-id', '161', '--raw', '--subdir', 'DAGS_FOLDER/pipe_prediction_monitoring.py', '--cfg-path', '/tmp/tmpt82q5a44']
[2025-11-28T01:19:46.679+0000] {standard_task_runner.py:91} INFO - Job 161: Subtask save_predictions
[2025-11-28T01:19:46.729+0000] {task_command.py:426} INFO - Running <TaskInstance: ml_prediction_monitoring_pipeline.save_predictions manual__2025-11-28T01:19:18.219445+00:00 [running]> on host 0c5da11f058c
[2025-11-28T01:19:46.810+0000] {taskinstance.py:2648} INFO - Exporting env vars: AIRFLOW_CTX_DAG_EMAIL='data-team@example.com' AIRFLOW_CTX_DAG_OWNER='data_science_team' AIRFLOW_CTX_DAG_ID='ml_prediction_monitoring_pipeline' AIRFLOW_CTX_TASK_ID='save_predictions' AIRFLOW_CTX_EXECUTION_DATE='2025-11-28T01:19:18.219445+00:00' AIRFLOW_CTX_TRY_NUMBER='1' AIRFLOW_CTX_DAG_RUN_ID='manual__2025-11-28T01:19:18.219445+00:00'
[2025-11-28T01:19:46.811+0000] {taskinstance.py:430} INFO - ::endgroup::
[2025-11-28T01:19:46.823+0000] {logging_mixin.py:188} INFO - 💾 Salvando predições...
[2025-11-28T01:19:46.824+0000] {taskinstance.py:441} INFO - ::group::Post task execution logs
[2025-11-28T01:19:46.824+0000] {taskinstance.py:2905} ERROR - Task failed with exception
Traceback (most recent call last):
  File "/home/airflow/.local/lib/python3.12/site-packages/airflow/models/taskinstance.py", line 465, in _execute_task
    result = _execute_callable(context=context, **execute_callable_kwargs)
             ^^^^^^^^^^^^^^^^^^^^^^^^^^^^^^^^^^^^^^^^^^^^^^^^^^^^^^^^^^^^^
  File "/home/airflow/.local/lib/python3.12/site-packages/airflow/models/taskinstance.py", line 432, in _execute_callable
    return execute_callable(context=context, **execute_callable_kwargs)
           ^^^^^^^^^^^^^^^^^^^^^^^^^^^^^^^^^^^^^^^^^^^^^^^^^^^^^^^^^^^^
  File "/home/airflow/.local/lib/python3.12/site-packages/airflow/models/baseoperator.py", line 400, in wrapper
    return func(self, *args, **kwargs)
           ^^^^^^^^^^^^^^^^^^^^^^^^^^^
  File "/home/airflow/.local/lib/python3.12/site-packages/airflow/operators/python.py", line 235, in execute
    return_value = self.execute_callable()
                   ^^^^^^^^^^^^^^^^^^^^^^^
  File "/home/airflow/.local/lib/python3.12/site-packages/airflow/operators/python.py", line 252, in execute_callable
    return self.python_callable(*self.op_args, **self.op_kwargs)
           ^^^^^^^^^^^^^^^^^^^^^^^^^^^^^^^^^^^^^^^^^^^^^^^^^^^^^
  File "/opt/airflow/dags/pipe_prediction_monitoring.py", line 237, in save_predictions
    Path(os.path.dirname(HISTORICAL_PREDICTIONS_FILE)).mkdir(parents=True, exist_ok=True)
                         ^^^^^^^^^^^^^^^^^^^^^^^^^^^
NameError: name 'HISTORICAL_PREDICTIONS_FILE' is not defined
[2025-11-28T01:19:46.835+0000] {taskinstance.py:1206} INFO - Marking task as UP_FOR_RETRY. dag_id=ml_prediction_monitoring_pipeline, task_id=save_predictions, run_id=manual__2025-11-28T01:19:18.219445+00:00, execution_date=20251128T011918, start_date=20251128T011946, end_date=20251128T011946
[2025-11-28T01:19:46.844+0000] {standard_task_runner.py:110} ERROR - Failed to execute job 161 for task save_predictions (name 'HISTORICAL_PREDICTIONS_FILE' is not defined; 3377)
[2025-11-28T01:19:46.852+0000] {local_task_job_runner.py:240} INFO - Task exited with return code 1
[2025-11-28T01:19:46.873+0000] {taskinstance.py:3498} INFO - 0 downstream tasks scheduled from follow-on schedule check
[2025-11-28T01:19:46.876+0000] {local_task_job_runner.py:222} INFO - ::endgroup::
