[2025-11-28T01:26:04.552+0000] {local_task_job_runner.py:120} INFO - ::group::Pre task execution logs
[2025-11-28T01:26:04.575+0000] {taskinstance.py:2076} INFO - Dependencies all met for dep_context=non-requeueable deps ti=<TaskInstance: ml_prediction_monitoring_pipeline.fetch_features manual__2025-11-28T01:25:50.541194+00:00 [queued]>
[2025-11-28T01:26:04.583+0000] {taskinstance.py:2076} INFO - Dependencies all met for dep_context=requeueable deps ti=<TaskInstance: ml_prediction_monitoring_pipeline.fetch_features manual__2025-11-28T01:25:50.541194+00:00 [queued]>
[2025-11-28T01:26:04.583+0000] {taskinstance.py:2306} INFO - Starting attempt 1 of 3
[2025-11-28T01:26:04.594+0000] {taskinstance.py:2330} INFO - Executing <Task(PythonOperator): fetch_features> on 2025-11-28 01:25:50.541194+00:00
[2025-11-28T01:26:04.601+0000] {logging_mixin.py:188} WARNING - /home/***/.local/lib/python3.12/site-packages/***/task/task_runner/standard_task_runner.py:61 DeprecationWarning: This process (pid=4091) is multi-threaded, use of fork() may lead to deadlocks in the child.
[2025-11-28T01:26:04.602+0000] {standard_task_runner.py:63} INFO - Started process 4094 to run task
[2025-11-28T01:26:04.602+0000] {standard_task_runner.py:90} INFO - Running: ['***', 'tasks', 'run', 'ml_prediction_monitoring_pipeline', 'fetch_features', 'manual__2025-11-28T01:25:50.541194+00:00', '--job-id', '177', '--raw', '--subdir', 'DAGS_FOLDER/pipe_prediction_monitoring.py', '--cfg-path', '/tmp/tmp02y_ono3']
[2025-11-28T01:26:04.604+0000] {standard_task_runner.py:91} INFO - Job 177: Subtask fetch_features
[2025-11-28T01:26:04.642+0000] {task_command.py:426} INFO - Running <TaskInstance: ml_prediction_monitoring_pipeline.fetch_features manual__2025-11-28T01:25:50.541194+00:00 [running]> on host 0c5da11f058c
[2025-11-28T01:26:04.714+0000] {taskinstance.py:2648} INFO - Exporting env vars: AIRFLOW_CTX_DAG_EMAIL='data-team@example.com' AIRFLOW_CTX_DAG_OWNER='data_science_team' AIRFLOW_CTX_DAG_ID='ml_prediction_monitoring_pipeline' AIRFLOW_CTX_TASK_ID='fetch_features' AIRFLOW_CTX_EXECUTION_DATE='2025-11-28T01:25:50.541194+00:00' AIRFLOW_CTX_TRY_NUMBER='1' AIRFLOW_CTX_DAG_RUN_ID='manual__2025-11-28T01:25:50.541194+00:00'
[2025-11-28T01:26:04.715+0000] {taskinstance.py:430} INFO - ::endgroup::
[2025-11-28T01:26:04.726+0000] {logging_mixin.py:188} INFO - 📥 Buscando features dos pacientes...
[2025-11-28T01:26:05.247+0000] {registry.py:872} INFO - Registry cache expired, so refreshing
[2025-11-28T01:26:05.250+0000] {utils.py:750} WARNING - _list_feature_views will make breaking changes. Please use _list_batch_feature_views instead. _list_feature_views will behave like _list_all_feature_views in the future.
[2025-11-28T01:26:05.255+0000] {sqlite.py:418} WARNING - Cannot use sqlite_vec for vector search
[2025-11-28T01:26:05.257+0000] {logging_mixin.py:188} WARNING - /home/***/.local/lib/python3.12/site-packages/feast/infra/online_stores/sqlite.py:220 DeprecationWarning: The default timestamp converter is deprecated as of Python 3.12; see the sqlite3 documentation for suggested replacement recipes
[2025-11-28T01:26:05.260+0000] {logging_mixin.py:188} INFO - ✅ Features carregadas: (2, 5)
[2025-11-28T01:26:05.260+0000] {logging_mixin.py:188} INFO -    Colunas: ['patient_id', 'DiabetesPedigreeFunction', 'Insulin', 'SkinThickness', 'BMI']
[2025-11-28T01:26:05.281+0000] {python.py:237} INFO - Done. Returned value was: None
[2025-11-28T01:26:05.282+0000] {taskinstance.py:441} INFO - ::group::Post task execution logs
[2025-11-28T01:26:05.491+0000] {taskinstance.py:1206} INFO - Marking task as SUCCESS. dag_id=ml_prediction_monitoring_pipeline, task_id=fetch_features, run_id=manual__2025-11-28T01:25:50.541194+00:00, execution_date=20251128T012550, start_date=20251128T012604, end_date=20251128T012605
[2025-11-28T01:26:05.544+0000] {local_task_job_runner.py:240} INFO - Task exited with return code 0
[2025-11-28T01:26:05.573+0000] {taskinstance.py:3498} INFO - 1 downstream tasks scheduled from follow-on schedule check
[2025-11-28T01:26:05.577+0000] {local_task_job_runner.py:222} INFO - ::endgroup::
