[2025-11-28T21:00:25.620+0000] {local_task_job_runner.py:120} INFO - ::group::Pre task execution logs
[2025-11-28T21:00:25.639+0000] {taskinstance.py:2076} INFO - Dependencies all met for dep_context=non-requeueable deps ti=<TaskInstance: etl_pipeline_final.task_timestamps manual__2025-11-28T21:00:22.719137+00:00 [queued]>
[2025-11-28T21:00:25.644+0000] {taskinstance.py:2076} INFO - Dependencies all met for dep_context=requeueable deps ti=<TaskInstance: etl_pipeline_final.task_timestamps manual__2025-11-28T21:00:22.719137+00:00 [queued]>
[2025-11-28T21:00:25.645+0000] {taskinstance.py:2306} INFO - Starting attempt 1 of 1
[2025-11-28T21:00:25.655+0000] {taskinstance.py:2330} INFO - Executing <Task(_PythonDecoratedOperator): task_timestamps> on 2025-11-28 21:00:22.719137+00:00
[2025-11-28T21:00:25.662+0000] {standard_task_runner.py:90} INFO - Running: ['***', 'tasks', 'run', 'etl_pipeline_final', 'task_timestamps', 'manual__2025-11-28T21:00:22.719137+00:00', '--job-id', '74', '--raw', '--subdir', 'DAGS_FOLDER/etl.py', '--cfg-path', '/tmp/tmpgyidvxse']
[2025-11-28T21:00:25.664+0000] {standard_task_runner.py:91} INFO - Job 74: Subtask task_timestamps
[2025-11-28T21:00:25.665+0000] {logging_mixin.py:188} WARNING - /home/***/.local/lib/python3.12/site-packages/***/task/task_runner/standard_task_runner.py:61 DeprecationWarning: This process (pid=234) is multi-threaded, use of fork() may lead to deadlocks in the child.
[2025-11-28T21:00:25.665+0000] {standard_task_runner.py:63} INFO - Started process 236 to run task
[2025-11-28T21:00:25.704+0000] {task_command.py:426} INFO - Running <TaskInstance: etl_pipeline_final.task_timestamps manual__2025-11-28T21:00:22.719137+00:00 [running]> on host 10644d4e06d9
[2025-11-28T21:00:25.787+0000] {taskinstance.py:2648} INFO - Exporting env vars: AIRFLOW_CTX_DAG_OWNER='***' AIRFLOW_CTX_DAG_ID='etl_pipeline_final' AIRFLOW_CTX_TASK_ID='task_timestamps' AIRFLOW_CTX_EXECUTION_DATE='2025-11-28T21:00:22.719137+00:00' AIRFLOW_CTX_TRY_NUMBER='1' AIRFLOW_CTX_DAG_RUN_ID='manual__2025-11-28T21:00:22.719137+00:00'
[2025-11-28T21:00:25.788+0000] {taskinstance.py:430} INFO - ::endgroup::
[2025-11-28T21:00:25.793+0000] {python.py:237} INFO - Done. Returned value was: {'predictor':      Pregnancies  Glucose  ...  Age            event_timestamp
0              6      148  ...   50 2023-10-22 21:00:25.789376
1              1       85  ...   31 2023-10-23 21:00:25.789376
2              8      183  ...   32 2023-10-24 21:00:25.789376
3              1       89  ...   21 2023-10-25 21:00:25.789376
4              0      137  ...   33 2023-10-26 21:00:25.789376
..           ...      ...  ...  ...                        ...
764            2      122  ...   27 2025-11-24 21:00:25.789376
765            5      121  ...   30 2025-11-25 21:00:25.789376
766            1      126  ...   47 2025-11-26 21:00:25.789376
767            1       93  ...   23 2025-11-27 21:00:25.789376
768            1       93  ...   23 2025-11-28 21:00:25.789376

[769 rows x 9 columns], 'target':      Outcome            event_timestamp
0          1 2023-10-22 21:00:25.789376
1          0 2023-10-23 21:00:25.789376
2          1 2023-10-24 21:00:25.789376
3          0 2023-10-25 21:00:25.789376
4          1 2023-10-26 21:00:25.789376
..       ...                        ...
764        0 2025-11-24 21:00:25.789376
765        0 2025-11-25 21:00:25.789376
766        1 2025-11-26 21:00:25.789376
767        0 2025-11-27 21:00:25.789376
768        0 2025-11-28 21:00:25.789376

[769 rows x 2 columns]}
[2025-11-28T21:00:25.802+0000] {taskinstance.py:441} INFO - ::group::Post task execution logs
[2025-11-28T21:00:25.835+0000] {taskinstance.py:1206} INFO - Marking task as SUCCESS. dag_id=etl_pipeline_final, task_id=task_timestamps, run_id=manual__2025-11-28T21:00:22.719137+00:00, execution_date=20251128T210022, start_date=20251128T210025, end_date=20251128T210025
[2025-11-28T21:00:25.879+0000] {local_task_job_runner.py:240} INFO - Task exited with return code 0
[2025-11-28T21:00:25.897+0000] {taskinstance.py:3498} INFO - 1 downstream tasks scheduled from follow-on schedule check
[2025-11-28T21:00:25.900+0000] {local_task_job_runner.py:222} INFO - ::endgroup::
