[2025-11-27T19:33:25.433+0000] {local_task_job_runner.py:120} INFO - ::group::Pre task execution logs
[2025-11-27T19:33:25.482+0000] {taskinstance.py:2076} INFO - Dependencies all met for dep_context=non-requeueable deps ti=<TaskInstance: etl_pipeline_final.task_timestamps manual__2025-11-27T19:33:21.823580+00:00 [queued]>
[2025-11-27T19:33:25.498+0000] {taskinstance.py:2076} INFO - Dependencies all met for dep_context=requeueable deps ti=<TaskInstance: etl_pipeline_final.task_timestamps manual__2025-11-27T19:33:21.823580+00:00 [queued]>
[2025-11-27T19:33:25.499+0000] {taskinstance.py:2306} INFO - Starting attempt 1 of 1
[2025-11-27T19:33:25.520+0000] {taskinstance.py:2330} INFO - Executing <Task(_PythonDecoratedOperator): task_timestamps> on 2025-11-27 19:33:21.823580+00:00
[2025-11-27T19:33:25.529+0000] {logging_mixin.py:188} WARNING - /home/***/.local/lib/python3.12/site-packages/***/task/task_runner/standard_task_runner.py:61 DeprecationWarning: This process (pid=819) is multi-threaded, use of fork() may lead to deadlocks in the child.
[2025-11-27T19:33:25.530+0000] {standard_task_runner.py:63} INFO - Started process 822 to run task
[2025-11-27T19:33:25.531+0000] {standard_task_runner.py:90} INFO - Running: ['***', 'tasks', 'run', 'etl_pipeline_final', 'task_timestamps', 'manual__2025-11-27T19:33:21.823580+00:00', '--job-id', '61', '--raw', '--subdir', 'DAGS_FOLDER/etl.py', '--cfg-path', '/tmp/tmp8ksetccj']
[2025-11-27T19:33:25.534+0000] {standard_task_runner.py:91} INFO - Job 61: Subtask task_timestamps
[2025-11-27T19:33:25.607+0000] {task_command.py:426} INFO - Running <TaskInstance: etl_pipeline_final.task_timestamps manual__2025-11-27T19:33:21.823580+00:00 [running]> on host 2a6b3d4c2450
[2025-11-27T19:33:25.784+0000] {taskinstance.py:2648} INFO - Exporting env vars: AIRFLOW_CTX_DAG_OWNER='***' AIRFLOW_CTX_DAG_ID='etl_pipeline_final' AIRFLOW_CTX_TASK_ID='task_timestamps' AIRFLOW_CTX_EXECUTION_DATE='2025-11-27T19:33:21.823580+00:00' AIRFLOW_CTX_TRY_NUMBER='1' AIRFLOW_CTX_DAG_RUN_ID='manual__2025-11-27T19:33:21.823580+00:00'
[2025-11-27T19:33:25.785+0000] {taskinstance.py:430} INFO - ::endgroup::
[2025-11-27T19:33:25.796+0000] {python.py:237} INFO - Done. Returned value was: {'predictor':      Pregnancies  Glucose  ...  Age            event_timestamp
0              6      148  ...   50 2023-10-22 19:33:25.786982
1              1       85  ...   31 2023-10-23 19:33:25.786982
2              8      183  ...   32 2023-10-24 19:33:25.786982
3              1       89  ...   21 2023-10-25 19:33:25.786982
4              0      137  ...   33 2023-10-26 19:33:25.786982
..           ...      ...  ...  ...                        ...
763           10      101  ...   63 2025-11-23 19:33:25.786982
764            2      122  ...   27 2025-11-24 19:33:25.786982
765            5      121  ...   30 2025-11-25 19:33:25.786982
766            1      126  ...   47 2025-11-26 19:33:25.786982
767            1       93  ...   23 2025-11-27 19:33:25.786982

[768 rows x 9 columns], 'target':      Outcome            event_timestamp
0          1 2023-10-22 19:33:25.786982
1          0 2023-10-23 19:33:25.786982
2          1 2023-10-24 19:33:25.786982
3          0 2023-10-25 19:33:25.786982
4          1 2023-10-26 19:33:25.786982
..       ...                        ...
763        0 2025-11-23 19:33:25.786982
764        0 2025-11-24 19:33:25.786982
765        0 2025-11-25 19:33:25.786982
766        1 2025-11-26 19:33:25.786982
767        0 2025-11-27 19:33:25.786982

[768 rows x 2 columns]}
[2025-11-27T19:33:25.815+0000] {taskinstance.py:441} INFO - ::group::Post task execution logs
[2025-11-27T19:33:25.869+0000] {taskinstance.py:1206} INFO - Marking task as SUCCESS. dag_id=etl_pipeline_final, task_id=task_timestamps, run_id=manual__2025-11-27T19:33:21.823580+00:00, execution_date=20251127T193321, start_date=20251127T193325, end_date=20251127T193325
[2025-11-27T19:33:25.905+0000] {local_task_job_runner.py:240} INFO - Task exited with return code 0
[2025-11-27T19:33:25.935+0000] {taskinstance.py:3498} INFO - 1 downstream tasks scheduled from follow-on schedule check
[2025-11-27T19:33:25.939+0000] {local_task_job_runner.py:222} INFO - ::endgroup::
