[2025-11-28T01:08:11.573+0000] {local_task_job_runner.py:120} INFO - ::group::Pre task execution logs
[2025-11-28T01:08:11.604+0000] {taskinstance.py:2076} INFO - Dependencies all met for dep_context=non-requeueable deps ti=<TaskInstance: ml_pred_monitoring_pipeline.calculate_monitoring_stats scheduled__2025-11-27T00:00:00+00:00 [queued]>
[2025-11-28T01:08:11.613+0000] {taskinstance.py:2076} INFO - Dependencies all met for dep_context=requeueable deps ti=<TaskInstance: ml_pred_monitoring_pipeline.calculate_monitoring_stats scheduled__2025-11-27T00:00:00+00:00 [queued]>
[2025-11-28T01:08:11.614+0000] {taskinstance.py:2306} INFO - Starting attempt 1 of 3
[2025-11-28T01:08:11.627+0000] {taskinstance.py:2330} INFO - Executing <Task(PythonOperator): calculate_monitoring_stats> on 2025-11-27 00:00:00+00:00
[2025-11-28T01:08:11.635+0000] {logging_mixin.py:188} WARNING - /home/***/.local/lib/python3.12/site-packages/***/task/task_runner/standard_task_runner.py:61 DeprecationWarning: This process (pid=2061) is multi-threaded, use of fork() may lead to deadlocks in the child.
[2025-11-28T01:08:11.638+0000] {standard_task_runner.py:63} INFO - Started process 2079 to run task
[2025-11-28T01:08:11.636+0000] {standard_task_runner.py:90} INFO - Running: ['***', 'tasks', 'run', 'ml_pred_monitoring_pipeline', 'calculate_monitoring_stats', 'scheduled__2025-11-27T00:00:00+00:00', '--job-id', '137', '--raw', '--subdir', 'DAGS_FOLDER/pipe_prediction_monitoring.py', '--cfg-path', '/tmp/tmprh15wlyj']
[2025-11-28T01:08:11.639+0000] {standard_task_runner.py:91} INFO - Job 137: Subtask calculate_monitoring_stats
[2025-11-28T01:08:11.701+0000] {task_command.py:426} INFO - Running <TaskInstance: ml_pred_monitoring_pipeline.calculate_monitoring_stats scheduled__2025-11-27T00:00:00+00:00 [running]> on host 0c5da11f058c
[2025-11-28T01:08:11.804+0000] {taskinstance.py:2648} INFO - Exporting env vars: AIRFLOW_CTX_DAG_EMAIL='data-team@example.com' AIRFLOW_CTX_DAG_OWNER='data_science_team' AIRFLOW_CTX_DAG_ID='ml_pred_monitoring_pipeline' AIRFLOW_CTX_TASK_ID='calculate_monitoring_stats' AIRFLOW_CTX_EXECUTION_DATE='2025-11-27T00:00:00+00:00' AIRFLOW_CTX_TRY_NUMBER='1' AIRFLOW_CTX_DAG_RUN_ID='scheduled__2025-11-27T00:00:00+00:00'
[2025-11-28T01:08:11.805+0000] {taskinstance.py:430} INFO - ::endgroup::
[2025-11-28T01:08:11.818+0000] {logging_mixin.py:188} INFO - 📊 Calculando estatísticas de monitoramento...
[2025-11-28T01:08:11.856+0000] {logging_mixin.py:188} INFO - ✅ Estatísticas calculadas!
[2025-11-28T01:08:11.857+0000] {logging_mixin.py:188} INFO -    Proporção classe 1: 0.000
[2025-11-28T01:08:11.857+0000] {logging_mixin.py:188} INFO -    Probabilidade média classe 1: 0.250
[2025-11-28T01:08:11.873+0000] {python.py:237} INFO - Done. Returned value was: None
[2025-11-28T01:08:11.873+0000] {taskinstance.py:441} INFO - ::group::Post task execution logs
[2025-11-28T01:08:11.885+0000] {taskinstance.py:1206} INFO - Marking task as SUCCESS. dag_id=ml_pred_monitoring_pipeline, task_id=calculate_monitoring_stats, run_id=scheduled__2025-11-27T00:00:00+00:00, execution_date=20251127T000000, start_date=20251128T010811, end_date=20251128T010811
[2025-11-28T01:08:11.935+0000] {local_task_job_runner.py:240} INFO - Task exited with return code 0
[2025-11-28T01:08:11.959+0000] {taskinstance.py:3498} INFO - 1 downstream tasks scheduled from follow-on schedule check
[2025-11-28T01:08:11.963+0000] {local_task_job_runner.py:222} INFO - ::endgroup::
