[2025-11-28T19:19:23.963+0000] {processor.py:161} INFO - Started process (PID=273) to work on /opt/airflow/dags/etl.py
[2025-11-28T19:19:23.964+0000] {processor.py:830} INFO - Processing file /opt/airflow/dags/etl.py for tasks to queue
[2025-11-28T19:19:23.965+0000] {logging_mixin.py:188} INFO - [2025-11-28T19:19:23.965+0000] {dagbag.py:545} INFO - Filling up the DagBag from /opt/airflow/dags/etl.py
[2025-11-28T19:19:24.154+0000] {logging_mixin.py:188} INFO - [2025-11-28T19:19:24.152+0000] {dagbag.py:355} ERROR - Failed to import: /opt/airflow/dags/etl.py
Traceback (most recent call last):
  File "/home/airflow/.local/lib/python3.12/site-packages/airflow/models/dagbag.py", line 351, in parse
    loader.exec_module(new_module)
  File "<frozen importlib._bootstrap_external>", line 995, in exec_module
  File "<frozen importlib._bootstrap>", line 488, in _call_with_frames_removed
  File "/opt/airflow/dags/etl.py", line 3, in <module>
    from etl_functions.etl import extract, transform, create_timestamps, create_patient_ids, save_parquet
ModuleNotFoundError: No module named 'etl_functions'
[2025-11-28T19:19:24.154+0000] {processor.py:842} WARNING - No viable dags retrieved from /opt/airflow/dags/etl.py
[2025-11-28T19:19:24.173+0000] {processor.py:183} INFO - Processing /opt/airflow/dags/etl.py took 0.214 seconds
[2025-11-28T19:19:54.832+0000] {processor.py:161} INFO - Started process (PID=298) to work on /opt/airflow/dags/etl.py
[2025-11-28T19:19:54.834+0000] {processor.py:830} INFO - Processing file /opt/airflow/dags/etl.py for tasks to queue
[2025-11-28T19:19:54.835+0000] {logging_mixin.py:188} INFO - [2025-11-28T19:19:54.835+0000] {dagbag.py:545} INFO - Filling up the DagBag from /opt/airflow/dags/etl.py
[2025-11-28T19:19:55.046+0000] {logging_mixin.py:188} INFO - [2025-11-28T19:19:55.045+0000] {dagbag.py:355} ERROR - Failed to import: /opt/airflow/dags/etl.py
Traceback (most recent call last):
  File "/home/airflow/.local/lib/python3.12/site-packages/airflow/models/dagbag.py", line 351, in parse
    loader.exec_module(new_module)
  File "<frozen importlib._bootstrap_external>", line 995, in exec_module
  File "<frozen importlib._bootstrap>", line 488, in _call_with_frames_removed
  File "/opt/airflow/dags/etl.py", line 3, in <module>
    from etl_functions.etl import extract, transform, create_timestamps, create_patient_ids, save_parquet
ModuleNotFoundError: No module named 'etl_functions'
[2025-11-28T19:19:55.046+0000] {processor.py:842} WARNING - No viable dags retrieved from /opt/airflow/dags/etl.py
[2025-11-28T19:19:55.067+0000] {processor.py:183} INFO - Processing /opt/airflow/dags/etl.py took 0.240 seconds
[2025-11-28T19:20:25.435+0000] {processor.py:161} INFO - Started process (PID=336) to work on /opt/airflow/dags/etl.py
[2025-11-28T19:20:25.437+0000] {processor.py:830} INFO - Processing file /opt/airflow/dags/etl.py for tasks to queue
[2025-11-28T19:20:25.438+0000] {logging_mixin.py:188} INFO - [2025-11-28T19:20:25.438+0000] {dagbag.py:545} INFO - Filling up the DagBag from /opt/airflow/dags/etl.py
[2025-11-28T19:20:25.618+0000] {logging_mixin.py:188} INFO - [2025-11-28T19:20:25.617+0000] {dagbag.py:355} ERROR - Failed to import: /opt/airflow/dags/etl.py
Traceback (most recent call last):
  File "/home/airflow/.local/lib/python3.12/site-packages/airflow/models/dagbag.py", line 351, in parse
    loader.exec_module(new_module)
  File "<frozen importlib._bootstrap_external>", line 995, in exec_module
  File "<frozen importlib._bootstrap>", line 488, in _call_with_frames_removed
  File "/opt/airflow/dags/etl.py", line 3, in <module>
    from etl_functions.etl import extract, transform, create_timestamps, create_patient_ids, save_parquet
ModuleNotFoundError: No module named 'etl_functions'
[2025-11-28T19:20:25.618+0000] {processor.py:842} WARNING - No viable dags retrieved from /opt/airflow/dags/etl.py
[2025-11-28T19:20:25.635+0000] {processor.py:183} INFO - Processing /opt/airflow/dags/etl.py took 0.205 seconds
[2025-11-28T19:20:56.216+0000] {processor.py:161} INFO - Started process (PID=378) to work on /opt/airflow/dags/etl.py
[2025-11-28T19:20:56.228+0000] {processor.py:830} INFO - Processing file /opt/airflow/dags/etl.py for tasks to queue
[2025-11-28T19:20:56.229+0000] {logging_mixin.py:188} INFO - [2025-11-28T19:20:56.229+0000] {dagbag.py:545} INFO - Filling up the DagBag from /opt/airflow/dags/etl.py
[2025-11-28T19:20:56.401+0000] {logging_mixin.py:188} INFO - [2025-11-28T19:20:56.400+0000] {dagbag.py:355} ERROR - Failed to import: /opt/airflow/dags/etl.py
Traceback (most recent call last):
  File "/home/airflow/.local/lib/python3.12/site-packages/airflow/models/dagbag.py", line 351, in parse
    loader.exec_module(new_module)
  File "<frozen importlib._bootstrap_external>", line 995, in exec_module
  File "<frozen importlib._bootstrap>", line 488, in _call_with_frames_removed
  File "/opt/airflow/dags/etl.py", line 3, in <module>
    from etl_functions.etl import extract, transform, create_timestamps, create_patient_ids, save_parquet
ModuleNotFoundError: No module named 'etl_functions'
[2025-11-28T19:20:56.401+0000] {processor.py:842} WARNING - No viable dags retrieved from /opt/airflow/dags/etl.py
[2025-11-28T19:20:56.422+0000] {processor.py:183} INFO - Processing /opt/airflow/dags/etl.py took 0.210 seconds
[2025-11-28T19:21:27.156+0000] {processor.py:161} INFO - Started process (PID=417) to work on /opt/airflow/dags/etl.py
[2025-11-28T19:21:27.158+0000] {processor.py:830} INFO - Processing file /opt/airflow/dags/etl.py for tasks to queue
[2025-11-28T19:21:27.160+0000] {logging_mixin.py:188} INFO - [2025-11-28T19:21:27.159+0000] {dagbag.py:545} INFO - Filling up the DagBag from /opt/airflow/dags/etl.py
[2025-11-28T19:21:27.334+0000] {logging_mixin.py:188} INFO - [2025-11-28T19:21:27.333+0000] {dagbag.py:355} ERROR - Failed to import: /opt/airflow/dags/etl.py
Traceback (most recent call last):
  File "/home/airflow/.local/lib/python3.12/site-packages/airflow/models/dagbag.py", line 351, in parse
    loader.exec_module(new_module)
  File "<frozen importlib._bootstrap_external>", line 995, in exec_module
  File "<frozen importlib._bootstrap>", line 488, in _call_with_frames_removed
  File "/opt/airflow/dags/etl.py", line 3, in <module>
    from etl_functions.etl import extract, transform, create_timestamps, create_patient_ids, save_parquet
ModuleNotFoundError: No module named 'etl_functions'
[2025-11-28T19:21:27.335+0000] {processor.py:842} WARNING - No viable dags retrieved from /opt/airflow/dags/etl.py
[2025-11-28T19:21:27.348+0000] {processor.py:183} INFO - Processing /opt/airflow/dags/etl.py took 0.197 seconds
[2025-11-28T19:22:20.552+0000] {processor.py:161} INFO - Started process (PID=218) to work on /opt/airflow/dags/etl.py
[2025-11-28T19:22:20.554+0000] {processor.py:830} INFO - Processing file /opt/airflow/dags/etl.py for tasks to queue
[2025-11-28T19:22:20.557+0000] {logging_mixin.py:188} INFO - [2025-11-28T19:22:20.557+0000] {dagbag.py:545} INFO - Filling up the DagBag from /opt/airflow/dags/etl.py
[2025-11-28T19:22:20.909+0000] {logging_mixin.py:188} INFO - [2025-11-28T19:22:20.907+0000] {dagbag.py:355} ERROR - Failed to import: /opt/airflow/dags/etl.py
Traceback (most recent call last):
  File "/home/airflow/.local/lib/python3.12/site-packages/airflow/models/dagbag.py", line 351, in parse
    loader.exec_module(new_module)
  File "<frozen importlib._bootstrap_external>", line 995, in exec_module
  File "<frozen importlib._bootstrap>", line 488, in _call_with_frames_removed
  File "/opt/airflow/dags/etl.py", line 3, in <module>
    from etl_functions.etl import extract, transform, create_timestamps, create_patient_ids, save_parquet
ModuleNotFoundError: No module named 'etl_functions'
[2025-11-28T19:22:20.910+0000] {processor.py:842} WARNING - No viable dags retrieved from /opt/airflow/dags/etl.py
[2025-11-28T19:22:20.938+0000] {processor.py:183} INFO - Processing /opt/airflow/dags/etl.py took 0.396 seconds
[2025-11-28T19:22:51.170+0000] {processor.py:161} INFO - Started process (PID=236) to work on /opt/airflow/dags/etl.py
[2025-11-28T19:22:51.174+0000] {processor.py:830} INFO - Processing file /opt/airflow/dags/etl.py for tasks to queue
[2025-11-28T19:22:51.177+0000] {logging_mixin.py:188} INFO - [2025-11-28T19:22:51.176+0000] {dagbag.py:545} INFO - Filling up the DagBag from /opt/airflow/dags/etl.py
[2025-11-28T19:22:51.534+0000] {logging_mixin.py:188} INFO - [2025-11-28T19:22:51.533+0000] {dagbag.py:355} ERROR - Failed to import: /opt/airflow/dags/etl.py
Traceback (most recent call last):
  File "/home/airflow/.local/lib/python3.12/site-packages/airflow/models/dagbag.py", line 351, in parse
    loader.exec_module(new_module)
  File "<frozen importlib._bootstrap_external>", line 995, in exec_module
  File "<frozen importlib._bootstrap>", line 488, in _call_with_frames_removed
  File "/opt/airflow/dags/etl.py", line 3, in <module>
    from etl_functions.etl import extract, transform, create_timestamps, create_patient_ids, save_parquet
ModuleNotFoundError: No module named 'etl_functions'
[2025-11-28T19:22:51.534+0000] {processor.py:842} WARNING - No viable dags retrieved from /opt/airflow/dags/etl.py
[2025-11-28T19:22:51.554+0000] {processor.py:183} INFO - Processing /opt/airflow/dags/etl.py took 0.398 seconds
[2025-11-28T19:23:22.409+0000] {processor.py:161} INFO - Started process (PID=278) to work on /opt/airflow/dags/etl.py
[2025-11-28T19:23:22.412+0000] {processor.py:830} INFO - Processing file /opt/airflow/dags/etl.py for tasks to queue
[2025-11-28T19:23:22.413+0000] {logging_mixin.py:188} INFO - [2025-11-28T19:23:22.413+0000] {dagbag.py:545} INFO - Filling up the DagBag from /opt/airflow/dags/etl.py
[2025-11-28T19:23:22.587+0000] {logging_mixin.py:188} INFO - [2025-11-28T19:23:22.586+0000] {dagbag.py:355} ERROR - Failed to import: /opt/airflow/dags/etl.py
Traceback (most recent call last):
  File "/home/airflow/.local/lib/python3.12/site-packages/airflow/models/dagbag.py", line 351, in parse
    loader.exec_module(new_module)
  File "<frozen importlib._bootstrap_external>", line 995, in exec_module
  File "<frozen importlib._bootstrap>", line 488, in _call_with_frames_removed
  File "/opt/airflow/dags/etl.py", line 3, in <module>
    from etl_functions.etl import extract, transform, create_timestamps, create_patient_ids, save_parquet
ModuleNotFoundError: No module named 'etl_functions'
[2025-11-28T19:23:22.588+0000] {processor.py:842} WARNING - No viable dags retrieved from /opt/airflow/dags/etl.py
[2025-11-28T19:23:22.604+0000] {processor.py:183} INFO - Processing /opt/airflow/dags/etl.py took 0.199 seconds
[2025-11-28T19:23:52.919+0000] {processor.py:161} INFO - Started process (PID=322) to work on /opt/airflow/dags/etl.py
[2025-11-28T19:23:52.920+0000] {processor.py:830} INFO - Processing file /opt/airflow/dags/etl.py for tasks to queue
[2025-11-28T19:23:52.922+0000] {logging_mixin.py:188} INFO - [2025-11-28T19:23:52.922+0000] {dagbag.py:545} INFO - Filling up the DagBag from /opt/airflow/dags/etl.py
[2025-11-28T19:23:53.199+0000] {logging_mixin.py:188} INFO - [2025-11-28T19:23:53.196+0000] {dagbag.py:355} ERROR - Failed to import: /opt/airflow/dags/etl.py
Traceback (most recent call last):
  File "/home/airflow/.local/lib/python3.12/site-packages/airflow/models/dagbag.py", line 351, in parse
    loader.exec_module(new_module)
  File "<frozen importlib._bootstrap_external>", line 995, in exec_module
  File "<frozen importlib._bootstrap>", line 488, in _call_with_frames_removed
  File "/opt/airflow/dags/etl.py", line 3, in <module>
    from etl_functions.etl import extract, transform, create_timestamps, create_patient_ids, save_parquet
ModuleNotFoundError: No module named 'etl_functions'
[2025-11-28T19:23:53.200+0000] {processor.py:842} WARNING - No viable dags retrieved from /opt/airflow/dags/etl.py
[2025-11-28T19:23:53.229+0000] {processor.py:183} INFO - Processing /opt/airflow/dags/etl.py took 0.315 seconds
[2025-11-28T19:25:07.152+0000] {processor.py:161} INFO - Started process (PID=218) to work on /opt/airflow/dags/etl.py
[2025-11-28T19:25:07.154+0000] {processor.py:830} INFO - Processing file /opt/airflow/dags/etl.py for tasks to queue
[2025-11-28T19:25:07.157+0000] {logging_mixin.py:188} INFO - [2025-11-28T19:25:07.157+0000] {dagbag.py:545} INFO - Filling up the DagBag from /opt/airflow/dags/etl.py
[2025-11-28T19:25:07.464+0000] {logging_mixin.py:188} INFO - [2025-11-28T19:25:07.463+0000] {dagbag.py:355} ERROR - Failed to import: /opt/airflow/dags/etl.py
Traceback (most recent call last):
  File "/home/airflow/.local/lib/python3.12/site-packages/airflow/models/dagbag.py", line 351, in parse
    loader.exec_module(new_module)
  File "<frozen importlib._bootstrap_external>", line 995, in exec_module
  File "<frozen importlib._bootstrap>", line 488, in _call_with_frames_removed
  File "/opt/airflow/dags/etl.py", line 3, in <module>
    from etl_functions.etl import extract, transform, create_timestamps, create_patient_ids, save_parquet
ModuleNotFoundError: No module named 'etl_functions'
[2025-11-28T19:25:07.465+0000] {processor.py:842} WARNING - No viable dags retrieved from /opt/airflow/dags/etl.py
[2025-11-28T19:25:07.490+0000] {processor.py:183} INFO - Processing /opt/airflow/dags/etl.py took 0.348 seconds
[2025-11-28T19:25:37.650+0000] {processor.py:161} INFO - Started process (PID=242) to work on /opt/airflow/dags/etl.py
[2025-11-28T19:25:37.652+0000] {processor.py:830} INFO - Processing file /opt/airflow/dags/etl.py for tasks to queue
[2025-11-28T19:25:37.655+0000] {logging_mixin.py:188} INFO - [2025-11-28T19:25:37.655+0000] {dagbag.py:545} INFO - Filling up the DagBag from /opt/airflow/dags/etl.py
[2025-11-28T19:25:38.013+0000] {logging_mixin.py:188} INFO - [2025-11-28T19:25:38.011+0000] {dagbag.py:355} ERROR - Failed to import: /opt/airflow/dags/etl.py
Traceback (most recent call last):
  File "/home/airflow/.local/lib/python3.12/site-packages/airflow/models/dagbag.py", line 351, in parse
    loader.exec_module(new_module)
  File "<frozen importlib._bootstrap_external>", line 995, in exec_module
  File "<frozen importlib._bootstrap>", line 488, in _call_with_frames_removed
  File "/opt/airflow/dags/etl.py", line 3, in <module>
    from etl_functions.etl import extract, transform, create_timestamps, create_patient_ids, save_parquet
ModuleNotFoundError: No module named 'etl_functions'
[2025-11-28T19:25:38.013+0000] {processor.py:842} WARNING - No viable dags retrieved from /opt/airflow/dags/etl.py
[2025-11-28T19:25:38.048+0000] {processor.py:183} INFO - Processing /opt/airflow/dags/etl.py took 0.409 seconds
[2025-11-28T19:26:08.211+0000] {processor.py:161} INFO - Started process (PID=281) to work on /opt/airflow/dags/etl.py
[2025-11-28T19:26:08.212+0000] {processor.py:830} INFO - Processing file /opt/airflow/dags/etl.py for tasks to queue
[2025-11-28T19:26:08.214+0000] {logging_mixin.py:188} INFO - [2025-11-28T19:26:08.213+0000] {dagbag.py:545} INFO - Filling up the DagBag from /opt/airflow/dags/etl.py
[2025-11-28T19:26:08.462+0000] {logging_mixin.py:188} INFO - [2025-11-28T19:26:08.461+0000] {dagbag.py:355} ERROR - Failed to import: /opt/airflow/dags/etl.py
Traceback (most recent call last):
  File "/home/airflow/.local/lib/python3.12/site-packages/airflow/models/dagbag.py", line 351, in parse
    loader.exec_module(new_module)
  File "<frozen importlib._bootstrap_external>", line 995, in exec_module
  File "<frozen importlib._bootstrap>", line 488, in _call_with_frames_removed
  File "/opt/airflow/dags/etl.py", line 3, in <module>
    from etl_functions.etl import extract, transform, create_timestamps, create_patient_ids, save_parquet
ModuleNotFoundError: No module named 'etl_functions'
[2025-11-28T19:26:08.462+0000] {processor.py:842} WARNING - No viable dags retrieved from /opt/airflow/dags/etl.py
[2025-11-28T19:26:08.484+0000] {processor.py:183} INFO - Processing /opt/airflow/dags/etl.py took 0.279 seconds
[2025-11-28T19:26:38.984+0000] {processor.py:161} INFO - Started process (PID=317) to work on /opt/airflow/dags/etl.py
[2025-11-28T19:26:38.987+0000] {processor.py:830} INFO - Processing file /opt/airflow/dags/etl.py for tasks to queue
[2025-11-28T19:26:38.990+0000] {logging_mixin.py:188} INFO - [2025-11-28T19:26:38.990+0000] {dagbag.py:545} INFO - Filling up the DagBag from /opt/airflow/dags/etl.py
[2025-11-28T19:26:39.328+0000] {logging_mixin.py:188} INFO - [2025-11-28T19:26:39.327+0000] {dagbag.py:355} ERROR - Failed to import: /opt/airflow/dags/etl.py
Traceback (most recent call last):
  File "/home/airflow/.local/lib/python3.12/site-packages/airflow/models/dagbag.py", line 351, in parse
    loader.exec_module(new_module)
  File "<frozen importlib._bootstrap_external>", line 995, in exec_module
  File "<frozen importlib._bootstrap>", line 488, in _call_with_frames_removed
  File "/opt/airflow/dags/etl.py", line 3, in <module>
    from etl_functions.etl import extract, transform, create_timestamps, create_patient_ids, save_parquet
ModuleNotFoundError: No module named 'etl_functions'
[2025-11-28T19:26:39.328+0000] {processor.py:842} WARNING - No viable dags retrieved from /opt/airflow/dags/etl.py
[2025-11-28T19:26:39.351+0000] {processor.py:183} INFO - Processing /opt/airflow/dags/etl.py took 0.377 seconds
[2025-11-28T19:27:09.382+0000] {processor.py:161} INFO - Started process (PID=362) to work on /opt/airflow/dags/etl.py
[2025-11-28T19:27:09.383+0000] {processor.py:830} INFO - Processing file /opt/airflow/dags/etl.py for tasks to queue
[2025-11-28T19:27:09.384+0000] {logging_mixin.py:188} INFO - [2025-11-28T19:27:09.384+0000] {dagbag.py:545} INFO - Filling up the DagBag from /opt/airflow/dags/etl.py
[2025-11-28T19:27:09.563+0000] {logging_mixin.py:188} INFO - [2025-11-28T19:27:09.562+0000] {dagbag.py:355} ERROR - Failed to import: /opt/airflow/dags/etl.py
Traceback (most recent call last):
  File "/home/airflow/.local/lib/python3.12/site-packages/airflow/models/dagbag.py", line 351, in parse
    loader.exec_module(new_module)
  File "<frozen importlib._bootstrap_external>", line 995, in exec_module
  File "<frozen importlib._bootstrap>", line 488, in _call_with_frames_removed
  File "/opt/airflow/dags/etl.py", line 3, in <module>
    from etl_functions.etl import extract, transform, create_timestamps, create_patient_ids, save_parquet
ModuleNotFoundError: No module named 'etl_functions'
[2025-11-28T19:27:09.564+0000] {processor.py:842} WARNING - No viable dags retrieved from /opt/airflow/dags/etl.py
[2025-11-28T19:27:09.577+0000] {processor.py:183} INFO - Processing /opt/airflow/dags/etl.py took 0.200 seconds
[2025-11-28T19:27:39.624+0000] {processor.py:161} INFO - Started process (PID=407) to work on /opt/airflow/dags/etl.py
[2025-11-28T19:27:39.625+0000] {processor.py:830} INFO - Processing file /opt/airflow/dags/etl.py for tasks to queue
[2025-11-28T19:27:39.626+0000] {logging_mixin.py:188} INFO - [2025-11-28T19:27:39.626+0000] {dagbag.py:545} INFO - Filling up the DagBag from /opt/airflow/dags/etl.py
[2025-11-28T19:27:39.825+0000] {logging_mixin.py:188} INFO - [2025-11-28T19:27:39.823+0000] {dagbag.py:355} ERROR - Failed to import: /opt/airflow/dags/etl.py
Traceback (most recent call last):
  File "/home/airflow/.local/lib/python3.12/site-packages/airflow/models/dagbag.py", line 351, in parse
    loader.exec_module(new_module)
  File "<frozen importlib._bootstrap_external>", line 995, in exec_module
  File "<frozen importlib._bootstrap>", line 488, in _call_with_frames_removed
  File "/opt/airflow/dags/etl.py", line 3, in <module>
    from etl_functions.etl import extract, transform, create_timestamps, create_patient_ids, save_parquet
ModuleNotFoundError: No module named 'etl_functions'
[2025-11-28T19:27:39.826+0000] {processor.py:842} WARNING - No viable dags retrieved from /opt/airflow/dags/etl.py
[2025-11-28T19:27:39.847+0000] {processor.py:183} INFO - Processing /opt/airflow/dags/etl.py took 0.227 seconds
[2025-11-28T19:28:10.373+0000] {processor.py:161} INFO - Started process (PID=452) to work on /opt/airflow/dags/etl.py
[2025-11-28T19:28:10.374+0000] {processor.py:830} INFO - Processing file /opt/airflow/dags/etl.py for tasks to queue
[2025-11-28T19:28:10.375+0000] {logging_mixin.py:188} INFO - [2025-11-28T19:28:10.375+0000] {dagbag.py:545} INFO - Filling up the DagBag from /opt/airflow/dags/etl.py
[2025-11-28T19:28:10.612+0000] {logging_mixin.py:188} INFO - [2025-11-28T19:28:10.611+0000] {dagbag.py:355} ERROR - Failed to import: /opt/airflow/dags/etl.py
Traceback (most recent call last):
  File "/home/airflow/.local/lib/python3.12/site-packages/airflow/models/dagbag.py", line 351, in parse
    loader.exec_module(new_module)
  File "<frozen importlib._bootstrap_external>", line 995, in exec_module
  File "<frozen importlib._bootstrap>", line 488, in _call_with_frames_removed
  File "/opt/airflow/dags/etl.py", line 3, in <module>
    from etl_functions.etl import extract, transform, create_timestamps, create_patient_ids, save_parquet
ModuleNotFoundError: No module named 'etl_functions'
[2025-11-28T19:28:10.612+0000] {processor.py:842} WARNING - No viable dags retrieved from /opt/airflow/dags/etl.py
[2025-11-28T19:28:10.632+0000] {processor.py:183} INFO - Processing /opt/airflow/dags/etl.py took 0.263 seconds
[2025-11-28T19:28:41.200+0000] {processor.py:161} INFO - Started process (PID=497) to work on /opt/airflow/dags/etl.py
[2025-11-28T19:28:41.202+0000] {processor.py:830} INFO - Processing file /opt/airflow/dags/etl.py for tasks to queue
[2025-11-28T19:28:41.203+0000] {logging_mixin.py:188} INFO - [2025-11-28T19:28:41.203+0000] {dagbag.py:545} INFO - Filling up the DagBag from /opt/airflow/dags/etl.py
[2025-11-28T19:28:41.375+0000] {logging_mixin.py:188} INFO - [2025-11-28T19:28:41.374+0000] {dagbag.py:355} ERROR - Failed to import: /opt/airflow/dags/etl.py
Traceback (most recent call last):
  File "/home/airflow/.local/lib/python3.12/site-packages/airflow/models/dagbag.py", line 351, in parse
    loader.exec_module(new_module)
  File "<frozen importlib._bootstrap_external>", line 995, in exec_module
  File "<frozen importlib._bootstrap>", line 488, in _call_with_frames_removed
  File "/opt/airflow/dags/etl.py", line 3, in <module>
    from etl_functions.etl import extract, transform, create_timestamps, create_patient_ids, save_parquet
ModuleNotFoundError: No module named 'etl_functions'
[2025-11-28T19:28:41.375+0000] {processor.py:842} WARNING - No viable dags retrieved from /opt/airflow/dags/etl.py
[2025-11-28T19:28:41.388+0000] {processor.py:183} INFO - Processing /opt/airflow/dags/etl.py took 0.192 seconds
[2025-11-28T19:29:36.947+0000] {processor.py:161} INFO - Started process (PID=218) to work on /opt/airflow/dags/etl.py
[2025-11-28T19:29:36.950+0000] {processor.py:830} INFO - Processing file /opt/airflow/dags/etl.py for tasks to queue
[2025-11-28T19:29:36.952+0000] {logging_mixin.py:188} INFO - [2025-11-28T19:29:36.952+0000] {dagbag.py:545} INFO - Filling up the DagBag from /opt/airflow/dags/etl.py
[2025-11-28T19:29:37.376+0000] {logging_mixin.py:188} INFO - [2025-11-28T19:29:37.374+0000] {dagbag.py:355} ERROR - Failed to import: /opt/airflow/dags/etl.py
Traceback (most recent call last):
  File "/home/airflow/.local/lib/python3.12/site-packages/airflow/models/dagbag.py", line 351, in parse
    loader.exec_module(new_module)
  File "<frozen importlib._bootstrap_external>", line 995, in exec_module
  File "<frozen importlib._bootstrap>", line 488, in _call_with_frames_removed
  File "/opt/airflow/dags/etl.py", line 3, in <module>
    from etl_functions.etl import extract, transform, create_timestamps, create_patient_ids, save_parquet
ModuleNotFoundError: No module named 'etl_functions'
[2025-11-28T19:29:37.376+0000] {processor.py:842} WARNING - No viable dags retrieved from /opt/airflow/dags/etl.py
[2025-11-28T19:29:37.407+0000] {processor.py:183} INFO - Processing /opt/airflow/dags/etl.py took 0.469 seconds
[2025-11-28T19:30:07.643+0000] {processor.py:161} INFO - Started process (PID=237) to work on /opt/airflow/dags/etl.py
[2025-11-28T19:30:07.647+0000] {processor.py:830} INFO - Processing file /opt/airflow/dags/etl.py for tasks to queue
[2025-11-28T19:30:07.650+0000] {logging_mixin.py:188} INFO - [2025-11-28T19:30:07.650+0000] {dagbag.py:545} INFO - Filling up the DagBag from /opt/airflow/dags/etl.py
[2025-11-28T19:30:07.877+0000] {logging_mixin.py:188} INFO - [2025-11-28T19:30:07.876+0000] {dagbag.py:355} ERROR - Failed to import: /opt/airflow/dags/etl.py
Traceback (most recent call last):
  File "/home/airflow/.local/lib/python3.12/site-packages/airflow/models/dagbag.py", line 351, in parse
    loader.exec_module(new_module)
  File "<frozen importlib._bootstrap_external>", line 995, in exec_module
  File "<frozen importlib._bootstrap>", line 488, in _call_with_frames_removed
  File "/opt/airflow/dags/etl.py", line 3, in <module>
    from etl_functions.etl import extract, transform, create_timestamps, create_patient_ids, save_parquet
ModuleNotFoundError: No module named 'etl_functions'
[2025-11-28T19:30:07.878+0000] {processor.py:842} WARNING - No viable dags retrieved from /opt/airflow/dags/etl.py
[2025-11-28T19:30:07.902+0000] {processor.py:183} INFO - Processing /opt/airflow/dags/etl.py took 0.263 seconds
[2025-11-28T19:30:38.382+0000] {processor.py:161} INFO - Started process (PID=276) to work on /opt/airflow/dags/etl.py
[2025-11-28T19:30:38.386+0000] {processor.py:830} INFO - Processing file /opt/airflow/dags/etl.py for tasks to queue
[2025-11-28T19:30:38.387+0000] {logging_mixin.py:188} INFO - [2025-11-28T19:30:38.387+0000] {dagbag.py:545} INFO - Filling up the DagBag from /opt/airflow/dags/etl.py
[2025-11-28T19:30:38.595+0000] {logging_mixin.py:188} INFO - [2025-11-28T19:30:38.593+0000] {dagbag.py:355} ERROR - Failed to import: /opt/airflow/dags/etl.py
Traceback (most recent call last):
  File "/home/airflow/.local/lib/python3.12/site-packages/airflow/models/dagbag.py", line 351, in parse
    loader.exec_module(new_module)
  File "<frozen importlib._bootstrap_external>", line 995, in exec_module
  File "<frozen importlib._bootstrap>", line 488, in _call_with_frames_removed
  File "/opt/airflow/dags/etl.py", line 3, in <module>
    from etl_functions.etl import extract, transform, create_timestamps, create_patient_ids, save_parquet
ModuleNotFoundError: No module named 'etl_functions'
[2025-11-28T19:30:38.595+0000] {processor.py:842} WARNING - No viable dags retrieved from /opt/airflow/dags/etl.py
[2025-11-28T19:30:38.607+0000] {processor.py:183} INFO - Processing /opt/airflow/dags/etl.py took 0.230 seconds
[2025-11-28T19:31:08.864+0000] {processor.py:161} INFO - Started process (PID=320) to work on /opt/airflow/dags/etl.py
[2025-11-28T19:31:08.866+0000] {processor.py:830} INFO - Processing file /opt/airflow/dags/etl.py for tasks to queue
[2025-11-28T19:31:08.877+0000] {logging_mixin.py:188} INFO - [2025-11-28T19:31:08.868+0000] {dagbag.py:545} INFO - Filling up the DagBag from /opt/airflow/dags/etl.py
[2025-11-28T19:31:09.179+0000] {logging_mixin.py:188} INFO - [2025-11-28T19:31:09.177+0000] {dagbag.py:355} ERROR - Failed to import: /opt/airflow/dags/etl.py
Traceback (most recent call last):
  File "/home/airflow/.local/lib/python3.12/site-packages/airflow/models/dagbag.py", line 351, in parse
    loader.exec_module(new_module)
  File "<frozen importlib._bootstrap_external>", line 995, in exec_module
  File "<frozen importlib._bootstrap>", line 488, in _call_with_frames_removed
  File "/opt/airflow/dags/etl.py", line 3, in <module>
    from etl_functions.etl import extract, transform, create_timestamps, create_patient_ids, save_parquet
ModuleNotFoundError: No module named 'etl_functions'
[2025-11-28T19:31:09.179+0000] {processor.py:842} WARNING - No viable dags retrieved from /opt/airflow/dags/etl.py
[2025-11-28T19:31:09.201+0000] {processor.py:183} INFO - Processing /opt/airflow/dags/etl.py took 0.351 seconds
[2025-11-28T19:31:39.562+0000] {processor.py:161} INFO - Started process (PID=362) to work on /opt/airflow/dags/etl.py
[2025-11-28T19:31:39.566+0000] {processor.py:830} INFO - Processing file /opt/airflow/dags/etl.py for tasks to queue
[2025-11-28T19:31:39.567+0000] {logging_mixin.py:188} INFO - [2025-11-28T19:31:39.567+0000] {dagbag.py:545} INFO - Filling up the DagBag from /opt/airflow/dags/etl.py
[2025-11-28T19:31:39.754+0000] {logging_mixin.py:188} INFO - [2025-11-28T19:31:39.753+0000] {dagbag.py:355} ERROR - Failed to import: /opt/airflow/dags/etl.py
Traceback (most recent call last):
  File "/home/airflow/.local/lib/python3.12/site-packages/airflow/models/dagbag.py", line 351, in parse
    loader.exec_module(new_module)
  File "<frozen importlib._bootstrap_external>", line 995, in exec_module
  File "<frozen importlib._bootstrap>", line 488, in _call_with_frames_removed
  File "/opt/airflow/dags/etl.py", line 3, in <module>
    from etl_functions.etl import extract, transform, create_timestamps, create_patient_ids, save_parquet
ModuleNotFoundError: No module named 'etl_functions'
[2025-11-28T19:31:39.754+0000] {processor.py:842} WARNING - No viable dags retrieved from /opt/airflow/dags/etl.py
[2025-11-28T19:31:39.768+0000] {processor.py:183} INFO - Processing /opt/airflow/dags/etl.py took 0.214 seconds
[2025-11-28T19:33:58.730+0000] {processor.py:161} INFO - Started process (PID=218) to work on /opt/airflow/dags/etl.py
[2025-11-28T19:33:58.733+0000] {processor.py:830} INFO - Processing file /opt/airflow/dags/etl.py for tasks to queue
[2025-11-28T19:33:58.735+0000] {logging_mixin.py:188} INFO - [2025-11-28T19:33:58.735+0000] {dagbag.py:545} INFO - Filling up the DagBag from /opt/airflow/dags/etl.py
[2025-11-28T19:33:59.034+0000] {logging_mixin.py:188} INFO - [2025-11-28T19:33:59.031+0000] {dagbag.py:355} ERROR - Failed to import: /opt/airflow/dags/etl.py
Traceback (most recent call last):
  File "/home/airflow/.local/lib/python3.12/site-packages/airflow/models/dagbag.py", line 351, in parse
    loader.exec_module(new_module)
  File "<frozen importlib._bootstrap_external>", line 995, in exec_module
  File "<frozen importlib._bootstrap>", line 488, in _call_with_frames_removed
  File "/opt/airflow/dags/etl.py", line 3, in <module>
    from etl_functions.etl import extract, transform, create_timestamps, create_patient_ids, save_parquet
ModuleNotFoundError: No module named 'etl_functions'
[2025-11-28T19:33:59.034+0000] {processor.py:842} WARNING - No viable dags retrieved from /opt/airflow/dags/etl.py
[2025-11-28T19:33:59.061+0000] {processor.py:183} INFO - Processing /opt/airflow/dags/etl.py took 0.340 seconds
[2025-11-28T19:34:29.283+0000] {processor.py:161} INFO - Started process (PID=242) to work on /opt/airflow/dags/etl.py
[2025-11-28T19:34:29.284+0000] {processor.py:830} INFO - Processing file /opt/airflow/dags/etl.py for tasks to queue
[2025-11-28T19:34:29.286+0000] {logging_mixin.py:188} INFO - [2025-11-28T19:34:29.285+0000] {dagbag.py:545} INFO - Filling up the DagBag from /opt/airflow/dags/etl.py
[2025-11-28T19:34:29.450+0000] {logging_mixin.py:188} INFO - [2025-11-28T19:34:29.449+0000] {dagbag.py:355} ERROR - Failed to import: /opt/airflow/dags/etl.py
Traceback (most recent call last):
  File "/home/airflow/.local/lib/python3.12/site-packages/airflow/models/dagbag.py", line 351, in parse
    loader.exec_module(new_module)
  File "<frozen importlib._bootstrap_external>", line 995, in exec_module
  File "<frozen importlib._bootstrap>", line 488, in _call_with_frames_removed
  File "/opt/airflow/dags/etl.py", line 3, in <module>
    from etl_functions.etl import extract, transform, create_timestamps, create_patient_ids, save_parquet
ModuleNotFoundError: No module named 'etl_functions'
[2025-11-28T19:34:29.451+0000] {processor.py:842} WARNING - No viable dags retrieved from /opt/airflow/dags/etl.py
[2025-11-28T19:34:29.468+0000] {processor.py:183} INFO - Processing /opt/airflow/dags/etl.py took 0.189 seconds
[2025-11-28T19:34:59.951+0000] {processor.py:161} INFO - Started process (PID=276) to work on /opt/airflow/dags/etl.py
[2025-11-28T19:34:59.954+0000] {processor.py:830} INFO - Processing file /opt/airflow/dags/etl.py for tasks to queue
[2025-11-28T19:34:59.956+0000] {logging_mixin.py:188} INFO - [2025-11-28T19:34:59.955+0000] {dagbag.py:545} INFO - Filling up the DagBag from /opt/airflow/dags/etl.py
[2025-11-28T19:35:00.140+0000] {logging_mixin.py:188} INFO - [2025-11-28T19:35:00.139+0000] {dagbag.py:355} ERROR - Failed to import: /opt/airflow/dags/etl.py
Traceback (most recent call last):
  File "/home/airflow/.local/lib/python3.12/site-packages/airflow/models/dagbag.py", line 351, in parse
    loader.exec_module(new_module)
  File "<frozen importlib._bootstrap_external>", line 995, in exec_module
  File "<frozen importlib._bootstrap>", line 488, in _call_with_frames_removed
  File "/opt/airflow/dags/etl.py", line 3, in <module>
    from etl_functions.etl import extract, transform, create_timestamps, create_patient_ids, save_parquet
ModuleNotFoundError: No module named 'etl_functions'
[2025-11-28T19:35:00.140+0000] {processor.py:842} WARNING - No viable dags retrieved from /opt/airflow/dags/etl.py
[2025-11-28T19:35:00.160+0000] {processor.py:183} INFO - Processing /opt/airflow/dags/etl.py took 0.213 seconds
[2025-11-28T19:35:30.510+0000] {processor.py:161} INFO - Started process (PID=319) to work on /opt/airflow/dags/etl.py
[2025-11-28T19:35:30.511+0000] {processor.py:830} INFO - Processing file /opt/airflow/dags/etl.py for tasks to queue
[2025-11-28T19:35:30.512+0000] {logging_mixin.py:188} INFO - [2025-11-28T19:35:30.511+0000] {dagbag.py:545} INFO - Filling up the DagBag from /opt/airflow/dags/etl.py
[2025-11-28T19:35:30.711+0000] {logging_mixin.py:188} INFO - [2025-11-28T19:35:30.710+0000] {dagbag.py:355} ERROR - Failed to import: /opt/airflow/dags/etl.py
Traceback (most recent call last):
  File "/home/airflow/.local/lib/python3.12/site-packages/airflow/models/dagbag.py", line 351, in parse
    loader.exec_module(new_module)
  File "<frozen importlib._bootstrap_external>", line 995, in exec_module
  File "<frozen importlib._bootstrap>", line 488, in _call_with_frames_removed
  File "/opt/airflow/dags/etl.py", line 3, in <module>
    from etl_functions.etl import extract, transform, create_timestamps, create_patient_ids, save_parquet
ModuleNotFoundError: No module named 'etl_functions'
[2025-11-28T19:35:30.711+0000] {processor.py:842} WARNING - No viable dags retrieved from /opt/airflow/dags/etl.py
[2025-11-28T19:35:30.732+0000] {processor.py:183} INFO - Processing /opt/airflow/dags/etl.py took 0.225 seconds
[2025-11-28T19:36:00.940+0000] {processor.py:161} INFO - Started process (PID=362) to work on /opt/airflow/dags/etl.py
[2025-11-28T19:36:00.943+0000] {processor.py:830} INFO - Processing file /opt/airflow/dags/etl.py for tasks to queue
[2025-11-28T19:36:00.944+0000] {logging_mixin.py:188} INFO - [2025-11-28T19:36:00.944+0000] {dagbag.py:545} INFO - Filling up the DagBag from /opt/airflow/dags/etl.py
[2025-11-28T19:36:01.105+0000] {logging_mixin.py:188} INFO - [2025-11-28T19:36:01.104+0000] {dagbag.py:355} ERROR - Failed to import: /opt/airflow/dags/etl.py
Traceback (most recent call last):
  File "/home/airflow/.local/lib/python3.12/site-packages/airflow/models/dagbag.py", line 351, in parse
    loader.exec_module(new_module)
  File "<frozen importlib._bootstrap_external>", line 995, in exec_module
  File "<frozen importlib._bootstrap>", line 488, in _call_with_frames_removed
  File "/opt/airflow/dags/etl.py", line 3, in <module>
    from etl_functions.etl import extract, transform, create_timestamps, create_patient_ids, save_parquet
ModuleNotFoundError: No module named 'etl_functions'
[2025-11-28T19:36:01.105+0000] {processor.py:842} WARNING - No viable dags retrieved from /opt/airflow/dags/etl.py
[2025-11-28T19:36:01.122+0000] {processor.py:183} INFO - Processing /opt/airflow/dags/etl.py took 0.186 seconds
[2025-11-28T19:36:31.193+0000] {processor.py:161} INFO - Started process (PID=407) to work on /opt/airflow/dags/etl.py
[2025-11-28T19:36:31.195+0000] {processor.py:830} INFO - Processing file /opt/airflow/dags/etl.py for tasks to queue
[2025-11-28T19:36:31.196+0000] {logging_mixin.py:188} INFO - [2025-11-28T19:36:31.196+0000] {dagbag.py:545} INFO - Filling up the DagBag from /opt/airflow/dags/etl.py
[2025-11-28T19:36:31.361+0000] {logging_mixin.py:188} INFO - [2025-11-28T19:36:31.360+0000] {dagbag.py:355} ERROR - Failed to import: /opt/airflow/dags/etl.py
Traceback (most recent call last):
  File "/home/airflow/.local/lib/python3.12/site-packages/airflow/models/dagbag.py", line 351, in parse
    loader.exec_module(new_module)
  File "<frozen importlib._bootstrap_external>", line 995, in exec_module
  File "<frozen importlib._bootstrap>", line 488, in _call_with_frames_removed
  File "/opt/airflow/dags/etl.py", line 3, in <module>
    from etl_functions.etl import extract, transform, create_timestamps, create_patient_ids, save_parquet
ModuleNotFoundError: No module named 'etl_functions'
[2025-11-28T19:36:31.362+0000] {processor.py:842} WARNING - No viable dags retrieved from /opt/airflow/dags/etl.py
[2025-11-28T19:36:31.375+0000] {processor.py:183} INFO - Processing /opt/airflow/dags/etl.py took 0.185 seconds
[2025-11-28T19:37:02.114+0000] {processor.py:161} INFO - Started process (PID=453) to work on /opt/airflow/dags/etl.py
[2025-11-28T19:37:02.116+0000] {processor.py:830} INFO - Processing file /opt/airflow/dags/etl.py for tasks to queue
[2025-11-28T19:37:02.117+0000] {logging_mixin.py:188} INFO - [2025-11-28T19:37:02.116+0000] {dagbag.py:545} INFO - Filling up the DagBag from /opt/airflow/dags/etl.py
[2025-11-28T19:37:02.275+0000] {logging_mixin.py:188} INFO - [2025-11-28T19:37:02.274+0000] {dagbag.py:355} ERROR - Failed to import: /opt/airflow/dags/etl.py
Traceback (most recent call last):
  File "/home/airflow/.local/lib/python3.12/site-packages/airflow/models/dagbag.py", line 351, in parse
    loader.exec_module(new_module)
  File "<frozen importlib._bootstrap_external>", line 995, in exec_module
  File "<frozen importlib._bootstrap>", line 488, in _call_with_frames_removed
  File "/opt/airflow/dags/etl.py", line 3, in <module>
    from etl_functions.etl import extract, transform, create_timestamps, create_patient_ids, save_parquet
ModuleNotFoundError: No module named 'etl_functions'
[2025-11-28T19:37:02.275+0000] {processor.py:842} WARNING - No viable dags retrieved from /opt/airflow/dags/etl.py
[2025-11-28T19:37:02.290+0000] {processor.py:183} INFO - Processing /opt/airflow/dags/etl.py took 0.179 seconds
[2025-11-28T19:37:32.363+0000] {processor.py:161} INFO - Started process (PID=498) to work on /opt/airflow/dags/etl.py
[2025-11-28T19:37:32.365+0000] {processor.py:830} INFO - Processing file /opt/airflow/dags/etl.py for tasks to queue
[2025-11-28T19:37:32.366+0000] {logging_mixin.py:188} INFO - [2025-11-28T19:37:32.366+0000] {dagbag.py:545} INFO - Filling up the DagBag from /opt/airflow/dags/etl.py
[2025-11-28T19:37:32.552+0000] {logging_mixin.py:188} INFO - [2025-11-28T19:37:32.551+0000] {dagbag.py:355} ERROR - Failed to import: /opt/airflow/dags/etl.py
Traceback (most recent call last):
  File "/home/airflow/.local/lib/python3.12/site-packages/airflow/models/dagbag.py", line 351, in parse
    loader.exec_module(new_module)
  File "<frozen importlib._bootstrap_external>", line 995, in exec_module
  File "<frozen importlib._bootstrap>", line 488, in _call_with_frames_removed
  File "/opt/airflow/dags/etl.py", line 3, in <module>
    from etl_functions.etl import extract, transform, create_timestamps, create_patient_ids, save_parquet
ModuleNotFoundError: No module named 'etl_functions'
[2025-11-28T19:37:32.553+0000] {processor.py:842} WARNING - No viable dags retrieved from /opt/airflow/dags/etl.py
[2025-11-28T19:37:32.567+0000] {processor.py:183} INFO - Processing /opt/airflow/dags/etl.py took 0.209 seconds
[2025-11-28T19:38:03.156+0000] {processor.py:161} INFO - Started process (PID=543) to work on /opt/airflow/dags/etl.py
[2025-11-28T19:38:03.158+0000] {processor.py:830} INFO - Processing file /opt/airflow/dags/etl.py for tasks to queue
[2025-11-28T19:38:03.159+0000] {logging_mixin.py:188} INFO - [2025-11-28T19:38:03.159+0000] {dagbag.py:545} INFO - Filling up the DagBag from /opt/airflow/dags/etl.py
[2025-11-28T19:38:03.327+0000] {logging_mixin.py:188} INFO - [2025-11-28T19:38:03.326+0000] {dagbag.py:355} ERROR - Failed to import: /opt/airflow/dags/etl.py
Traceback (most recent call last):
  File "/home/airflow/.local/lib/python3.12/site-packages/airflow/models/dagbag.py", line 351, in parse
    loader.exec_module(new_module)
  File "<frozen importlib._bootstrap_external>", line 995, in exec_module
  File "<frozen importlib._bootstrap>", line 488, in _call_with_frames_removed
  File "/opt/airflow/dags/etl.py", line 3, in <module>
    from etl_functions.etl import extract, transform, create_timestamps, create_patient_ids, save_parquet
ModuleNotFoundError: No module named 'etl_functions'
[2025-11-28T19:38:03.328+0000] {processor.py:842} WARNING - No viable dags retrieved from /opt/airflow/dags/etl.py
[2025-11-28T19:38:03.342+0000] {processor.py:183} INFO - Processing /opt/airflow/dags/etl.py took 0.190 seconds
[2025-11-28T19:38:33.453+0000] {processor.py:161} INFO - Started process (PID=588) to work on /opt/airflow/dags/etl.py
[2025-11-28T19:38:33.455+0000] {processor.py:830} INFO - Processing file /opt/airflow/dags/etl.py for tasks to queue
[2025-11-28T19:38:33.457+0000] {logging_mixin.py:188} INFO - [2025-11-28T19:38:33.456+0000] {dagbag.py:545} INFO - Filling up the DagBag from /opt/airflow/dags/etl.py
[2025-11-28T19:38:33.657+0000] {logging_mixin.py:188} INFO - [2025-11-28T19:38:33.656+0000] {dagbag.py:355} ERROR - Failed to import: /opt/airflow/dags/etl.py
Traceback (most recent call last):
  File "/home/airflow/.local/lib/python3.12/site-packages/airflow/models/dagbag.py", line 351, in parse
    loader.exec_module(new_module)
  File "<frozen importlib._bootstrap_external>", line 995, in exec_module
  File "<frozen importlib._bootstrap>", line 488, in _call_with_frames_removed
  File "/opt/airflow/dags/etl.py", line 3, in <module>
    from etl_functions.etl import extract, transform, create_timestamps, create_patient_ids, save_parquet
ModuleNotFoundError: No module named 'etl_functions'
[2025-11-28T19:38:33.657+0000] {processor.py:842} WARNING - No viable dags retrieved from /opt/airflow/dags/etl.py
[2025-11-28T19:38:33.675+0000] {processor.py:183} INFO - Processing /opt/airflow/dags/etl.py took 0.226 seconds
[2025-11-28T19:39:04.208+0000] {processor.py:161} INFO - Started process (PID=633) to work on /opt/airflow/dags/etl.py
[2025-11-28T19:39:04.209+0000] {processor.py:830} INFO - Processing file /opt/airflow/dags/etl.py for tasks to queue
[2025-11-28T19:39:04.211+0000] {logging_mixin.py:188} INFO - [2025-11-28T19:39:04.211+0000] {dagbag.py:545} INFO - Filling up the DagBag from /opt/airflow/dags/etl.py
[2025-11-28T19:39:04.400+0000] {logging_mixin.py:188} INFO - [2025-11-28T19:39:04.399+0000] {dagbag.py:355} ERROR - Failed to import: /opt/airflow/dags/etl.py
Traceback (most recent call last):
  File "/home/airflow/.local/lib/python3.12/site-packages/airflow/models/dagbag.py", line 351, in parse
    loader.exec_module(new_module)
  File "<frozen importlib._bootstrap_external>", line 995, in exec_module
  File "<frozen importlib._bootstrap>", line 488, in _call_with_frames_removed
  File "/opt/airflow/dags/etl.py", line 3, in <module>
    from etl_functions.etl import extract, transform, create_timestamps, create_patient_ids, save_parquet
ModuleNotFoundError: No module named 'etl_functions'
[2025-11-28T19:39:04.401+0000] {processor.py:842} WARNING - No viable dags retrieved from /opt/airflow/dags/etl.py
[2025-11-28T19:39:04.416+0000] {processor.py:183} INFO - Processing /opt/airflow/dags/etl.py took 0.214 seconds
[2025-11-28T19:40:27.004+0000] {processor.py:161} INFO - Started process (PID=218) to work on /opt/airflow/dags/etl.py
[2025-11-28T19:40:27.007+0000] {processor.py:830} INFO - Processing file /opt/airflow/dags/etl.py for tasks to queue
[2025-11-28T19:40:27.010+0000] {logging_mixin.py:188} INFO - [2025-11-28T19:40:27.009+0000] {dagbag.py:545} INFO - Filling up the DagBag from /opt/airflow/dags/etl.py
[2025-11-28T19:40:27.320+0000] {processor.py:840} INFO - DAG(s) 'etl_pipeline_final' retrieved from /opt/airflow/dags/etl.py
[2025-11-28T19:40:27.433+0000] {logging_mixin.py:188} INFO - [2025-11-28T19:40:27.432+0000] {override.py:1829} INFO - Created Permission View: can read on DAG:etl_pipeline_final
[2025-11-28T19:40:27.447+0000] {logging_mixin.py:188} INFO - [2025-11-28T19:40:27.446+0000] {override.py:1829} INFO - Created Permission View: can delete on DAG:etl_pipeline_final
[2025-11-28T19:40:27.455+0000] {logging_mixin.py:188} INFO - [2025-11-28T19:40:27.455+0000] {override.py:1829} INFO - Created Permission View: can edit on DAG:etl_pipeline_final
[2025-11-28T19:40:27.456+0000] {logging_mixin.py:188} INFO - [2025-11-28T19:40:27.455+0000] {dag.py:3096} INFO - Sync 1 DAGs
[2025-11-28T19:40:27.470+0000] {logging_mixin.py:188} INFO - [2025-11-28T19:40:27.470+0000] {dag.py:3118} INFO - Creating ORM DAG for etl_pipeline_final
[2025-11-28T19:40:27.482+0000] {logging_mixin.py:188} INFO - [2025-11-28T19:40:27.482+0000] {dag.py:3954} INFO - Setting next_dagrun for etl_pipeline_final to 2025-11-27 00:00:00+00:00, run_after=2025-11-28 00:00:00+00:00
[2025-11-28T19:40:27.619+0000] {processor.py:183} INFO - Processing /opt/airflow/dags/etl.py took 0.621 seconds
[2025-11-28T19:40:57.806+0000] {processor.py:161} INFO - Started process (PID=243) to work on /opt/airflow/dags/etl.py
[2025-11-28T19:40:57.808+0000] {processor.py:830} INFO - Processing file /opt/airflow/dags/etl.py for tasks to queue
[2025-11-28T19:40:57.809+0000] {logging_mixin.py:188} INFO - [2025-11-28T19:40:57.809+0000] {dagbag.py:545} INFO - Filling up the DagBag from /opt/airflow/dags/etl.py
[2025-11-28T19:40:58.035+0000] {processor.py:840} INFO - DAG(s) 'etl_pipeline_final' retrieved from /opt/airflow/dags/etl.py
[2025-11-28T19:40:58.066+0000] {logging_mixin.py:188} INFO - [2025-11-28T19:40:58.065+0000] {dag.py:3096} INFO - Sync 1 DAGs
[2025-11-28T19:40:58.090+0000] {logging_mixin.py:188} INFO - [2025-11-28T19:40:58.090+0000] {dag.py:3954} INFO - Setting next_dagrun for etl_pipeline_final to 2025-11-27 00:00:00+00:00, run_after=2025-11-28 00:00:00+00:00
[2025-11-28T19:40:58.116+0000] {processor.py:183} INFO - Processing /opt/airflow/dags/etl.py took 0.315 seconds
[2025-11-28T19:41:28.414+0000] {processor.py:161} INFO - Started process (PID=276) to work on /opt/airflow/dags/etl.py
[2025-11-28T19:41:28.416+0000] {processor.py:830} INFO - Processing file /opt/airflow/dags/etl.py for tasks to queue
[2025-11-28T19:41:28.418+0000] {logging_mixin.py:188} INFO - [2025-11-28T19:41:28.418+0000] {dagbag.py:545} INFO - Filling up the DagBag from /opt/airflow/dags/etl.py
[2025-11-28T19:41:28.801+0000] {processor.py:840} INFO - DAG(s) 'etl_pipeline_final' retrieved from /opt/airflow/dags/etl.py
[2025-11-28T19:41:28.834+0000] {logging_mixin.py:188} INFO - [2025-11-28T19:41:28.833+0000] {dag.py:3096} INFO - Sync 1 DAGs
[2025-11-28T19:41:28.860+0000] {logging_mixin.py:188} INFO - [2025-11-28T19:41:28.860+0000] {dag.py:3954} INFO - Setting next_dagrun for etl_pipeline_final to 2025-11-27 00:00:00+00:00, run_after=2025-11-28 00:00:00+00:00
[2025-11-28T19:41:28.887+0000] {processor.py:183} INFO - Processing /opt/airflow/dags/etl.py took 0.478 seconds
[2025-11-28T19:41:58.983+0000] {processor.py:161} INFO - Started process (PID=318) to work on /opt/airflow/dags/etl.py
[2025-11-28T19:41:58.985+0000] {processor.py:830} INFO - Processing file /opt/airflow/dags/etl.py for tasks to queue
[2025-11-28T19:41:58.986+0000] {logging_mixin.py:188} INFO - [2025-11-28T19:41:58.986+0000] {dagbag.py:545} INFO - Filling up the DagBag from /opt/airflow/dags/etl.py
[2025-11-28T19:41:59.155+0000] {processor.py:840} INFO - DAG(s) 'etl_pipeline_final' retrieved from /opt/airflow/dags/etl.py
[2025-11-28T19:41:59.174+0000] {logging_mixin.py:188} INFO - [2025-11-28T19:41:59.173+0000] {dag.py:3096} INFO - Sync 1 DAGs
[2025-11-28T19:41:59.188+0000] {logging_mixin.py:188} INFO - [2025-11-28T19:41:59.188+0000] {dag.py:3954} INFO - Setting next_dagrun for etl_pipeline_final to 2025-11-27 00:00:00+00:00, run_after=2025-11-28 00:00:00+00:00
[2025-11-28T19:41:59.203+0000] {processor.py:183} INFO - Processing /opt/airflow/dags/etl.py took 0.224 seconds
[2025-11-28T19:43:27.082+0000] {processor.py:161} INFO - Started process (PID=206) to work on /opt/airflow/dags/etl.py
[2025-11-28T19:43:27.084+0000] {processor.py:830} INFO - Processing file /opt/airflow/dags/etl.py for tasks to queue
[2025-11-28T19:43:27.086+0000] {logging_mixin.py:188} INFO - [2025-11-28T19:43:27.085+0000] {dagbag.py:545} INFO - Filling up the DagBag from /opt/airflow/dags/etl.py
[2025-11-28T19:43:27.691+0000] {processor.py:840} INFO - DAG(s) 'etl_pipeline_final' retrieved from /opt/airflow/dags/etl.py
[2025-11-28T19:43:27.814+0000] {logging_mixin.py:188} INFO - [2025-11-28T19:43:27.814+0000] {dag.py:3096} INFO - Sync 1 DAGs
[2025-11-28T19:43:27.841+0000] {logging_mixin.py:188} INFO - [2025-11-28T19:43:27.841+0000] {dag.py:3954} INFO - Setting next_dagrun for etl_pipeline_final to 2025-11-27 00:00:00+00:00, run_after=2025-11-28 00:00:00+00:00
[2025-11-28T19:43:27.872+0000] {processor.py:183} INFO - Processing /opt/airflow/dags/etl.py took 0.802 seconds
[2025-11-28T19:43:58.045+0000] {processor.py:161} INFO - Started process (PID=238) to work on /opt/airflow/dags/etl.py
[2025-11-28T19:43:58.046+0000] {processor.py:830} INFO - Processing file /opt/airflow/dags/etl.py for tasks to queue
[2025-11-28T19:43:58.048+0000] {logging_mixin.py:188} INFO - [2025-11-28T19:43:58.047+0000] {dagbag.py:545} INFO - Filling up the DagBag from /opt/airflow/dags/etl.py
[2025-11-28T19:43:58.304+0000] {processor.py:840} INFO - DAG(s) 'etl_pipeline_final' retrieved from /opt/airflow/dags/etl.py
[2025-11-28T19:43:58.326+0000] {logging_mixin.py:188} INFO - [2025-11-28T19:43:58.326+0000] {dag.py:3096} INFO - Sync 1 DAGs
[2025-11-28T19:43:58.341+0000] {logging_mixin.py:188} INFO - [2025-11-28T19:43:58.341+0000] {dag.py:3954} INFO - Setting next_dagrun for etl_pipeline_final to 2025-11-27 00:00:00+00:00, run_after=2025-11-28 00:00:00+00:00
[2025-11-28T19:43:58.356+0000] {processor.py:183} INFO - Processing /opt/airflow/dags/etl.py took 0.315 seconds
[2025-11-28T19:44:28.467+0000] {processor.py:161} INFO - Started process (PID=275) to work on /opt/airflow/dags/etl.py
[2025-11-28T19:44:28.468+0000] {processor.py:830} INFO - Processing file /opt/airflow/dags/etl.py for tasks to queue
[2025-11-28T19:44:28.469+0000] {logging_mixin.py:188} INFO - [2025-11-28T19:44:28.469+0000] {dagbag.py:545} INFO - Filling up the DagBag from /opt/airflow/dags/etl.py
[2025-11-28T19:44:28.660+0000] {processor.py:840} INFO - DAG(s) 'etl_pipeline_final' retrieved from /opt/airflow/dags/etl.py
[2025-11-28T19:44:28.685+0000] {logging_mixin.py:188} INFO - [2025-11-28T19:44:28.684+0000] {dag.py:3096} INFO - Sync 1 DAGs
[2025-11-28T19:44:28.706+0000] {logging_mixin.py:188} INFO - [2025-11-28T19:44:28.705+0000] {dag.py:3954} INFO - Setting next_dagrun for etl_pipeline_final to 2025-11-27 00:00:00+00:00, run_after=2025-11-28 00:00:00+00:00
[2025-11-28T19:44:28.722+0000] {processor.py:183} INFO - Processing /opt/airflow/dags/etl.py took 0.259 seconds
[2025-11-28T19:44:58.825+0000] {processor.py:161} INFO - Started process (PID=353) to work on /opt/airflow/dags/etl.py
[2025-11-28T19:44:58.831+0000] {processor.py:830} INFO - Processing file /opt/airflow/dags/etl.py for tasks to queue
[2025-11-28T19:44:58.844+0000] {logging_mixin.py:188} INFO - [2025-11-28T19:44:58.841+0000] {dagbag.py:545} INFO - Filling up the DagBag from /opt/airflow/dags/etl.py
[2025-11-28T19:44:59.269+0000] {processor.py:840} INFO - DAG(s) 'etl_pipeline_final' retrieved from /opt/airflow/dags/etl.py
[2025-11-28T19:44:59.296+0000] {logging_mixin.py:188} INFO - [2025-11-28T19:44:59.295+0000] {dag.py:3096} INFO - Sync 1 DAGs
[2025-11-28T19:44:59.317+0000] {logging_mixin.py:188} INFO - [2025-11-28T19:44:59.316+0000] {dag.py:3954} INFO - Setting next_dagrun for etl_pipeline_final to 2025-11-27 00:00:00+00:00, run_after=2025-11-28 00:00:00+00:00
[2025-11-28T19:44:59.346+0000] {processor.py:183} INFO - Processing /opt/airflow/dags/etl.py took 0.575 seconds
[2025-11-28T19:45:29.407+0000] {processor.py:161} INFO - Started process (PID=398) to work on /opt/airflow/dags/etl.py
[2025-11-28T19:45:29.410+0000] {processor.py:830} INFO - Processing file /opt/airflow/dags/etl.py for tasks to queue
[2025-11-28T19:45:29.410+0000] {logging_mixin.py:188} INFO - [2025-11-28T19:45:29.410+0000] {dagbag.py:545} INFO - Filling up the DagBag from /opt/airflow/dags/etl.py
[2025-11-28T19:45:29.578+0000] {processor.py:840} INFO - DAG(s) 'etl_pipeline_final' retrieved from /opt/airflow/dags/etl.py
[2025-11-28T19:45:29.597+0000] {logging_mixin.py:188} INFO - [2025-11-28T19:45:29.597+0000] {dag.py:3096} INFO - Sync 1 DAGs
[2025-11-28T19:45:29.612+0000] {logging_mixin.py:188} INFO - [2025-11-28T19:45:29.612+0000] {dag.py:3954} INFO - Setting next_dagrun for etl_pipeline_final to 2025-11-27 00:00:00+00:00, run_after=2025-11-28 00:00:00+00:00
[2025-11-28T19:45:29.626+0000] {processor.py:183} INFO - Processing /opt/airflow/dags/etl.py took 0.223 seconds
[2025-11-28T19:45:59.981+0000] {processor.py:161} INFO - Started process (PID=443) to work on /opt/airflow/dags/etl.py
[2025-11-28T19:45:59.983+0000] {processor.py:830} INFO - Processing file /opt/airflow/dags/etl.py for tasks to queue
[2025-11-28T19:45:59.984+0000] {logging_mixin.py:188} INFO - [2025-11-28T19:45:59.984+0000] {dagbag.py:545} INFO - Filling up the DagBag from /opt/airflow/dags/etl.py
[2025-11-28T19:46:00.149+0000] {processor.py:840} INFO - DAG(s) 'etl_pipeline_final' retrieved from /opt/airflow/dags/etl.py
[2025-11-28T19:46:00.170+0000] {logging_mixin.py:188} INFO - [2025-11-28T19:46:00.170+0000] {dag.py:3096} INFO - Sync 1 DAGs
[2025-11-28T19:46:00.184+0000] {logging_mixin.py:188} INFO - [2025-11-28T19:46:00.184+0000] {dag.py:3954} INFO - Setting next_dagrun for etl_pipeline_final to 2025-11-27 00:00:00+00:00, run_after=2025-11-28 00:00:00+00:00
[2025-11-28T19:46:00.203+0000] {processor.py:183} INFO - Processing /opt/airflow/dags/etl.py took 0.225 seconds
[2025-11-28T19:46:30.343+0000] {processor.py:161} INFO - Started process (PID=488) to work on /opt/airflow/dags/etl.py
[2025-11-28T19:46:30.345+0000] {processor.py:830} INFO - Processing file /opt/airflow/dags/etl.py for tasks to queue
[2025-11-28T19:46:30.346+0000] {logging_mixin.py:188} INFO - [2025-11-28T19:46:30.346+0000] {dagbag.py:545} INFO - Filling up the DagBag from /opt/airflow/dags/etl.py
[2025-11-28T19:46:30.537+0000] {processor.py:840} INFO - DAG(s) 'etl_pipeline_final' retrieved from /opt/airflow/dags/etl.py
[2025-11-28T19:46:30.561+0000] {logging_mixin.py:188} INFO - [2025-11-28T19:46:30.561+0000] {dag.py:3096} INFO - Sync 1 DAGs
[2025-11-28T19:46:30.579+0000] {logging_mixin.py:188} INFO - [2025-11-28T19:46:30.579+0000] {dag.py:3954} INFO - Setting next_dagrun for etl_pipeline_final to 2025-11-27 00:00:00+00:00, run_after=2025-11-28 00:00:00+00:00
[2025-11-28T19:46:30.597+0000] {processor.py:183} INFO - Processing /opt/airflow/dags/etl.py took 0.257 seconds
[2025-11-28T19:55:58.457+0000] {processor.py:161} INFO - Started process (PID=199) to work on /opt/airflow/dags/etl.py
[2025-11-28T19:55:58.459+0000] {processor.py:830} INFO - Processing file /opt/airflow/dags/etl.py for tasks to queue
[2025-11-28T19:55:58.462+0000] {logging_mixin.py:188} INFO - [2025-11-28T19:55:58.462+0000] {dagbag.py:545} INFO - Filling up the DagBag from /opt/airflow/dags/etl.py
[2025-11-28T19:55:58.885+0000] {processor.py:840} INFO - DAG(s) 'etl_pipeline_final' retrieved from /opt/airflow/dags/etl.py
[2025-11-28T19:55:59.045+0000] {logging_mixin.py:188} INFO - [2025-11-28T19:55:59.044+0000] {dag.py:3096} INFO - Sync 1 DAGs
[2025-11-28T19:55:59.077+0000] {logging_mixin.py:188} INFO - [2025-11-28T19:55:59.076+0000] {dag.py:3954} INFO - Setting next_dagrun for etl_pipeline_final to 2025-11-27 00:00:00+00:00, run_after=2025-11-28 00:00:00+00:00
[2025-11-28T19:55:59.112+0000] {processor.py:183} INFO - Processing /opt/airflow/dags/etl.py took 0.661 seconds
[2025-11-28T19:56:30.384+0000] {processor.py:161} INFO - Started process (PID=254) to work on /opt/airflow/dags/etl.py
[2025-11-28T19:56:30.386+0000] {processor.py:830} INFO - Processing file /opt/airflow/dags/etl.py for tasks to queue
[2025-11-28T19:56:30.389+0000] {logging_mixin.py:188} INFO - [2025-11-28T19:56:30.388+0000] {dagbag.py:545} INFO - Filling up the DagBag from /opt/airflow/dags/etl.py
[2025-11-28T19:56:30.612+0000] {processor.py:840} INFO - DAG(s) 'etl_pipeline_final' retrieved from /opt/airflow/dags/etl.py
[2025-11-28T19:56:30.638+0000] {logging_mixin.py:188} INFO - [2025-11-28T19:56:30.638+0000] {dag.py:3096} INFO - Sync 1 DAGs
[2025-11-28T19:56:30.656+0000] {logging_mixin.py:188} INFO - [2025-11-28T19:56:30.656+0000] {dag.py:3954} INFO - Setting next_dagrun for etl_pipeline_final to 2025-11-27 00:00:00+00:00, run_after=2025-11-28 00:00:00+00:00
[2025-11-28T19:56:30.680+0000] {processor.py:183} INFO - Processing /opt/airflow/dags/etl.py took 0.303 seconds
[2025-11-28T19:57:03.570+0000] {processor.py:161} INFO - Started process (PID=333) to work on /opt/airflow/dags/etl.py
[2025-11-28T19:57:03.572+0000] {processor.py:830} INFO - Processing file /opt/airflow/dags/etl.py for tasks to queue
[2025-11-28T19:57:03.573+0000] {logging_mixin.py:188} INFO - [2025-11-28T19:57:03.573+0000] {dagbag.py:545} INFO - Filling up the DagBag from /opt/airflow/dags/etl.py
[2025-11-28T19:57:03.924+0000] {processor.py:840} INFO - DAG(s) 'etl_pipeline_final' retrieved from /opt/airflow/dags/etl.py
[2025-11-28T19:57:03.964+0000] {logging_mixin.py:188} INFO - [2025-11-28T19:57:03.963+0000] {dag.py:3096} INFO - Sync 1 DAGs
[2025-11-28T19:57:03.994+0000] {logging_mixin.py:188} INFO - [2025-11-28T19:57:03.994+0000] {dag.py:3954} INFO - Setting next_dagrun for etl_pipeline_final to 2025-11-27 00:00:00+00:00, run_after=2025-11-28 00:00:00+00:00
[2025-11-28T19:57:04.020+0000] {processor.py:183} INFO - Processing /opt/airflow/dags/etl.py took 0.456 seconds
[2025-11-28T19:57:35.587+0000] {processor.py:161} INFO - Started process (PID=378) to work on /opt/airflow/dags/etl.py
[2025-11-28T19:57:35.589+0000] {processor.py:830} INFO - Processing file /opt/airflow/dags/etl.py for tasks to queue
[2025-11-28T19:57:35.591+0000] {logging_mixin.py:188} INFO - [2025-11-28T19:57:35.590+0000] {dagbag.py:545} INFO - Filling up the DagBag from /opt/airflow/dags/etl.py
[2025-11-28T19:57:35.827+0000] {processor.py:840} INFO - DAG(s) 'etl_pipeline_final' retrieved from /opt/airflow/dags/etl.py
[2025-11-28T19:57:35.859+0000] {logging_mixin.py:188} INFO - [2025-11-28T19:57:35.857+0000] {dag.py:3096} INFO - Sync 1 DAGs
[2025-11-28T19:57:35.878+0000] {logging_mixin.py:188} INFO - [2025-11-28T19:57:35.878+0000] {dag.py:3954} INFO - Setting next_dagrun for etl_pipeline_final to 2025-11-27 00:00:00+00:00, run_after=2025-11-28 00:00:00+00:00
[2025-11-28T19:57:35.900+0000] {processor.py:183} INFO - Processing /opt/airflow/dags/etl.py took 0.318 seconds
[2025-11-28T19:59:59.802+0000] {processor.py:161} INFO - Started process (PID=205) to work on /opt/airflow/dags/etl.py
[2025-11-28T19:59:59.805+0000] {processor.py:830} INFO - Processing file /opt/airflow/dags/etl.py for tasks to queue
[2025-11-28T19:59:59.809+0000] {logging_mixin.py:188} INFO - [2025-11-28T19:59:59.808+0000] {dagbag.py:545} INFO - Filling up the DagBag from /opt/airflow/dags/etl.py
[2025-11-28T20:00:00.165+0000] {processor.py:840} INFO - DAG(s) 'etl_pipeline_final' retrieved from /opt/airflow/dags/etl.py
[2025-11-28T20:00:00.318+0000] {logging_mixin.py:188} INFO - [2025-11-28T20:00:00.317+0000] {dag.py:3096} INFO - Sync 1 DAGs
[2025-11-28T20:00:00.355+0000] {logging_mixin.py:188} INFO - [2025-11-28T20:00:00.354+0000] {dag.py:3954} INFO - Setting next_dagrun for etl_pipeline_final to 2025-11-27 00:00:00+00:00, run_after=2025-11-28 00:00:00+00:00
[2025-11-28T20:00:00.400+0000] {processor.py:183} INFO - Processing /opt/airflow/dags/etl.py took 0.611 seconds
[2025-11-28T20:00:32.242+0000] {processor.py:161} INFO - Started process (PID=321) to work on /opt/airflow/dags/etl.py
[2025-11-28T20:00:32.254+0000] {processor.py:830} INFO - Processing file /opt/airflow/dags/etl.py for tasks to queue
[2025-11-28T20:00:32.258+0000] {logging_mixin.py:188} INFO - [2025-11-28T20:00:32.257+0000] {dagbag.py:545} INFO - Filling up the DagBag from /opt/airflow/dags/etl.py
[2025-11-28T20:00:32.979+0000] {processor.py:840} INFO - DAG(s) 'etl_pipeline_final' retrieved from /opt/airflow/dags/etl.py
[2025-11-28T20:00:33.038+0000] {logging_mixin.py:188} INFO - [2025-11-28T20:00:33.037+0000] {dag.py:3096} INFO - Sync 1 DAGs
[2025-11-28T20:00:33.093+0000] {logging_mixin.py:188} INFO - [2025-11-28T20:00:33.092+0000] {dag.py:3954} INFO - Setting next_dagrun for etl_pipeline_final to 2025-11-27 00:00:00+00:00, run_after=2025-11-28 00:00:00+00:00
[2025-11-28T20:00:33.157+0000] {processor.py:183} INFO - Processing /opt/airflow/dags/etl.py took 0.930 seconds
[2025-11-28T20:01:04.831+0000] {processor.py:161} INFO - Started process (PID=511) to work on /opt/airflow/dags/etl.py
[2025-11-28T20:01:04.835+0000] {processor.py:830} INFO - Processing file /opt/airflow/dags/etl.py for tasks to queue
[2025-11-28T20:01:04.838+0000] {logging_mixin.py:188} INFO - [2025-11-28T20:01:04.838+0000] {dagbag.py:545} INFO - Filling up the DagBag from /opt/airflow/dags/etl.py
[2025-11-28T20:01:05.253+0000] {processor.py:840} INFO - DAG(s) 'etl_pipeline_final' retrieved from /opt/airflow/dags/etl.py
[2025-11-28T20:01:05.305+0000] {logging_mixin.py:188} INFO - [2025-11-28T20:01:05.304+0000] {dag.py:3096} INFO - Sync 1 DAGs
[2025-11-28T20:01:05.346+0000] {logging_mixin.py:188} INFO - [2025-11-28T20:01:05.346+0000] {dag.py:3954} INFO - Setting next_dagrun for etl_pipeline_final to 2025-11-27 00:00:00+00:00, run_after=2025-11-28 00:00:00+00:00
[2025-11-28T20:01:05.377+0000] {processor.py:183} INFO - Processing /opt/airflow/dags/etl.py took 0.556 seconds
[2025-11-28T20:01:37.451+0000] {processor.py:161} INFO - Started process (PID=686) to work on /opt/airflow/dags/etl.py
[2025-11-28T20:01:37.493+0000] {processor.py:830} INFO - Processing file /opt/airflow/dags/etl.py for tasks to queue
[2025-11-28T20:01:37.509+0000] {logging_mixin.py:188} INFO - [2025-11-28T20:01:37.500+0000] {dagbag.py:545} INFO - Filling up the DagBag from /opt/airflow/dags/etl.py
[2025-11-28T20:01:38.600+0000] {processor.py:840} INFO - DAG(s) 'etl_pipeline_final' retrieved from /opt/airflow/dags/etl.py
[2025-11-28T20:01:38.661+0000] {logging_mixin.py:188} INFO - [2025-11-28T20:01:38.656+0000] {dag.py:3096} INFO - Sync 1 DAGs
[2025-11-28T20:01:38.715+0000] {logging_mixin.py:188} INFO - [2025-11-28T20:01:38.715+0000] {dag.py:3954} INFO - Setting next_dagrun for etl_pipeline_final to 2025-11-27 00:00:00+00:00, run_after=2025-11-28 00:00:00+00:00
[2025-11-28T20:01:38.786+0000] {processor.py:183} INFO - Processing /opt/airflow/dags/etl.py took 1.370 seconds
[2025-11-28T20:02:09.397+0000] {processor.py:161} INFO - Started process (PID=846) to work on /opt/airflow/dags/etl.py
[2025-11-28T20:02:09.400+0000] {processor.py:830} INFO - Processing file /opt/airflow/dags/etl.py for tasks to queue
[2025-11-28T20:02:09.402+0000] {logging_mixin.py:188} INFO - [2025-11-28T20:02:09.401+0000] {dagbag.py:545} INFO - Filling up the DagBag from /opt/airflow/dags/etl.py
[2025-11-28T20:02:09.792+0000] {processor.py:840} INFO - DAG(s) 'etl_pipeline_final' retrieved from /opt/airflow/dags/etl.py
[2025-11-28T20:02:09.831+0000] {logging_mixin.py:188} INFO - [2025-11-28T20:02:09.830+0000] {dag.py:3096} INFO - Sync 1 DAGs
[2025-11-28T20:02:09.865+0000] {logging_mixin.py:188} INFO - [2025-11-28T20:02:09.865+0000] {dag.py:3954} INFO - Setting next_dagrun for etl_pipeline_final to 2025-11-27 00:00:00+00:00, run_after=2025-11-28 00:00:00+00:00
[2025-11-28T20:02:09.893+0000] {processor.py:183} INFO - Processing /opt/airflow/dags/etl.py took 0.507 seconds
[2025-11-28T20:02:41.301+0000] {processor.py:161} INFO - Started process (PID=1138) to work on /opt/airflow/dags/etl.py
[2025-11-28T20:02:41.304+0000] {processor.py:830} INFO - Processing file /opt/airflow/dags/etl.py for tasks to queue
[2025-11-28T20:02:41.306+0000] {logging_mixin.py:188} INFO - [2025-11-28T20:02:41.306+0000] {dagbag.py:545} INFO - Filling up the DagBag from /opt/airflow/dags/etl.py
[2025-11-28T20:02:41.828+0000] {processor.py:840} INFO - DAG(s) 'etl_pipeline_final' retrieved from /opt/airflow/dags/etl.py
[2025-11-28T20:02:41.870+0000] {logging_mixin.py:188} INFO - [2025-11-28T20:02:41.869+0000] {dag.py:3096} INFO - Sync 1 DAGs
[2025-11-28T20:02:41.908+0000] {logging_mixin.py:188} INFO - [2025-11-28T20:02:41.908+0000] {dag.py:3954} INFO - Setting next_dagrun for etl_pipeline_final to 2025-11-27 00:00:00+00:00, run_after=2025-11-28 00:00:00+00:00
[2025-11-28T20:02:41.943+0000] {processor.py:183} INFO - Processing /opt/airflow/dags/etl.py took 0.653 seconds
[2025-11-28T20:03:13.962+0000] {processor.py:161} INFO - Started process (PID=1328) to work on /opt/airflow/dags/etl.py
[2025-11-28T20:03:13.965+0000] {processor.py:830} INFO - Processing file /opt/airflow/dags/etl.py for tasks to queue
[2025-11-28T20:03:13.967+0000] {logging_mixin.py:188} INFO - [2025-11-28T20:03:13.967+0000] {dagbag.py:545} INFO - Filling up the DagBag from /opt/airflow/dags/etl.py
[2025-11-28T20:03:14.280+0000] {processor.py:840} INFO - DAG(s) 'etl_pipeline_final' retrieved from /opt/airflow/dags/etl.py
[2025-11-28T20:03:14.317+0000] {logging_mixin.py:188} INFO - [2025-11-28T20:03:14.317+0000] {dag.py:3096} INFO - Sync 1 DAGs
[2025-11-28T20:03:14.347+0000] {logging_mixin.py:188} INFO - [2025-11-28T20:03:14.347+0000] {dag.py:3954} INFO - Setting next_dagrun for etl_pipeline_final to 2025-11-27 00:00:00+00:00, run_after=2025-11-28 00:00:00+00:00
[2025-11-28T20:03:14.373+0000] {processor.py:183} INFO - Processing /opt/airflow/dags/etl.py took 0.418 seconds
[2025-11-28T20:03:44.484+0000] {processor.py:161} INFO - Started process (PID=1374) to work on /opt/airflow/dags/etl.py
[2025-11-28T20:03:44.488+0000] {processor.py:830} INFO - Processing file /opt/airflow/dags/etl.py for tasks to queue
[2025-11-28T20:03:44.490+0000] {logging_mixin.py:188} INFO - [2025-11-28T20:03:44.490+0000] {dagbag.py:545} INFO - Filling up the DagBag from /opt/airflow/dags/etl.py
[2025-11-28T20:03:46.212+0000] {processor.py:840} INFO - DAG(s) 'etl_pipeline_final' retrieved from /opt/airflow/dags/etl.py
[2025-11-28T20:03:46.240+0000] {logging_mixin.py:188} INFO - [2025-11-28T20:03:46.239+0000] {dag.py:3096} INFO - Sync 1 DAGs
[2025-11-28T20:03:46.263+0000] {logging_mixin.py:188} INFO - [2025-11-28T20:03:46.263+0000] {dag.py:3954} INFO - Setting next_dagrun for etl_pipeline_final to 2025-11-27 00:00:00+00:00, run_after=2025-11-28 00:00:00+00:00
[2025-11-28T20:03:46.411+0000] {processor.py:183} INFO - Processing /opt/airflow/dags/etl.py took 0.467 seconds
[2025-11-28T20:04:18.673+0000] {processor.py:161} INFO - Started process (PID=1419) to work on /opt/airflow/dags/etl.py
[2025-11-28T20:04:18.675+0000] {processor.py:830} INFO - Processing file /opt/airflow/dags/etl.py for tasks to queue
[2025-11-28T20:04:18.677+0000] {logging_mixin.py:188} INFO - [2025-11-28T20:04:18.677+0000] {dagbag.py:545} INFO - Filling up the DagBag from /opt/airflow/dags/etl.py
[2025-11-28T20:04:18.975+0000] {processor.py:840} INFO - DAG(s) 'etl_pipeline_final' retrieved from /opt/airflow/dags/etl.py
[2025-11-28T20:04:19.004+0000] {logging_mixin.py:188} INFO - [2025-11-28T20:04:19.004+0000] {dag.py:3096} INFO - Sync 1 DAGs
[2025-11-28T20:04:19.158+0000] {logging_mixin.py:188} INFO - [2025-11-28T20:04:19.158+0000] {dag.py:3954} INFO - Setting next_dagrun for etl_pipeline_final to 2025-11-27 00:00:00+00:00, run_after=2025-11-28 00:00:00+00:00
[2025-11-28T20:04:19.178+0000] {processor.py:183} INFO - Processing /opt/airflow/dags/etl.py took 0.512 seconds
[2025-11-28T20:40:59.811+0000] {processor.py:161} INFO - Started process (PID=198) to work on /opt/airflow/dags/etl.py
[2025-11-28T20:40:59.813+0000] {processor.py:830} INFO - Processing file /opt/airflow/dags/etl.py for tasks to queue
[2025-11-28T20:40:59.814+0000] {logging_mixin.py:188} INFO - [2025-11-28T20:40:59.814+0000] {dagbag.py:545} INFO - Filling up the DagBag from /opt/airflow/dags/etl.py
[2025-11-28T20:41:00.116+0000] {processor.py:840} INFO - DAG(s) 'etl_pipeline_final' retrieved from /opt/airflow/dags/etl.py
[2025-11-28T20:41:00.245+0000] {logging_mixin.py:188} INFO - [2025-11-28T20:41:00.245+0000] {dag.py:3096} INFO - Sync 1 DAGs
[2025-11-28T20:41:00.392+0000] {logging_mixin.py:188} INFO - [2025-11-28T20:41:00.392+0000] {dag.py:3954} INFO - Setting next_dagrun for etl_pipeline_final to 2025-11-27 00:00:00+00:00, run_after=2025-11-28 00:00:00+00:00
[2025-11-28T20:41:00.413+0000] {processor.py:183} INFO - Processing /opt/airflow/dags/etl.py took 0.608 seconds
