[2025-11-28T19:19:20.970+0000] {processor.py:161} INFO - Started process (PID=246) to work on /opt/airflow/dags/feature_store.py
[2025-11-28T19:19:20.971+0000] {processor.py:830} INFO - Processing file /opt/airflow/dags/feature_store.py for tasks to queue
[2025-11-28T19:19:20.972+0000] {logging_mixin.py:188} INFO - [2025-11-28T19:19:20.972+0000] {dagbag.py:545} INFO - Filling up the DagBag from /opt/airflow/dags/feature_store.py
[2025-11-28T19:19:22.636+0000] {logging_mixin.py:188} WARNING - /opt/airflow/dags/feature_store.py:64 RemovedInAirflow3Warning: Param `schedule_interval` is deprecated and will be removed in a future release. Please use `schedule` instead.
[2025-11-28T19:19:22.645+0000] {processor.py:840} INFO - DAG(s) 'feature_store_cre' retrieved from /opt/airflow/dags/feature_store.py
[2025-11-28T19:19:22.850+0000] {logging_mixin.py:188} INFO - [2025-11-28T19:19:22.850+0000] {override.py:1829} INFO - Created Permission View: can edit on DAG:feature_store_cre
[2025-11-28T19:19:22.858+0000] {logging_mixin.py:188} INFO - [2025-11-28T19:19:22.858+0000] {override.py:1829} INFO - Created Permission View: can read on DAG:feature_store_cre
[2025-11-28T19:19:22.865+0000] {logging_mixin.py:188} INFO - [2025-11-28T19:19:22.865+0000] {override.py:1829} INFO - Created Permission View: can delete on DAG:feature_store_cre
[2025-11-28T19:19:22.865+0000] {logging_mixin.py:188} INFO - [2025-11-28T19:19:22.865+0000] {dag.py:3096} INFO - Sync 1 DAGs
[2025-11-28T19:19:22.872+0000] {logging_mixin.py:188} INFO - [2025-11-28T19:19:22.872+0000] {dag.py:3118} INFO - Creating ORM DAG for feature_store_cre
[2025-11-28T19:19:22.881+0000] {logging_mixin.py:188} INFO - [2025-11-28T19:19:22.881+0000] {dag.py:3954} INFO - Setting next_dagrun for feature_store_cre to 2025-11-27 00:00:00+00:00, run_after=2025-11-28 00:00:00+00:00
[2025-11-28T19:19:22.897+0000] {processor.py:183} INFO - Processing /opt/airflow/dags/feature_store.py took 1.931 seconds
[2025-11-28T19:19:53.196+0000] {processor.py:161} INFO - Started process (PID=288) to work on /opt/airflow/dags/feature_store.py
[2025-11-28T19:19:53.197+0000] {processor.py:830} INFO - Processing file /opt/airflow/dags/feature_store.py for tasks to queue
[2025-11-28T19:19:53.198+0000] {logging_mixin.py:188} INFO - [2025-11-28T19:19:53.198+0000] {dagbag.py:545} INFO - Filling up the DagBag from /opt/airflow/dags/feature_store.py
[2025-11-28T19:19:54.740+0000] {logging_mixin.py:188} WARNING - /opt/airflow/dags/feature_store.py:64 RemovedInAirflow3Warning: Param `schedule_interval` is deprecated and will be removed in a future release. Please use `schedule` instead.
[2025-11-28T19:19:54.744+0000] {processor.py:840} INFO - DAG(s) 'feature_store_cre' retrieved from /opt/airflow/dags/feature_store.py
[2025-11-28T19:19:54.764+0000] {logging_mixin.py:188} INFO - [2025-11-28T19:19:54.764+0000] {dag.py:3096} INFO - Sync 1 DAGs
[2025-11-28T19:19:54.782+0000] {logging_mixin.py:188} INFO - [2025-11-28T19:19:54.782+0000] {dag.py:3954} INFO - Setting next_dagrun for feature_store_cre to 2025-11-27 00:00:00+00:00, run_after=2025-11-28 00:00:00+00:00
[2025-11-28T19:19:54.801+0000] {processor.py:183} INFO - Processing /opt/airflow/dags/feature_store.py took 1.609 seconds
[2025-11-28T19:20:25.429+0000] {processor.py:161} INFO - Started process (PID=333) to work on /opt/airflow/dags/feature_store.py
[2025-11-28T19:20:25.433+0000] {processor.py:830} INFO - Processing file /opt/airflow/dags/feature_store.py for tasks to queue
[2025-11-28T19:20:25.436+0000] {logging_mixin.py:188} INFO - [2025-11-28T19:20:25.436+0000] {dagbag.py:545} INFO - Filling up the DagBag from /opt/airflow/dags/feature_store.py
[2025-11-28T19:20:26.679+0000] {logging_mixin.py:188} WARNING - /opt/airflow/dags/feature_store.py:64 RemovedInAirflow3Warning: Param `schedule_interval` is deprecated and will be removed in a future release. Please use `schedule` instead.
[2025-11-28T19:20:26.682+0000] {processor.py:840} INFO - DAG(s) 'feature_store_cre' retrieved from /opt/airflow/dags/feature_store.py
[2025-11-28T19:20:26.696+0000] {logging_mixin.py:188} INFO - [2025-11-28T19:20:26.696+0000] {dag.py:3096} INFO - Sync 1 DAGs
[2025-11-28T19:20:26.707+0000] {logging_mixin.py:188} INFO - [2025-11-28T19:20:26.707+0000] {dag.py:3954} INFO - Setting next_dagrun for feature_store_cre to 2025-11-27 00:00:00+00:00, run_after=2025-11-28 00:00:00+00:00
[2025-11-28T19:20:26.719+0000] {processor.py:183} INFO - Processing /opt/airflow/dags/feature_store.py took 1.295 seconds
[2025-11-28T19:20:57.224+0000] {processor.py:161} INFO - Started process (PID=384) to work on /opt/airflow/dags/feature_store.py
[2025-11-28T19:20:57.228+0000] {processor.py:830} INFO - Processing file /opt/airflow/dags/feature_store.py for tasks to queue
[2025-11-28T19:20:57.229+0000] {logging_mixin.py:188} INFO - [2025-11-28T19:20:57.229+0000] {dagbag.py:545} INFO - Filling up the DagBag from /opt/airflow/dags/feature_store.py
[2025-11-28T19:20:58.594+0000] {logging_mixin.py:188} WARNING - /opt/airflow/dags/feature_store.py:64 RemovedInAirflow3Warning: Param `schedule_interval` is deprecated and will be removed in a future release. Please use `schedule` instead.
[2025-11-28T19:20:58.597+0000] {processor.py:840} INFO - DAG(s) 'feature_store_cre' retrieved from /opt/airflow/dags/feature_store.py
[2025-11-28T19:20:58.611+0000] {logging_mixin.py:188} INFO - [2025-11-28T19:20:58.611+0000] {dag.py:3096} INFO - Sync 1 DAGs
[2025-11-28T19:20:58.624+0000] {logging_mixin.py:188} INFO - [2025-11-28T19:20:58.624+0000] {dag.py:3954} INFO - Setting next_dagrun for feature_store_cre to 2025-11-27 00:00:00+00:00, run_after=2025-11-28 00:00:00+00:00
[2025-11-28T19:20:58.641+0000] {processor.py:183} INFO - Processing /opt/airflow/dags/feature_store.py took 1.421 seconds
[2025-11-28T19:21:29.265+0000] {processor.py:161} INFO - Started process (PID=429) to work on /opt/airflow/dags/feature_store.py
[2025-11-28T19:21:29.266+0000] {processor.py:830} INFO - Processing file /opt/airflow/dags/feature_store.py for tasks to queue
[2025-11-28T19:21:29.269+0000] {logging_mixin.py:188} INFO - [2025-11-28T19:21:29.268+0000] {dagbag.py:545} INFO - Filling up the DagBag from /opt/airflow/dags/feature_store.py
[2025-11-28T19:21:30.676+0000] {logging_mixin.py:188} WARNING - /opt/airflow/dags/feature_store.py:64 RemovedInAirflow3Warning: Param `schedule_interval` is deprecated and will be removed in a future release. Please use `schedule` instead.
[2025-11-28T19:21:30.679+0000] {processor.py:840} INFO - DAG(s) 'feature_store_cre' retrieved from /opt/airflow/dags/feature_store.py
[2025-11-28T19:21:30.694+0000] {logging_mixin.py:188} INFO - [2025-11-28T19:21:30.693+0000] {dag.py:3096} INFO - Sync 1 DAGs
[2025-11-28T19:21:30.706+0000] {logging_mixin.py:188} INFO - [2025-11-28T19:21:30.706+0000] {dag.py:3954} INFO - Setting next_dagrun for feature_store_cre to 2025-11-27 00:00:00+00:00, run_after=2025-11-28 00:00:00+00:00
[2025-11-28T19:21:30.722+0000] {processor.py:183} INFO - Processing /opt/airflow/dags/feature_store.py took 1.462 seconds
[2025-11-28T19:22:15.462+0000] {processor.py:161} INFO - Started process (PID=185) to work on /opt/airflow/dags/feature_store.py
[2025-11-28T19:22:15.464+0000] {processor.py:830} INFO - Processing file /opt/airflow/dags/feature_store.py for tasks to queue
[2025-11-28T19:22:15.467+0000] {logging_mixin.py:188} INFO - [2025-11-28T19:22:15.467+0000] {dagbag.py:545} INFO - Filling up the DagBag from /opt/airflow/dags/feature_store.py
[2025-11-28T19:22:18.070+0000] {logging_mixin.py:188} WARNING - /opt/airflow/dags/feature_store.py:64 RemovedInAirflow3Warning: Param `schedule_interval` is deprecated and will be removed in a future release. Please use `schedule` instead.
[2025-11-28T19:22:18.083+0000] {processor.py:840} INFO - DAG(s) 'feature_store_cre' retrieved from /opt/airflow/dags/feature_store.py
[2025-11-28T19:22:18.511+0000] {logging_mixin.py:188} INFO - [2025-11-28T19:22:18.510+0000] {dag.py:3096} INFO - Sync 1 DAGs
[2025-11-28T19:22:18.538+0000] {logging_mixin.py:188} INFO - [2025-11-28T19:22:18.537+0000] {dag.py:3954} INFO - Setting next_dagrun for feature_store_cre to 2025-11-27 00:00:00+00:00, run_after=2025-11-28 00:00:00+00:00
[2025-11-28T19:22:18.567+0000] {processor.py:183} INFO - Processing /opt/airflow/dags/feature_store.py took 3.110 seconds
[2025-11-28T19:22:49.026+0000] {processor.py:161} INFO - Started process (PID=227) to work on /opt/airflow/dags/feature_store.py
[2025-11-28T19:22:49.028+0000] {processor.py:830} INFO - Processing file /opt/airflow/dags/feature_store.py for tasks to queue
[2025-11-28T19:22:49.029+0000] {logging_mixin.py:188} INFO - [2025-11-28T19:22:49.029+0000] {dagbag.py:545} INFO - Filling up the DagBag from /opt/airflow/dags/feature_store.py
[2025-11-28T19:22:50.287+0000] {logging_mixin.py:188} WARNING - /opt/airflow/dags/feature_store.py:64 RemovedInAirflow3Warning: Param `schedule_interval` is deprecated and will be removed in a future release. Please use `schedule` instead.
[2025-11-28T19:22:50.290+0000] {processor.py:840} INFO - DAG(s) 'feature_store_cre' retrieved from /opt/airflow/dags/feature_store.py
[2025-11-28T19:22:50.305+0000] {logging_mixin.py:188} INFO - [2025-11-28T19:22:50.305+0000] {dag.py:3096} INFO - Sync 1 DAGs
[2025-11-28T19:22:50.319+0000] {logging_mixin.py:188} INFO - [2025-11-28T19:22:50.318+0000] {dag.py:3954} INFO - Setting next_dagrun for feature_store_cre to 2025-11-27 00:00:00+00:00, run_after=2025-11-28 00:00:00+00:00
[2025-11-28T19:22:50.336+0000] {processor.py:183} INFO - Processing /opt/airflow/dags/feature_store.py took 1.315 seconds
[2025-11-28T19:22:58.905+0000] {processor.py:161} INFO - Started process (PID=272) to work on /opt/airflow/dags/feature_store.py
[2025-11-28T19:22:58.906+0000] {processor.py:830} INFO - Processing file /opt/airflow/dags/feature_store.py for tasks to queue
[2025-11-28T19:22:58.908+0000] {logging_mixin.py:188} INFO - [2025-11-28T19:22:58.908+0000] {dagbag.py:545} INFO - Filling up the DagBag from /opt/airflow/dags/feature_store.py
[2025-11-28T19:23:00.925+0000] {logging_mixin.py:188} WARNING - /opt/airflow/dags/feature_store.py:64 RemovedInAirflow3Warning: Param `schedule_interval` is deprecated and will be removed in a future release. Please use `schedule` instead.
[2025-11-28T19:23:00.928+0000] {processor.py:840} INFO - DAG(s) 'feature_store_cre' retrieved from /opt/airflow/dags/feature_store.py
[2025-11-28T19:23:00.945+0000] {logging_mixin.py:188} INFO - [2025-11-28T19:23:00.945+0000] {dag.py:3096} INFO - Sync 1 DAGs
[2025-11-28T19:23:00.959+0000] {logging_mixin.py:188} INFO - [2025-11-28T19:23:00.959+0000] {dag.py:3954} INFO - Setting next_dagrun for feature_store_cre to 2025-11-27 00:00:00+00:00, run_after=2025-11-28 00:00:00+00:00
[2025-11-28T19:23:00.977+0000] {processor.py:183} INFO - Processing /opt/airflow/dags/feature_store.py took 2.076 seconds
[2025-11-28T19:23:31.132+0000] {processor.py:161} INFO - Started process (PID=316) to work on /opt/airflow/dags/feature_store.py
[2025-11-28T19:23:31.134+0000] {processor.py:830} INFO - Processing file /opt/airflow/dags/feature_store.py for tasks to queue
[2025-11-28T19:23:31.136+0000] {logging_mixin.py:188} INFO - [2025-11-28T19:23:31.135+0000] {dagbag.py:545} INFO - Filling up the DagBag from /opt/airflow/dags/feature_store.py
[2025-11-28T19:23:32.322+0000] {logging_mixin.py:188} WARNING - /opt/airflow/dags/feature_store.py:64 RemovedInAirflow3Warning: Param `schedule_interval` is deprecated and will be removed in a future release. Please use `schedule` instead.
[2025-11-28T19:23:32.325+0000] {processor.py:840} INFO - DAG(s) 'feature_store_cre' retrieved from /opt/airflow/dags/feature_store.py
[2025-11-28T19:23:32.339+0000] {logging_mixin.py:188} INFO - [2025-11-28T19:23:32.339+0000] {dag.py:3096} INFO - Sync 1 DAGs
[2025-11-28T19:23:32.351+0000] {logging_mixin.py:188} INFO - [2025-11-28T19:23:32.351+0000] {dag.py:3954} INFO - Setting next_dagrun for feature_store_cre to 2025-11-27 00:00:00+00:00, run_after=2025-11-28 00:00:00+00:00
[2025-11-28T19:23:32.423+0000] {processor.py:183} INFO - Processing /opt/airflow/dags/feature_store.py took 1.295 seconds
[2025-11-28T19:24:02.493+0000] {processor.py:161} INFO - Started process (PID=361) to work on /opt/airflow/dags/feature_store.py
[2025-11-28T19:24:02.496+0000] {processor.py:830} INFO - Processing file /opt/airflow/dags/feature_store.py for tasks to queue
[2025-11-28T19:24:02.497+0000] {logging_mixin.py:188} INFO - [2025-11-28T19:24:02.497+0000] {dagbag.py:545} INFO - Filling up the DagBag from /opt/airflow/dags/feature_store.py
[2025-11-28T19:24:04.156+0000] {logging_mixin.py:188} WARNING - /opt/airflow/dags/feature_store.py:64 RemovedInAirflow3Warning: Param `schedule_interval` is deprecated and will be removed in a future release. Please use `schedule` instead.
[2025-11-28T19:24:04.159+0000] {processor.py:840} INFO - DAG(s) 'feature_store_cre' retrieved from /opt/airflow/dags/feature_store.py
[2025-11-28T19:24:04.174+0000] {logging_mixin.py:188} INFO - [2025-11-28T19:24:04.174+0000] {dag.py:3096} INFO - Sync 1 DAGs
[2025-11-28T19:24:04.187+0000] {logging_mixin.py:188} INFO - [2025-11-28T19:24:04.187+0000] {dag.py:3954} INFO - Setting next_dagrun for feature_store_cre to 2025-11-27 00:00:00+00:00, run_after=2025-11-28 00:00:00+00:00
[2025-11-28T19:24:04.201+0000] {processor.py:183} INFO - Processing /opt/airflow/dags/feature_store.py took 1.712 seconds
[2025-11-28T19:25:01.970+0000] {processor.py:161} INFO - Started process (PID=188) to work on /opt/airflow/dags/feature_store.py
[2025-11-28T19:25:01.971+0000] {processor.py:830} INFO - Processing file /opt/airflow/dags/feature_store.py for tasks to queue
[2025-11-28T19:25:01.975+0000] {logging_mixin.py:188} INFO - [2025-11-28T19:25:01.974+0000] {dagbag.py:545} INFO - Filling up the DagBag from /opt/airflow/dags/feature_store.py
[2025-11-28T19:25:04.967+0000] {logging_mixin.py:188} WARNING - /opt/airflow/dags/feature_store.py:64 RemovedInAirflow3Warning: Param `schedule_interval` is deprecated and will be removed in a future release. Please use `schedule` instead.
[2025-11-28T19:25:04.975+0000] {processor.py:840} INFO - DAG(s) 'feature_store_cre' retrieved from /opt/airflow/dags/feature_store.py
[2025-11-28T19:25:05.297+0000] {logging_mixin.py:188} INFO - [2025-11-28T19:25:05.297+0000] {dag.py:3096} INFO - Sync 1 DAGs
[2025-11-28T19:25:05.314+0000] {logging_mixin.py:188} INFO - [2025-11-28T19:25:05.314+0000] {dag.py:3954} INFO - Setting next_dagrun for feature_store_cre to 2025-11-27 00:00:00+00:00, run_after=2025-11-28 00:00:00+00:00
[2025-11-28T19:25:05.342+0000] {processor.py:183} INFO - Processing /opt/airflow/dags/feature_store.py took 3.378 seconds
[2025-11-28T19:25:35.643+0000] {processor.py:161} INFO - Started process (PID=233) to work on /opt/airflow/dags/feature_store.py
[2025-11-28T19:25:35.644+0000] {processor.py:830} INFO - Processing file /opt/airflow/dags/feature_store.py for tasks to queue
[2025-11-28T19:25:35.646+0000] {logging_mixin.py:188} INFO - [2025-11-28T19:25:35.645+0000] {dagbag.py:545} INFO - Filling up the DagBag from /opt/airflow/dags/feature_store.py
[2025-11-28T19:25:37.517+0000] {logging_mixin.py:188} WARNING - /opt/airflow/dags/feature_store.py:64 RemovedInAirflow3Warning: Param `schedule_interval` is deprecated and will be removed in a future release. Please use `schedule` instead.
[2025-11-28T19:25:37.523+0000] {processor.py:840} INFO - DAG(s) 'feature_store_cre' retrieved from /opt/airflow/dags/feature_store.py
[2025-11-28T19:25:37.551+0000] {logging_mixin.py:188} INFO - [2025-11-28T19:25:37.550+0000] {dag.py:3096} INFO - Sync 1 DAGs
[2025-11-28T19:25:37.573+0000] {logging_mixin.py:188} INFO - [2025-11-28T19:25:37.573+0000] {dag.py:3954} INFO - Setting next_dagrun for feature_store_cre to 2025-11-27 00:00:00+00:00, run_after=2025-11-28 00:00:00+00:00
[2025-11-28T19:25:37.601+0000] {processor.py:183} INFO - Processing /opt/airflow/dags/feature_store.py took 1.962 seconds
[2025-11-28T19:26:08.203+0000] {processor.py:161} INFO - Started process (PID=278) to work on /opt/airflow/dags/feature_store.py
[2025-11-28T19:26:08.204+0000] {processor.py:830} INFO - Processing file /opt/airflow/dags/feature_store.py for tasks to queue
[2025-11-28T19:26:08.205+0000] {logging_mixin.py:188} INFO - [2025-11-28T19:26:08.205+0000] {dagbag.py:545} INFO - Filling up the DagBag from /opt/airflow/dags/feature_store.py
[2025-11-28T19:26:09.870+0000] {logging_mixin.py:188} WARNING - /opt/airflow/dags/feature_store.py:64 RemovedInAirflow3Warning: Param `schedule_interval` is deprecated and will be removed in a future release. Please use `schedule` instead.
[2025-11-28T19:26:09.875+0000] {processor.py:840} INFO - DAG(s) 'feature_store_cre' retrieved from /opt/airflow/dags/feature_store.py
[2025-11-28T19:26:09.894+0000] {logging_mixin.py:188} INFO - [2025-11-28T19:26:09.894+0000] {dag.py:3096} INFO - Sync 1 DAGs
[2025-11-28T19:26:09.911+0000] {logging_mixin.py:188} INFO - [2025-11-28T19:26:09.910+0000] {dag.py:3954} INFO - Setting next_dagrun for feature_store_cre to 2025-11-27 00:00:00+00:00, run_after=2025-11-28 00:00:00+00:00
[2025-11-28T19:26:09.992+0000] {processor.py:183} INFO - Processing /opt/airflow/dags/feature_store.py took 1.795 seconds
[2025-11-28T19:26:40.041+0000] {processor.py:161} INFO - Started process (PID=329) to work on /opt/airflow/dags/feature_store.py
[2025-11-28T19:26:40.042+0000] {processor.py:830} INFO - Processing file /opt/airflow/dags/feature_store.py for tasks to queue
[2025-11-28T19:26:40.047+0000] {logging_mixin.py:188} INFO - [2025-11-28T19:26:40.047+0000] {dagbag.py:545} INFO - Filling up the DagBag from /opt/airflow/dags/feature_store.py
[2025-11-28T19:26:42.747+0000] {logging_mixin.py:188} WARNING - /opt/airflow/dags/feature_store.py:64 RemovedInAirflow3Warning: Param `schedule_interval` is deprecated and will be removed in a future release. Please use `schedule` instead.
[2025-11-28T19:26:42.760+0000] {processor.py:840} INFO - DAG(s) 'feature_store_cre' retrieved from /opt/airflow/dags/feature_store.py
[2025-11-28T19:26:42.815+0000] {logging_mixin.py:188} INFO - [2025-11-28T19:26:42.814+0000] {dag.py:3096} INFO - Sync 1 DAGs
[2025-11-28T19:26:42.871+0000] {logging_mixin.py:188} INFO - [2025-11-28T19:26:42.870+0000] {dag.py:3954} INFO - Setting next_dagrun for feature_store_cre to 2025-11-27 00:00:00+00:00, run_after=2025-11-28 00:00:00+00:00
[2025-11-28T19:26:42.900+0000] {processor.py:183} INFO - Processing /opt/airflow/dags/feature_store.py took 2.869 seconds
[2025-11-28T19:27:13.403+0000] {processor.py:161} INFO - Started process (PID=374) to work on /opt/airflow/dags/feature_store.py
[2025-11-28T19:27:13.405+0000] {processor.py:830} INFO - Processing file /opt/airflow/dags/feature_store.py for tasks to queue
[2025-11-28T19:27:13.407+0000] {logging_mixin.py:188} INFO - [2025-11-28T19:27:13.407+0000] {dagbag.py:545} INFO - Filling up the DagBag from /opt/airflow/dags/feature_store.py
[2025-11-28T19:27:14.993+0000] {logging_mixin.py:188} WARNING - /opt/airflow/dags/feature_store.py:64 RemovedInAirflow3Warning: Param `schedule_interval` is deprecated and will be removed in a future release. Please use `schedule` instead.
[2025-11-28T19:27:14.997+0000] {processor.py:840} INFO - DAG(s) 'feature_store_cre' retrieved from /opt/airflow/dags/feature_store.py
[2025-11-28T19:27:15.012+0000] {logging_mixin.py:188} INFO - [2025-11-28T19:27:15.012+0000] {dag.py:3096} INFO - Sync 1 DAGs
[2025-11-28T19:27:15.026+0000] {logging_mixin.py:188} INFO - [2025-11-28T19:27:15.026+0000] {dag.py:3954} INFO - Setting next_dagrun for feature_store_cre to 2025-11-27 00:00:00+00:00, run_after=2025-11-28 00:00:00+00:00
[2025-11-28T19:27:15.043+0000] {processor.py:183} INFO - Processing /opt/airflow/dags/feature_store.py took 1.643 seconds
[2025-11-28T19:27:45.646+0000] {processor.py:161} INFO - Started process (PID=419) to work on /opt/airflow/dags/feature_store.py
[2025-11-28T19:27:45.650+0000] {processor.py:830} INFO - Processing file /opt/airflow/dags/feature_store.py for tasks to queue
[2025-11-28T19:27:45.651+0000] {logging_mixin.py:188} INFO - [2025-11-28T19:27:45.651+0000] {dagbag.py:545} INFO - Filling up the DagBag from /opt/airflow/dags/feature_store.py
[2025-11-28T19:27:47.612+0000] {logging_mixin.py:188} WARNING - /opt/airflow/dags/feature_store.py:64 RemovedInAirflow3Warning: Param `schedule_interval` is deprecated and will be removed in a future release. Please use `schedule` instead.
[2025-11-28T19:27:47.617+0000] {processor.py:840} INFO - DAG(s) 'feature_store_cre' retrieved from /opt/airflow/dags/feature_store.py
[2025-11-28T19:27:47.643+0000] {logging_mixin.py:188} INFO - [2025-11-28T19:27:47.642+0000] {dag.py:3096} INFO - Sync 1 DAGs
[2025-11-28T19:27:47.669+0000] {logging_mixin.py:188} INFO - [2025-11-28T19:27:47.669+0000] {dag.py:3954} INFO - Setting next_dagrun for feature_store_cre to 2025-11-27 00:00:00+00:00, run_after=2025-11-28 00:00:00+00:00
[2025-11-28T19:27:47.700+0000] {processor.py:183} INFO - Processing /opt/airflow/dags/feature_store.py took 2.058 seconds
[2025-11-28T19:28:18.674+0000] {processor.py:161} INFO - Started process (PID=464) to work on /opt/airflow/dags/feature_store.py
[2025-11-28T19:28:18.676+0000] {processor.py:830} INFO - Processing file /opt/airflow/dags/feature_store.py for tasks to queue
[2025-11-28T19:28:18.678+0000] {logging_mixin.py:188} INFO - [2025-11-28T19:28:18.677+0000] {dagbag.py:545} INFO - Filling up the DagBag from /opt/airflow/dags/feature_store.py
[2025-11-28T19:28:20.110+0000] {logging_mixin.py:188} WARNING - /opt/airflow/dags/feature_store.py:64 RemovedInAirflow3Warning: Param `schedule_interval` is deprecated and will be removed in a future release. Please use `schedule` instead.
[2025-11-28T19:28:20.115+0000] {processor.py:840} INFO - DAG(s) 'feature_store_cre' retrieved from /opt/airflow/dags/feature_store.py
[2025-11-28T19:28:20.130+0000] {logging_mixin.py:188} INFO - [2025-11-28T19:28:20.129+0000] {dag.py:3096} INFO - Sync 1 DAGs
[2025-11-28T19:28:20.146+0000] {logging_mixin.py:188} INFO - [2025-11-28T19:28:20.146+0000] {dag.py:3954} INFO - Setting next_dagrun for feature_store_cre to 2025-11-27 00:00:00+00:00, run_after=2025-11-28 00:00:00+00:00
[2025-11-28T19:28:20.160+0000] {processor.py:183} INFO - Processing /opt/airflow/dags/feature_store.py took 1.489 seconds
[2025-11-28T19:29:31.895+0000] {processor.py:161} INFO - Started process (PID=182) to work on /opt/airflow/dags/feature_store.py
[2025-11-28T19:29:31.898+0000] {processor.py:830} INFO - Processing file /opt/airflow/dags/feature_store.py for tasks to queue
[2025-11-28T19:29:31.902+0000] {logging_mixin.py:188} INFO - [2025-11-28T19:29:31.901+0000] {dagbag.py:545} INFO - Filling up the DagBag from /opt/airflow/dags/feature_store.py
[2025-11-28T19:29:34.355+0000] {logging_mixin.py:188} WARNING - /opt/airflow/dags/feature_store.py:64 RemovedInAirflow3Warning: Param `schedule_interval` is deprecated and will be removed in a future release. Please use `schedule` instead.
[2025-11-28T19:29:34.368+0000] {processor.py:840} INFO - DAG(s) 'feature_store_cre' retrieved from /opt/airflow/dags/feature_store.py
[2025-11-28T19:29:34.757+0000] {logging_mixin.py:188} INFO - [2025-11-28T19:29:34.757+0000] {dag.py:3096} INFO - Sync 1 DAGs
[2025-11-28T19:29:34.787+0000] {logging_mixin.py:188} INFO - [2025-11-28T19:29:34.787+0000] {dag.py:3954} INFO - Setting next_dagrun for feature_store_cre to 2025-11-27 00:00:00+00:00, run_after=2025-11-28 00:00:00+00:00
[2025-11-28T19:29:34.815+0000] {processor.py:183} INFO - Processing /opt/airflow/dags/feature_store.py took 2.926 seconds
[2025-11-28T19:30:05.391+0000] {processor.py:161} INFO - Started process (PID=227) to work on /opt/airflow/dags/feature_store.py
[2025-11-28T19:30:05.392+0000] {processor.py:830} INFO - Processing file /opt/airflow/dags/feature_store.py for tasks to queue
[2025-11-28T19:30:05.393+0000] {logging_mixin.py:188} INFO - [2025-11-28T19:30:05.393+0000] {dagbag.py:545} INFO - Filling up the DagBag from /opt/airflow/dags/feature_store.py
[2025-11-28T19:30:06.575+0000] {logging_mixin.py:188} WARNING - /opt/airflow/dags/feature_store.py:64 RemovedInAirflow3Warning: Param `schedule_interval` is deprecated and will be removed in a future release. Please use `schedule` instead.
[2025-11-28T19:30:06.578+0000] {processor.py:840} INFO - DAG(s) 'feature_store_cre' retrieved from /opt/airflow/dags/feature_store.py
[2025-11-28T19:30:06.591+0000] {logging_mixin.py:188} INFO - [2025-11-28T19:30:06.591+0000] {dag.py:3096} INFO - Sync 1 DAGs
[2025-11-28T19:30:06.602+0000] {logging_mixin.py:188} INFO - [2025-11-28T19:30:06.601+0000] {dag.py:3954} INFO - Setting next_dagrun for feature_store_cre to 2025-11-27 00:00:00+00:00, run_after=2025-11-28 00:00:00+00:00
[2025-11-28T19:30:06.613+0000] {processor.py:183} INFO - Processing /opt/airflow/dags/feature_store.py took 1.225 seconds
[2025-11-28T19:30:36.834+0000] {processor.py:161} INFO - Started process (PID=272) to work on /opt/airflow/dags/feature_store.py
[2025-11-28T19:30:36.836+0000] {processor.py:830} INFO - Processing file /opt/airflow/dags/feature_store.py for tasks to queue
[2025-11-28T19:30:36.838+0000] {logging_mixin.py:188} INFO - [2025-11-28T19:30:36.837+0000] {dagbag.py:545} INFO - Filling up the DagBag from /opt/airflow/dags/feature_store.py
[2025-11-28T19:30:38.454+0000] {logging_mixin.py:188} WARNING - /opt/airflow/dags/feature_store.py:64 RemovedInAirflow3Warning: Param `schedule_interval` is deprecated and will be removed in a future release. Please use `schedule` instead.
[2025-11-28T19:30:38.458+0000] {processor.py:840} INFO - DAG(s) 'feature_store_cre' retrieved from /opt/airflow/dags/feature_store.py
[2025-11-28T19:30:38.474+0000] {logging_mixin.py:188} INFO - [2025-11-28T19:30:38.474+0000] {dag.py:3096} INFO - Sync 1 DAGs
[2025-11-28T19:30:38.488+0000] {logging_mixin.py:188} INFO - [2025-11-28T19:30:38.488+0000] {dag.py:3954} INFO - Setting next_dagrun for feature_store_cre to 2025-11-27 00:00:00+00:00, run_after=2025-11-28 00:00:00+00:00
[2025-11-28T19:30:38.573+0000] {processor.py:183} INFO - Processing /opt/airflow/dags/feature_store.py took 1.745 seconds
[2025-11-28T19:31:08.841+0000] {processor.py:161} INFO - Started process (PID=317) to work on /opt/airflow/dags/feature_store.py
[2025-11-28T19:31:08.844+0000] {processor.py:830} INFO - Processing file /opt/airflow/dags/feature_store.py for tasks to queue
[2025-11-28T19:31:08.846+0000] {logging_mixin.py:188} INFO - [2025-11-28T19:31:08.845+0000] {dagbag.py:545} INFO - Filling up the DagBag from /opt/airflow/dags/feature_store.py
[2025-11-28T19:31:10.450+0000] {logging_mixin.py:188} WARNING - /opt/airflow/dags/feature_store.py:64 RemovedInAirflow3Warning: Param `schedule_interval` is deprecated and will be removed in a future release. Please use `schedule` instead.
[2025-11-28T19:31:10.454+0000] {processor.py:840} INFO - DAG(s) 'feature_store_cre' retrieved from /opt/airflow/dags/feature_store.py
[2025-11-28T19:31:10.474+0000] {logging_mixin.py:188} INFO - [2025-11-28T19:31:10.474+0000] {dag.py:3096} INFO - Sync 1 DAGs
[2025-11-28T19:31:10.497+0000] {logging_mixin.py:188} INFO - [2025-11-28T19:31:10.497+0000] {dag.py:3954} INFO - Setting next_dagrun for feature_store_cre to 2025-11-27 00:00:00+00:00, run_after=2025-11-28 00:00:00+00:00
[2025-11-28T19:31:10.517+0000] {processor.py:183} INFO - Processing /opt/airflow/dags/feature_store.py took 1.688 seconds
[2025-11-28T19:31:40.626+0000] {processor.py:161} INFO - Started process (PID=368) to work on /opt/airflow/dags/feature_store.py
[2025-11-28T19:31:40.629+0000] {processor.py:830} INFO - Processing file /opt/airflow/dags/feature_store.py for tasks to queue
[2025-11-28T19:31:40.630+0000] {logging_mixin.py:188} INFO - [2025-11-28T19:31:40.630+0000] {dagbag.py:545} INFO - Filling up the DagBag from /opt/airflow/dags/feature_store.py
[2025-11-28T19:31:41.912+0000] {logging_mixin.py:188} WARNING - /opt/airflow/dags/feature_store.py:64 RemovedInAirflow3Warning: Param `schedule_interval` is deprecated and will be removed in a future release. Please use `schedule` instead.
[2025-11-28T19:31:41.915+0000] {processor.py:840} INFO - DAG(s) 'feature_store_cre' retrieved from /opt/airflow/dags/feature_store.py
[2025-11-28T19:31:41.928+0000] {logging_mixin.py:188} INFO - [2025-11-28T19:31:41.928+0000] {dag.py:3096} INFO - Sync 1 DAGs
[2025-11-28T19:31:41.940+0000] {logging_mixin.py:188} INFO - [2025-11-28T19:31:41.940+0000] {dag.py:3954} INFO - Setting next_dagrun for feature_store_cre to 2025-11-27 00:00:00+00:00, run_after=2025-11-28 00:00:00+00:00
[2025-11-28T19:31:41.955+0000] {processor.py:183} INFO - Processing /opt/airflow/dags/feature_store.py took 1.334 seconds
[2025-11-28T19:33:53.153+0000] {processor.py:161} INFO - Started process (PID=183) to work on /opt/airflow/dags/feature_store.py
[2025-11-28T19:33:53.154+0000] {processor.py:830} INFO - Processing file /opt/airflow/dags/feature_store.py for tasks to queue
[2025-11-28T19:33:53.157+0000] {logging_mixin.py:188} INFO - [2025-11-28T19:33:53.156+0000] {dagbag.py:545} INFO - Filling up the DagBag from /opt/airflow/dags/feature_store.py
[2025-11-28T19:33:55.943+0000] {logging_mixin.py:188} WARNING - /opt/airflow/dags/feature_store.py:64 RemovedInAirflow3Warning: Param `schedule_interval` is deprecated and will be removed in a future release. Please use `schedule` instead.
[2025-11-28T19:33:55.955+0000] {processor.py:840} INFO - DAG(s) 'feature_store_cre' retrieved from /opt/airflow/dags/feature_store.py
[2025-11-28T19:33:56.392+0000] {logging_mixin.py:188} INFO - [2025-11-28T19:33:56.391+0000] {dag.py:3096} INFO - Sync 1 DAGs
[2025-11-28T19:33:56.418+0000] {logging_mixin.py:188} INFO - [2025-11-28T19:33:56.417+0000] {dag.py:3954} INFO - Setting next_dagrun for feature_store_cre to 2025-11-27 00:00:00+00:00, run_after=2025-11-28 00:00:00+00:00
[2025-11-28T19:33:56.448+0000] {processor.py:183} INFO - Processing /opt/airflow/dags/feature_store.py took 3.302 seconds
[2025-11-28T19:34:27.196+0000] {processor.py:161} INFO - Started process (PID=227) to work on /opt/airflow/dags/feature_store.py
[2025-11-28T19:34:27.197+0000] {processor.py:830} INFO - Processing file /opt/airflow/dags/feature_store.py for tasks to queue
[2025-11-28T19:34:27.199+0000] {logging_mixin.py:188} INFO - [2025-11-28T19:34:27.198+0000] {dagbag.py:545} INFO - Filling up the DagBag from /opt/airflow/dags/feature_store.py
[2025-11-28T19:34:28.396+0000] {logging_mixin.py:188} WARNING - /opt/airflow/dags/feature_store.py:64 RemovedInAirflow3Warning: Param `schedule_interval` is deprecated and will be removed in a future release. Please use `schedule` instead.
[2025-11-28T19:34:28.400+0000] {processor.py:840} INFO - DAG(s) 'feature_store_cre' retrieved from /opt/airflow/dags/feature_store.py
[2025-11-28T19:34:28.413+0000] {logging_mixin.py:188} INFO - [2025-11-28T19:34:28.412+0000] {dag.py:3096} INFO - Sync 1 DAGs
[2025-11-28T19:34:28.423+0000] {logging_mixin.py:188} INFO - [2025-11-28T19:34:28.423+0000] {dag.py:3954} INFO - Setting next_dagrun for feature_store_cre to 2025-11-27 00:00:00+00:00, run_after=2025-11-28 00:00:00+00:00
[2025-11-28T19:34:28.435+0000] {processor.py:183} INFO - Processing /opt/airflow/dags/feature_store.py took 1.244 seconds
[2025-11-28T19:34:58.940+0000] {processor.py:161} INFO - Started process (PID=272) to work on /opt/airflow/dags/feature_store.py
[2025-11-28T19:34:58.943+0000] {processor.py:830} INFO - Processing file /opt/airflow/dags/feature_store.py for tasks to queue
[2025-11-28T19:34:58.944+0000] {logging_mixin.py:188} INFO - [2025-11-28T19:34:58.944+0000] {dagbag.py:545} INFO - Filling up the DagBag from /opt/airflow/dags/feature_store.py
[2025-11-28T19:35:00.120+0000] {logging_mixin.py:188} WARNING - /opt/airflow/dags/feature_store.py:64 RemovedInAirflow3Warning: Param `schedule_interval` is deprecated and will be removed in a future release. Please use `schedule` instead.
[2025-11-28T19:35:00.123+0000] {processor.py:840} INFO - DAG(s) 'feature_store_cre' retrieved from /opt/airflow/dags/feature_store.py
[2025-11-28T19:35:00.139+0000] {logging_mixin.py:188} INFO - [2025-11-28T19:35:00.138+0000] {dag.py:3096} INFO - Sync 1 DAGs
[2025-11-28T19:35:00.152+0000] {logging_mixin.py:188} INFO - [2025-11-28T19:35:00.152+0000] {dag.py:3954} INFO - Setting next_dagrun for feature_store_cre to 2025-11-27 00:00:00+00:00, run_after=2025-11-28 00:00:00+00:00
[2025-11-28T19:35:00.226+0000] {processor.py:183} INFO - Processing /opt/airflow/dags/feature_store.py took 1.289 seconds
[2025-11-28T19:35:30.508+0000] {processor.py:161} INFO - Started process (PID=317) to work on /opt/airflow/dags/feature_store.py
[2025-11-28T19:35:30.510+0000] {processor.py:830} INFO - Processing file /opt/airflow/dags/feature_store.py for tasks to queue
[2025-11-28T19:35:30.511+0000] {logging_mixin.py:188} INFO - [2025-11-28T19:35:30.511+0000] {dagbag.py:545} INFO - Filling up the DagBag from /opt/airflow/dags/feature_store.py
[2025-11-28T19:35:31.744+0000] {logging_mixin.py:188} WARNING - /opt/airflow/dags/feature_store.py:64 RemovedInAirflow3Warning: Param `schedule_interval` is deprecated and will be removed in a future release. Please use `schedule` instead.
[2025-11-28T19:35:31.747+0000] {processor.py:840} INFO - DAG(s) 'feature_store_cre' retrieved from /opt/airflow/dags/feature_store.py
[2025-11-28T19:35:31.760+0000] {logging_mixin.py:188} INFO - [2025-11-28T19:35:31.760+0000] {dag.py:3096} INFO - Sync 1 DAGs
[2025-11-28T19:35:31.771+0000] {logging_mixin.py:188} INFO - [2025-11-28T19:35:31.771+0000] {dag.py:3954} INFO - Setting next_dagrun for feature_store_cre to 2025-11-27 00:00:00+00:00, run_after=2025-11-28 00:00:00+00:00
[2025-11-28T19:35:31.783+0000] {processor.py:183} INFO - Processing /opt/airflow/dags/feature_store.py took 1.279 seconds
[2025-11-28T19:36:01.948+0000] {processor.py:161} INFO - Started process (PID=368) to work on /opt/airflow/dags/feature_store.py
[2025-11-28T19:36:01.951+0000] {processor.py:830} INFO - Processing file /opt/airflow/dags/feature_store.py for tasks to queue
[2025-11-28T19:36:01.952+0000] {logging_mixin.py:188} INFO - [2025-11-28T19:36:01.952+0000] {dagbag.py:545} INFO - Filling up the DagBag from /opt/airflow/dags/feature_store.py
[2025-11-28T19:36:03.174+0000] {logging_mixin.py:188} WARNING - /opt/airflow/dags/feature_store.py:64 RemovedInAirflow3Warning: Param `schedule_interval` is deprecated and will be removed in a future release. Please use `schedule` instead.
[2025-11-28T19:36:03.176+0000] {processor.py:840} INFO - DAG(s) 'feature_store_cre' retrieved from /opt/airflow/dags/feature_store.py
[2025-11-28T19:36:03.190+0000] {logging_mixin.py:188} INFO - [2025-11-28T19:36:03.190+0000] {dag.py:3096} INFO - Sync 1 DAGs
[2025-11-28T19:36:03.201+0000] {logging_mixin.py:188} INFO - [2025-11-28T19:36:03.201+0000] {dag.py:3954} INFO - Setting next_dagrun for feature_store_cre to 2025-11-27 00:00:00+00:00, run_after=2025-11-28 00:00:00+00:00
[2025-11-28T19:36:03.215+0000] {processor.py:183} INFO - Processing /opt/airflow/dags/feature_store.py took 1.270 seconds
[2025-11-28T19:36:33.403+0000] {processor.py:161} INFO - Started process (PID=413) to work on /opt/airflow/dags/feature_store.py
[2025-11-28T19:36:33.405+0000] {processor.py:830} INFO - Processing file /opt/airflow/dags/feature_store.py for tasks to queue
[2025-11-28T19:36:33.406+0000] {logging_mixin.py:188} INFO - [2025-11-28T19:36:33.406+0000] {dagbag.py:545} INFO - Filling up the DagBag from /opt/airflow/dags/feature_store.py
[2025-11-28T19:36:34.587+0000] {logging_mixin.py:188} WARNING - /opt/airflow/dags/feature_store.py:64 RemovedInAirflow3Warning: Param `schedule_interval` is deprecated and will be removed in a future release. Please use `schedule` instead.
[2025-11-28T19:36:34.589+0000] {processor.py:840} INFO - DAG(s) 'feature_store_cre' retrieved from /opt/airflow/dags/feature_store.py
[2025-11-28T19:36:34.603+0000] {logging_mixin.py:188} INFO - [2025-11-28T19:36:34.603+0000] {dag.py:3096} INFO - Sync 1 DAGs
[2025-11-28T19:36:34.615+0000] {logging_mixin.py:188} INFO - [2025-11-28T19:36:34.614+0000] {dag.py:3954} INFO - Setting next_dagrun for feature_store_cre to 2025-11-27 00:00:00+00:00, run_after=2025-11-28 00:00:00+00:00
[2025-11-28T19:36:34.627+0000] {processor.py:183} INFO - Processing /opt/airflow/dags/feature_store.py took 1.227 seconds
[2025-11-28T19:37:05.276+0000] {processor.py:161} INFO - Started process (PID=459) to work on /opt/airflow/dags/feature_store.py
[2025-11-28T19:37:05.280+0000] {processor.py:830} INFO - Processing file /opt/airflow/dags/feature_store.py for tasks to queue
[2025-11-28T19:37:05.281+0000] {logging_mixin.py:188} INFO - [2025-11-28T19:37:05.281+0000] {dagbag.py:545} INFO - Filling up the DagBag from /opt/airflow/dags/feature_store.py
[2025-11-28T19:37:06.538+0000] {logging_mixin.py:188} WARNING - /opt/airflow/dags/feature_store.py:64 RemovedInAirflow3Warning: Param `schedule_interval` is deprecated and will be removed in a future release. Please use `schedule` instead.
[2025-11-28T19:37:06.542+0000] {processor.py:840} INFO - DAG(s) 'feature_store_cre' retrieved from /opt/airflow/dags/feature_store.py
[2025-11-28T19:37:06.558+0000] {logging_mixin.py:188} INFO - [2025-11-28T19:37:06.557+0000] {dag.py:3096} INFO - Sync 1 DAGs
[2025-11-28T19:37:06.570+0000] {logging_mixin.py:188} INFO - [2025-11-28T19:37:06.570+0000] {dag.py:3954} INFO - Setting next_dagrun for feature_store_cre to 2025-11-27 00:00:00+00:00, run_after=2025-11-28 00:00:00+00:00
[2025-11-28T19:37:06.584+0000] {processor.py:183} INFO - Processing /opt/airflow/dags/feature_store.py took 1.311 seconds
[2025-11-28T19:37:37.379+0000] {processor.py:161} INFO - Started process (PID=504) to work on /opt/airflow/dags/feature_store.py
[2025-11-28T19:37:37.381+0000] {processor.py:830} INFO - Processing file /opt/airflow/dags/feature_store.py for tasks to queue
[2025-11-28T19:37:37.382+0000] {logging_mixin.py:188} INFO - [2025-11-28T19:37:37.382+0000] {dagbag.py:545} INFO - Filling up the DagBag from /opt/airflow/dags/feature_store.py
[2025-11-28T19:37:38.589+0000] {logging_mixin.py:188} WARNING - /opt/airflow/dags/feature_store.py:64 RemovedInAirflow3Warning: Param `schedule_interval` is deprecated and will be removed in a future release. Please use `schedule` instead.
[2025-11-28T19:37:38.592+0000] {processor.py:840} INFO - DAG(s) 'feature_store_cre' retrieved from /opt/airflow/dags/feature_store.py
[2025-11-28T19:37:38.607+0000] {logging_mixin.py:188} INFO - [2025-11-28T19:37:38.607+0000] {dag.py:3096} INFO - Sync 1 DAGs
[2025-11-28T19:37:38.619+0000] {logging_mixin.py:188} INFO - [2025-11-28T19:37:38.619+0000] {dag.py:3954} INFO - Setting next_dagrun for feature_store_cre to 2025-11-27 00:00:00+00:00, run_after=2025-11-28 00:00:00+00:00
[2025-11-28T19:37:38.633+0000] {processor.py:183} INFO - Processing /opt/airflow/dags/feature_store.py took 1.258 seconds
[2025-11-28T19:38:09.188+0000] {processor.py:161} INFO - Started process (PID=549) to work on /opt/airflow/dags/feature_store.py
[2025-11-28T19:38:09.190+0000] {processor.py:830} INFO - Processing file /opt/airflow/dags/feature_store.py for tasks to queue
[2025-11-28T19:38:09.192+0000] {logging_mixin.py:188} INFO - [2025-11-28T19:38:09.191+0000] {dagbag.py:545} INFO - Filling up the DagBag from /opt/airflow/dags/feature_store.py
[2025-11-28T19:38:10.399+0000] {logging_mixin.py:188} WARNING - /opt/airflow/dags/feature_store.py:64 RemovedInAirflow3Warning: Param `schedule_interval` is deprecated and will be removed in a future release. Please use `schedule` instead.
[2025-11-28T19:38:10.402+0000] {processor.py:840} INFO - DAG(s) 'feature_store_cre' retrieved from /opt/airflow/dags/feature_store.py
[2025-11-28T19:38:10.420+0000] {logging_mixin.py:188} INFO - [2025-11-28T19:38:10.419+0000] {dag.py:3096} INFO - Sync 1 DAGs
[2025-11-28T19:38:10.433+0000] {logging_mixin.py:188} INFO - [2025-11-28T19:38:10.433+0000] {dag.py:3954} INFO - Setting next_dagrun for feature_store_cre to 2025-11-27 00:00:00+00:00, run_after=2025-11-28 00:00:00+00:00
[2025-11-28T19:38:10.515+0000] {processor.py:183} INFO - Processing /opt/airflow/dags/feature_store.py took 1.331 seconds
[2025-11-28T19:38:40.719+0000] {processor.py:161} INFO - Started process (PID=594) to work on /opt/airflow/dags/feature_store.py
[2025-11-28T19:38:40.721+0000] {processor.py:830} INFO - Processing file /opt/airflow/dags/feature_store.py for tasks to queue
[2025-11-28T19:38:40.723+0000] {logging_mixin.py:188} INFO - [2025-11-28T19:38:40.722+0000] {dagbag.py:545} INFO - Filling up the DagBag from /opt/airflow/dags/feature_store.py
[2025-11-28T19:38:42.051+0000] {logging_mixin.py:188} WARNING - /opt/airflow/dags/feature_store.py:64 RemovedInAirflow3Warning: Param `schedule_interval` is deprecated and will be removed in a future release. Please use `schedule` instead.
[2025-11-28T19:38:42.055+0000] {processor.py:840} INFO - DAG(s) 'feature_store_cre' retrieved from /opt/airflow/dags/feature_store.py
[2025-11-28T19:38:42.071+0000] {logging_mixin.py:188} INFO - [2025-11-28T19:38:42.071+0000] {dag.py:3096} INFO - Sync 1 DAGs
[2025-11-28T19:38:42.082+0000] {logging_mixin.py:188} INFO - [2025-11-28T19:38:42.082+0000] {dag.py:3954} INFO - Setting next_dagrun for feature_store_cre to 2025-11-27 00:00:00+00:00, run_after=2025-11-28 00:00:00+00:00
[2025-11-28T19:38:42.094+0000] {processor.py:183} INFO - Processing /opt/airflow/dags/feature_store.py took 1.380 seconds
[2025-11-28T19:40:21.352+0000] {processor.py:161} INFO - Started process (PID=182) to work on /opt/airflow/dags/feature_store.py
[2025-11-28T19:40:21.355+0000] {processor.py:830} INFO - Processing file /opt/airflow/dags/feature_store.py for tasks to queue
[2025-11-28T19:40:21.356+0000] {logging_mixin.py:188} INFO - [2025-11-28T19:40:21.356+0000] {dagbag.py:545} INFO - Filling up the DagBag from /opt/airflow/dags/feature_store.py
[2025-11-28T19:40:24.223+0000] {logging_mixin.py:188} WARNING - /opt/airflow/dags/feature_store.py:64 RemovedInAirflow3Warning: Param `schedule_interval` is deprecated and will be removed in a future release. Please use `schedule` instead.
[2025-11-28T19:40:24.240+0000] {processor.py:840} INFO - DAG(s) 'feature_store_cre' retrieved from /opt/airflow/dags/feature_store.py
[2025-11-28T19:40:24.645+0000] {logging_mixin.py:188} INFO - [2025-11-28T19:40:24.644+0000] {dag.py:3096} INFO - Sync 1 DAGs
[2025-11-28T19:40:24.670+0000] {logging_mixin.py:188} INFO - [2025-11-28T19:40:24.670+0000] {dag.py:3954} INFO - Setting next_dagrun for feature_store_cre to 2025-11-27 00:00:00+00:00, run_after=2025-11-28 00:00:00+00:00
[2025-11-28T19:40:24.700+0000] {processor.py:183} INFO - Processing /opt/airflow/dags/feature_store.py took 3.360 seconds
[2025-11-28T19:40:55.515+0000] {processor.py:161} INFO - Started process (PID=227) to work on /opt/airflow/dags/feature_store.py
[2025-11-28T19:40:55.517+0000] {processor.py:830} INFO - Processing file /opt/airflow/dags/feature_store.py for tasks to queue
[2025-11-28T19:40:55.518+0000] {logging_mixin.py:188} INFO - [2025-11-28T19:40:55.518+0000] {dagbag.py:545} INFO - Filling up the DagBag from /opt/airflow/dags/feature_store.py
[2025-11-28T19:40:56.732+0000] {logging_mixin.py:188} WARNING - /opt/airflow/dags/feature_store.py:64 RemovedInAirflow3Warning: Param `schedule_interval` is deprecated and will be removed in a future release. Please use `schedule` instead.
[2025-11-28T19:40:56.735+0000] {processor.py:840} INFO - DAG(s) 'feature_store_cre' retrieved from /opt/airflow/dags/feature_store.py
[2025-11-28T19:40:56.749+0000] {logging_mixin.py:188} INFO - [2025-11-28T19:40:56.749+0000] {dag.py:3096} INFO - Sync 1 DAGs
[2025-11-28T19:40:56.761+0000] {logging_mixin.py:188} INFO - [2025-11-28T19:40:56.761+0000] {dag.py:3954} INFO - Setting next_dagrun for feature_store_cre to 2025-11-27 00:00:00+00:00, run_after=2025-11-28 00:00:00+00:00
[2025-11-28T19:40:56.775+0000] {processor.py:183} INFO - Processing /opt/airflow/dags/feature_store.py took 1.264 seconds
[2025-11-28T19:41:27.404+0000] {processor.py:161} INFO - Started process (PID=272) to work on /opt/airflow/dags/feature_store.py
[2025-11-28T19:41:27.407+0000] {processor.py:830} INFO - Processing file /opt/airflow/dags/feature_store.py for tasks to queue
[2025-11-28T19:41:27.408+0000] {logging_mixin.py:188} INFO - [2025-11-28T19:41:27.408+0000] {dagbag.py:545} INFO - Filling up the DagBag from /opt/airflow/dags/feature_store.py
[2025-11-28T19:41:29.025+0000] {logging_mixin.py:188} WARNING - /opt/airflow/dags/feature_store.py:64 RemovedInAirflow3Warning: Param `schedule_interval` is deprecated and will be removed in a future release. Please use `schedule` instead.
[2025-11-28T19:41:29.028+0000] {processor.py:840} INFO - DAG(s) 'feature_store_cre' retrieved from /opt/airflow/dags/feature_store.py
[2025-11-28T19:41:29.042+0000] {logging_mixin.py:188} INFO - [2025-11-28T19:41:29.042+0000] {dag.py:3096} INFO - Sync 1 DAGs
[2025-11-28T19:41:29.055+0000] {logging_mixin.py:188} INFO - [2025-11-28T19:41:29.055+0000] {dag.py:3954} INFO - Setting next_dagrun for feature_store_cre to 2025-11-27 00:00:00+00:00, run_after=2025-11-28 00:00:00+00:00
[2025-11-28T19:41:29.126+0000] {processor.py:183} INFO - Processing /opt/airflow/dags/feature_store.py took 1.725 seconds
[2025-11-28T19:41:59.222+0000] {processor.py:161} INFO - Started process (PID=324) to work on /opt/airflow/dags/feature_store.py
[2025-11-28T19:41:59.223+0000] {processor.py:830} INFO - Processing file /opt/airflow/dags/feature_store.py for tasks to queue
[2025-11-28T19:41:59.224+0000] {logging_mixin.py:188} INFO - [2025-11-28T19:41:59.224+0000] {dagbag.py:545} INFO - Filling up the DagBag from /opt/airflow/dags/feature_store.py
[2025-11-28T19:42:00.453+0000] {logging_mixin.py:188} WARNING - /opt/airflow/dags/feature_store.py:64 RemovedInAirflow3Warning: Param `schedule_interval` is deprecated and will be removed in a future release. Please use `schedule` instead.
[2025-11-28T19:42:00.456+0000] {processor.py:840} INFO - DAG(s) 'feature_store_cre' retrieved from /opt/airflow/dags/feature_store.py
[2025-11-28T19:42:00.472+0000] {logging_mixin.py:188} INFO - [2025-11-28T19:42:00.471+0000] {dag.py:3096} INFO - Sync 1 DAGs
[2025-11-28T19:42:00.486+0000] {logging_mixin.py:188} INFO - [2025-11-28T19:42:00.486+0000] {dag.py:3954} INFO - Setting next_dagrun for feature_store_cre to 2025-11-27 00:00:00+00:00, run_after=2025-11-28 00:00:00+00:00
[2025-11-28T19:42:00.500+0000] {processor.py:183} INFO - Processing /opt/airflow/dags/feature_store.py took 1.282 seconds
[2025-11-28T19:43:22.913+0000] {processor.py:161} INFO - Started process (PID=186) to work on /opt/airflow/dags/feature_store.py
[2025-11-28T19:43:22.915+0000] {processor.py:830} INFO - Processing file /opt/airflow/dags/feature_store.py for tasks to queue
[2025-11-28T19:43:22.919+0000] {logging_mixin.py:188} INFO - [2025-11-28T19:43:22.918+0000] {dagbag.py:545} INFO - Filling up the DagBag from /opt/airflow/dags/feature_store.py
[2025-11-28T19:43:25.764+0000] {logging_mixin.py:188} WARNING - /opt/airflow/dags/feature_store.py:64 RemovedInAirflow3Warning: Param `schedule_interval` is deprecated and will be removed in a future release. Please use `schedule` instead.
[2025-11-28T19:43:25.777+0000] {processor.py:840} INFO - DAG(s) 'feature_store_cre' retrieved from /opt/airflow/dags/feature_store.py
[2025-11-28T19:43:26.274+0000] {logging_mixin.py:188} INFO - [2025-11-28T19:43:26.273+0000] {dag.py:3096} INFO - Sync 1 DAGs
[2025-11-28T19:43:26.309+0000] {logging_mixin.py:188} INFO - [2025-11-28T19:43:26.308+0000] {dag.py:3954} INFO - Setting next_dagrun for feature_store_cre to 2025-11-27 00:00:00+00:00, run_after=2025-11-28 00:00:00+00:00
[2025-11-28T19:43:26.342+0000] {processor.py:183} INFO - Processing /opt/airflow/dags/feature_store.py took 3.437 seconds
[2025-11-28T19:43:56.554+0000] {processor.py:161} INFO - Started process (PID=228) to work on /opt/airflow/dags/feature_store.py
[2025-11-28T19:43:56.557+0000] {processor.py:830} INFO - Processing file /opt/airflow/dags/feature_store.py for tasks to queue
[2025-11-28T19:43:56.558+0000] {logging_mixin.py:188} INFO - [2025-11-28T19:43:56.558+0000] {dagbag.py:545} INFO - Filling up the DagBag from /opt/airflow/dags/feature_store.py
[2025-11-28T19:43:57.962+0000] {logging_mixin.py:188} WARNING - /opt/airflow/dags/feature_store.py:64 RemovedInAirflow3Warning: Param `schedule_interval` is deprecated and will be removed in a future release. Please use `schedule` instead.
[2025-11-28T19:43:57.966+0000] {processor.py:840} INFO - DAG(s) 'feature_store_cre' retrieved from /opt/airflow/dags/feature_store.py
[2025-11-28T19:43:57.986+0000] {logging_mixin.py:188} INFO - [2025-11-28T19:43:57.986+0000] {dag.py:3096} INFO - Sync 1 DAGs
[2025-11-28T19:43:58.003+0000] {logging_mixin.py:188} INFO - [2025-11-28T19:43:58.003+0000] {dag.py:3954} INFO - Setting next_dagrun for feature_store_cre to 2025-11-27 00:00:00+00:00, run_after=2025-11-28 00:00:00+00:00
[2025-11-28T19:43:58.018+0000] {processor.py:183} INFO - Processing /opt/airflow/dags/feature_store.py took 1.469 seconds
[2025-11-28T19:44:28.463+0000] {processor.py:161} INFO - Started process (PID=273) to work on /opt/airflow/dags/feature_store.py
[2025-11-28T19:44:28.465+0000] {processor.py:830} INFO - Processing file /opt/airflow/dags/feature_store.py for tasks to queue
[2025-11-28T19:44:28.466+0000] {logging_mixin.py:188} INFO - [2025-11-28T19:44:28.466+0000] {dagbag.py:545} INFO - Filling up the DagBag from /opt/airflow/dags/feature_store.py
[2025-11-28T19:44:29.902+0000] {logging_mixin.py:188} WARNING - /opt/airflow/dags/feature_store.py:64 RemovedInAirflow3Warning: Param `schedule_interval` is deprecated and will be removed in a future release. Please use `schedule` instead.
[2025-11-28T19:44:29.905+0000] {processor.py:840} INFO - DAG(s) 'feature_store_cre' retrieved from /opt/airflow/dags/feature_store.py
[2025-11-28T19:44:29.924+0000] {logging_mixin.py:188} INFO - [2025-11-28T19:44:29.924+0000] {dag.py:3096} INFO - Sync 1 DAGs
[2025-11-28T19:44:29.940+0000] {logging_mixin.py:188} INFO - [2025-11-28T19:44:29.940+0000] {dag.py:3954} INFO - Setting next_dagrun for feature_store_cre to 2025-11-27 00:00:00+00:00, run_after=2025-11-28 00:00:00+00:00
[2025-11-28T19:44:29.956+0000] {processor.py:183} INFO - Processing /opt/airflow/dags/feature_store.py took 1.497 seconds
[2025-11-28T19:45:00.376+0000] {processor.py:161} INFO - Started process (PID=359) to work on /opt/airflow/dags/feature_store.py
[2025-11-28T19:45:00.378+0000] {processor.py:830} INFO - Processing file /opt/airflow/dags/feature_store.py for tasks to queue
[2025-11-28T19:45:00.379+0000] {logging_mixin.py:188} INFO - [2025-11-28T19:45:00.379+0000] {dagbag.py:545} INFO - Filling up the DagBag from /opt/airflow/dags/feature_store.py
[2025-11-28T19:45:02.262+0000] {logging_mixin.py:188} WARNING - /opt/airflow/dags/feature_store.py:64 RemovedInAirflow3Warning: Param `schedule_interval` is deprecated and will be removed in a future release. Please use `schedule` instead.
[2025-11-28T19:45:02.266+0000] {processor.py:840} INFO - DAG(s) 'feature_store_cre' retrieved from /opt/airflow/dags/feature_store.py
[2025-11-28T19:45:02.285+0000] {logging_mixin.py:188} INFO - [2025-11-28T19:45:02.285+0000] {dag.py:3096} INFO - Sync 1 DAGs
[2025-11-28T19:45:02.376+0000] {logging_mixin.py:188} INFO - [2025-11-28T19:45:02.376+0000] {dag.py:3954} INFO - Setting next_dagrun for feature_store_cre to 2025-11-27 00:00:00+00:00, run_after=2025-11-28 00:00:00+00:00
[2025-11-28T19:45:02.395+0000] {processor.py:183} INFO - Processing /opt/airflow/dags/feature_store.py took 2.023 seconds
[2025-11-28T19:45:32.423+0000] {processor.py:161} INFO - Started process (PID=404) to work on /opt/airflow/dags/feature_store.py
[2025-11-28T19:45:32.425+0000] {processor.py:830} INFO - Processing file /opt/airflow/dags/feature_store.py for tasks to queue
[2025-11-28T19:45:32.426+0000] {logging_mixin.py:188} INFO - [2025-11-28T19:45:32.426+0000] {dagbag.py:545} INFO - Filling up the DagBag from /opt/airflow/dags/feature_store.py
[2025-11-28T19:45:33.725+0000] {logging_mixin.py:188} WARNING - /opt/airflow/dags/feature_store.py:64 RemovedInAirflow3Warning: Param `schedule_interval` is deprecated and will be removed in a future release. Please use `schedule` instead.
[2025-11-28T19:45:33.728+0000] {processor.py:840} INFO - DAG(s) 'feature_store_cre' retrieved from /opt/airflow/dags/feature_store.py
[2025-11-28T19:45:33.744+0000] {logging_mixin.py:188} INFO - [2025-11-28T19:45:33.744+0000] {dag.py:3096} INFO - Sync 1 DAGs
[2025-11-28T19:45:33.758+0000] {logging_mixin.py:188} INFO - [2025-11-28T19:45:33.758+0000] {dag.py:3954} INFO - Setting next_dagrun for feature_store_cre to 2025-11-27 00:00:00+00:00, run_after=2025-11-28 00:00:00+00:00
[2025-11-28T19:45:33.776+0000] {processor.py:183} INFO - Processing /opt/airflow/dags/feature_store.py took 1.356 seconds
[2025-11-28T19:46:04.002+0000] {processor.py:161} INFO - Started process (PID=449) to work on /opt/airflow/dags/feature_store.py
[2025-11-28T19:46:04.005+0000] {processor.py:830} INFO - Processing file /opt/airflow/dags/feature_store.py for tasks to queue
[2025-11-28T19:46:04.006+0000] {logging_mixin.py:188} INFO - [2025-11-28T19:46:04.006+0000] {dagbag.py:545} INFO - Filling up the DagBag from /opt/airflow/dags/feature_store.py
[2025-11-28T19:46:05.275+0000] {logging_mixin.py:188} WARNING - /opt/airflow/dags/feature_store.py:64 RemovedInAirflow3Warning: Param `schedule_interval` is deprecated and will be removed in a future release. Please use `schedule` instead.
[2025-11-28T19:46:05.279+0000] {processor.py:840} INFO - DAG(s) 'feature_store_cre' retrieved from /opt/airflow/dags/feature_store.py
[2025-11-28T19:46:05.297+0000] {logging_mixin.py:188} INFO - [2025-11-28T19:46:05.296+0000] {dag.py:3096} INFO - Sync 1 DAGs
[2025-11-28T19:46:05.312+0000] {logging_mixin.py:188} INFO - [2025-11-28T19:46:05.311+0000] {dag.py:3954} INFO - Setting next_dagrun for feature_store_cre to 2025-11-27 00:00:00+00:00, run_after=2025-11-28 00:00:00+00:00
[2025-11-28T19:46:05.325+0000] {processor.py:183} INFO - Processing /opt/airflow/dags/feature_store.py took 1.327 seconds
[2025-11-28T19:46:35.368+0000] {processor.py:161} INFO - Started process (PID=494) to work on /opt/airflow/dags/feature_store.py
[2025-11-28T19:46:35.370+0000] {processor.py:830} INFO - Processing file /opt/airflow/dags/feature_store.py for tasks to queue
[2025-11-28T19:46:35.371+0000] {logging_mixin.py:188} INFO - [2025-11-28T19:46:35.371+0000] {dagbag.py:545} INFO - Filling up the DagBag from /opt/airflow/dags/feature_store.py
[2025-11-28T19:46:36.739+0000] {logging_mixin.py:188} WARNING - /opt/airflow/dags/feature_store.py:64 RemovedInAirflow3Warning: Param `schedule_interval` is deprecated and will be removed in a future release. Please use `schedule` instead.
[2025-11-28T19:46:36.742+0000] {processor.py:840} INFO - DAG(s) 'feature_store_cre' retrieved from /opt/airflow/dags/feature_store.py
[2025-11-28T19:46:36.756+0000] {logging_mixin.py:188} INFO - [2025-11-28T19:46:36.756+0000] {dag.py:3096} INFO - Sync 1 DAGs
[2025-11-28T19:46:36.768+0000] {logging_mixin.py:188} INFO - [2025-11-28T19:46:36.768+0000] {dag.py:3954} INFO - Setting next_dagrun for feature_store_cre to 2025-11-27 00:00:00+00:00, run_after=2025-11-28 00:00:00+00:00
[2025-11-28T19:46:36.781+0000] {processor.py:183} INFO - Processing /opt/airflow/dags/feature_store.py took 1.419 seconds
[2025-11-28T19:55:54.964+0000] {processor.py:161} INFO - Started process (PID=179) to work on /opt/airflow/dags/feature_store.py
[2025-11-28T19:55:54.966+0000] {processor.py:830} INFO - Processing file /opt/airflow/dags/feature_store.py for tasks to queue
[2025-11-28T19:55:54.968+0000] {logging_mixin.py:188} INFO - [2025-11-28T19:55:54.968+0000] {dagbag.py:545} INFO - Filling up the DagBag from /opt/airflow/dags/feature_store.py
[2025-11-28T19:55:57.415+0000] {logging_mixin.py:188} WARNING - /opt/airflow/dags/feature_store.py:64 RemovedInAirflow3Warning: Param `schedule_interval` is deprecated and will be removed in a future release. Please use `schedule` instead.
[2025-11-28T19:55:57.422+0000] {processor.py:840} INFO - DAG(s) 'feature_store_cre' retrieved from /opt/airflow/dags/feature_store.py
[2025-11-28T19:55:57.734+0000] {logging_mixin.py:188} INFO - [2025-11-28T19:55:57.734+0000] {dag.py:3096} INFO - Sync 1 DAGs
[2025-11-28T19:55:57.757+0000] {logging_mixin.py:188} INFO - [2025-11-28T19:55:57.757+0000] {dag.py:3954} INFO - Setting next_dagrun for feature_store_cre to 2025-11-27 00:00:00+00:00, run_after=2025-11-28 00:00:00+00:00
[2025-11-28T19:55:57.784+0000] {processor.py:183} INFO - Processing /opt/airflow/dags/feature_store.py took 2.824 seconds
[2025-11-28T19:56:28.684+0000] {processor.py:161} INFO - Started process (PID=246) to work on /opt/airflow/dags/feature_store.py
[2025-11-28T19:56:28.686+0000] {processor.py:830} INFO - Processing file /opt/airflow/dags/feature_store.py for tasks to queue
[2025-11-28T19:56:28.688+0000] {logging_mixin.py:188} INFO - [2025-11-28T19:56:28.688+0000] {dagbag.py:545} INFO - Filling up the DagBag from /opt/airflow/dags/feature_store.py
[2025-11-28T19:56:30.277+0000] {logging_mixin.py:188} WARNING - /opt/airflow/dags/feature_store.py:64 RemovedInAirflow3Warning: Param `schedule_interval` is deprecated and will be removed in a future release. Please use `schedule` instead.
[2025-11-28T19:56:30.281+0000] {processor.py:840} INFO - DAG(s) 'feature_store_cre' retrieved from /opt/airflow/dags/feature_store.py
[2025-11-28T19:56:30.302+0000] {logging_mixin.py:188} INFO - [2025-11-28T19:56:30.302+0000] {dag.py:3096} INFO - Sync 1 DAGs
[2025-11-28T19:56:30.325+0000] {logging_mixin.py:188} INFO - [2025-11-28T19:56:30.325+0000] {dag.py:3954} INFO - Setting next_dagrun for feature_store_cre to 2025-11-27 00:00:00+00:00, run_after=2025-11-28 00:00:00+00:00
[2025-11-28T19:56:30.349+0000] {processor.py:183} INFO - Processing /opt/airflow/dags/feature_store.py took 1.669 seconds
[2025-11-28T19:57:01.281+0000] {processor.py:161} INFO - Started process (PID=325) to work on /opt/airflow/dags/feature_store.py
[2025-11-28T19:57:01.282+0000] {processor.py:830} INFO - Processing file /opt/airflow/dags/feature_store.py for tasks to queue
[2025-11-28T19:57:01.284+0000] {logging_mixin.py:188} INFO - [2025-11-28T19:57:01.284+0000] {dagbag.py:545} INFO - Filling up the DagBag from /opt/airflow/dags/feature_store.py
[2025-11-28T19:57:03.342+0000] {logging_mixin.py:188} WARNING - /opt/airflow/dags/feature_store.py:64 RemovedInAirflow3Warning: Param `schedule_interval` is deprecated and will be removed in a future release. Please use `schedule` instead.
[2025-11-28T19:57:03.348+0000] {processor.py:840} INFO - DAG(s) 'feature_store_cre' retrieved from /opt/airflow/dags/feature_store.py
[2025-11-28T19:57:03.381+0000] {logging_mixin.py:188} INFO - [2025-11-28T19:57:03.380+0000] {dag.py:3096} INFO - Sync 1 DAGs
[2025-11-28T19:57:03.407+0000] {logging_mixin.py:188} INFO - [2025-11-28T19:57:03.407+0000] {dag.py:3954} INFO - Setting next_dagrun for feature_store_cre to 2025-11-27 00:00:00+00:00, run_after=2025-11-28 00:00:00+00:00
[2025-11-28T19:57:03.531+0000] {processor.py:183} INFO - Processing /opt/airflow/dags/feature_store.py took 2.254 seconds
[2025-11-28T19:57:33.665+0000] {processor.py:161} INFO - Started process (PID=368) to work on /opt/airflow/dags/feature_store.py
[2025-11-28T19:57:33.667+0000] {processor.py:830} INFO - Processing file /opt/airflow/dags/feature_store.py for tasks to queue
[2025-11-28T19:57:33.669+0000] {logging_mixin.py:188} INFO - [2025-11-28T19:57:33.669+0000] {dagbag.py:545} INFO - Filling up the DagBag from /opt/airflow/dags/feature_store.py
[2025-11-28T19:57:35.484+0000] {logging_mixin.py:188} WARNING - /opt/airflow/dags/feature_store.py:64 RemovedInAirflow3Warning: Param `schedule_interval` is deprecated and will be removed in a future release. Please use `schedule` instead.
[2025-11-28T19:57:35.488+0000] {processor.py:840} INFO - DAG(s) 'feature_store_cre' retrieved from /opt/airflow/dags/feature_store.py
[2025-11-28T19:57:35.512+0000] {logging_mixin.py:188} INFO - [2025-11-28T19:57:35.511+0000] {dag.py:3096} INFO - Sync 1 DAGs
[2025-11-28T19:57:35.536+0000] {logging_mixin.py:188} INFO - [2025-11-28T19:57:35.535+0000] {dag.py:3954} INFO - Setting next_dagrun for feature_store_cre to 2025-11-27 00:00:00+00:00, run_after=2025-11-28 00:00:00+00:00
[2025-11-28T19:57:35.558+0000] {processor.py:183} INFO - Processing /opt/airflow/dags/feature_store.py took 1.896 seconds
[2025-11-28T19:59:52.387+0000] {processor.py:161} INFO - Started process (PID=185) to work on /opt/airflow/dags/feature_store.py
[2025-11-28T19:59:52.389+0000] {processor.py:830} INFO - Processing file /opt/airflow/dags/feature_store.py for tasks to queue
[2025-11-28T19:59:52.394+0000] {logging_mixin.py:188} INFO - [2025-11-28T19:59:52.393+0000] {dagbag.py:545} INFO - Filling up the DagBag from /opt/airflow/dags/feature_store.py
[2025-11-28T19:59:55.682+0000] {logging_mixin.py:188} WARNING - /opt/airflow/dags/feature_store.py:64 RemovedInAirflow3Warning: Param `schedule_interval` is deprecated and will be removed in a future release. Please use `schedule` instead.
[2025-11-28T19:59:55.698+0000] {processor.py:840} INFO - DAG(s) 'feature_store_cre' retrieved from /opt/airflow/dags/feature_store.py
[2025-11-28T19:59:56.270+0000] {logging_mixin.py:188} INFO - [2025-11-28T19:59:56.269+0000] {dag.py:3096} INFO - Sync 1 DAGs
[2025-11-28T19:59:56.313+0000] {logging_mixin.py:188} INFO - [2025-11-28T19:59:56.312+0000] {dag.py:3954} INFO - Setting next_dagrun for feature_store_cre to 2025-11-27 00:00:00+00:00, run_after=2025-11-28 00:00:00+00:00
[2025-11-28T19:59:56.362+0000] {processor.py:183} INFO - Processing /opt/airflow/dags/feature_store.py took 3.983 seconds
[2025-11-28T20:00:26.564+0000] {processor.py:161} INFO - Started process (PID=277) to work on /opt/airflow/dags/feature_store.py
[2025-11-28T20:00:26.567+0000] {processor.py:830} INFO - Processing file /opt/airflow/dags/feature_store.py for tasks to queue
[2025-11-28T20:00:26.569+0000] {logging_mixin.py:188} INFO - [2025-11-28T20:00:26.569+0000] {dagbag.py:545} INFO - Filling up the DagBag from /opt/airflow/dags/feature_store.py
[2025-11-28T20:00:28.772+0000] {logging_mixin.py:188} WARNING - /opt/airflow/dags/feature_store.py:64 RemovedInAirflow3Warning: Param `schedule_interval` is deprecated and will be removed in a future release. Please use `schedule` instead.
[2025-11-28T20:00:28.776+0000] {processor.py:840} INFO - DAG(s) 'feature_store_cre' retrieved from /opt/airflow/dags/feature_store.py
[2025-11-28T20:00:28.795+0000] {logging_mixin.py:188} INFO - [2025-11-28T20:00:28.795+0000] {dag.py:3096} INFO - Sync 1 DAGs
[2025-11-28T20:00:28.813+0000] {logging_mixin.py:188} INFO - [2025-11-28T20:00:28.812+0000] {dag.py:3954} INFO - Setting next_dagrun for feature_store_cre to 2025-11-27 00:00:00+00:00, run_after=2025-11-28 00:00:00+00:00
[2025-11-28T20:00:28.832+0000] {processor.py:183} INFO - Processing /opt/airflow/dags/feature_store.py took 2.272 seconds
[2025-11-28T20:01:00.315+0000] {processor.py:161} INFO - Started process (PID=501) to work on /opt/airflow/dags/feature_store.py
[2025-11-28T20:01:00.317+0000] {processor.py:830} INFO - Processing file /opt/airflow/dags/feature_store.py for tasks to queue
[2025-11-28T20:01:00.320+0000] {logging_mixin.py:188} INFO - [2025-11-28T20:01:00.320+0000] {dagbag.py:545} INFO - Filling up the DagBag from /opt/airflow/dags/feature_store.py
[2025-11-28T20:01:05.172+0000] {logging_mixin.py:188} WARNING - /opt/airflow/dags/feature_store.py:64 RemovedInAirflow3Warning: Param `schedule_interval` is deprecated and will be removed in a future release. Please use `schedule` instead.
[2025-11-28T20:01:05.177+0000] {processor.py:840} INFO - DAG(s) 'feature_store_cre' retrieved from /opt/airflow/dags/feature_store.py
[2025-11-28T20:01:05.217+0000] {logging_mixin.py:188} INFO - [2025-11-28T20:01:05.216+0000] {dag.py:3096} INFO - Sync 1 DAGs
[2025-11-28T20:01:05.246+0000] {logging_mixin.py:188} INFO - [2025-11-28T20:01:05.245+0000] {dag.py:3954} INFO - Setting next_dagrun for feature_store_cre to 2025-11-27 00:00:00+00:00, run_after=2025-11-28 00:00:00+00:00
[2025-11-28T20:01:05.379+0000] {processor.py:183} INFO - Processing /opt/airflow/dags/feature_store.py took 2.577 seconds
[2025-11-28T20:01:37.313+0000] {processor.py:161} INFO - Started process (PID=684) to work on /opt/airflow/dags/feature_store.py
[2025-11-28T20:01:37.346+0000] {processor.py:830} INFO - Processing file /opt/airflow/dags/feature_store.py for tasks to queue
[2025-11-28T20:01:37.369+0000] {logging_mixin.py:188} INFO - [2025-11-28T20:01:37.368+0000] {dagbag.py:545} INFO - Filling up the DagBag from /opt/airflow/dags/feature_store.py
[2025-11-28T20:01:41.181+0000] {logging_mixin.py:188} WARNING - /opt/airflow/dags/feature_store.py:64 RemovedInAirflow3Warning: Param `schedule_interval` is deprecated and will be removed in a future release. Please use `schedule` instead.
[2025-11-28T20:01:41.186+0000] {processor.py:840} INFO - DAG(s) 'feature_store_cre' retrieved from /opt/airflow/dags/feature_store.py
[2025-11-28T20:01:41.214+0000] {logging_mixin.py:188} INFO - [2025-11-28T20:01:41.214+0000] {dag.py:3096} INFO - Sync 1 DAGs
[2025-11-28T20:01:41.240+0000] {logging_mixin.py:188} INFO - [2025-11-28T20:01:41.239+0000] {dag.py:3954} INFO - Setting next_dagrun for feature_store_cre to 2025-11-27 00:00:00+00:00, run_after=2025-11-28 00:00:00+00:00
[2025-11-28T20:01:41.265+0000] {processor.py:183} INFO - Processing /opt/airflow/dags/feature_store.py took 3.983 seconds
[2025-11-28T20:02:11.450+0000] {processor.py:161} INFO - Started process (PID=878) to work on /opt/airflow/dags/feature_store.py
[2025-11-28T20:02:11.453+0000] {processor.py:830} INFO - Processing file /opt/airflow/dags/feature_store.py for tasks to queue
[2025-11-28T20:02:11.456+0000] {logging_mixin.py:188} INFO - [2025-11-28T20:02:11.456+0000] {dagbag.py:545} INFO - Filling up the DagBag from /opt/airflow/dags/feature_store.py
[2025-11-28T20:02:15.875+0000] {logging_mixin.py:188} WARNING - /opt/airflow/dags/feature_store.py:64 RemovedInAirflow3Warning: Param `schedule_interval` is deprecated and will be removed in a future release. Please use `schedule` instead.
[2025-11-28T20:02:15.881+0000] {processor.py:840} INFO - DAG(s) 'feature_store_cre' retrieved from /opt/airflow/dags/feature_store.py
[2025-11-28T20:02:15.919+0000] {logging_mixin.py:188} INFO - [2025-11-28T20:02:15.918+0000] {dag.py:3096} INFO - Sync 1 DAGs
[2025-11-28T20:02:15.950+0000] {logging_mixin.py:188} INFO - [2025-11-28T20:02:15.950+0000] {dag.py:3954} INFO - Setting next_dagrun for feature_store_cre to 2025-11-27 00:00:00+00:00, run_after=2025-11-28 00:00:00+00:00
[2025-11-28T20:02:15.982+0000] {processor.py:183} INFO - Processing /opt/airflow/dags/feature_store.py took 4.545 seconds
[2025-11-28T20:02:46.479+0000] {processor.py:161} INFO - Started process (PID=1206) to work on /opt/airflow/dags/feature_store.py
[2025-11-28T20:02:46.481+0000] {processor.py:830} INFO - Processing file /opt/airflow/dags/feature_store.py for tasks to queue
[2025-11-28T20:02:46.496+0000] {logging_mixin.py:188} INFO - [2025-11-28T20:02:46.487+0000] {dagbag.py:545} INFO - Filling up the DagBag from /opt/airflow/dags/feature_store.py
[2025-11-28T20:02:50.223+0000] {logging_mixin.py:188} WARNING - /opt/airflow/dags/feature_store.py:64 RemovedInAirflow3Warning: Param `schedule_interval` is deprecated and will be removed in a future release. Please use `schedule` instead.
[2025-11-28T20:02:50.230+0000] {processor.py:840} INFO - DAG(s) 'feature_store_cre' retrieved from /opt/airflow/dags/feature_store.py
[2025-11-28T20:02:50.269+0000] {logging_mixin.py:188} INFO - [2025-11-28T20:02:50.268+0000] {dag.py:3096} INFO - Sync 1 DAGs
[2025-11-28T20:02:50.300+0000] {logging_mixin.py:188} INFO - [2025-11-28T20:02:50.300+0000] {dag.py:3954} INFO - Setting next_dagrun for feature_store_cre to 2025-11-27 00:00:00+00:00, run_after=2025-11-28 00:00:00+00:00
[2025-11-28T20:02:50.334+0000] {processor.py:183} INFO - Processing /opt/airflow/dags/feature_store.py took 3.865 seconds
[2025-11-28T20:03:20.426+0000] {processor.py:161} INFO - Started process (PID=1341) to work on /opt/airflow/dags/feature_store.py
[2025-11-28T20:03:20.429+0000] {processor.py:830} INFO - Processing file /opt/airflow/dags/feature_store.py for tasks to queue
[2025-11-28T20:03:20.432+0000] {logging_mixin.py:188} INFO - [2025-11-28T20:03:20.431+0000] {dagbag.py:545} INFO - Filling up the DagBag from /opt/airflow/dags/feature_store.py
[2025-11-28T20:03:22.358+0000] {logging_mixin.py:188} WARNING - /opt/airflow/dags/feature_store.py:64 RemovedInAirflow3Warning: Param `schedule_interval` is deprecated and will be removed in a future release. Please use `schedule` instead.
[2025-11-28T20:03:22.362+0000] {processor.py:840} INFO - DAG(s) 'feature_store_cre' retrieved from /opt/airflow/dags/feature_store.py
[2025-11-28T20:03:22.385+0000] {logging_mixin.py:188} INFO - [2025-11-28T20:03:22.384+0000] {dag.py:3096} INFO - Sync 1 DAGs
[2025-11-28T20:03:22.406+0000] {logging_mixin.py:188} INFO - [2025-11-28T20:03:22.405+0000] {dag.py:3954} INFO - Setting next_dagrun for feature_store_cre to 2025-11-27 00:00:00+00:00, run_after=2025-11-28 00:00:00+00:00
[2025-11-28T20:03:22.430+0000] {processor.py:183} INFO - Processing /opt/airflow/dags/feature_store.py took 2.009 seconds
[2025-11-28T20:03:52.469+0000] {processor.py:161} INFO - Started process (PID=1386) to work on /opt/airflow/dags/feature_store.py
[2025-11-28T20:03:52.471+0000] {processor.py:830} INFO - Processing file /opt/airflow/dags/feature_store.py for tasks to queue
[2025-11-28T20:03:52.474+0000] {logging_mixin.py:188} INFO - [2025-11-28T20:03:52.474+0000] {dagbag.py:545} INFO - Filling up the DagBag from /opt/airflow/dags/feature_store.py
[2025-11-28T20:03:55.612+0000] {logging_mixin.py:188} WARNING - /opt/airflow/dags/feature_store.py:64 RemovedInAirflow3Warning: Param `schedule_interval` is deprecated and will be removed in a future release. Please use `schedule` instead.
[2025-11-28T20:03:55.617+0000] {processor.py:840} INFO - DAG(s) 'feature_store_cre' retrieved from /opt/airflow/dags/feature_store.py
[2025-11-28T20:03:55.637+0000] {logging_mixin.py:188} INFO - [2025-11-28T20:03:55.636+0000] {dag.py:3096} INFO - Sync 1 DAGs
[2025-11-28T20:03:55.654+0000] {logging_mixin.py:188} INFO - [2025-11-28T20:03:55.654+0000] {dag.py:3954} INFO - Setting next_dagrun for feature_store_cre to 2025-11-27 00:00:00+00:00, run_after=2025-11-28 00:00:00+00:00
[2025-11-28T20:03:55.679+0000] {processor.py:183} INFO - Processing /opt/airflow/dags/feature_store.py took 3.214 seconds
[2025-11-28T20:04:26.064+0000] {processor.py:161} INFO - Started process (PID=1432) to work on /opt/airflow/dags/feature_store.py
[2025-11-28T20:04:26.066+0000] {processor.py:830} INFO - Processing file /opt/airflow/dags/feature_store.py for tasks to queue
[2025-11-28T20:04:26.067+0000] {logging_mixin.py:188} INFO - [2025-11-28T20:04:26.067+0000] {dagbag.py:545} INFO - Filling up the DagBag from /opt/airflow/dags/feature_store.py
[2025-11-28T20:04:27.736+0000] {logging_mixin.py:188} WARNING - /opt/airflow/dags/feature_store.py:64 RemovedInAirflow3Warning: Param `schedule_interval` is deprecated and will be removed in a future release. Please use `schedule` instead.
[2025-11-28T20:04:27.744+0000] {processor.py:840} INFO - DAG(s) 'feature_store_cre' retrieved from /opt/airflow/dags/feature_store.py
[2025-11-28T20:04:27.770+0000] {logging_mixin.py:188} INFO - [2025-11-28T20:04:27.770+0000] {dag.py:3096} INFO - Sync 1 DAGs
[2025-11-28T20:04:27.788+0000] {logging_mixin.py:188} INFO - [2025-11-28T20:04:27.788+0000] {dag.py:3954} INFO - Setting next_dagrun for feature_store_cre to 2025-11-27 00:00:00+00:00, run_after=2025-11-28 00:00:00+00:00
[2025-11-28T20:04:27.895+0000] {processor.py:183} INFO - Processing /opt/airflow/dags/feature_store.py took 1.836 seconds
[2025-11-28T20:40:55.675+0000] {processor.py:161} INFO - Started process (PID=178) to work on /opt/airflow/dags/feature_store.py
[2025-11-28T20:40:55.677+0000] {processor.py:830} INFO - Processing file /opt/airflow/dags/feature_store.py for tasks to queue
[2025-11-28T20:40:55.678+0000] {logging_mixin.py:188} INFO - [2025-11-28T20:40:55.678+0000] {dagbag.py:545} INFO - Filling up the DagBag from /opt/airflow/dags/feature_store.py
[2025-11-28T20:40:58.584+0000] {logging_mixin.py:188} WARNING - /opt/airflow/dags/feature_store.py:64 RemovedInAirflow3Warning: Param `schedule_interval` is deprecated and will be removed in a future release. Please use `schedule` instead.
[2025-11-28T20:40:58.596+0000] {processor.py:840} INFO - DAG(s) 'feature_store_cre' retrieved from /opt/airflow/dags/feature_store.py
[2025-11-28T20:40:58.899+0000] {logging_mixin.py:188} INFO - [2025-11-28T20:40:58.898+0000] {dag.py:3096} INFO - Sync 1 DAGs
[2025-11-28T20:40:58.920+0000] {logging_mixin.py:188} INFO - [2025-11-28T20:40:58.920+0000] {dag.py:3954} INFO - Setting next_dagrun for feature_store_cre to 2025-11-27 00:00:00+00:00, run_after=2025-11-28 00:00:00+00:00
[2025-11-28T20:40:58.941+0000] {processor.py:183} INFO - Processing /opt/airflow/dags/feature_store.py took 3.270 seconds
