[2025-11-28T11:35:36.314+0000] {processor.py:161} INFO - Started process (PID=188) to work on /opt/airflow/dags/predicao.py
[2025-11-28T11:35:36.315+0000] {processor.py:830} INFO - Processing file /opt/airflow/dags/predicao.py for tasks to queue
[2025-11-28T11:35:36.317+0000] {logging_mixin.py:188} INFO - [2025-11-28T11:35:36.316+0000] {dagbag.py:545} INFO - Filling up the DagBag from /opt/airflow/dags/predicao.py
[2025-11-28T11:35:40.837+0000] {logging_mixin.py:188} WARNING - /opt/airflow/dags/predicao.py:34 RemovedInAirflow3Warning: Function `days_ago` is deprecated and will be removed in Airflow 3.0. You can achieve equivalent behavior with `pendulum.today('UTC').add(days=-N, ...)`
[2025-11-28T11:35:40.839+0000] {logging_mixin.py:188} WARNING - /opt/airflow/dags/predicao.py:29 RemovedInAirflow3Warning: Param `schedule_interval` is deprecated and will be removed in a future release. Please use `schedule` instead.
[2025-11-28T11:35:40.861+0000] {processor.py:840} INFO - DAG(s) 'ml_prediction_pipeline' retrieved from /opt/airflow/dags/predicao.py
[2025-11-28T11:35:41.143+0000] {logging_mixin.py:188} INFO - [2025-11-28T11:35:41.143+0000] {override.py:1829} INFO - Created Permission View: can edit on DAG:ml_prediction_pipeline
[2025-11-28T11:35:41.158+0000] {logging_mixin.py:188} INFO - [2025-11-28T11:35:41.157+0000] {override.py:1829} INFO - Created Permission View: can delete on DAG:ml_prediction_pipeline
[2025-11-28T11:35:41.169+0000] {logging_mixin.py:188} INFO - [2025-11-28T11:35:41.168+0000] {override.py:1829} INFO - Created Permission View: can read on DAG:ml_prediction_pipeline
[2025-11-28T11:35:41.170+0000] {logging_mixin.py:188} INFO - [2025-11-28T11:35:41.169+0000] {dag.py:3096} INFO - Sync 1 DAGs
[2025-11-28T11:35:41.184+0000] {logging_mixin.py:188} INFO - [2025-11-28T11:35:41.183+0000] {dag.py:3118} INFO - Creating ORM DAG for ml_prediction_pipeline
[2025-11-28T11:35:41.198+0000] {logging_mixin.py:188} INFO - [2025-11-28T11:35:41.198+0000] {dag.py:3954} INFO - Setting next_dagrun for ml_prediction_pipeline to 2025-11-27 00:00:00+00:00, run_after=2025-11-28 00:00:00+00:00
[2025-11-28T11:35:41.232+0000] {processor.py:183} INFO - Processing /opt/airflow/dags/predicao.py took 4.926 seconds
[2025-11-28T11:36:11.286+0000] {processor.py:161} INFO - Started process (PID=239) to work on /opt/airflow/dags/predicao.py
[2025-11-28T11:36:11.288+0000] {processor.py:830} INFO - Processing file /opt/airflow/dags/predicao.py for tasks to queue
[2025-11-28T11:36:11.291+0000] {logging_mixin.py:188} INFO - [2025-11-28T11:36:11.290+0000] {dagbag.py:545} INFO - Filling up the DagBag from /opt/airflow/dags/predicao.py
[2025-11-28T11:36:14.909+0000] {logging_mixin.py:188} WARNING - /opt/airflow/dags/predicao.py:34 RemovedInAirflow3Warning: Function `days_ago` is deprecated and will be removed in Airflow 3.0. You can achieve equivalent behavior with `pendulum.today('UTC').add(days=-N, ...)`
[2025-11-28T11:36:14.911+0000] {logging_mixin.py:188} WARNING - /opt/airflow/dags/predicao.py:29 RemovedInAirflow3Warning: Param `schedule_interval` is deprecated and will be removed in a future release. Please use `schedule` instead.
[2025-11-28T11:36:14.918+0000] {processor.py:840} INFO - DAG(s) 'ml_prediction_pipeline' retrieved from /opt/airflow/dags/predicao.py
[2025-11-28T11:36:14.951+0000] {logging_mixin.py:188} INFO - [2025-11-28T11:36:14.951+0000] {dag.py:3096} INFO - Sync 1 DAGs
[2025-11-28T11:36:14.979+0000] {logging_mixin.py:188} INFO - [2025-11-28T11:36:14.979+0000] {dag.py:3954} INFO - Setting next_dagrun for ml_prediction_pipeline to 2025-11-27 00:00:00+00:00, run_after=2025-11-28 00:00:00+00:00
[2025-11-28T11:36:15.004+0000] {processor.py:183} INFO - Processing /opt/airflow/dags/predicao.py took 3.725 seconds
[2025-11-28T11:36:45.150+0000] {processor.py:161} INFO - Started process (PID=361) to work on /opt/airflow/dags/predicao.py
[2025-11-28T11:36:45.153+0000] {processor.py:830} INFO - Processing file /opt/airflow/dags/predicao.py for tasks to queue
[2025-11-28T11:36:45.157+0000] {logging_mixin.py:188} INFO - [2025-11-28T11:36:45.156+0000] {dagbag.py:545} INFO - Filling up the DagBag from /opt/airflow/dags/predicao.py
[2025-11-28T11:36:48.856+0000] {logging_mixin.py:188} WARNING - /opt/airflow/dags/predicao.py:34 RemovedInAirflow3Warning: Function `days_ago` is deprecated and will be removed in Airflow 3.0. You can achieve equivalent behavior with `pendulum.today('UTC').add(days=-N, ...)`
[2025-11-28T11:36:48.861+0000] {logging_mixin.py:188} WARNING - /opt/airflow/dags/predicao.py:29 RemovedInAirflow3Warning: Param `schedule_interval` is deprecated and will be removed in a future release. Please use `schedule` instead.
[2025-11-28T11:36:48.868+0000] {processor.py:840} INFO - DAG(s) 'ml_prediction_pipeline' retrieved from /opt/airflow/dags/predicao.py
[2025-11-28T11:36:48.899+0000] {logging_mixin.py:188} INFO - [2025-11-28T11:36:48.898+0000] {dag.py:3096} INFO - Sync 1 DAGs
[2025-11-28T11:36:48.922+0000] {logging_mixin.py:188} INFO - [2025-11-28T11:36:48.922+0000] {dag.py:3954} INFO - Setting next_dagrun for ml_prediction_pipeline to 2025-11-27 00:00:00+00:00, run_after=2025-11-28 00:00:00+00:00
[2025-11-28T11:36:48.958+0000] {processor.py:183} INFO - Processing /opt/airflow/dags/predicao.py took 3.820 seconds
[2025-11-28T11:37:19.435+0000] {processor.py:161} INFO - Started process (PID=563) to work on /opt/airflow/dags/predicao.py
[2025-11-28T11:37:19.440+0000] {processor.py:830} INFO - Processing file /opt/airflow/dags/predicao.py for tasks to queue
[2025-11-28T11:37:19.442+0000] {logging_mixin.py:188} INFO - [2025-11-28T11:37:19.442+0000] {dagbag.py:545} INFO - Filling up the DagBag from /opt/airflow/dags/predicao.py
[2025-11-28T11:37:22.409+0000] {logging_mixin.py:188} WARNING - /opt/airflow/dags/predicao.py:34 RemovedInAirflow3Warning: Function `days_ago` is deprecated and will be removed in Airflow 3.0. You can achieve equivalent behavior with `pendulum.today('UTC').add(days=-N, ...)`
[2025-11-28T11:37:22.412+0000] {logging_mixin.py:188} WARNING - /opt/airflow/dags/predicao.py:29 RemovedInAirflow3Warning: Param `schedule_interval` is deprecated and will be removed in a future release. Please use `schedule` instead.
[2025-11-28T11:37:22.417+0000] {processor.py:840} INFO - DAG(s) 'ml_prediction_pipeline' retrieved from /opt/airflow/dags/predicao.py
[2025-11-28T11:37:22.437+0000] {logging_mixin.py:188} INFO - [2025-11-28T11:37:22.436+0000] {dag.py:3096} INFO - Sync 1 DAGs
[2025-11-28T11:37:22.455+0000] {logging_mixin.py:188} INFO - [2025-11-28T11:37:22.455+0000] {dag.py:3954} INFO - Setting next_dagrun for ml_prediction_pipeline to 2025-11-27 00:00:00+00:00, run_after=2025-11-28 00:00:00+00:00
[2025-11-28T11:37:22.472+0000] {processor.py:183} INFO - Processing /opt/airflow/dags/predicao.py took 3.043 seconds
[2025-11-28T11:37:52.592+0000] {processor.py:161} INFO - Started process (PID=644) to work on /opt/airflow/dags/predicao.py
[2025-11-28T11:37:52.594+0000] {processor.py:830} INFO - Processing file /opt/airflow/dags/predicao.py for tasks to queue
[2025-11-28T11:37:52.596+0000] {logging_mixin.py:188} INFO - [2025-11-28T11:37:52.595+0000] {dagbag.py:545} INFO - Filling up the DagBag from /opt/airflow/dags/predicao.py
[2025-11-28T11:37:59.496+0000] {logging_mixin.py:188} WARNING - /opt/airflow/dags/predicao.py:34 RemovedInAirflow3Warning: Function `days_ago` is deprecated and will be removed in Airflow 3.0. You can achieve equivalent behavior with `pendulum.today('UTC').add(days=-N, ...)`
[2025-11-28T11:37:59.501+0000] {logging_mixin.py:188} WARNING - /opt/airflow/dags/predicao.py:29 RemovedInAirflow3Warning: Param `schedule_interval` is deprecated and will be removed in a future release. Please use `schedule` instead.
[2025-11-28T11:37:59.517+0000] {processor.py:840} INFO - DAG(s) 'ml_prediction_pipeline' retrieved from /opt/airflow/dags/predicao.py
[2025-11-28T11:37:59.595+0000] {logging_mixin.py:188} INFO - [2025-11-28T11:37:59.594+0000] {dag.py:3096} INFO - Sync 1 DAGs
[2025-11-28T11:37:59.653+0000] {logging_mixin.py:188} INFO - [2025-11-28T11:37:59.652+0000] {dag.py:3954} INFO - Setting next_dagrun for ml_prediction_pipeline to 2025-11-28 00:00:00+00:00, run_after=2025-11-29 00:00:00+00:00
[2025-11-28T11:37:59.689+0000] {processor.py:183} INFO - Processing /opt/airflow/dags/predicao.py took 5.394 seconds
[2025-11-28T11:38:30.029+0000] {processor.py:161} INFO - Started process (PID=866) to work on /opt/airflow/dags/predicao.py
[2025-11-28T11:38:30.031+0000] {processor.py:830} INFO - Processing file /opt/airflow/dags/predicao.py for tasks to queue
[2025-11-28T11:38:30.034+0000] {logging_mixin.py:188} INFO - [2025-11-28T11:38:30.034+0000] {dagbag.py:545} INFO - Filling up the DagBag from /opt/airflow/dags/predicao.py
[2025-11-28T11:38:35.800+0000] {logging_mixin.py:188} WARNING - /opt/airflow/dags/predicao.py:34 RemovedInAirflow3Warning: Function `days_ago` is deprecated and will be removed in Airflow 3.0. You can achieve equivalent behavior with `pendulum.today('UTC').add(days=-N, ...)`
[2025-11-28T11:38:35.801+0000] {logging_mixin.py:188} WARNING - /opt/airflow/dags/predicao.py:29 RemovedInAirflow3Warning: Param `schedule_interval` is deprecated and will be removed in a future release. Please use `schedule` instead.
[2025-11-28T11:38:35.817+0000] {processor.py:840} INFO - DAG(s) 'ml_prediction_pipeline' retrieved from /opt/airflow/dags/predicao.py
[2025-11-28T11:38:35.870+0000] {logging_mixin.py:188} INFO - [2025-11-28T11:38:35.869+0000] {dag.py:3096} INFO - Sync 1 DAGs
[2025-11-28T11:38:35.907+0000] {logging_mixin.py:188} INFO - [2025-11-28T11:38:35.907+0000] {dag.py:3954} INFO - Setting next_dagrun for ml_prediction_pipeline to 2025-11-28 00:00:00+00:00, run_after=2025-11-29 00:00:00+00:00
[2025-11-28T11:38:35.938+0000] {processor.py:183} INFO - Processing /opt/airflow/dags/predicao.py took 5.926 seconds
[2025-11-28T11:39:06.115+0000] {processor.py:161} INFO - Started process (PID=918) to work on /opt/airflow/dags/predicao.py
[2025-11-28T11:39:06.118+0000] {processor.py:830} INFO - Processing file /opt/airflow/dags/predicao.py for tasks to queue
[2025-11-28T11:39:06.120+0000] {logging_mixin.py:188} INFO - [2025-11-28T11:39:06.120+0000] {dagbag.py:545} INFO - Filling up the DagBag from /opt/airflow/dags/predicao.py
[2025-11-28T11:39:08.506+0000] {logging_mixin.py:188} WARNING - /opt/airflow/dags/predicao.py:34 RemovedInAirflow3Warning: Function `days_ago` is deprecated and will be removed in Airflow 3.0. You can achieve equivalent behavior with `pendulum.today('UTC').add(days=-N, ...)`
[2025-11-28T11:39:08.507+0000] {logging_mixin.py:188} WARNING - /opt/airflow/dags/predicao.py:29 RemovedInAirflow3Warning: Param `schedule_interval` is deprecated and will be removed in a future release. Please use `schedule` instead.
[2025-11-28T11:39:08.513+0000] {processor.py:840} INFO - DAG(s) 'ml_prediction_pipeline' retrieved from /opt/airflow/dags/predicao.py
[2025-11-28T11:39:08.540+0000] {logging_mixin.py:188} INFO - [2025-11-28T11:39:08.539+0000] {dag.py:3096} INFO - Sync 1 DAGs
[2025-11-28T11:39:08.561+0000] {logging_mixin.py:188} INFO - [2025-11-28T11:39:08.561+0000] {dag.py:3954} INFO - Setting next_dagrun for ml_prediction_pipeline to 2025-11-28 00:00:00+00:00, run_after=2025-11-29 00:00:00+00:00
[2025-11-28T11:39:08.583+0000] {processor.py:183} INFO - Processing /opt/airflow/dags/predicao.py took 2.473 seconds
[2025-11-28T11:39:39.105+0000] {processor.py:161} INFO - Started process (PID=962) to work on /opt/airflow/dags/predicao.py
[2025-11-28T11:39:39.109+0000] {processor.py:830} INFO - Processing file /opt/airflow/dags/predicao.py for tasks to queue
[2025-11-28T11:39:39.110+0000] {logging_mixin.py:188} INFO - [2025-11-28T11:39:39.110+0000] {dagbag.py:545} INFO - Filling up the DagBag from /opt/airflow/dags/predicao.py
[2025-11-28T11:39:41.661+0000] {logging_mixin.py:188} WARNING - /opt/airflow/dags/predicao.py:34 RemovedInAirflow3Warning: Function `days_ago` is deprecated and will be removed in Airflow 3.0. You can achieve equivalent behavior with `pendulum.today('UTC').add(days=-N, ...)`
[2025-11-28T11:39:41.662+0000] {logging_mixin.py:188} WARNING - /opt/airflow/dags/predicao.py:29 RemovedInAirflow3Warning: Param `schedule_interval` is deprecated and will be removed in a future release. Please use `schedule` instead.
[2025-11-28T11:39:41.667+0000] {processor.py:840} INFO - DAG(s) 'ml_prediction_pipeline' retrieved from /opt/airflow/dags/predicao.py
[2025-11-28T11:39:41.691+0000] {logging_mixin.py:188} INFO - [2025-11-28T11:39:41.691+0000] {dag.py:3096} INFO - Sync 1 DAGs
[2025-11-28T11:39:41.721+0000] {logging_mixin.py:188} INFO - [2025-11-28T11:39:41.720+0000] {dag.py:3954} INFO - Setting next_dagrun for ml_prediction_pipeline to 2025-11-28 00:00:00+00:00, run_after=2025-11-29 00:00:00+00:00
[2025-11-28T11:39:41.748+0000] {processor.py:183} INFO - Processing /opt/airflow/dags/predicao.py took 2.647 seconds
[2025-11-28T11:40:11.872+0000] {processor.py:161} INFO - Started process (PID=1008) to work on /opt/airflow/dags/predicao.py
[2025-11-28T11:40:11.875+0000] {processor.py:830} INFO - Processing file /opt/airflow/dags/predicao.py for tasks to queue
[2025-11-28T11:40:11.877+0000] {logging_mixin.py:188} INFO - [2025-11-28T11:40:11.877+0000] {dagbag.py:545} INFO - Filling up the DagBag from /opt/airflow/dags/predicao.py
[2025-11-28T11:40:13.929+0000] {logging_mixin.py:188} WARNING - /opt/airflow/dags/predicao.py:34 RemovedInAirflow3Warning: Function `days_ago` is deprecated and will be removed in Airflow 3.0. You can achieve equivalent behavior with `pendulum.today('UTC').add(days=-N, ...)`
[2025-11-28T11:40:13.930+0000] {logging_mixin.py:188} WARNING - /opt/airflow/dags/predicao.py:29 RemovedInAirflow3Warning: Param `schedule_interval` is deprecated and will be removed in a future release. Please use `schedule` instead.
[2025-11-28T11:40:13.935+0000] {processor.py:840} INFO - DAG(s) 'ml_prediction_pipeline' retrieved from /opt/airflow/dags/predicao.py
[2025-11-28T11:40:13.965+0000] {logging_mixin.py:188} INFO - [2025-11-28T11:40:13.964+0000] {dag.py:3096} INFO - Sync 1 DAGs
[2025-11-28T11:40:13.990+0000] {logging_mixin.py:188} INFO - [2025-11-28T11:40:13.990+0000] {dag.py:3954} INFO - Setting next_dagrun for ml_prediction_pipeline to 2025-11-28 00:00:00+00:00, run_after=2025-11-29 00:00:00+00:00
[2025-11-28T11:40:14.017+0000] {processor.py:183} INFO - Processing /opt/airflow/dags/predicao.py took 2.149 seconds
[2025-11-28T11:40:44.390+0000] {processor.py:161} INFO - Started process (PID=1053) to work on /opt/airflow/dags/predicao.py
[2025-11-28T11:40:44.394+0000] {processor.py:830} INFO - Processing file /opt/airflow/dags/predicao.py for tasks to queue
[2025-11-28T11:40:44.396+0000] {logging_mixin.py:188} INFO - [2025-11-28T11:40:44.396+0000] {dagbag.py:545} INFO - Filling up the DagBag from /opt/airflow/dags/predicao.py
[2025-11-28T11:40:48.014+0000] {logging_mixin.py:188} WARNING - /opt/airflow/dags/predicao.py:34 RemovedInAirflow3Warning: Function `days_ago` is deprecated and will be removed in Airflow 3.0. You can achieve equivalent behavior with `pendulum.today('UTC').add(days=-N, ...)`
[2025-11-28T11:40:48.015+0000] {logging_mixin.py:188} WARNING - /opt/airflow/dags/predicao.py:29 RemovedInAirflow3Warning: Param `schedule_interval` is deprecated and will be removed in a future release. Please use `schedule` instead.
[2025-11-28T11:40:48.021+0000] {processor.py:840} INFO - DAG(s) 'ml_prediction_pipeline' retrieved from /opt/airflow/dags/predicao.py
[2025-11-28T11:40:48.050+0000] {logging_mixin.py:188} INFO - [2025-11-28T11:40:48.049+0000] {dag.py:3096} INFO - Sync 1 DAGs
[2025-11-28T11:40:48.072+0000] {logging_mixin.py:188} INFO - [2025-11-28T11:40:48.072+0000] {dag.py:3954} INFO - Setting next_dagrun for ml_prediction_pipeline to 2025-11-28 00:00:00+00:00, run_after=2025-11-29 00:00:00+00:00
[2025-11-28T11:40:48.096+0000] {processor.py:183} INFO - Processing /opt/airflow/dags/predicao.py took 3.720 seconds
[2025-11-28T11:41:18.192+0000] {processor.py:161} INFO - Started process (PID=1099) to work on /opt/airflow/dags/predicao.py
[2025-11-28T11:41:18.194+0000] {processor.py:830} INFO - Processing file /opt/airflow/dags/predicao.py for tasks to queue
[2025-11-28T11:41:18.195+0000] {logging_mixin.py:188} INFO - [2025-11-28T11:41:18.195+0000] {dagbag.py:545} INFO - Filling up the DagBag from /opt/airflow/dags/predicao.py
[2025-11-28T11:41:19.946+0000] {logging_mixin.py:188} WARNING - /opt/airflow/dags/predicao.py:34 RemovedInAirflow3Warning: Function `days_ago` is deprecated and will be removed in Airflow 3.0. You can achieve equivalent behavior with `pendulum.today('UTC').add(days=-N, ...)`
[2025-11-28T11:41:19.947+0000] {logging_mixin.py:188} WARNING - /opt/airflow/dags/predicao.py:29 RemovedInAirflow3Warning: Param `schedule_interval` is deprecated and will be removed in a future release. Please use `schedule` instead.
[2025-11-28T11:41:19.950+0000] {processor.py:840} INFO - DAG(s) 'ml_prediction_pipeline' retrieved from /opt/airflow/dags/predicao.py
[2025-11-28T11:41:19.966+0000] {logging_mixin.py:188} INFO - [2025-11-28T11:41:19.966+0000] {dag.py:3096} INFO - Sync 1 DAGs
[2025-11-28T11:41:19.979+0000] {logging_mixin.py:188} INFO - [2025-11-28T11:41:19.978+0000] {dag.py:3954} INFO - Setting next_dagrun for ml_prediction_pipeline to 2025-11-28 00:00:00+00:00, run_after=2025-11-29 00:00:00+00:00
[2025-11-28T11:41:19.991+0000] {processor.py:183} INFO - Processing /opt/airflow/dags/predicao.py took 1.803 seconds
[2025-11-28T11:41:50.048+0000] {processor.py:161} INFO - Started process (PID=1148) to work on /opt/airflow/dags/predicao.py
[2025-11-28T11:41:50.050+0000] {processor.py:830} INFO - Processing file /opt/airflow/dags/predicao.py for tasks to queue
[2025-11-28T11:41:50.051+0000] {logging_mixin.py:188} INFO - [2025-11-28T11:41:50.051+0000] {dagbag.py:545} INFO - Filling up the DagBag from /opt/airflow/dags/predicao.py
[2025-11-28T11:41:51.746+0000] {logging_mixin.py:188} WARNING - /opt/airflow/dags/predicao.py:34 RemovedInAirflow3Warning: Function `days_ago` is deprecated and will be removed in Airflow 3.0. You can achieve equivalent behavior with `pendulum.today('UTC').add(days=-N, ...)`
[2025-11-28T11:41:51.747+0000] {logging_mixin.py:188} WARNING - /opt/airflow/dags/predicao.py:29 RemovedInAirflow3Warning: Param `schedule_interval` is deprecated and will be removed in a future release. Please use `schedule` instead.
[2025-11-28T11:41:51.750+0000] {processor.py:840} INFO - DAG(s) 'ml_prediction_pipeline' retrieved from /opt/airflow/dags/predicao.py
[2025-11-28T11:41:51.764+0000] {logging_mixin.py:188} INFO - [2025-11-28T11:41:51.764+0000] {dag.py:3096} INFO - Sync 1 DAGs
[2025-11-28T11:41:51.776+0000] {logging_mixin.py:188} INFO - [2025-11-28T11:41:51.776+0000] {dag.py:3954} INFO - Setting next_dagrun for ml_prediction_pipeline to 2025-11-28 00:00:00+00:00, run_after=2025-11-29 00:00:00+00:00
[2025-11-28T11:41:51.787+0000] {processor.py:183} INFO - Processing /opt/airflow/dags/predicao.py took 1.743 seconds
[2025-11-28T11:42:22.299+0000] {processor.py:161} INFO - Started process (PID=1193) to work on /opt/airflow/dags/predicao.py
[2025-11-28T11:42:22.302+0000] {processor.py:830} INFO - Processing file /opt/airflow/dags/predicao.py for tasks to queue
[2025-11-28T11:42:22.304+0000] {logging_mixin.py:188} INFO - [2025-11-28T11:42:22.304+0000] {dagbag.py:545} INFO - Filling up the DagBag from /opt/airflow/dags/predicao.py
[2025-11-28T11:42:24.069+0000] {logging_mixin.py:188} WARNING - /opt/airflow/dags/predicao.py:34 RemovedInAirflow3Warning: Function `days_ago` is deprecated and will be removed in Airflow 3.0. You can achieve equivalent behavior with `pendulum.today('UTC').add(days=-N, ...)`
[2025-11-28T11:42:24.070+0000] {logging_mixin.py:188} WARNING - /opt/airflow/dags/predicao.py:29 RemovedInAirflow3Warning: Param `schedule_interval` is deprecated and will be removed in a future release. Please use `schedule` instead.
[2025-11-28T11:42:24.073+0000] {processor.py:840} INFO - DAG(s) 'ml_prediction_pipeline' retrieved from /opt/airflow/dags/predicao.py
[2025-11-28T11:42:24.096+0000] {logging_mixin.py:188} INFO - [2025-11-28T11:42:24.095+0000] {dag.py:3096} INFO - Sync 1 DAGs
[2025-11-28T11:42:24.115+0000] {logging_mixin.py:188} INFO - [2025-11-28T11:42:24.115+0000] {dag.py:3954} INFO - Setting next_dagrun for ml_prediction_pipeline to 2025-11-28 00:00:00+00:00, run_after=2025-11-29 00:00:00+00:00
[2025-11-28T11:42:24.136+0000] {processor.py:183} INFO - Processing /opt/airflow/dags/predicao.py took 1.841 seconds
[2025-11-28T11:42:54.795+0000] {processor.py:161} INFO - Started process (PID=1238) to work on /opt/airflow/dags/predicao.py
[2025-11-28T11:42:54.799+0000] {processor.py:830} INFO - Processing file /opt/airflow/dags/predicao.py for tasks to queue
[2025-11-28T11:42:54.801+0000] {logging_mixin.py:188} INFO - [2025-11-28T11:42:54.801+0000] {dagbag.py:545} INFO - Filling up the DagBag from /opt/airflow/dags/predicao.py
[2025-11-28T11:42:56.841+0000] {logging_mixin.py:188} WARNING - /opt/airflow/dags/predicao.py:34 RemovedInAirflow3Warning: Function `days_ago` is deprecated and will be removed in Airflow 3.0. You can achieve equivalent behavior with `pendulum.today('UTC').add(days=-N, ...)`
[2025-11-28T11:42:56.842+0000] {logging_mixin.py:188} WARNING - /opt/airflow/dags/predicao.py:29 RemovedInAirflow3Warning: Param `schedule_interval` is deprecated and will be removed in a future release. Please use `schedule` instead.
[2025-11-28T11:42:56.845+0000] {processor.py:840} INFO - DAG(s) 'ml_prediction_pipeline' retrieved from /opt/airflow/dags/predicao.py
[2025-11-28T11:42:56.863+0000] {logging_mixin.py:188} INFO - [2025-11-28T11:42:56.863+0000] {dag.py:3096} INFO - Sync 1 DAGs
[2025-11-28T11:42:56.878+0000] {logging_mixin.py:188} INFO - [2025-11-28T11:42:56.877+0000] {dag.py:3954} INFO - Setting next_dagrun for ml_prediction_pipeline to 2025-11-28 00:00:00+00:00, run_after=2025-11-29 00:00:00+00:00
[2025-11-28T11:42:56.891+0000] {processor.py:183} INFO - Processing /opt/airflow/dags/predicao.py took 2.103 seconds
[2025-11-28T11:43:27.189+0000] {processor.py:161} INFO - Started process (PID=1290) to work on /opt/airflow/dags/predicao.py
[2025-11-28T11:43:27.192+0000] {processor.py:830} INFO - Processing file /opt/airflow/dags/predicao.py for tasks to queue
[2025-11-28T11:43:27.194+0000] {logging_mixin.py:188} INFO - [2025-11-28T11:43:27.194+0000] {dagbag.py:545} INFO - Filling up the DagBag from /opt/airflow/dags/predicao.py
[2025-11-28T11:43:29.721+0000] {logging_mixin.py:188} WARNING - /opt/airflow/dags/predicao.py:34 RemovedInAirflow3Warning: Function `days_ago` is deprecated and will be removed in Airflow 3.0. You can achieve equivalent behavior with `pendulum.today('UTC').add(days=-N, ...)`
[2025-11-28T11:43:29.722+0000] {logging_mixin.py:188} WARNING - /opt/airflow/dags/predicao.py:29 RemovedInAirflow3Warning: Param `schedule_interval` is deprecated and will be removed in a future release. Please use `schedule` instead.
[2025-11-28T11:43:29.726+0000] {processor.py:840} INFO - DAG(s) 'ml_prediction_pipeline' retrieved from /opt/airflow/dags/predicao.py
[2025-11-28T11:43:29.747+0000] {logging_mixin.py:188} INFO - [2025-11-28T11:43:29.747+0000] {dag.py:3096} INFO - Sync 1 DAGs
[2025-11-28T11:43:29.765+0000] {logging_mixin.py:188} INFO - [2025-11-28T11:43:29.764+0000] {dag.py:3954} INFO - Setting next_dagrun for ml_prediction_pipeline to 2025-11-28 00:00:00+00:00, run_after=2025-11-29 00:00:00+00:00
[2025-11-28T11:43:29.784+0000] {processor.py:183} INFO - Processing /opt/airflow/dags/predicao.py took 2.602 seconds
[2025-11-28T11:44:00.182+0000] {processor.py:161} INFO - Started process (PID=1337) to work on /opt/airflow/dags/predicao.py
[2025-11-28T11:44:00.185+0000] {processor.py:830} INFO - Processing file /opt/airflow/dags/predicao.py for tasks to queue
[2025-11-28T11:44:00.187+0000] {logging_mixin.py:188} INFO - [2025-11-28T11:44:00.186+0000] {dagbag.py:545} INFO - Filling up the DagBag from /opt/airflow/dags/predicao.py
[2025-11-28T11:44:02.556+0000] {logging_mixin.py:188} WARNING - /opt/airflow/dags/predicao.py:34 RemovedInAirflow3Warning: Function `days_ago` is deprecated and will be removed in Airflow 3.0. You can achieve equivalent behavior with `pendulum.today('UTC').add(days=-N, ...)`
[2025-11-28T11:44:02.559+0000] {logging_mixin.py:188} WARNING - /opt/airflow/dags/predicao.py:29 RemovedInAirflow3Warning: Param `schedule_interval` is deprecated and will be removed in a future release. Please use `schedule` instead.
[2025-11-28T11:44:02.563+0000] {processor.py:840} INFO - DAG(s) 'ml_prediction_pipeline' retrieved from /opt/airflow/dags/predicao.py
[2025-11-28T11:44:02.584+0000] {logging_mixin.py:188} INFO - [2025-11-28T11:44:02.584+0000] {dag.py:3096} INFO - Sync 1 DAGs
[2025-11-28T11:44:02.602+0000] {logging_mixin.py:188} INFO - [2025-11-28T11:44:02.601+0000] {dag.py:3954} INFO - Setting next_dagrun for ml_prediction_pipeline to 2025-11-28 00:00:00+00:00, run_after=2025-11-29 00:00:00+00:00
[2025-11-28T11:44:02.619+0000] {processor.py:183} INFO - Processing /opt/airflow/dags/predicao.py took 2.442 seconds
[2025-11-28T11:44:32.896+0000] {processor.py:161} INFO - Started process (PID=1382) to work on /opt/airflow/dags/predicao.py
[2025-11-28T11:44:32.899+0000] {processor.py:830} INFO - Processing file /opt/airflow/dags/predicao.py for tasks to queue
[2025-11-28T11:44:32.901+0000] {logging_mixin.py:188} INFO - [2025-11-28T11:44:32.901+0000] {dagbag.py:545} INFO - Filling up the DagBag from /opt/airflow/dags/predicao.py
[2025-11-28T11:44:35.889+0000] {logging_mixin.py:188} WARNING - /opt/airflow/dags/predicao.py:34 RemovedInAirflow3Warning: Function `days_ago` is deprecated and will be removed in Airflow 3.0. You can achieve equivalent behavior with `pendulum.today('UTC').add(days=-N, ...)`
[2025-11-28T11:44:35.893+0000] {logging_mixin.py:188} WARNING - /opt/airflow/dags/predicao.py:29 RemovedInAirflow3Warning: Param `schedule_interval` is deprecated and will be removed in a future release. Please use `schedule` instead.
[2025-11-28T11:44:35.900+0000] {processor.py:840} INFO - DAG(s) 'ml_prediction_pipeline' retrieved from /opt/airflow/dags/predicao.py
[2025-11-28T11:44:35.940+0000] {logging_mixin.py:188} INFO - [2025-11-28T11:44:35.939+0000] {dag.py:3096} INFO - Sync 1 DAGs
[2025-11-28T11:44:35.970+0000] {logging_mixin.py:188} INFO - [2025-11-28T11:44:35.970+0000] {dag.py:3954} INFO - Setting next_dagrun for ml_prediction_pipeline to 2025-11-28 00:00:00+00:00, run_after=2025-11-29 00:00:00+00:00
[2025-11-28T11:44:35.997+0000] {processor.py:183} INFO - Processing /opt/airflow/dags/predicao.py took 3.105 seconds
[2025-11-28T11:45:06.224+0000] {processor.py:161} INFO - Started process (PID=1427) to work on /opt/airflow/dags/predicao.py
[2025-11-28T11:45:06.228+0000] {processor.py:830} INFO - Processing file /opt/airflow/dags/predicao.py for tasks to queue
[2025-11-28T11:45:06.229+0000] {logging_mixin.py:188} INFO - [2025-11-28T11:45:06.229+0000] {dagbag.py:545} INFO - Filling up the DagBag from /opt/airflow/dags/predicao.py
[2025-11-28T11:45:08.512+0000] {logging_mixin.py:188} WARNING - /opt/airflow/dags/predicao.py:34 RemovedInAirflow3Warning: Function `days_ago` is deprecated and will be removed in Airflow 3.0. You can achieve equivalent behavior with `pendulum.today('UTC').add(days=-N, ...)`
[2025-11-28T11:45:08.513+0000] {logging_mixin.py:188} WARNING - /opt/airflow/dags/predicao.py:29 RemovedInAirflow3Warning: Param `schedule_interval` is deprecated and will be removed in a future release. Please use `schedule` instead.
[2025-11-28T11:45:08.520+0000] {processor.py:840} INFO - DAG(s) 'ml_prediction_pipeline' retrieved from /opt/airflow/dags/predicao.py
[2025-11-28T11:45:08.544+0000] {logging_mixin.py:188} INFO - [2025-11-28T11:45:08.543+0000] {dag.py:3096} INFO - Sync 1 DAGs
[2025-11-28T11:45:08.569+0000] {logging_mixin.py:188} INFO - [2025-11-28T11:45:08.568+0000] {dag.py:3954} INFO - Setting next_dagrun for ml_prediction_pipeline to 2025-11-28 00:00:00+00:00, run_after=2025-11-29 00:00:00+00:00
[2025-11-28T11:45:08.590+0000] {processor.py:183} INFO - Processing /opt/airflow/dags/predicao.py took 2.370 seconds
[2025-11-28T11:45:38.698+0000] {processor.py:161} INFO - Started process (PID=1472) to work on /opt/airflow/dags/predicao.py
[2025-11-28T11:45:38.701+0000] {processor.py:830} INFO - Processing file /opt/airflow/dags/predicao.py for tasks to queue
[2025-11-28T11:45:38.703+0000] {logging_mixin.py:188} INFO - [2025-11-28T11:45:38.703+0000] {dagbag.py:545} INFO - Filling up the DagBag from /opt/airflow/dags/predicao.py
[2025-11-28T11:45:40.930+0000] {logging_mixin.py:188} WARNING - /opt/airflow/dags/predicao.py:34 RemovedInAirflow3Warning: Function `days_ago` is deprecated and will be removed in Airflow 3.0. You can achieve equivalent behavior with `pendulum.today('UTC').add(days=-N, ...)`
[2025-11-28T11:45:40.931+0000] {logging_mixin.py:188} WARNING - /opt/airflow/dags/predicao.py:29 RemovedInAirflow3Warning: Param `schedule_interval` is deprecated and will be removed in a future release. Please use `schedule` instead.
[2025-11-28T11:45:40.937+0000] {processor.py:840} INFO - DAG(s) 'ml_prediction_pipeline' retrieved from /opt/airflow/dags/predicao.py
[2025-11-28T11:45:40.963+0000] {logging_mixin.py:188} INFO - [2025-11-28T11:45:40.962+0000] {dag.py:3096} INFO - Sync 1 DAGs
[2025-11-28T11:45:40.988+0000] {logging_mixin.py:188} INFO - [2025-11-28T11:45:40.987+0000] {dag.py:3954} INFO - Setting next_dagrun for ml_prediction_pipeline to 2025-11-28 00:00:00+00:00, run_after=2025-11-29 00:00:00+00:00
[2025-11-28T11:45:41.012+0000] {processor.py:183} INFO - Processing /opt/airflow/dags/predicao.py took 2.319 seconds
[2025-11-28T11:46:11.883+0000] {processor.py:161} INFO - Started process (PID=1517) to work on /opt/airflow/dags/predicao.py
[2025-11-28T11:46:11.885+0000] {processor.py:830} INFO - Processing file /opt/airflow/dags/predicao.py for tasks to queue
[2025-11-28T11:46:11.886+0000] {logging_mixin.py:188} INFO - [2025-11-28T11:46:11.886+0000] {dagbag.py:545} INFO - Filling up the DagBag from /opt/airflow/dags/predicao.py
[2025-11-28T11:46:16.676+0000] {logging_mixin.py:188} WARNING - /opt/airflow/dags/predicao.py:34 RemovedInAirflow3Warning: Function `days_ago` is deprecated and will be removed in Airflow 3.0. You can achieve equivalent behavior with `pendulum.today('UTC').add(days=-N, ...)`
[2025-11-28T11:46:16.679+0000] {logging_mixin.py:188} WARNING - /opt/airflow/dags/predicao.py:29 RemovedInAirflow3Warning: Param `schedule_interval` is deprecated and will be removed in a future release. Please use `schedule` instead.
[2025-11-28T11:46:16.687+0000] {processor.py:840} INFO - DAG(s) 'ml_prediction_pipeline' retrieved from /opt/airflow/dags/predicao.py
[2025-11-28T11:46:16.738+0000] {logging_mixin.py:188} INFO - [2025-11-28T11:46:16.737+0000] {dag.py:3096} INFO - Sync 1 DAGs
[2025-11-28T11:46:16.781+0000] {logging_mixin.py:188} INFO - [2025-11-28T11:46:16.780+0000] {dag.py:3954} INFO - Setting next_dagrun for ml_prediction_pipeline to 2025-11-28 00:00:00+00:00, run_after=2025-11-29 00:00:00+00:00
[2025-11-28T11:46:16.815+0000] {processor.py:183} INFO - Processing /opt/airflow/dags/predicao.py took 4.939 seconds
[2025-11-28T11:46:47.112+0000] {processor.py:161} INFO - Started process (PID=1568) to work on /opt/airflow/dags/predicao.py
[2025-11-28T11:46:47.114+0000] {processor.py:830} INFO - Processing file /opt/airflow/dags/predicao.py for tasks to queue
[2025-11-28T11:46:47.115+0000] {logging_mixin.py:188} INFO - [2025-11-28T11:46:47.115+0000] {dagbag.py:545} INFO - Filling up the DagBag from /opt/airflow/dags/predicao.py
[2025-11-28T11:46:49.586+0000] {logging_mixin.py:188} WARNING - /opt/airflow/dags/predicao.py:34 RemovedInAirflow3Warning: Function `days_ago` is deprecated and will be removed in Airflow 3.0. You can achieve equivalent behavior with `pendulum.today('UTC').add(days=-N, ...)`
[2025-11-28T11:46:49.587+0000] {logging_mixin.py:188} WARNING - /opt/airflow/dags/predicao.py:29 RemovedInAirflow3Warning: Param `schedule_interval` is deprecated and will be removed in a future release. Please use `schedule` instead.
[2025-11-28T11:46:49.593+0000] {processor.py:840} INFO - DAG(s) 'ml_prediction_pipeline' retrieved from /opt/airflow/dags/predicao.py
[2025-11-28T11:46:49.624+0000] {logging_mixin.py:188} INFO - [2025-11-28T11:46:49.624+0000] {dag.py:3096} INFO - Sync 1 DAGs
[2025-11-28T11:46:49.648+0000] {logging_mixin.py:188} INFO - [2025-11-28T11:46:49.647+0000] {dag.py:3954} INFO - Setting next_dagrun for ml_prediction_pipeline to 2025-11-28 00:00:00+00:00, run_after=2025-11-29 00:00:00+00:00
[2025-11-28T11:46:49.672+0000] {processor.py:183} INFO - Processing /opt/airflow/dags/predicao.py took 2.564 seconds
[2025-11-28T11:47:19.948+0000] {processor.py:161} INFO - Started process (PID=1613) to work on /opt/airflow/dags/predicao.py
[2025-11-28T11:47:19.951+0000] {processor.py:830} INFO - Processing file /opt/airflow/dags/predicao.py for tasks to queue
[2025-11-28T11:47:19.954+0000] {logging_mixin.py:188} INFO - [2025-11-28T11:47:19.954+0000] {dagbag.py:545} INFO - Filling up the DagBag from /opt/airflow/dags/predicao.py
[2025-11-28T11:47:25.269+0000] {logging_mixin.py:188} WARNING - /opt/airflow/dags/predicao.py:34 RemovedInAirflow3Warning: Function `days_ago` is deprecated and will be removed in Airflow 3.0. You can achieve equivalent behavior with `pendulum.today('UTC').add(days=-N, ...)`
[2025-11-28T11:47:25.272+0000] {logging_mixin.py:188} WARNING - /opt/airflow/dags/predicao.py:29 RemovedInAirflow3Warning: Param `schedule_interval` is deprecated and will be removed in a future release. Please use `schedule` instead.
[2025-11-28T11:47:25.281+0000] {processor.py:840} INFO - DAG(s) 'ml_prediction_pipeline' retrieved from /opt/airflow/dags/predicao.py
[2025-11-28T11:47:25.323+0000] {logging_mixin.py:188} INFO - [2025-11-28T11:47:25.322+0000] {dag.py:3096} INFO - Sync 1 DAGs
[2025-11-28T11:47:25.364+0000] {logging_mixin.py:188} INFO - [2025-11-28T11:47:25.363+0000] {dag.py:3954} INFO - Setting next_dagrun for ml_prediction_pipeline to 2025-11-28 00:00:00+00:00, run_after=2025-11-29 00:00:00+00:00
[2025-11-28T11:47:25.390+0000] {processor.py:183} INFO - Processing /opt/airflow/dags/predicao.py took 3.841 seconds
[2025-11-28T11:47:57.157+0000] {processor.py:161} INFO - Started process (PID=1658) to work on /opt/airflow/dags/predicao.py
[2025-11-28T11:47:57.160+0000] {processor.py:830} INFO - Processing file /opt/airflow/dags/predicao.py for tasks to queue
[2025-11-28T11:47:57.162+0000] {logging_mixin.py:188} INFO - [2025-11-28T11:47:57.161+0000] {dagbag.py:545} INFO - Filling up the DagBag from /opt/airflow/dags/predicao.py
[2025-11-28T11:47:59.379+0000] {logging_mixin.py:188} WARNING - /opt/airflow/dags/predicao.py:34 RemovedInAirflow3Warning: Function `days_ago` is deprecated and will be removed in Airflow 3.0. You can achieve equivalent behavior with `pendulum.today('UTC').add(days=-N, ...)`
[2025-11-28T11:47:59.382+0000] {logging_mixin.py:188} WARNING - /opt/airflow/dags/predicao.py:29 RemovedInAirflow3Warning: Param `schedule_interval` is deprecated and will be removed in a future release. Please use `schedule` instead.
[2025-11-28T11:47:59.387+0000] {processor.py:840} INFO - DAG(s) 'ml_prediction_pipeline' retrieved from /opt/airflow/dags/predicao.py
[2025-11-28T11:47:59.411+0000] {logging_mixin.py:188} INFO - [2025-11-28T11:47:59.411+0000] {dag.py:3096} INFO - Sync 1 DAGs
[2025-11-28T11:47:59.431+0000] {logging_mixin.py:188} INFO - [2025-11-28T11:47:59.431+0000] {dag.py:3954} INFO - Setting next_dagrun for ml_prediction_pipeline to 2025-11-28 00:00:00+00:00, run_after=2025-11-29 00:00:00+00:00
[2025-11-28T11:47:59.451+0000] {processor.py:183} INFO - Processing /opt/airflow/dags/predicao.py took 2.298 seconds
[2025-11-28T11:48:29.699+0000] {processor.py:161} INFO - Started process (PID=1703) to work on /opt/airflow/dags/predicao.py
[2025-11-28T11:48:29.701+0000] {processor.py:830} INFO - Processing file /opt/airflow/dags/predicao.py for tasks to queue
[2025-11-28T11:48:29.702+0000] {logging_mixin.py:188} INFO - [2025-11-28T11:48:29.702+0000] {dagbag.py:545} INFO - Filling up the DagBag from /opt/airflow/dags/predicao.py
[2025-11-28T11:48:32.106+0000] {logging_mixin.py:188} WARNING - /opt/airflow/dags/predicao.py:34 RemovedInAirflow3Warning: Function `days_ago` is deprecated and will be removed in Airflow 3.0. You can achieve equivalent behavior with `pendulum.today('UTC').add(days=-N, ...)`
[2025-11-28T11:48:32.107+0000] {logging_mixin.py:188} WARNING - /opt/airflow/dags/predicao.py:29 RemovedInAirflow3Warning: Param `schedule_interval` is deprecated and will be removed in a future release. Please use `schedule` instead.
[2025-11-28T11:48:32.112+0000] {processor.py:840} INFO - DAG(s) 'ml_prediction_pipeline' retrieved from /opt/airflow/dags/predicao.py
[2025-11-28T11:48:32.142+0000] {logging_mixin.py:188} INFO - [2025-11-28T11:48:32.141+0000] {dag.py:3096} INFO - Sync 1 DAGs
[2025-11-28T11:48:32.166+0000] {logging_mixin.py:188} INFO - [2025-11-28T11:48:32.166+0000] {dag.py:3954} INFO - Setting next_dagrun for ml_prediction_pipeline to 2025-11-28 00:00:00+00:00, run_after=2025-11-29 00:00:00+00:00
[2025-11-28T11:48:32.189+0000] {processor.py:183} INFO - Processing /opt/airflow/dags/predicao.py took 2.494 seconds
[2025-11-28T11:49:02.417+0000] {processor.py:161} INFO - Started process (PID=1748) to work on /opt/airflow/dags/predicao.py
[2025-11-28T11:49:02.424+0000] {processor.py:830} INFO - Processing file /opt/airflow/dags/predicao.py for tasks to queue
[2025-11-28T11:49:02.435+0000] {logging_mixin.py:188} INFO - [2025-11-28T11:49:02.434+0000] {dagbag.py:545} INFO - Filling up the DagBag from /opt/airflow/dags/predicao.py
[2025-11-28T11:49:07.662+0000] {logging_mixin.py:188} WARNING - /opt/airflow/dags/predicao.py:34 RemovedInAirflow3Warning: Function `days_ago` is deprecated and will be removed in Airflow 3.0. You can achieve equivalent behavior with `pendulum.today('UTC').add(days=-N, ...)`
[2025-11-28T11:49:07.663+0000] {logging_mixin.py:188} WARNING - /opt/airflow/dags/predicao.py:29 RemovedInAirflow3Warning: Param `schedule_interval` is deprecated and will be removed in a future release. Please use `schedule` instead.
[2025-11-28T11:49:07.669+0000] {processor.py:840} INFO - DAG(s) 'ml_prediction_pipeline' retrieved from /opt/airflow/dags/predicao.py
[2025-11-28T11:49:07.698+0000] {logging_mixin.py:188} INFO - [2025-11-28T11:49:07.697+0000] {dag.py:3096} INFO - Sync 1 DAGs
[2025-11-28T11:49:07.718+0000] {logging_mixin.py:188} INFO - [2025-11-28T11:49:07.718+0000] {dag.py:3954} INFO - Setting next_dagrun for ml_prediction_pipeline to 2025-11-28 00:00:00+00:00, run_after=2025-11-29 00:00:00+00:00
[2025-11-28T11:49:07.744+0000] {processor.py:183} INFO - Processing /opt/airflow/dags/predicao.py took 5.375 seconds
[2025-11-28T11:49:38.052+0000] {processor.py:161} INFO - Started process (PID=1799) to work on /opt/airflow/dags/predicao.py
[2025-11-28T11:49:38.056+0000] {processor.py:830} INFO - Processing file /opt/airflow/dags/predicao.py for tasks to queue
[2025-11-28T11:49:38.059+0000] {logging_mixin.py:188} INFO - [2025-11-28T11:49:38.059+0000] {dagbag.py:545} INFO - Filling up the DagBag from /opt/airflow/dags/predicao.py
[2025-11-28T11:49:41.192+0000] {logging_mixin.py:188} WARNING - /opt/airflow/dags/predicao.py:34 RemovedInAirflow3Warning: Function `days_ago` is deprecated and will be removed in Airflow 3.0. You can achieve equivalent behavior with `pendulum.today('UTC').add(days=-N, ...)`
[2025-11-28T11:49:41.193+0000] {logging_mixin.py:188} WARNING - /opt/airflow/dags/predicao.py:29 RemovedInAirflow3Warning: Param `schedule_interval` is deprecated and will be removed in a future release. Please use `schedule` instead.
[2025-11-28T11:49:41.201+0000] {processor.py:840} INFO - DAG(s) 'ml_prediction_pipeline' retrieved from /opt/airflow/dags/predicao.py
[2025-11-28T11:49:41.225+0000] {logging_mixin.py:188} INFO - [2025-11-28T11:49:41.224+0000] {dag.py:3096} INFO - Sync 1 DAGs
[2025-11-28T11:49:41.246+0000] {logging_mixin.py:188} INFO - [2025-11-28T11:49:41.245+0000] {dag.py:3954} INFO - Setting next_dagrun for ml_prediction_pipeline to 2025-11-28 00:00:00+00:00, run_after=2025-11-29 00:00:00+00:00
[2025-11-28T11:49:41.267+0000] {processor.py:183} INFO - Processing /opt/airflow/dags/predicao.py took 3.226 seconds
[2025-11-28T11:50:11.533+0000] {processor.py:161} INFO - Started process (PID=1845) to work on /opt/airflow/dags/predicao.py
[2025-11-28T11:50:11.537+0000] {processor.py:830} INFO - Processing file /opt/airflow/dags/predicao.py for tasks to queue
[2025-11-28T11:50:11.539+0000] {logging_mixin.py:188} INFO - [2025-11-28T11:50:11.538+0000] {dagbag.py:545} INFO - Filling up the DagBag from /opt/airflow/dags/predicao.py
[2025-11-28T11:50:14.057+0000] {logging_mixin.py:188} WARNING - /opt/airflow/dags/predicao.py:34 RemovedInAirflow3Warning: Function `days_ago` is deprecated and will be removed in Airflow 3.0. You can achieve equivalent behavior with `pendulum.today('UTC').add(days=-N, ...)`
[2025-11-28T11:50:14.058+0000] {logging_mixin.py:188} WARNING - /opt/airflow/dags/predicao.py:29 RemovedInAirflow3Warning: Param `schedule_interval` is deprecated and will be removed in a future release. Please use `schedule` instead.
[2025-11-28T11:50:14.063+0000] {processor.py:840} INFO - DAG(s) 'ml_prediction_pipeline' retrieved from /opt/airflow/dags/predicao.py
[2025-11-28T11:50:14.091+0000] {logging_mixin.py:188} INFO - [2025-11-28T11:50:14.090+0000] {dag.py:3096} INFO - Sync 1 DAGs
[2025-11-28T11:50:14.118+0000] {logging_mixin.py:188} INFO - [2025-11-28T11:50:14.117+0000] {dag.py:3954} INFO - Setting next_dagrun for ml_prediction_pipeline to 2025-11-28 00:00:00+00:00, run_after=2025-11-29 00:00:00+00:00
[2025-11-28T11:50:14.142+0000] {processor.py:183} INFO - Processing /opt/airflow/dags/predicao.py took 2.614 seconds
[2025-11-28T11:50:44.360+0000] {processor.py:161} INFO - Started process (PID=1890) to work on /opt/airflow/dags/predicao.py
[2025-11-28T11:50:44.364+0000] {processor.py:830} INFO - Processing file /opt/airflow/dags/predicao.py for tasks to queue
[2025-11-28T11:50:44.367+0000] {logging_mixin.py:188} INFO - [2025-11-28T11:50:44.366+0000] {dagbag.py:545} INFO - Filling up the DagBag from /opt/airflow/dags/predicao.py
[2025-11-28T11:50:47.484+0000] {logging_mixin.py:188} WARNING - /opt/airflow/dags/predicao.py:34 RemovedInAirflow3Warning: Function `days_ago` is deprecated and will be removed in Airflow 3.0. You can achieve equivalent behavior with `pendulum.today('UTC').add(days=-N, ...)`
[2025-11-28T11:50:47.488+0000] {logging_mixin.py:188} WARNING - /opt/airflow/dags/predicao.py:29 RemovedInAirflow3Warning: Param `schedule_interval` is deprecated and will be removed in a future release. Please use `schedule` instead.
[2025-11-28T11:50:47.496+0000] {processor.py:840} INFO - DAG(s) 'ml_prediction_pipeline' retrieved from /opt/airflow/dags/predicao.py
[2025-11-28T11:50:47.524+0000] {logging_mixin.py:188} INFO - [2025-11-28T11:50:47.523+0000] {dag.py:3096} INFO - Sync 1 DAGs
[2025-11-28T11:50:47.550+0000] {logging_mixin.py:188} INFO - [2025-11-28T11:50:47.550+0000] {dag.py:3954} INFO - Setting next_dagrun for ml_prediction_pipeline to 2025-11-28 00:00:00+00:00, run_after=2025-11-29 00:00:00+00:00
[2025-11-28T11:50:47.575+0000] {processor.py:183} INFO - Processing /opt/airflow/dags/predicao.py took 3.222 seconds
[2025-11-28T11:51:17.980+0000] {processor.py:161} INFO - Started process (PID=1935) to work on /opt/airflow/dags/predicao.py
[2025-11-28T11:51:17.983+0000] {processor.py:830} INFO - Processing file /opt/airflow/dags/predicao.py for tasks to queue
[2025-11-28T11:51:17.986+0000] {logging_mixin.py:188} INFO - [2025-11-28T11:51:17.986+0000] {dagbag.py:545} INFO - Filling up the DagBag from /opt/airflow/dags/predicao.py
[2025-11-28T11:51:21.644+0000] {logging_mixin.py:188} WARNING - /opt/airflow/dags/predicao.py:34 RemovedInAirflow3Warning: Function `days_ago` is deprecated and will be removed in Airflow 3.0. You can achieve equivalent behavior with `pendulum.today('UTC').add(days=-N, ...)`
[2025-11-28T11:51:21.646+0000] {logging_mixin.py:188} WARNING - /opt/airflow/dags/predicao.py:29 RemovedInAirflow3Warning: Param `schedule_interval` is deprecated and will be removed in a future release. Please use `schedule` instead.
[2025-11-28T11:51:21.653+0000] {processor.py:840} INFO - DAG(s) 'ml_prediction_pipeline' retrieved from /opt/airflow/dags/predicao.py
[2025-11-28T11:51:21.678+0000] {logging_mixin.py:188} INFO - [2025-11-28T11:51:21.677+0000] {dag.py:3096} INFO - Sync 1 DAGs
[2025-11-28T11:51:21.698+0000] {logging_mixin.py:188} INFO - [2025-11-28T11:51:21.698+0000] {dag.py:3954} INFO - Setting next_dagrun for ml_prediction_pipeline to 2025-11-28 00:00:00+00:00, run_after=2025-11-29 00:00:00+00:00
[2025-11-28T11:51:21.723+0000] {processor.py:183} INFO - Processing /opt/airflow/dags/predicao.py took 3.753 seconds
[2025-11-28T11:51:51.854+0000] {processor.py:161} INFO - Started process (PID=1978) to work on /opt/airflow/dags/predicao.py
[2025-11-28T11:51:51.857+0000] {processor.py:830} INFO - Processing file /opt/airflow/dags/predicao.py for tasks to queue
[2025-11-28T11:51:51.860+0000] {logging_mixin.py:188} INFO - [2025-11-28T11:51:51.860+0000] {dagbag.py:545} INFO - Filling up the DagBag from /opt/airflow/dags/predicao.py
[2025-11-28T11:51:55.229+0000] {logging_mixin.py:188} WARNING - /opt/airflow/dags/predicao.py:34 RemovedInAirflow3Warning: Function `days_ago` is deprecated and will be removed in Airflow 3.0. You can achieve equivalent behavior with `pendulum.today('UTC').add(days=-N, ...)`
[2025-11-28T11:51:55.231+0000] {logging_mixin.py:188} WARNING - /opt/airflow/dags/predicao.py:29 RemovedInAirflow3Warning: Param `schedule_interval` is deprecated and will be removed in a future release. Please use `schedule` instead.
[2025-11-28T11:51:55.237+0000] {processor.py:840} INFO - DAG(s) 'ml_prediction_pipeline' retrieved from /opt/airflow/dags/predicao.py
[2025-11-28T11:51:55.268+0000] {logging_mixin.py:188} INFO - [2025-11-28T11:51:55.267+0000] {dag.py:3096} INFO - Sync 1 DAGs
[2025-11-28T11:51:55.297+0000] {logging_mixin.py:188} INFO - [2025-11-28T11:51:55.297+0000] {dag.py:3954} INFO - Setting next_dagrun for ml_prediction_pipeline to 2025-11-28 00:00:00+00:00, run_after=2025-11-29 00:00:00+00:00
[2025-11-28T11:51:55.328+0000] {processor.py:183} INFO - Processing /opt/airflow/dags/predicao.py took 3.479 seconds
[2025-11-28T11:52:25.429+0000] {processor.py:161} INFO - Started process (PID=2021) to work on /opt/airflow/dags/predicao.py
[2025-11-28T11:52:25.432+0000] {processor.py:830} INFO - Processing file /opt/airflow/dags/predicao.py for tasks to queue
[2025-11-28T11:52:25.434+0000] {logging_mixin.py:188} INFO - [2025-11-28T11:52:25.433+0000] {dagbag.py:545} INFO - Filling up the DagBag from /opt/airflow/dags/predicao.py
[2025-11-28T11:52:28.338+0000] {logging_mixin.py:188} WARNING - /opt/airflow/dags/predicao.py:34 RemovedInAirflow3Warning: Function `days_ago` is deprecated and will be removed in Airflow 3.0. You can achieve equivalent behavior with `pendulum.today('UTC').add(days=-N, ...)`
[2025-11-28T11:52:28.339+0000] {logging_mixin.py:188} WARNING - /opt/airflow/dags/predicao.py:29 RemovedInAirflow3Warning: Param `schedule_interval` is deprecated and will be removed in a future release. Please use `schedule` instead.
[2025-11-28T11:52:28.345+0000] {processor.py:840} INFO - DAG(s) 'ml_prediction_pipeline' retrieved from /opt/airflow/dags/predicao.py
[2025-11-28T11:52:28.369+0000] {logging_mixin.py:188} INFO - [2025-11-28T11:52:28.368+0000] {dag.py:3096} INFO - Sync 1 DAGs
[2025-11-28T11:52:28.388+0000] {logging_mixin.py:188} INFO - [2025-11-28T11:52:28.387+0000] {dag.py:3954} INFO - Setting next_dagrun for ml_prediction_pipeline to 2025-11-28 00:00:00+00:00, run_after=2025-11-29 00:00:00+00:00
[2025-11-28T11:52:28.407+0000] {processor.py:183} INFO - Processing /opt/airflow/dags/predicao.py took 2.986 seconds
[2025-11-28T11:52:58.643+0000] {processor.py:161} INFO - Started process (PID=2055) to work on /opt/airflow/dags/predicao.py
[2025-11-28T11:52:58.647+0000] {processor.py:830} INFO - Processing file /opt/airflow/dags/predicao.py for tasks to queue
[2025-11-28T11:52:58.650+0000] {logging_mixin.py:188} INFO - [2025-11-28T11:52:58.649+0000] {dagbag.py:545} INFO - Filling up the DagBag from /opt/airflow/dags/predicao.py
[2025-11-28T11:53:03.368+0000] {logging_mixin.py:188} WARNING - /opt/airflow/dags/predicao.py:34 RemovedInAirflow3Warning: Function `days_ago` is deprecated and will be removed in Airflow 3.0. You can achieve equivalent behavior with `pendulum.today('UTC').add(days=-N, ...)`
[2025-11-28T11:53:03.371+0000] {logging_mixin.py:188} WARNING - /opt/airflow/dags/predicao.py:29 RemovedInAirflow3Warning: Param `schedule_interval` is deprecated and will be removed in a future release. Please use `schedule` instead.
[2025-11-28T11:53:03.392+0000] {processor.py:840} INFO - DAG(s) 'ml_prediction_pipeline' retrieved from /opt/airflow/dags/predicao.py
[2025-11-28T11:53:03.472+0000] {logging_mixin.py:188} INFO - [2025-11-28T11:53:03.471+0000] {dag.py:3096} INFO - Sync 1 DAGs
[2025-11-28T11:53:03.532+0000] {logging_mixin.py:188} INFO - [2025-11-28T11:53:03.532+0000] {dag.py:3954} INFO - Setting next_dagrun for ml_prediction_pipeline to 2025-11-28 00:00:00+00:00, run_after=2025-11-29 00:00:00+00:00
[2025-11-28T11:53:03.567+0000] {processor.py:183} INFO - Processing /opt/airflow/dags/predicao.py took 4.935 seconds
[2025-11-28T11:53:33.730+0000] {processor.py:161} INFO - Started process (PID=2096) to work on /opt/airflow/dags/predicao.py
[2025-11-28T11:53:33.733+0000] {processor.py:830} INFO - Processing file /opt/airflow/dags/predicao.py for tasks to queue
[2025-11-28T11:53:33.734+0000] {logging_mixin.py:188} INFO - [2025-11-28T11:53:33.734+0000] {dagbag.py:545} INFO - Filling up the DagBag from /opt/airflow/dags/predicao.py
[2025-11-28T11:53:36.605+0000] {logging_mixin.py:188} WARNING - /opt/airflow/dags/predicao.py:34 RemovedInAirflow3Warning: Function `days_ago` is deprecated and will be removed in Airflow 3.0. You can achieve equivalent behavior with `pendulum.today('UTC').add(days=-N, ...)`
[2025-11-28T11:53:36.607+0000] {logging_mixin.py:188} WARNING - /opt/airflow/dags/predicao.py:29 RemovedInAirflow3Warning: Param `schedule_interval` is deprecated and will be removed in a future release. Please use `schedule` instead.
[2025-11-28T11:53:36.616+0000] {processor.py:840} INFO - DAG(s) 'ml_prediction_pipeline' retrieved from /opt/airflow/dags/predicao.py
[2025-11-28T11:53:36.648+0000] {logging_mixin.py:188} INFO - [2025-11-28T11:53:36.647+0000] {dag.py:3096} INFO - Sync 1 DAGs
[2025-11-28T11:53:36.670+0000] {logging_mixin.py:188} INFO - [2025-11-28T11:53:36.670+0000] {dag.py:3954} INFO - Setting next_dagrun for ml_prediction_pipeline to 2025-11-28 00:00:00+00:00, run_after=2025-11-29 00:00:00+00:00
[2025-11-28T11:53:36.694+0000] {processor.py:183} INFO - Processing /opt/airflow/dags/predicao.py took 2.968 seconds
[2025-11-28T11:54:07.146+0000] {processor.py:161} INFO - Started process (PID=2141) to work on /opt/airflow/dags/predicao.py
[2025-11-28T11:54:07.148+0000] {processor.py:830} INFO - Processing file /opt/airflow/dags/predicao.py for tasks to queue
[2025-11-28T11:54:07.149+0000] {logging_mixin.py:188} INFO - [2025-11-28T11:54:07.149+0000] {dagbag.py:545} INFO - Filling up the DagBag from /opt/airflow/dags/predicao.py
[2025-11-28T11:54:09.846+0000] {logging_mixin.py:188} WARNING - /opt/airflow/dags/predicao.py:34 RemovedInAirflow3Warning: Function `days_ago` is deprecated and will be removed in Airflow 3.0. You can achieve equivalent behavior with `pendulum.today('UTC').add(days=-N, ...)`
[2025-11-28T11:54:09.847+0000] {logging_mixin.py:188} WARNING - /opt/airflow/dags/predicao.py:29 RemovedInAirflow3Warning: Param `schedule_interval` is deprecated and will be removed in a future release. Please use `schedule` instead.
[2025-11-28T11:54:09.853+0000] {processor.py:840} INFO - DAG(s) 'ml_prediction_pipeline' retrieved from /opt/airflow/dags/predicao.py
[2025-11-28T11:54:09.882+0000] {logging_mixin.py:188} INFO - [2025-11-28T11:54:09.881+0000] {dag.py:3096} INFO - Sync 1 DAGs
[2025-11-28T11:54:09.905+0000] {logging_mixin.py:188} INFO - [2025-11-28T11:54:09.905+0000] {dag.py:3954} INFO - Setting next_dagrun for ml_prediction_pipeline to 2025-11-28 00:00:00+00:00, run_after=2025-11-29 00:00:00+00:00
[2025-11-28T11:54:09.928+0000] {processor.py:183} INFO - Processing /opt/airflow/dags/predicao.py took 2.787 seconds
[2025-11-28T11:54:40.260+0000] {processor.py:161} INFO - Started process (PID=2192) to work on /opt/airflow/dags/predicao.py
[2025-11-28T11:54:40.263+0000] {processor.py:830} INFO - Processing file /opt/airflow/dags/predicao.py for tasks to queue
[2025-11-28T11:54:40.265+0000] {logging_mixin.py:188} INFO - [2025-11-28T11:54:40.264+0000] {dagbag.py:545} INFO - Filling up the DagBag from /opt/airflow/dags/predicao.py
[2025-11-28T11:54:42.151+0000] {logging_mixin.py:188} WARNING - /opt/airflow/dags/predicao.py:34 RemovedInAirflow3Warning: Function `days_ago` is deprecated and will be removed in Airflow 3.0. You can achieve equivalent behavior with `pendulum.today('UTC').add(days=-N, ...)`
[2025-11-28T11:54:42.152+0000] {logging_mixin.py:188} WARNING - /opt/airflow/dags/predicao.py:29 RemovedInAirflow3Warning: Param `schedule_interval` is deprecated and will be removed in a future release. Please use `schedule` instead.
[2025-11-28T11:54:42.157+0000] {processor.py:840} INFO - DAG(s) 'ml_prediction_pipeline' retrieved from /opt/airflow/dags/predicao.py
[2025-11-28T11:54:42.179+0000] {logging_mixin.py:188} INFO - [2025-11-28T11:54:42.179+0000] {dag.py:3096} INFO - Sync 1 DAGs
[2025-11-28T11:54:42.197+0000] {logging_mixin.py:188} INFO - [2025-11-28T11:54:42.197+0000] {dag.py:3954} INFO - Setting next_dagrun for ml_prediction_pipeline to 2025-11-28 00:00:00+00:00, run_after=2025-11-29 00:00:00+00:00
[2025-11-28T11:54:42.217+0000] {processor.py:183} INFO - Processing /opt/airflow/dags/predicao.py took 1.962 seconds
[2025-11-28T11:55:12.532+0000] {processor.py:161} INFO - Started process (PID=2238) to work on /opt/airflow/dags/predicao.py
[2025-11-28T11:55:12.534+0000] {processor.py:830} INFO - Processing file /opt/airflow/dags/predicao.py for tasks to queue
[2025-11-28T11:55:12.535+0000] {logging_mixin.py:188} INFO - [2025-11-28T11:55:12.535+0000] {dagbag.py:545} INFO - Filling up the DagBag from /opt/airflow/dags/predicao.py
[2025-11-28T11:55:15.191+0000] {logging_mixin.py:188} WARNING - /opt/airflow/dags/predicao.py:34 RemovedInAirflow3Warning: Function `days_ago` is deprecated and will be removed in Airflow 3.0. You can achieve equivalent behavior with `pendulum.today('UTC').add(days=-N, ...)`
[2025-11-28T11:55:15.192+0000] {logging_mixin.py:188} WARNING - /opt/airflow/dags/predicao.py:29 RemovedInAirflow3Warning: Param `schedule_interval` is deprecated and will be removed in a future release. Please use `schedule` instead.
[2025-11-28T11:55:15.199+0000] {processor.py:840} INFO - DAG(s) 'ml_prediction_pipeline' retrieved from /opt/airflow/dags/predicao.py
[2025-11-28T11:55:15.226+0000] {logging_mixin.py:188} INFO - [2025-11-28T11:55:15.226+0000] {dag.py:3096} INFO - Sync 1 DAGs
[2025-11-28T11:55:15.247+0000] {logging_mixin.py:188} INFO - [2025-11-28T11:55:15.247+0000] {dag.py:3954} INFO - Setting next_dagrun for ml_prediction_pipeline to 2025-11-28 00:00:00+00:00, run_after=2025-11-29 00:00:00+00:00
[2025-11-28T11:55:15.265+0000] {processor.py:183} INFO - Processing /opt/airflow/dags/predicao.py took 2.737 seconds
[2025-11-28T11:55:45.545+0000] {processor.py:161} INFO - Started process (PID=2283) to work on /opt/airflow/dags/predicao.py
[2025-11-28T11:55:45.548+0000] {processor.py:830} INFO - Processing file /opt/airflow/dags/predicao.py for tasks to queue
[2025-11-28T11:55:45.551+0000] {logging_mixin.py:188} INFO - [2025-11-28T11:55:45.550+0000] {dagbag.py:545} INFO - Filling up the DagBag from /opt/airflow/dags/predicao.py
[2025-11-28T11:55:48.369+0000] {logging_mixin.py:188} WARNING - /opt/airflow/dags/predicao.py:34 RemovedInAirflow3Warning: Function `days_ago` is deprecated and will be removed in Airflow 3.0. You can achieve equivalent behavior with `pendulum.today('UTC').add(days=-N, ...)`
[2025-11-28T11:55:48.370+0000] {logging_mixin.py:188} WARNING - /opt/airflow/dags/predicao.py:29 RemovedInAirflow3Warning: Param `schedule_interval` is deprecated and will be removed in a future release. Please use `schedule` instead.
[2025-11-28T11:55:48.375+0000] {processor.py:840} INFO - DAG(s) 'ml_prediction_pipeline' retrieved from /opt/airflow/dags/predicao.py
[2025-11-28T11:55:48.401+0000] {logging_mixin.py:188} INFO - [2025-11-28T11:55:48.400+0000] {dag.py:3096} INFO - Sync 1 DAGs
[2025-11-28T11:55:48.421+0000] {logging_mixin.py:188} INFO - [2025-11-28T11:55:48.421+0000] {dag.py:3954} INFO - Setting next_dagrun for ml_prediction_pipeline to 2025-11-28 00:00:00+00:00, run_after=2025-11-29 00:00:00+00:00
[2025-11-28T11:55:48.441+0000] {processor.py:183} INFO - Processing /opt/airflow/dags/predicao.py took 2.905 seconds
[2025-11-28T11:56:18.564+0000] {processor.py:161} INFO - Started process (PID=2328) to work on /opt/airflow/dags/predicao.py
[2025-11-28T11:56:18.566+0000] {processor.py:830} INFO - Processing file /opt/airflow/dags/predicao.py for tasks to queue
[2025-11-28T11:56:18.567+0000] {logging_mixin.py:188} INFO - [2025-11-28T11:56:18.567+0000] {dagbag.py:545} INFO - Filling up the DagBag from /opt/airflow/dags/predicao.py
[2025-11-28T11:56:20.376+0000] {logging_mixin.py:188} WARNING - /opt/airflow/dags/predicao.py:34 RemovedInAirflow3Warning: Function `days_ago` is deprecated and will be removed in Airflow 3.0. You can achieve equivalent behavior with `pendulum.today('UTC').add(days=-N, ...)`
[2025-11-28T11:56:20.377+0000] {logging_mixin.py:188} WARNING - /opt/airflow/dags/predicao.py:29 RemovedInAirflow3Warning: Param `schedule_interval` is deprecated and will be removed in a future release. Please use `schedule` instead.
[2025-11-28T11:56:20.380+0000] {processor.py:840} INFO - DAG(s) 'ml_prediction_pipeline' retrieved from /opt/airflow/dags/predicao.py
[2025-11-28T11:56:20.393+0000] {logging_mixin.py:188} INFO - [2025-11-28T11:56:20.393+0000] {dag.py:3096} INFO - Sync 1 DAGs
[2025-11-28T11:56:20.405+0000] {logging_mixin.py:188} INFO - [2025-11-28T11:56:20.405+0000] {dag.py:3954} INFO - Setting next_dagrun for ml_prediction_pipeline to 2025-11-28 00:00:00+00:00, run_after=2025-11-29 00:00:00+00:00
[2025-11-28T11:56:20.417+0000] {processor.py:183} INFO - Processing /opt/airflow/dags/predicao.py took 1.858 seconds
[2025-11-28T11:56:50.736+0000] {processor.py:161} INFO - Started process (PID=2373) to work on /opt/airflow/dags/predicao.py
[2025-11-28T11:56:50.738+0000] {processor.py:830} INFO - Processing file /opt/airflow/dags/predicao.py for tasks to queue
[2025-11-28T11:56:50.739+0000] {logging_mixin.py:188} INFO - [2025-11-28T11:56:50.739+0000] {dagbag.py:545} INFO - Filling up the DagBag from /opt/airflow/dags/predicao.py
[2025-11-28T11:56:53.769+0000] {logging_mixin.py:188} WARNING - /opt/airflow/dags/predicao.py:34 RemovedInAirflow3Warning: Function `days_ago` is deprecated and will be removed in Airflow 3.0. You can achieve equivalent behavior with `pendulum.today('UTC').add(days=-N, ...)`
[2025-11-28T11:56:54.961+0000] {logging_mixin.py:188} WARNING - /opt/airflow/dags/predicao.py:29 RemovedInAirflow3Warning: Param `schedule_interval` is deprecated and will be removed in a future release. Please use `schedule` instead.
[2025-11-28T11:56:54.973+0000] {processor.py:840} INFO - DAG(s) 'ml_prediction_pipeline' retrieved from /opt/airflow/dags/predicao.py
[2025-11-28T11:56:55.002+0000] {logging_mixin.py:188} INFO - [2025-11-28T11:56:55.001+0000] {dag.py:3096} INFO - Sync 1 DAGs
[2025-11-28T11:56:55.027+0000] {logging_mixin.py:188} INFO - [2025-11-28T11:56:55.026+0000] {dag.py:3954} INFO - Setting next_dagrun for ml_prediction_pipeline to 2025-11-28 00:00:00+00:00, run_after=2025-11-29 00:00:00+00:00
[2025-11-28T11:56:55.048+0000] {processor.py:183} INFO - Processing /opt/airflow/dags/predicao.py took 2.640 seconds
[2025-11-28T11:57:26.898+0000] {processor.py:161} INFO - Started process (PID=2418) to work on /opt/airflow/dags/predicao.py
[2025-11-28T11:57:26.902+0000] {processor.py:830} INFO - Processing file /opt/airflow/dags/predicao.py for tasks to queue
[2025-11-28T11:57:26.903+0000] {logging_mixin.py:188} INFO - [2025-11-28T11:57:26.903+0000] {dagbag.py:545} INFO - Filling up the DagBag from /opt/airflow/dags/predicao.py
[2025-11-28T11:57:30.083+0000] {logging_mixin.py:188} WARNING - /opt/airflow/dags/predicao.py:34 RemovedInAirflow3Warning: Function `days_ago` is deprecated and will be removed in Airflow 3.0. You can achieve equivalent behavior with `pendulum.today('UTC').add(days=-N, ...)`
[2025-11-28T11:57:30.086+0000] {logging_mixin.py:188} WARNING - /opt/airflow/dags/predicao.py:29 RemovedInAirflow3Warning: Param `schedule_interval` is deprecated and will be removed in a future release. Please use `schedule` instead.
[2025-11-28T11:57:30.091+0000] {processor.py:840} INFO - DAG(s) 'ml_prediction_pipeline' retrieved from /opt/airflow/dags/predicao.py
[2025-11-28T11:57:30.118+0000] {logging_mixin.py:188} INFO - [2025-11-28T11:57:30.117+0000] {dag.py:3096} INFO - Sync 1 DAGs
[2025-11-28T11:57:30.138+0000] {logging_mixin.py:188} INFO - [2025-11-28T11:57:30.138+0000] {dag.py:3954} INFO - Setting next_dagrun for ml_prediction_pipeline to 2025-11-28 00:00:00+00:00, run_after=2025-11-29 00:00:00+00:00
[2025-11-28T11:57:30.156+0000] {processor.py:183} INFO - Processing /opt/airflow/dags/predicao.py took 3.262 seconds
[2025-11-28T11:58:00.570+0000] {processor.py:161} INFO - Started process (PID=2469) to work on /opt/airflow/dags/predicao.py
[2025-11-28T11:58:00.573+0000] {processor.py:830} INFO - Processing file /opt/airflow/dags/predicao.py for tasks to queue
[2025-11-28T11:58:00.574+0000] {logging_mixin.py:188} INFO - [2025-11-28T11:58:00.574+0000] {dagbag.py:545} INFO - Filling up the DagBag from /opt/airflow/dags/predicao.py
[2025-11-28T11:58:02.934+0000] {logging_mixin.py:188} WARNING - /opt/airflow/dags/predicao.py:34 RemovedInAirflow3Warning: Function `days_ago` is deprecated and will be removed in Airflow 3.0. You can achieve equivalent behavior with `pendulum.today('UTC').add(days=-N, ...)`
[2025-11-28T11:58:02.935+0000] {logging_mixin.py:188} WARNING - /opt/airflow/dags/predicao.py:29 RemovedInAirflow3Warning: Param `schedule_interval` is deprecated and will be removed in a future release. Please use `schedule` instead.
[2025-11-28T11:58:02.941+0000] {processor.py:840} INFO - DAG(s) 'ml_prediction_pipeline' retrieved from /opt/airflow/dags/predicao.py
[2025-11-28T11:58:02.974+0000] {logging_mixin.py:188} INFO - [2025-11-28T11:58:02.974+0000] {dag.py:3096} INFO - Sync 1 DAGs
[2025-11-28T11:58:03.000+0000] {logging_mixin.py:188} INFO - [2025-11-28T11:58:03.000+0000] {dag.py:3954} INFO - Setting next_dagrun for ml_prediction_pipeline to 2025-11-28 00:00:00+00:00, run_after=2025-11-29 00:00:00+00:00
[2025-11-28T11:58:03.026+0000] {processor.py:183} INFO - Processing /opt/airflow/dags/predicao.py took 2.460 seconds
[2025-11-28T11:58:33.298+0000] {processor.py:161} INFO - Started process (PID=2514) to work on /opt/airflow/dags/predicao.py
[2025-11-28T11:58:33.301+0000] {processor.py:830} INFO - Processing file /opt/airflow/dags/predicao.py for tasks to queue
[2025-11-28T11:58:33.305+0000] {logging_mixin.py:188} INFO - [2025-11-28T11:58:33.304+0000] {dagbag.py:545} INFO - Filling up the DagBag from /opt/airflow/dags/predicao.py
[2025-11-28T11:58:36.002+0000] {logging_mixin.py:188} WARNING - /opt/airflow/dags/predicao.py:34 RemovedInAirflow3Warning: Function `days_ago` is deprecated and will be removed in Airflow 3.0. You can achieve equivalent behavior with `pendulum.today('UTC').add(days=-N, ...)`
[2025-11-28T11:58:36.005+0000] {logging_mixin.py:188} WARNING - /opt/airflow/dags/predicao.py:29 RemovedInAirflow3Warning: Param `schedule_interval` is deprecated and will be removed in a future release. Please use `schedule` instead.
[2025-11-28T11:58:36.017+0000] {processor.py:840} INFO - DAG(s) 'ml_prediction_pipeline' retrieved from /opt/airflow/dags/predicao.py
[2025-11-28T11:58:36.058+0000] {logging_mixin.py:188} INFO - [2025-11-28T11:58:36.058+0000] {dag.py:3096} INFO - Sync 1 DAGs
[2025-11-28T11:58:36.089+0000] {logging_mixin.py:188} INFO - [2025-11-28T11:58:36.089+0000] {dag.py:3954} INFO - Setting next_dagrun for ml_prediction_pipeline to 2025-11-28 00:00:00+00:00, run_after=2025-11-29 00:00:00+00:00
[2025-11-28T11:58:36.118+0000] {processor.py:183} INFO - Processing /opt/airflow/dags/predicao.py took 2.828 seconds
[2025-11-28T11:59:06.182+0000] {processor.py:161} INFO - Started process (PID=2559) to work on /opt/airflow/dags/predicao.py
[2025-11-28T11:59:06.186+0000] {processor.py:830} INFO - Processing file /opt/airflow/dags/predicao.py for tasks to queue
[2025-11-28T11:59:06.188+0000] {logging_mixin.py:188} INFO - [2025-11-28T11:59:06.187+0000] {dagbag.py:545} INFO - Filling up the DagBag from /opt/airflow/dags/predicao.py
[2025-11-28T11:59:08.880+0000] {logging_mixin.py:188} WARNING - /opt/airflow/dags/predicao.py:34 RemovedInAirflow3Warning: Function `days_ago` is deprecated and will be removed in Airflow 3.0. You can achieve equivalent behavior with `pendulum.today('UTC').add(days=-N, ...)`
[2025-11-28T11:59:08.880+0000] {logging_mixin.py:188} WARNING - /opt/airflow/dags/predicao.py:29 RemovedInAirflow3Warning: Param `schedule_interval` is deprecated and will be removed in a future release. Please use `schedule` instead.
[2025-11-28T11:59:08.885+0000] {processor.py:840} INFO - DAG(s) 'ml_prediction_pipeline' retrieved from /opt/airflow/dags/predicao.py
[2025-11-28T11:59:08.907+0000] {logging_mixin.py:188} INFO - [2025-11-28T11:59:08.907+0000] {dag.py:3096} INFO - Sync 1 DAGs
[2025-11-28T11:59:08.928+0000] {logging_mixin.py:188} INFO - [2025-11-28T11:59:08.928+0000] {dag.py:3954} INFO - Setting next_dagrun for ml_prediction_pipeline to 2025-11-28 00:00:00+00:00, run_after=2025-11-29 00:00:00+00:00
[2025-11-28T11:59:08.945+0000] {processor.py:183} INFO - Processing /opt/airflow/dags/predicao.py took 2.774 seconds
[2025-11-28T11:59:39.135+0000] {processor.py:161} INFO - Started process (PID=2604) to work on /opt/airflow/dags/predicao.py
[2025-11-28T11:59:39.137+0000] {processor.py:830} INFO - Processing file /opt/airflow/dags/predicao.py for tasks to queue
[2025-11-28T11:59:39.138+0000] {logging_mixin.py:188} INFO - [2025-11-28T11:59:39.138+0000] {dagbag.py:545} INFO - Filling up the DagBag from /opt/airflow/dags/predicao.py
[2025-11-28T11:59:41.407+0000] {logging_mixin.py:188} WARNING - /opt/airflow/dags/predicao.py:34 RemovedInAirflow3Warning: Function `days_ago` is deprecated and will be removed in Airflow 3.0. You can achieve equivalent behavior with `pendulum.today('UTC').add(days=-N, ...)`
[2025-11-28T11:59:41.408+0000] {logging_mixin.py:188} WARNING - /opt/airflow/dags/predicao.py:29 RemovedInAirflow3Warning: Param `schedule_interval` is deprecated and will be removed in a future release. Please use `schedule` instead.
[2025-11-28T11:59:41.414+0000] {processor.py:840} INFO - DAG(s) 'ml_prediction_pipeline' retrieved from /opt/airflow/dags/predicao.py
[2025-11-28T11:59:41.437+0000] {logging_mixin.py:188} INFO - [2025-11-28T11:59:41.437+0000] {dag.py:3096} INFO - Sync 1 DAGs
[2025-11-28T11:59:41.454+0000] {logging_mixin.py:188} INFO - [2025-11-28T11:59:41.454+0000] {dag.py:3954} INFO - Setting next_dagrun for ml_prediction_pipeline to 2025-11-28 00:00:00+00:00, run_after=2025-11-29 00:00:00+00:00
[2025-11-28T11:59:41.475+0000] {processor.py:183} INFO - Processing /opt/airflow/dags/predicao.py took 2.345 seconds
[2025-11-28T12:00:11.553+0000] {processor.py:161} INFO - Started process (PID=2649) to work on /opt/airflow/dags/predicao.py
[2025-11-28T12:00:11.556+0000] {processor.py:830} INFO - Processing file /opt/airflow/dags/predicao.py for tasks to queue
[2025-11-28T12:00:11.558+0000] {logging_mixin.py:188} INFO - [2025-11-28T12:00:11.557+0000] {dagbag.py:545} INFO - Filling up the DagBag from /opt/airflow/dags/predicao.py
[2025-11-28T12:00:13.797+0000] {logging_mixin.py:188} WARNING - /opt/airflow/dags/predicao.py:34 RemovedInAirflow3Warning: Function `days_ago` is deprecated and will be removed in Airflow 3.0. You can achieve equivalent behavior with `pendulum.today('UTC').add(days=-N, ...)`
[2025-11-28T12:00:13.798+0000] {logging_mixin.py:188} WARNING - /opt/airflow/dags/predicao.py:29 RemovedInAirflow3Warning: Param `schedule_interval` is deprecated and will be removed in a future release. Please use `schedule` instead.
[2025-11-28T12:00:13.803+0000] {processor.py:840} INFO - DAG(s) 'ml_prediction_pipeline' retrieved from /opt/airflow/dags/predicao.py
[2025-11-28T12:00:13.826+0000] {logging_mixin.py:188} INFO - [2025-11-28T12:00:13.826+0000] {dag.py:3096} INFO - Sync 1 DAGs
[2025-11-28T12:00:13.844+0000] {logging_mixin.py:188} INFO - [2025-11-28T12:00:13.843+0000] {dag.py:3954} INFO - Setting next_dagrun for ml_prediction_pipeline to 2025-11-28 00:00:00+00:00, run_after=2025-11-29 00:00:00+00:00
[2025-11-28T12:00:13.862+0000] {processor.py:183} INFO - Processing /opt/airflow/dags/predicao.py took 2.314 seconds
[2025-11-28T12:00:44.298+0000] {processor.py:161} INFO - Started process (PID=2694) to work on /opt/airflow/dags/predicao.py
[2025-11-28T12:00:44.302+0000] {processor.py:830} INFO - Processing file /opt/airflow/dags/predicao.py for tasks to queue
[2025-11-28T12:00:44.303+0000] {logging_mixin.py:188} INFO - [2025-11-28T12:00:44.303+0000] {dagbag.py:545} INFO - Filling up the DagBag from /opt/airflow/dags/predicao.py
[2025-11-28T12:00:46.843+0000] {logging_mixin.py:188} WARNING - /opt/airflow/dags/predicao.py:34 RemovedInAirflow3Warning: Function `days_ago` is deprecated and will be removed in Airflow 3.0. You can achieve equivalent behavior with `pendulum.today('UTC').add(days=-N, ...)`
[2025-11-28T12:00:46.844+0000] {logging_mixin.py:188} WARNING - /opt/airflow/dags/predicao.py:29 RemovedInAirflow3Warning: Param `schedule_interval` is deprecated and will be removed in a future release. Please use `schedule` instead.
[2025-11-28T12:00:46.849+0000] {processor.py:840} INFO - DAG(s) 'ml_prediction_pipeline' retrieved from /opt/airflow/dags/predicao.py
[2025-11-28T12:00:46.870+0000] {logging_mixin.py:188} INFO - [2025-11-28T12:00:46.870+0000] {dag.py:3096} INFO - Sync 1 DAGs
[2025-11-28T12:00:46.888+0000] {logging_mixin.py:188} INFO - [2025-11-28T12:00:46.888+0000] {dag.py:3954} INFO - Setting next_dagrun for ml_prediction_pipeline to 2025-11-28 00:00:00+00:00, run_after=2025-11-29 00:00:00+00:00
[2025-11-28T12:00:46.908+0000] {processor.py:183} INFO - Processing /opt/airflow/dags/predicao.py took 2.613 seconds
[2025-11-28T12:01:16.958+0000] {processor.py:161} INFO - Started process (PID=2739) to work on /opt/airflow/dags/predicao.py
[2025-11-28T12:01:16.963+0000] {processor.py:830} INFO - Processing file /opt/airflow/dags/predicao.py for tasks to queue
[2025-11-28T12:01:16.964+0000] {logging_mixin.py:188} INFO - [2025-11-28T12:01:16.964+0000] {dagbag.py:545} INFO - Filling up the DagBag from /opt/airflow/dags/predicao.py
[2025-11-28T12:01:19.456+0000] {logging_mixin.py:188} WARNING - /opt/airflow/dags/predicao.py:34 RemovedInAirflow3Warning: Function `days_ago` is deprecated and will be removed in Airflow 3.0. You can achieve equivalent behavior with `pendulum.today('UTC').add(days=-N, ...)`
[2025-11-28T12:01:19.458+0000] {logging_mixin.py:188} WARNING - /opt/airflow/dags/predicao.py:29 RemovedInAirflow3Warning: Param `schedule_interval` is deprecated and will be removed in a future release. Please use `schedule` instead.
[2025-11-28T12:01:19.463+0000] {processor.py:840} INFO - DAG(s) 'ml_prediction_pipeline' retrieved from /opt/airflow/dags/predicao.py
[2025-11-28T12:01:19.485+0000] {logging_mixin.py:188} INFO - [2025-11-28T12:01:19.484+0000] {dag.py:3096} INFO - Sync 1 DAGs
[2025-11-28T12:01:19.508+0000] {logging_mixin.py:188} INFO - [2025-11-28T12:01:19.508+0000] {dag.py:3954} INFO - Setting next_dagrun for ml_prediction_pipeline to 2025-11-28 00:00:00+00:00, run_after=2025-11-29 00:00:00+00:00
[2025-11-28T12:01:19.526+0000] {processor.py:183} INFO - Processing /opt/airflow/dags/predicao.py took 2.574 seconds
[2025-11-28T12:01:49.598+0000] {processor.py:161} INFO - Started process (PID=2784) to work on /opt/airflow/dags/predicao.py
[2025-11-28T12:01:49.601+0000] {processor.py:830} INFO - Processing file /opt/airflow/dags/predicao.py for tasks to queue
[2025-11-28T12:01:49.602+0000] {logging_mixin.py:188} INFO - [2025-11-28T12:01:49.602+0000] {dagbag.py:545} INFO - Filling up the DagBag from /opt/airflow/dags/predicao.py
[2025-11-28T12:01:51.324+0000] {logging_mixin.py:188} WARNING - /opt/airflow/dags/predicao.py:34 RemovedInAirflow3Warning: Function `days_ago` is deprecated and will be removed in Airflow 3.0. You can achieve equivalent behavior with `pendulum.today('UTC').add(days=-N, ...)`
[2025-11-28T12:01:51.327+0000] {logging_mixin.py:188} WARNING - /opt/airflow/dags/predicao.py:29 RemovedInAirflow3Warning: Param `schedule_interval` is deprecated and will be removed in a future release. Please use `schedule` instead.
[2025-11-28T12:01:51.331+0000] {processor.py:840} INFO - DAG(s) 'ml_prediction_pipeline' retrieved from /opt/airflow/dags/predicao.py
[2025-11-28T12:01:51.353+0000] {logging_mixin.py:188} INFO - [2025-11-28T12:01:51.352+0000] {dag.py:3096} INFO - Sync 1 DAGs
[2025-11-28T12:01:51.368+0000] {logging_mixin.py:188} INFO - [2025-11-28T12:01:51.368+0000] {dag.py:3954} INFO - Setting next_dagrun for ml_prediction_pipeline to 2025-11-28 00:00:00+00:00, run_after=2025-11-29 00:00:00+00:00
[2025-11-28T12:01:51.385+0000] {processor.py:183} INFO - Processing /opt/airflow/dags/predicao.py took 1.792 seconds
[2025-11-28T12:02:21.517+0000] {processor.py:161} INFO - Started process (PID=2829) to work on /opt/airflow/dags/predicao.py
[2025-11-28T12:02:21.521+0000] {processor.py:830} INFO - Processing file /opt/airflow/dags/predicao.py for tasks to queue
[2025-11-28T12:02:21.522+0000] {logging_mixin.py:188} INFO - [2025-11-28T12:02:21.522+0000] {dagbag.py:545} INFO - Filling up the DagBag from /opt/airflow/dags/predicao.py
[2025-11-28T12:02:23.409+0000] {logging_mixin.py:188} WARNING - /opt/airflow/dags/predicao.py:34 RemovedInAirflow3Warning: Function `days_ago` is deprecated and will be removed in Airflow 3.0. You can achieve equivalent behavior with `pendulum.today('UTC').add(days=-N, ...)`
[2025-11-28T12:02:23.409+0000] {logging_mixin.py:188} WARNING - /opt/airflow/dags/predicao.py:29 RemovedInAirflow3Warning: Param `schedule_interval` is deprecated and will be removed in a future release. Please use `schedule` instead.
[2025-11-28T12:02:23.414+0000] {processor.py:840} INFO - DAG(s) 'ml_prediction_pipeline' retrieved from /opt/airflow/dags/predicao.py
[2025-11-28T12:02:23.435+0000] {logging_mixin.py:188} INFO - [2025-11-28T12:02:23.435+0000] {dag.py:3096} INFO - Sync 1 DAGs
[2025-11-28T12:02:23.452+0000] {logging_mixin.py:188} INFO - [2025-11-28T12:02:23.452+0000] {dag.py:3954} INFO - Setting next_dagrun for ml_prediction_pipeline to 2025-11-28 00:00:00+00:00, run_after=2025-11-29 00:00:00+00:00
[2025-11-28T12:02:23.470+0000] {processor.py:183} INFO - Processing /opt/airflow/dags/predicao.py took 1.957 seconds
[2025-11-28T12:02:54.384+0000] {processor.py:161} INFO - Started process (PID=2874) to work on /opt/airflow/dags/predicao.py
[2025-11-28T12:02:54.387+0000] {processor.py:830} INFO - Processing file /opt/airflow/dags/predicao.py for tasks to queue
[2025-11-28T12:02:54.389+0000] {logging_mixin.py:188} INFO - [2025-11-28T12:02:54.389+0000] {dagbag.py:545} INFO - Filling up the DagBag from /opt/airflow/dags/predicao.py
[2025-11-28T12:02:56.863+0000] {logging_mixin.py:188} WARNING - /opt/airflow/dags/predicao.py:34 RemovedInAirflow3Warning: Function `days_ago` is deprecated and will be removed in Airflow 3.0. You can achieve equivalent behavior with `pendulum.today('UTC').add(days=-N, ...)`
[2025-11-28T12:02:56.864+0000] {logging_mixin.py:188} WARNING - /opt/airflow/dags/predicao.py:29 RemovedInAirflow3Warning: Param `schedule_interval` is deprecated and will be removed in a future release. Please use `schedule` instead.
[2025-11-28T12:02:56.869+0000] {processor.py:840} INFO - DAG(s) 'ml_prediction_pipeline' retrieved from /opt/airflow/dags/predicao.py
[2025-11-28T12:02:56.892+0000] {logging_mixin.py:188} INFO - [2025-11-28T12:02:56.892+0000] {dag.py:3096} INFO - Sync 1 DAGs
[2025-11-28T12:02:56.910+0000] {logging_mixin.py:188} INFO - [2025-11-28T12:02:56.910+0000] {dag.py:3954} INFO - Setting next_dagrun for ml_prediction_pipeline to 2025-11-28 00:00:00+00:00, run_after=2025-11-29 00:00:00+00:00
[2025-11-28T12:02:56.927+0000] {processor.py:183} INFO - Processing /opt/airflow/dags/predicao.py took 2.548 seconds
[2025-11-28T12:03:27.757+0000] {processor.py:161} INFO - Started process (PID=2919) to work on /opt/airflow/dags/predicao.py
[2025-11-28T12:03:27.758+0000] {processor.py:830} INFO - Processing file /opt/airflow/dags/predicao.py for tasks to queue
[2025-11-28T12:03:27.760+0000] {logging_mixin.py:188} INFO - [2025-11-28T12:03:27.759+0000] {dagbag.py:545} INFO - Filling up the DagBag from /opt/airflow/dags/predicao.py
[2025-11-28T12:03:30.324+0000] {logging_mixin.py:188} WARNING - /opt/airflow/dags/predicao.py:34 RemovedInAirflow3Warning: Function `days_ago` is deprecated and will be removed in Airflow 3.0. You can achieve equivalent behavior with `pendulum.today('UTC').add(days=-N, ...)`
[2025-11-28T12:03:30.325+0000] {logging_mixin.py:188} WARNING - /opt/airflow/dags/predicao.py:29 RemovedInAirflow3Warning: Param `schedule_interval` is deprecated and will be removed in a future release. Please use `schedule` instead.
[2025-11-28T12:03:30.331+0000] {processor.py:840} INFO - DAG(s) 'ml_prediction_pipeline' retrieved from /opt/airflow/dags/predicao.py
[2025-11-28T12:03:30.354+0000] {logging_mixin.py:188} INFO - [2025-11-28T12:03:30.354+0000] {dag.py:3096} INFO - Sync 1 DAGs
[2025-11-28T12:03:30.375+0000] {logging_mixin.py:188} INFO - [2025-11-28T12:03:30.375+0000] {dag.py:3954} INFO - Setting next_dagrun for ml_prediction_pipeline to 2025-11-28 00:00:00+00:00, run_after=2025-11-29 00:00:00+00:00
[2025-11-28T12:03:30.397+0000] {processor.py:183} INFO - Processing /opt/airflow/dags/predicao.py took 2.648 seconds
[2025-11-28T12:04:00.686+0000] {processor.py:161} INFO - Started process (PID=2964) to work on /opt/airflow/dags/predicao.py
[2025-11-28T12:04:00.688+0000] {processor.py:830} INFO - Processing file /opt/airflow/dags/predicao.py for tasks to queue
[2025-11-28T12:04:00.691+0000] {logging_mixin.py:188} INFO - [2025-11-28T12:04:00.691+0000] {dagbag.py:545} INFO - Filling up the DagBag from /opt/airflow/dags/predicao.py
[2025-11-28T12:04:02.738+0000] {logging_mixin.py:188} WARNING - /opt/airflow/dags/predicao.py:34 RemovedInAirflow3Warning: Function `days_ago` is deprecated and will be removed in Airflow 3.0. You can achieve equivalent behavior with `pendulum.today('UTC').add(days=-N, ...)`
[2025-11-28T12:04:02.739+0000] {logging_mixin.py:188} WARNING - /opt/airflow/dags/predicao.py:29 RemovedInAirflow3Warning: Param `schedule_interval` is deprecated and will be removed in a future release. Please use `schedule` instead.
[2025-11-28T12:04:02.745+0000] {processor.py:840} INFO - DAG(s) 'ml_prediction_pipeline' retrieved from /opt/airflow/dags/predicao.py
[2025-11-28T12:04:02.770+0000] {logging_mixin.py:188} INFO - [2025-11-28T12:04:02.769+0000] {dag.py:3096} INFO - Sync 1 DAGs
[2025-11-28T12:04:02.793+0000] {logging_mixin.py:188} INFO - [2025-11-28T12:04:02.792+0000] {dag.py:3954} INFO - Setting next_dagrun for ml_prediction_pipeline to 2025-11-28 00:00:00+00:00, run_after=2025-11-29 00:00:00+00:00
[2025-11-28T12:04:02.810+0000] {processor.py:183} INFO - Processing /opt/airflow/dags/predicao.py took 2.129 seconds
[2025-11-28T12:04:33.332+0000] {processor.py:161} INFO - Started process (PID=3010) to work on /opt/airflow/dags/predicao.py
[2025-11-28T12:04:33.332+0000] {processor.py:830} INFO - Processing file /opt/airflow/dags/predicao.py for tasks to queue
[2025-11-28T12:04:33.335+0000] {logging_mixin.py:188} INFO - [2025-11-28T12:04:33.334+0000] {dagbag.py:545} INFO - Filling up the DagBag from /opt/airflow/dags/predicao.py
[2025-11-28T12:04:36.888+0000] {logging_mixin.py:188} WARNING - /opt/airflow/dags/predicao.py:34 RemovedInAirflow3Warning: Function `days_ago` is deprecated and will be removed in Airflow 3.0. You can achieve equivalent behavior with `pendulum.today('UTC').add(days=-N, ...)`
[2025-11-28T12:04:36.889+0000] {logging_mixin.py:188} WARNING - /opt/airflow/dags/predicao.py:29 RemovedInAirflow3Warning: Param `schedule_interval` is deprecated and will be removed in a future release. Please use `schedule` instead.
[2025-11-28T12:04:36.895+0000] {processor.py:840} INFO - DAG(s) 'ml_prediction_pipeline' retrieved from /opt/airflow/dags/predicao.py
[2025-11-28T12:04:36.924+0000] {logging_mixin.py:188} INFO - [2025-11-28T12:04:36.924+0000] {dag.py:3096} INFO - Sync 1 DAGs
[2025-11-28T12:04:36.951+0000] {logging_mixin.py:188} INFO - [2025-11-28T12:04:36.950+0000] {dag.py:3954} INFO - Setting next_dagrun for ml_prediction_pipeline to 2025-11-28 00:00:00+00:00, run_after=2025-11-29 00:00:00+00:00
[2025-11-28T12:04:36.983+0000] {processor.py:183} INFO - Processing /opt/airflow/dags/predicao.py took 3.656 seconds
[2025-11-28T12:05:07.994+0000] {processor.py:161} INFO - Started process (PID=3055) to work on /opt/airflow/dags/predicao.py
[2025-11-28T12:05:07.996+0000] {processor.py:830} INFO - Processing file /opt/airflow/dags/predicao.py for tasks to queue
[2025-11-28T12:05:07.997+0000] {logging_mixin.py:188} INFO - [2025-11-28T12:05:07.997+0000] {dagbag.py:545} INFO - Filling up the DagBag from /opt/airflow/dags/predicao.py
[2025-11-28T12:05:10.283+0000] {logging_mixin.py:188} WARNING - /opt/airflow/dags/predicao.py:34 RemovedInAirflow3Warning: Function `days_ago` is deprecated and will be removed in Airflow 3.0. You can achieve equivalent behavior with `pendulum.today('UTC').add(days=-N, ...)`
[2025-11-28T12:05:10.286+0000] {logging_mixin.py:188} WARNING - /opt/airflow/dags/predicao.py:29 RemovedInAirflow3Warning: Param `schedule_interval` is deprecated and will be removed in a future release. Please use `schedule` instead.
[2025-11-28T12:05:10.291+0000] {processor.py:840} INFO - DAG(s) 'ml_prediction_pipeline' retrieved from /opt/airflow/dags/predicao.py
[2025-11-28T12:05:10.311+0000] {logging_mixin.py:188} INFO - [2025-11-28T12:05:10.311+0000] {dag.py:3096} INFO - Sync 1 DAGs
[2025-11-28T12:05:10.327+0000] {logging_mixin.py:188} INFO - [2025-11-28T12:05:10.327+0000] {dag.py:3954} INFO - Setting next_dagrun for ml_prediction_pipeline to 2025-11-28 00:00:00+00:00, run_after=2025-11-29 00:00:00+00:00
[2025-11-28T12:05:10.343+0000] {processor.py:183} INFO - Processing /opt/airflow/dags/predicao.py took 2.353 seconds
[2025-11-28T12:05:40.753+0000] {processor.py:161} INFO - Started process (PID=3100) to work on /opt/airflow/dags/predicao.py
[2025-11-28T12:05:40.754+0000] {processor.py:830} INFO - Processing file /opt/airflow/dags/predicao.py for tasks to queue
[2025-11-28T12:05:40.757+0000] {logging_mixin.py:188} INFO - [2025-11-28T12:05:40.756+0000] {dagbag.py:545} INFO - Filling up the DagBag from /opt/airflow/dags/predicao.py
[2025-11-28T12:05:43.207+0000] {logging_mixin.py:188} WARNING - /opt/airflow/dags/predicao.py:34 RemovedInAirflow3Warning: Function `days_ago` is deprecated and will be removed in Airflow 3.0. You can achieve equivalent behavior with `pendulum.today('UTC').add(days=-N, ...)`
[2025-11-28T12:05:43.208+0000] {logging_mixin.py:188} WARNING - /opt/airflow/dags/predicao.py:29 RemovedInAirflow3Warning: Param `schedule_interval` is deprecated and will be removed in a future release. Please use `schedule` instead.
[2025-11-28T12:05:43.212+0000] {processor.py:840} INFO - DAG(s) 'ml_prediction_pipeline' retrieved from /opt/airflow/dags/predicao.py
[2025-11-28T12:05:43.235+0000] {logging_mixin.py:188} INFO - [2025-11-28T12:05:43.234+0000] {dag.py:3096} INFO - Sync 1 DAGs
[2025-11-28T12:05:43.253+0000] {logging_mixin.py:188} INFO - [2025-11-28T12:05:43.253+0000] {dag.py:3954} INFO - Setting next_dagrun for ml_prediction_pipeline to 2025-11-28 00:00:00+00:00, run_after=2025-11-29 00:00:00+00:00
[2025-11-28T12:05:43.271+0000] {processor.py:183} INFO - Processing /opt/airflow/dags/predicao.py took 2.523 seconds
[2025-11-28T12:06:14.018+0000] {processor.py:161} INFO - Started process (PID=3145) to work on /opt/airflow/dags/predicao.py
[2025-11-28T12:06:14.020+0000] {processor.py:830} INFO - Processing file /opt/airflow/dags/predicao.py for tasks to queue
[2025-11-28T12:06:14.021+0000] {logging_mixin.py:188} INFO - [2025-11-28T12:06:14.021+0000] {dagbag.py:545} INFO - Filling up the DagBag from /opt/airflow/dags/predicao.py
[2025-11-28T12:06:16.728+0000] {logging_mixin.py:188} WARNING - /opt/airflow/dags/predicao.py:34 RemovedInAirflow3Warning: Function `days_ago` is deprecated and will be removed in Airflow 3.0. You can achieve equivalent behavior with `pendulum.today('UTC').add(days=-N, ...)`
[2025-11-28T12:06:16.729+0000] {logging_mixin.py:188} WARNING - /opt/airflow/dags/predicao.py:29 RemovedInAirflow3Warning: Param `schedule_interval` is deprecated and will be removed in a future release. Please use `schedule` instead.
[2025-11-28T12:06:16.734+0000] {processor.py:840} INFO - DAG(s) 'ml_prediction_pipeline' retrieved from /opt/airflow/dags/predicao.py
[2025-11-28T12:06:16.758+0000] {logging_mixin.py:188} INFO - [2025-11-28T12:06:16.757+0000] {dag.py:3096} INFO - Sync 1 DAGs
[2025-11-28T12:06:16.776+0000] {logging_mixin.py:188} INFO - [2025-11-28T12:06:16.776+0000] {dag.py:3954} INFO - Setting next_dagrun for ml_prediction_pipeline to 2025-11-28 00:00:00+00:00, run_after=2025-11-29 00:00:00+00:00
[2025-11-28T12:06:16.794+0000] {processor.py:183} INFO - Processing /opt/airflow/dags/predicao.py took 2.781 seconds
[2025-11-28T12:06:46.892+0000] {processor.py:161} INFO - Started process (PID=3190) to work on /opt/airflow/dags/predicao.py
[2025-11-28T12:06:46.893+0000] {processor.py:830} INFO - Processing file /opt/airflow/dags/predicao.py for tasks to queue
[2025-11-28T12:06:46.894+0000] {logging_mixin.py:188} INFO - [2025-11-28T12:06:46.894+0000] {dagbag.py:545} INFO - Filling up the DagBag from /opt/airflow/dags/predicao.py
[2025-11-28T12:06:49.515+0000] {logging_mixin.py:188} WARNING - /opt/airflow/dags/predicao.py:34 RemovedInAirflow3Warning: Function `days_ago` is deprecated and will be removed in Airflow 3.0. You can achieve equivalent behavior with `pendulum.today('UTC').add(days=-N, ...)`
[2025-11-28T12:06:49.518+0000] {logging_mixin.py:188} WARNING - /opt/airflow/dags/predicao.py:29 RemovedInAirflow3Warning: Param `schedule_interval` is deprecated and will be removed in a future release. Please use `schedule` instead.
[2025-11-28T12:06:49.524+0000] {processor.py:840} INFO - DAG(s) 'ml_prediction_pipeline' retrieved from /opt/airflow/dags/predicao.py
[2025-11-28T12:06:49.548+0000] {logging_mixin.py:188} INFO - [2025-11-28T12:06:49.548+0000] {dag.py:3096} INFO - Sync 1 DAGs
[2025-11-28T12:06:49.580+0000] {logging_mixin.py:188} INFO - [2025-11-28T12:06:49.580+0000] {dag.py:3954} INFO - Setting next_dagrun for ml_prediction_pipeline to 2025-11-28 00:00:00+00:00, run_after=2025-11-29 00:00:00+00:00
[2025-11-28T12:06:49.610+0000] {processor.py:183} INFO - Processing /opt/airflow/dags/predicao.py took 2.723 seconds
[2025-11-28T12:07:20.051+0000] {processor.py:161} INFO - Started process (PID=3235) to work on /opt/airflow/dags/predicao.py
[2025-11-28T12:07:20.051+0000] {processor.py:830} INFO - Processing file /opt/airflow/dags/predicao.py for tasks to queue
[2025-11-28T12:07:20.053+0000] {logging_mixin.py:188} INFO - [2025-11-28T12:07:20.053+0000] {dagbag.py:545} INFO - Filling up the DagBag from /opt/airflow/dags/predicao.py
[2025-11-28T12:07:22.025+0000] {logging_mixin.py:188} WARNING - /opt/airflow/dags/predicao.py:34 RemovedInAirflow3Warning: Function `days_ago` is deprecated and will be removed in Airflow 3.0. You can achieve equivalent behavior with `pendulum.today('UTC').add(days=-N, ...)`
[2025-11-28T12:07:22.027+0000] {logging_mixin.py:188} WARNING - /opt/airflow/dags/predicao.py:29 RemovedInAirflow3Warning: Param `schedule_interval` is deprecated and will be removed in a future release. Please use `schedule` instead.
[2025-11-28T12:07:22.032+0000] {processor.py:840} INFO - DAG(s) 'ml_prediction_pipeline' retrieved from /opt/airflow/dags/predicao.py
[2025-11-28T12:07:22.053+0000] {logging_mixin.py:188} INFO - [2025-11-28T12:07:22.053+0000] {dag.py:3096} INFO - Sync 1 DAGs
[2025-11-28T12:07:22.071+0000] {logging_mixin.py:188} INFO - [2025-11-28T12:07:22.071+0000] {dag.py:3954} INFO - Setting next_dagrun for ml_prediction_pipeline to 2025-11-28 00:00:00+00:00, run_after=2025-11-29 00:00:00+00:00
[2025-11-28T12:07:22.091+0000] {processor.py:183} INFO - Processing /opt/airflow/dags/predicao.py took 2.045 seconds
[2025-11-28T12:07:52.509+0000] {processor.py:161} INFO - Started process (PID=3280) to work on /opt/airflow/dags/predicao.py
[2025-11-28T12:07:52.510+0000] {processor.py:830} INFO - Processing file /opt/airflow/dags/predicao.py for tasks to queue
[2025-11-28T12:07:52.512+0000] {logging_mixin.py:188} INFO - [2025-11-28T12:07:52.512+0000] {dagbag.py:545} INFO - Filling up the DagBag from /opt/airflow/dags/predicao.py
[2025-11-28T12:07:55.076+0000] {logging_mixin.py:188} WARNING - /opt/airflow/dags/predicao.py:34 RemovedInAirflow3Warning: Function `days_ago` is deprecated and will be removed in Airflow 3.0. You can achieve equivalent behavior with `pendulum.today('UTC').add(days=-N, ...)`
[2025-11-28T12:07:55.078+0000] {logging_mixin.py:188} WARNING - /opt/airflow/dags/predicao.py:29 RemovedInAirflow3Warning: Param `schedule_interval` is deprecated and will be removed in a future release. Please use `schedule` instead.
[2025-11-28T12:07:55.086+0000] {processor.py:840} INFO - DAG(s) 'ml_prediction_pipeline' retrieved from /opt/airflow/dags/predicao.py
[2025-11-28T12:07:55.130+0000] {logging_mixin.py:188} INFO - [2025-11-28T12:07:55.129+0000] {dag.py:3096} INFO - Sync 1 DAGs
[2025-11-28T12:07:55.165+0000] {logging_mixin.py:188} INFO - [2025-11-28T12:07:55.164+0000] {dag.py:3954} INFO - Setting next_dagrun for ml_prediction_pipeline to 2025-11-28 00:00:00+00:00, run_after=2025-11-29 00:00:00+00:00
[2025-11-28T12:07:55.193+0000] {processor.py:183} INFO - Processing /opt/airflow/dags/predicao.py took 2.689 seconds
