[2025-11-28T19:19:22.924+0000] {processor.py:161} INFO - Started process (PID=264) to work on /opt/airflow/dags/predict.py
[2025-11-28T19:19:22.924+0000] {processor.py:830} INFO - Processing file /opt/airflow/dags/predict.py for tasks to queue
[2025-11-28T19:19:22.926+0000] {logging_mixin.py:188} INFO - [2025-11-28T19:19:22.925+0000] {dagbag.py:545} INFO - Filling up the DagBag from /opt/airflow/dags/predict.py
[2025-11-28T19:19:24.675+0000] {logging_mixin.py:188} INFO - [2025-11-28T19:19:24.674+0000] {dagbag.py:355} ERROR - Failed to import: /opt/airflow/dags/predict.py
Traceback (most recent call last):
  File "/home/airflow/.local/lib/python3.12/site-packages/airflow/models/dagbag.py", line 351, in parse
    loader.exec_module(new_module)
  File "<frozen importlib._bootstrap_external>", line 995, in exec_module
  File "<frozen importlib._bootstrap>", line 488, in _call_with_frames_removed
  File "/opt/airflow/dags/predict.py", line 14, in <module>
    from framework.prediction import *
ModuleNotFoundError: No module named 'framework'
[2025-11-28T19:19:24.675+0000] {processor.py:842} WARNING - No viable dags retrieved from /opt/airflow/dags/predict.py
[2025-11-28T19:19:24.686+0000] {processor.py:183} INFO - Processing /opt/airflow/dags/predict.py took 1.766 seconds
[2025-11-28T19:19:55.092+0000] {processor.py:161} INFO - Started process (PID=304) to work on /opt/airflow/dags/predict.py
[2025-11-28T19:19:55.094+0000] {processor.py:830} INFO - Processing file /opt/airflow/dags/predict.py for tasks to queue
[2025-11-28T19:19:55.095+0000] {logging_mixin.py:188} INFO - [2025-11-28T19:19:55.095+0000] {dagbag.py:545} INFO - Filling up the DagBag from /opt/airflow/dags/predict.py
[2025-11-28T19:19:57.004+0000] {logging_mixin.py:188} INFO - [2025-11-28T19:19:57.003+0000] {dagbag.py:355} ERROR - Failed to import: /opt/airflow/dags/predict.py
Traceback (most recent call last):
  File "/home/airflow/.local/lib/python3.12/site-packages/airflow/models/dagbag.py", line 351, in parse
    loader.exec_module(new_module)
  File "<frozen importlib._bootstrap_external>", line 995, in exec_module
  File "<frozen importlib._bootstrap>", line 488, in _call_with_frames_removed
  File "/opt/airflow/dags/predict.py", line 14, in <module>
    from framework.prediction import *
ModuleNotFoundError: No module named 'framework'
[2025-11-28T19:19:57.004+0000] {processor.py:842} WARNING - No viable dags retrieved from /opt/airflow/dags/predict.py
[2025-11-28T19:19:57.019+0000] {processor.py:183} INFO - Processing /opt/airflow/dags/predict.py took 1.930 seconds
[2025-11-28T19:20:27.668+0000] {processor.py:161} INFO - Started process (PID=348) to work on /opt/airflow/dags/predict.py
[2025-11-28T19:20:27.669+0000] {processor.py:830} INFO - Processing file /opt/airflow/dags/predict.py for tasks to queue
[2025-11-28T19:20:27.670+0000] {logging_mixin.py:188} INFO - [2025-11-28T19:20:27.670+0000] {dagbag.py:545} INFO - Filling up the DagBag from /opt/airflow/dags/predict.py
[2025-11-28T19:20:29.456+0000] {logging_mixin.py:188} INFO - [2025-11-28T19:20:29.455+0000] {dagbag.py:355} ERROR - Failed to import: /opt/airflow/dags/predict.py
Traceback (most recent call last):
  File "/home/airflow/.local/lib/python3.12/site-packages/airflow/models/dagbag.py", line 351, in parse
    loader.exec_module(new_module)
  File "<frozen importlib._bootstrap_external>", line 995, in exec_module
  File "<frozen importlib._bootstrap>", line 488, in _call_with_frames_removed
  File "/opt/airflow/dags/predict.py", line 14, in <module>
    from framework.prediction import *
ModuleNotFoundError: No module named 'framework'
[2025-11-28T19:20:29.456+0000] {processor.py:842} WARNING - No viable dags retrieved from /opt/airflow/dags/predict.py
[2025-11-28T19:20:29.471+0000] {processor.py:183} INFO - Processing /opt/airflow/dags/predict.py took 1.807 seconds
[2025-11-28T19:20:59.671+0000] {processor.py:161} INFO - Started process (PID=390) to work on /opt/airflow/dags/predict.py
[2025-11-28T19:20:59.678+0000] {processor.py:830} INFO - Processing file /opt/airflow/dags/predict.py for tasks to queue
[2025-11-28T19:20:59.679+0000] {logging_mixin.py:188} INFO - [2025-11-28T19:20:59.679+0000] {dagbag.py:545} INFO - Filling up the DagBag from /opt/airflow/dags/predict.py
[2025-11-28T19:21:01.267+0000] {logging_mixin.py:188} INFO - [2025-11-28T19:21:01.266+0000] {dagbag.py:355} ERROR - Failed to import: /opt/airflow/dags/predict.py
Traceback (most recent call last):
  File "/home/airflow/.local/lib/python3.12/site-packages/airflow/models/dagbag.py", line 351, in parse
    loader.exec_module(new_module)
  File "<frozen importlib._bootstrap_external>", line 995, in exec_module
  File "<frozen importlib._bootstrap>", line 488, in _call_with_frames_removed
  File "/opt/airflow/dags/predict.py", line 14, in <module>
    from framework.prediction import *
ModuleNotFoundError: No module named 'framework'
[2025-11-28T19:21:01.267+0000] {processor.py:842} WARNING - No viable dags retrieved from /opt/airflow/dags/predict.py
[2025-11-28T19:21:01.282+0000] {processor.py:183} INFO - Processing /opt/airflow/dags/predict.py took 1.615 seconds
[2025-11-28T19:21:31.388+0000] {processor.py:161} INFO - Started process (PID=435) to work on /opt/airflow/dags/predict.py
[2025-11-28T19:21:31.390+0000] {processor.py:830} INFO - Processing file /opt/airflow/dags/predict.py for tasks to queue
[2025-11-28T19:21:31.391+0000] {logging_mixin.py:188} INFO - [2025-11-28T19:21:31.391+0000] {dagbag.py:545} INFO - Filling up the DagBag from /opt/airflow/dags/predict.py
[2025-11-28T19:22:18.613+0000] {processor.py:161} INFO - Started process (PID=203) to work on /opt/airflow/dags/predict.py
[2025-11-28T19:22:18.616+0000] {processor.py:830} INFO - Processing file /opt/airflow/dags/predict.py for tasks to queue
[2025-11-28T19:22:18.619+0000] {logging_mixin.py:188} INFO - [2025-11-28T19:22:18.618+0000] {dagbag.py:545} INFO - Filling up the DagBag from /opt/airflow/dags/predict.py
[2025-11-28T19:22:21.610+0000] {logging_mixin.py:188} INFO - [2025-11-28T19:22:21.610+0000] {dagbag.py:355} ERROR - Failed to import: /opt/airflow/dags/predict.py
Traceback (most recent call last):
  File "/home/airflow/.local/lib/python3.12/site-packages/airflow/models/dagbag.py", line 351, in parse
    loader.exec_module(new_module)
  File "<frozen importlib._bootstrap_external>", line 995, in exec_module
  File "<frozen importlib._bootstrap>", line 488, in _call_with_frames_removed
  File "/opt/airflow/dags/predict.py", line 14, in <module>
    from framework.prediction import *
ModuleNotFoundError: No module named 'framework'
[2025-11-28T19:22:21.611+0000] {processor.py:842} WARNING - No viable dags retrieved from /opt/airflow/dags/predict.py
[2025-11-28T19:22:21.624+0000] {processor.py:183} INFO - Processing /opt/airflow/dags/predict.py took 3.019 seconds
[2025-11-28T19:22:52.400+0000] {processor.py:161} INFO - Started process (PID=249) to work on /opt/airflow/dags/predict.py
[2025-11-28T19:22:52.402+0000] {processor.py:830} INFO - Processing file /opt/airflow/dags/predict.py for tasks to queue
[2025-11-28T19:22:52.406+0000] {logging_mixin.py:188} INFO - [2025-11-28T19:22:52.406+0000] {dagbag.py:545} INFO - Filling up the DagBag from /opt/airflow/dags/predict.py
[2025-11-28T19:22:54.839+0000] {logging_mixin.py:188} INFO - [2025-11-28T19:22:54.838+0000] {dagbag.py:355} ERROR - Failed to import: /opt/airflow/dags/predict.py
Traceback (most recent call last):
  File "/home/airflow/.local/lib/python3.12/site-packages/airflow/models/dagbag.py", line 351, in parse
    loader.exec_module(new_module)
  File "<frozen importlib._bootstrap_external>", line 995, in exec_module
  File "<frozen importlib._bootstrap>", line 488, in _call_with_frames_removed
  File "/opt/airflow/dags/predict.py", line 14, in <module>
    from framework.prediction import *
ModuleNotFoundError: No module named 'framework'
[2025-11-28T19:22:54.839+0000] {processor.py:842} WARNING - No viable dags retrieved from /opt/airflow/dags/predict.py
[2025-11-28T19:22:54.860+0000] {processor.py:183} INFO - Processing /opt/airflow/dags/predict.py took 2.467 seconds
[2025-11-28T19:23:25.442+0000] {processor.py:161} INFO - Started process (PID=292) to work on /opt/airflow/dags/predict.py
[2025-11-28T19:23:25.442+0000] {processor.py:830} INFO - Processing file /opt/airflow/dags/predict.py for tasks to queue
[2025-11-28T19:23:25.444+0000] {logging_mixin.py:188} INFO - [2025-11-28T19:23:25.443+0000] {dagbag.py:545} INFO - Filling up the DagBag from /opt/airflow/dags/predict.py
[2025-11-28T19:23:27.364+0000] {logging_mixin.py:188} INFO - [2025-11-28T19:23:27.362+0000] {dagbag.py:355} ERROR - Failed to import: /opt/airflow/dags/predict.py
Traceback (most recent call last):
  File "/home/airflow/.local/lib/python3.12/site-packages/airflow/models/dagbag.py", line 351, in parse
    loader.exec_module(new_module)
  File "<frozen importlib._bootstrap_external>", line 995, in exec_module
  File "<frozen importlib._bootstrap>", line 488, in _call_with_frames_removed
  File "/opt/airflow/dags/predict.py", line 14, in <module>
    from framework.prediction import *
ModuleNotFoundError: No module named 'framework'
[2025-11-28T19:23:27.364+0000] {processor.py:842} WARNING - No viable dags retrieved from /opt/airflow/dags/predict.py
[2025-11-28T19:23:27.380+0000] {processor.py:183} INFO - Processing /opt/airflow/dags/predict.py took 1.942 seconds
[2025-11-28T19:23:57.945+0000] {processor.py:161} INFO - Started process (PID=334) to work on /opt/airflow/dags/predict.py
[2025-11-28T19:23:57.949+0000] {processor.py:830} INFO - Processing file /opt/airflow/dags/predict.py for tasks to queue
[2025-11-28T19:23:57.950+0000] {logging_mixin.py:188} INFO - [2025-11-28T19:23:57.950+0000] {dagbag.py:545} INFO - Filling up the DagBag from /opt/airflow/dags/predict.py
[2025-11-28T19:24:00.442+0000] {logging_mixin.py:188} INFO - [2025-11-28T19:24:00.440+0000] {dagbag.py:355} ERROR - Failed to import: /opt/airflow/dags/predict.py
Traceback (most recent call last):
  File "/home/airflow/.local/lib/python3.12/site-packages/airflow/models/dagbag.py", line 351, in parse
    loader.exec_module(new_module)
  File "<frozen importlib._bootstrap_external>", line 995, in exec_module
  File "<frozen importlib._bootstrap>", line 488, in _call_with_frames_removed
  File "/opt/airflow/dags/predict.py", line 14, in <module>
    from framework.prediction import *
ModuleNotFoundError: No module named 'framework'
[2025-11-28T19:24:00.442+0000] {processor.py:842} WARNING - No viable dags retrieved from /opt/airflow/dags/predict.py
[2025-11-28T19:24:00.461+0000] {processor.py:183} INFO - Processing /opt/airflow/dags/predict.py took 2.521 seconds
[2025-11-28T19:25:05.391+0000] {processor.py:161} INFO - Started process (PID=209) to work on /opt/airflow/dags/predict.py
[2025-11-28T19:25:05.394+0000] {processor.py:830} INFO - Processing file /opt/airflow/dags/predict.py for tasks to queue
[2025-11-28T19:25:05.397+0000] {logging_mixin.py:188} INFO - [2025-11-28T19:25:05.396+0000] {dagbag.py:545} INFO - Filling up the DagBag from /opt/airflow/dags/predict.py
[2025-11-28T19:25:08.117+0000] {logging_mixin.py:188} INFO - [2025-11-28T19:25:08.116+0000] {dagbag.py:355} ERROR - Failed to import: /opt/airflow/dags/predict.py
Traceback (most recent call last):
  File "/home/airflow/.local/lib/python3.12/site-packages/airflow/models/dagbag.py", line 351, in parse
    loader.exec_module(new_module)
  File "<frozen importlib._bootstrap_external>", line 995, in exec_module
  File "<frozen importlib._bootstrap>", line 488, in _call_with_frames_removed
  File "/opt/airflow/dags/predict.py", line 14, in <module>
    from framework.prediction import *
ModuleNotFoundError: No module named 'framework'
[2025-11-28T19:25:08.118+0000] {processor.py:842} WARNING - No viable dags retrieved from /opt/airflow/dags/predict.py
[2025-11-28T19:25:08.134+0000] {processor.py:183} INFO - Processing /opt/airflow/dags/predict.py took 2.754 seconds
[2025-11-28T19:25:38.679+0000] {processor.py:161} INFO - Started process (PID=249) to work on /opt/airflow/dags/predict.py
[2025-11-28T19:25:38.681+0000] {processor.py:830} INFO - Processing file /opt/airflow/dags/predict.py for tasks to queue
[2025-11-28T19:25:38.687+0000] {logging_mixin.py:188} INFO - [2025-11-28T19:25:38.686+0000] {dagbag.py:545} INFO - Filling up the DagBag from /opt/airflow/dags/predict.py
[2025-11-28T19:25:41.668+0000] {logging_mixin.py:188} INFO - [2025-11-28T19:25:41.667+0000] {dagbag.py:355} ERROR - Failed to import: /opt/airflow/dags/predict.py
Traceback (most recent call last):
  File "/home/airflow/.local/lib/python3.12/site-packages/airflow/models/dagbag.py", line 351, in parse
    loader.exec_module(new_module)
  File "<frozen importlib._bootstrap_external>", line 995, in exec_module
  File "<frozen importlib._bootstrap>", line 488, in _call_with_frames_removed
  File "/opt/airflow/dags/predict.py", line 14, in <module>
    from framework.prediction import *
ModuleNotFoundError: No module named 'framework'
[2025-11-28T19:25:41.668+0000] {processor.py:842} WARNING - No viable dags retrieved from /opt/airflow/dags/predict.py
[2025-11-28T19:25:41.698+0000] {processor.py:183} INFO - Processing /opt/airflow/dags/predict.py took 3.026 seconds
[2025-11-28T19:26:12.028+0000] {processor.py:161} INFO - Started process (PID=293) to work on /opt/airflow/dags/predict.py
[2025-11-28T19:26:12.029+0000] {processor.py:830} INFO - Processing file /opt/airflow/dags/predict.py for tasks to queue
[2025-11-28T19:26:12.030+0000] {logging_mixin.py:188} INFO - [2025-11-28T19:26:12.030+0000] {dagbag.py:545} INFO - Filling up the DagBag from /opt/airflow/dags/predict.py
[2025-11-28T19:26:14.694+0000] {logging_mixin.py:188} INFO - [2025-11-28T19:26:14.693+0000] {dagbag.py:355} ERROR - Failed to import: /opt/airflow/dags/predict.py
Traceback (most recent call last):
  File "/home/airflow/.local/lib/python3.12/site-packages/airflow/models/dagbag.py", line 351, in parse
    loader.exec_module(new_module)
  File "<frozen importlib._bootstrap_external>", line 995, in exec_module
  File "<frozen importlib._bootstrap>", line 488, in _call_with_frames_removed
  File "/opt/airflow/dags/predict.py", line 14, in <module>
    from framework.prediction import *
ModuleNotFoundError: No module named 'framework'
[2025-11-28T19:26:14.695+0000] {processor.py:842} WARNING - No viable dags retrieved from /opt/airflow/dags/predict.py
[2025-11-28T19:26:14.736+0000] {processor.py:183} INFO - Processing /opt/airflow/dags/predict.py took 2.713 seconds
[2025-11-28T19:26:44.938+0000] {processor.py:161} INFO - Started process (PID=335) to work on /opt/airflow/dags/predict.py
[2025-11-28T19:26:44.938+0000] {processor.py:830} INFO - Processing file /opt/airflow/dags/predict.py for tasks to queue
[2025-11-28T19:26:44.940+0000] {logging_mixin.py:188} INFO - [2025-11-28T19:26:44.940+0000] {dagbag.py:545} INFO - Filling up the DagBag from /opt/airflow/dags/predict.py
[2025-11-28T19:26:47.352+0000] {logging_mixin.py:188} INFO - [2025-11-28T19:26:47.351+0000] {dagbag.py:355} ERROR - Failed to import: /opt/airflow/dags/predict.py
Traceback (most recent call last):
  File "/home/airflow/.local/lib/python3.12/site-packages/airflow/models/dagbag.py", line 351, in parse
    loader.exec_module(new_module)
  File "<frozen importlib._bootstrap_external>", line 995, in exec_module
  File "<frozen importlib._bootstrap>", line 488, in _call_with_frames_removed
  File "/opt/airflow/dags/predict.py", line 14, in <module>
    from framework.prediction import *
ModuleNotFoundError: No module named 'framework'
[2025-11-28T19:26:47.353+0000] {processor.py:842} WARNING - No viable dags retrieved from /opt/airflow/dags/predict.py
[2025-11-28T19:26:47.372+0000] {processor.py:183} INFO - Processing /opt/airflow/dags/predict.py took 2.439 seconds
[2025-11-28T19:27:17.625+0000] {processor.py:161} INFO - Started process (PID=380) to work on /opt/airflow/dags/predict.py
[2025-11-28T19:27:17.628+0000] {processor.py:830} INFO - Processing file /opt/airflow/dags/predict.py for tasks to queue
[2025-11-28T19:27:17.630+0000] {logging_mixin.py:188} INFO - [2025-11-28T19:27:17.629+0000] {dagbag.py:545} INFO - Filling up the DagBag from /opt/airflow/dags/predict.py
[2025-11-28T19:27:19.571+0000] {logging_mixin.py:188} INFO - [2025-11-28T19:27:19.571+0000] {dagbag.py:355} ERROR - Failed to import: /opt/airflow/dags/predict.py
Traceback (most recent call last):
  File "/home/airflow/.local/lib/python3.12/site-packages/airflow/models/dagbag.py", line 351, in parse
    loader.exec_module(new_module)
  File "<frozen importlib._bootstrap_external>", line 995, in exec_module
  File "<frozen importlib._bootstrap>", line 488, in _call_with_frames_removed
  File "/opt/airflow/dags/predict.py", line 14, in <module>
    from framework.prediction import *
ModuleNotFoundError: No module named 'framework'
[2025-11-28T19:27:19.572+0000] {processor.py:842} WARNING - No viable dags retrieved from /opt/airflow/dags/predict.py
[2025-11-28T19:27:19.589+0000] {processor.py:183} INFO - Processing /opt/airflow/dags/predict.py took 1.967 seconds
[2025-11-28T19:27:52.209+0000] {processor.py:161} INFO - Started process (PID=425) to work on /opt/airflow/dags/predict.py
[2025-11-28T19:27:52.211+0000] {processor.py:830} INFO - Processing file /opt/airflow/dags/predict.py for tasks to queue
[2025-11-28T19:27:52.213+0000] {logging_mixin.py:188} INFO - [2025-11-28T19:27:52.213+0000] {dagbag.py:545} INFO - Filling up the DagBag from /opt/airflow/dags/predict.py
[2025-11-28T19:27:55.378+0000] {logging_mixin.py:188} INFO - [2025-11-28T19:27:55.376+0000] {dagbag.py:355} ERROR - Failed to import: /opt/airflow/dags/predict.py
Traceback (most recent call last):
  File "/home/airflow/.local/lib/python3.12/site-packages/airflow/models/dagbag.py", line 351, in parse
    loader.exec_module(new_module)
  File "<frozen importlib._bootstrap_external>", line 995, in exec_module
  File "<frozen importlib._bootstrap>", line 488, in _call_with_frames_removed
  File "/opt/airflow/dags/predict.py", line 14, in <module>
    from framework.prediction import *
ModuleNotFoundError: No module named 'framework'
[2025-11-28T19:27:55.379+0000] {processor.py:842} WARNING - No viable dags retrieved from /opt/airflow/dags/predict.py
[2025-11-28T19:27:55.409+0000] {processor.py:183} INFO - Processing /opt/airflow/dags/predict.py took 3.206 seconds
[2025-11-28T19:28:25.712+0000] {processor.py:161} INFO - Started process (PID=470) to work on /opt/airflow/dags/predict.py
[2025-11-28T19:28:25.714+0000] {processor.py:830} INFO - Processing file /opt/airflow/dags/predict.py for tasks to queue
[2025-11-28T19:28:25.715+0000] {logging_mixin.py:188} INFO - [2025-11-28T19:28:25.714+0000] {dagbag.py:545} INFO - Filling up the DagBag from /opt/airflow/dags/predict.py
[2025-11-28T19:28:28.001+0000] {logging_mixin.py:188} INFO - [2025-11-28T19:28:28.000+0000] {dagbag.py:355} ERROR - Failed to import: /opt/airflow/dags/predict.py
Traceback (most recent call last):
  File "/home/airflow/.local/lib/python3.12/site-packages/airflow/models/dagbag.py", line 351, in parse
    loader.exec_module(new_module)
  File "<frozen importlib._bootstrap_external>", line 995, in exec_module
  File "<frozen importlib._bootstrap>", line 488, in _call_with_frames_removed
  File "/opt/airflow/dags/predict.py", line 14, in <module>
    from framework.prediction import *
ModuleNotFoundError: No module named 'framework'
[2025-11-28T19:28:28.001+0000] {processor.py:842} WARNING - No viable dags retrieved from /opt/airflow/dags/predict.py
[2025-11-28T19:28:28.015+0000] {processor.py:183} INFO - Processing /opt/airflow/dags/predict.py took 2.307 seconds
[2025-11-28T19:29:34.852+0000] {processor.py:161} INFO - Started process (PID=203) to work on /opt/airflow/dags/predict.py
[2025-11-28T19:29:34.854+0000] {processor.py:830} INFO - Processing file /opt/airflow/dags/predict.py for tasks to queue
[2025-11-28T19:29:34.856+0000] {logging_mixin.py:188} INFO - [2025-11-28T19:29:34.856+0000] {dagbag.py:545} INFO - Filling up the DagBag from /opt/airflow/dags/predict.py
[2025-11-28T19:29:38.335+0000] {logging_mixin.py:188} INFO - [2025-11-28T19:29:38.334+0000] {dagbag.py:355} ERROR - Failed to import: /opt/airflow/dags/predict.py
Traceback (most recent call last):
  File "/home/airflow/.local/lib/python3.12/site-packages/airflow/models/dagbag.py", line 351, in parse
    loader.exec_module(new_module)
  File "<frozen importlib._bootstrap_external>", line 995, in exec_module
  File "<frozen importlib._bootstrap>", line 488, in _call_with_frames_removed
  File "/opt/airflow/dags/predict.py", line 14, in <module>
    from framework.prediction import *
ModuleNotFoundError: No module named 'framework'
[2025-11-28T19:29:38.337+0000] {processor.py:842} WARNING - No viable dags retrieved from /opt/airflow/dags/predict.py
[2025-11-28T19:29:38.354+0000] {processor.py:183} INFO - Processing /opt/airflow/dags/predict.py took 3.508 seconds
[2025-11-28T19:30:08.654+0000] {processor.py:161} INFO - Started process (PID=249) to work on /opt/airflow/dags/predict.py
[2025-11-28T19:30:08.658+0000] {processor.py:830} INFO - Processing file /opt/airflow/dags/predict.py for tasks to queue
[2025-11-28T19:30:08.662+0000] {logging_mixin.py:188} INFO - [2025-11-28T19:30:08.660+0000] {dagbag.py:545} INFO - Filling up the DagBag from /opt/airflow/dags/predict.py
[2025-11-28T19:30:10.896+0000] {logging_mixin.py:188} INFO - [2025-11-28T19:30:10.895+0000] {dagbag.py:355} ERROR - Failed to import: /opt/airflow/dags/predict.py
Traceback (most recent call last):
  File "/home/airflow/.local/lib/python3.12/site-packages/airflow/models/dagbag.py", line 351, in parse
    loader.exec_module(new_module)
  File "<frozen importlib._bootstrap_external>", line 995, in exec_module
  File "<frozen importlib._bootstrap>", line 488, in _call_with_frames_removed
  File "/opt/airflow/dags/predict.py", line 14, in <module>
    from framework.prediction import *
ModuleNotFoundError: No module named 'framework'
[2025-11-28T19:30:10.896+0000] {processor.py:842} WARNING - No viable dags retrieved from /opt/airflow/dags/predict.py
[2025-11-28T19:30:10.908+0000] {processor.py:183} INFO - Processing /opt/airflow/dags/predict.py took 2.259 seconds
[2025-11-28T19:30:41.618+0000] {processor.py:161} INFO - Started process (PID=294) to work on /opt/airflow/dags/predict.py
[2025-11-28T19:30:41.622+0000] {processor.py:830} INFO - Processing file /opt/airflow/dags/predict.py for tasks to queue
[2025-11-28T19:30:41.623+0000] {logging_mixin.py:188} INFO - [2025-11-28T19:30:41.623+0000] {dagbag.py:545} INFO - Filling up the DagBag from /opt/airflow/dags/predict.py
[2025-11-28T19:30:43.573+0000] {logging_mixin.py:188} INFO - [2025-11-28T19:30:43.572+0000] {dagbag.py:355} ERROR - Failed to import: /opt/airflow/dags/predict.py
Traceback (most recent call last):
  File "/home/airflow/.local/lib/python3.12/site-packages/airflow/models/dagbag.py", line 351, in parse
    loader.exec_module(new_module)
  File "<frozen importlib._bootstrap_external>", line 995, in exec_module
  File "<frozen importlib._bootstrap>", line 488, in _call_with_frames_removed
  File "/opt/airflow/dags/predict.py", line 14, in <module>
    from framework.prediction import *
ModuleNotFoundError: No module named 'framework'
[2025-11-28T19:30:43.574+0000] {processor.py:842} WARNING - No viable dags retrieved from /opt/airflow/dags/predict.py
[2025-11-28T19:30:43.589+0000] {processor.py:183} INFO - Processing /opt/airflow/dags/predict.py took 1.975 seconds
[2025-11-28T19:31:14.245+0000] {processor.py:161} INFO - Started process (PID=339) to work on /opt/airflow/dags/predict.py
[2025-11-28T19:31:14.249+0000] {processor.py:830} INFO - Processing file /opt/airflow/dags/predict.py for tasks to queue
[2025-11-28T19:31:14.251+0000] {logging_mixin.py:188} INFO - [2025-11-28T19:31:14.250+0000] {dagbag.py:545} INFO - Filling up the DagBag from /opt/airflow/dags/predict.py
[2025-11-28T19:31:16.067+0000] {logging_mixin.py:188} INFO - [2025-11-28T19:31:16.066+0000] {dagbag.py:355} ERROR - Failed to import: /opt/airflow/dags/predict.py
Traceback (most recent call last):
  File "/home/airflow/.local/lib/python3.12/site-packages/airflow/models/dagbag.py", line 351, in parse
    loader.exec_module(new_module)
  File "<frozen importlib._bootstrap_external>", line 995, in exec_module
  File "<frozen importlib._bootstrap>", line 488, in _call_with_frames_removed
  File "/opt/airflow/dags/predict.py", line 14, in <module>
    from framework.prediction import *
ModuleNotFoundError: No module named 'framework'
[2025-11-28T19:31:16.067+0000] {processor.py:842} WARNING - No viable dags retrieved from /opt/airflow/dags/predict.py
[2025-11-28T19:31:16.079+0000] {processor.py:183} INFO - Processing /opt/airflow/dags/predict.py took 1.837 seconds
[2025-11-28T19:31:46.825+0000] {processor.py:161} INFO - Started process (PID=383) to work on /opt/airflow/dags/predict.py
[2025-11-28T19:31:46.825+0000] {processor.py:830} INFO - Processing file /opt/airflow/dags/predict.py for tasks to queue
[2025-11-28T19:31:46.826+0000] {logging_mixin.py:188} INFO - [2025-11-28T19:31:46.826+0000] {dagbag.py:545} INFO - Filling up the DagBag from /opt/airflow/dags/predict.py
[2025-11-28T19:31:48.503+0000] {logging_mixin.py:188} INFO - [2025-11-28T19:31:48.503+0000] {dagbag.py:355} ERROR - Failed to import: /opt/airflow/dags/predict.py
Traceback (most recent call last):
  File "/home/airflow/.local/lib/python3.12/site-packages/airflow/models/dagbag.py", line 351, in parse
    loader.exec_module(new_module)
  File "<frozen importlib._bootstrap_external>", line 995, in exec_module
  File "<frozen importlib._bootstrap>", line 488, in _call_with_frames_removed
  File "/opt/airflow/dags/predict.py", line 14, in <module>
    from framework.prediction import *
ModuleNotFoundError: No module named 'framework'
[2025-11-28T19:31:48.504+0000] {processor.py:842} WARNING - No viable dags retrieved from /opt/airflow/dags/predict.py
[2025-11-28T19:31:48.519+0000] {processor.py:183} INFO - Processing /opt/airflow/dags/predict.py took 1.697 seconds
[2025-11-28T19:33:56.488+0000] {processor.py:161} INFO - Started process (PID=209) to work on /opt/airflow/dags/predict.py
[2025-11-28T19:33:56.490+0000] {processor.py:830} INFO - Processing file /opt/airflow/dags/predict.py for tasks to queue
[2025-11-28T19:33:56.495+0000] {logging_mixin.py:188} INFO - [2025-11-28T19:33:56.494+0000] {dagbag.py:545} INFO - Filling up the DagBag from /opt/airflow/dags/predict.py
[2025-11-28T19:33:59.789+0000] {logging_mixin.py:188} INFO - [2025-11-28T19:33:59.788+0000] {dagbag.py:355} ERROR - Failed to import: /opt/airflow/dags/predict.py
Traceback (most recent call last):
  File "/home/airflow/.local/lib/python3.12/site-packages/airflow/models/dagbag.py", line 351, in parse
    loader.exec_module(new_module)
  File "<frozen importlib._bootstrap_external>", line 995, in exec_module
  File "<frozen importlib._bootstrap>", line 488, in _call_with_frames_removed
  File "/opt/airflow/dags/predict.py", line 14, in <module>
    from framework.prediction import *
ModuleNotFoundError: No module named 'framework'
[2025-11-28T19:33:59.790+0000] {processor.py:842} WARNING - No viable dags retrieved from /opt/airflow/dags/predict.py
[2025-11-28T19:33:59.806+0000] {processor.py:183} INFO - Processing /opt/airflow/dags/predict.py took 3.324 seconds
[2025-11-28T19:34:30.469+0000] {processor.py:161} INFO - Started process (PID=249) to work on /opt/airflow/dags/predict.py
[2025-11-28T19:34:30.472+0000] {processor.py:830} INFO - Processing file /opt/airflow/dags/predict.py for tasks to queue
[2025-11-28T19:34:30.474+0000] {logging_mixin.py:188} INFO - [2025-11-28T19:34:30.474+0000] {dagbag.py:545} INFO - Filling up the DagBag from /opt/airflow/dags/predict.py
[2025-11-28T19:34:32.616+0000] {logging_mixin.py:188} INFO - [2025-11-28T19:34:32.615+0000] {dagbag.py:355} ERROR - Failed to import: /opt/airflow/dags/predict.py
Traceback (most recent call last):
  File "/home/airflow/.local/lib/python3.12/site-packages/airflow/models/dagbag.py", line 351, in parse
    loader.exec_module(new_module)
  File "<frozen importlib._bootstrap_external>", line 995, in exec_module
  File "<frozen importlib._bootstrap>", line 488, in _call_with_frames_removed
  File "/opt/airflow/dags/predict.py", line 14, in <module>
    from framework.prediction import *
ModuleNotFoundError: No module named 'framework'
[2025-11-28T19:34:32.616+0000] {processor.py:842} WARNING - No viable dags retrieved from /opt/airflow/dags/predict.py
[2025-11-28T19:34:32.627+0000] {processor.py:183} INFO - Processing /opt/airflow/dags/predict.py took 2.163 seconds
[2025-11-28T19:35:03.203+0000] {processor.py:161} INFO - Started process (PID=294) to work on /opt/airflow/dags/predict.py
[2025-11-28T19:35:03.204+0000] {processor.py:830} INFO - Processing file /opt/airflow/dags/predict.py for tasks to queue
[2025-11-28T19:35:03.206+0000] {logging_mixin.py:188} INFO - [2025-11-28T19:35:03.206+0000] {dagbag.py:545} INFO - Filling up the DagBag from /opt/airflow/dags/predict.py
[2025-11-28T19:35:04.971+0000] {logging_mixin.py:188} INFO - [2025-11-28T19:35:04.970+0000] {dagbag.py:355} ERROR - Failed to import: /opt/airflow/dags/predict.py
Traceback (most recent call last):
  File "/home/airflow/.local/lib/python3.12/site-packages/airflow/models/dagbag.py", line 351, in parse
    loader.exec_module(new_module)
  File "<frozen importlib._bootstrap_external>", line 995, in exec_module
  File "<frozen importlib._bootstrap>", line 488, in _call_with_frames_removed
  File "/opt/airflow/dags/predict.py", line 14, in <module>
    from framework.prediction import *
ModuleNotFoundError: No module named 'framework'
[2025-11-28T19:35:04.971+0000] {processor.py:842} WARNING - No viable dags retrieved from /opt/airflow/dags/predict.py
[2025-11-28T19:35:04.986+0000] {processor.py:183} INFO - Processing /opt/airflow/dags/predict.py took 1.788 seconds
[2025-11-28T19:35:35.776+0000] {processor.py:161} INFO - Started process (PID=339) to work on /opt/airflow/dags/predict.py
[2025-11-28T19:35:35.778+0000] {processor.py:830} INFO - Processing file /opt/airflow/dags/predict.py for tasks to queue
[2025-11-28T19:35:35.780+0000] {logging_mixin.py:188} INFO - [2025-11-28T19:35:35.779+0000] {dagbag.py:545} INFO - Filling up the DagBag from /opt/airflow/dags/predict.py
[2025-11-28T19:35:37.463+0000] {logging_mixin.py:188} INFO - [2025-11-28T19:35:37.462+0000] {dagbag.py:355} ERROR - Failed to import: /opt/airflow/dags/predict.py
Traceback (most recent call last):
  File "/home/airflow/.local/lib/python3.12/site-packages/airflow/models/dagbag.py", line 351, in parse
    loader.exec_module(new_module)
  File "<frozen importlib._bootstrap_external>", line 995, in exec_module
  File "<frozen importlib._bootstrap>", line 488, in _call_with_frames_removed
  File "/opt/airflow/dags/predict.py", line 14, in <module>
    from framework.prediction import *
ModuleNotFoundError: No module named 'framework'
[2025-11-28T19:35:37.463+0000] {processor.py:842} WARNING - No viable dags retrieved from /opt/airflow/dags/predict.py
[2025-11-28T19:35:37.478+0000] {processor.py:183} INFO - Processing /opt/airflow/dags/predict.py took 1.707 seconds
[2025-11-28T19:36:08.169+0000] {processor.py:161} INFO - Started process (PID=384) to work on /opt/airflow/dags/predict.py
[2025-11-28T19:36:08.173+0000] {processor.py:830} INFO - Processing file /opt/airflow/dags/predict.py for tasks to queue
[2025-11-28T19:36:08.174+0000] {logging_mixin.py:188} INFO - [2025-11-28T19:36:08.174+0000] {dagbag.py:545} INFO - Filling up the DagBag from /opt/airflow/dags/predict.py
[2025-11-28T19:36:09.971+0000] {logging_mixin.py:188} INFO - [2025-11-28T19:36:09.970+0000] {dagbag.py:355} ERROR - Failed to import: /opt/airflow/dags/predict.py
Traceback (most recent call last):
  File "/home/airflow/.local/lib/python3.12/site-packages/airflow/models/dagbag.py", line 351, in parse
    loader.exec_module(new_module)
  File "<frozen importlib._bootstrap_external>", line 995, in exec_module
  File "<frozen importlib._bootstrap>", line 488, in _call_with_frames_removed
  File "/opt/airflow/dags/predict.py", line 14, in <module>
    from framework.prediction import *
ModuleNotFoundError: No module named 'framework'
[2025-11-28T19:36:09.971+0000] {processor.py:842} WARNING - No viable dags retrieved from /opt/airflow/dags/predict.py
[2025-11-28T19:36:09.982+0000] {processor.py:183} INFO - Processing /opt/airflow/dags/predict.py took 1.817 seconds
[2025-11-28T19:36:40.438+0000] {processor.py:161} INFO - Started process (PID=429) to work on /opt/airflow/dags/predict.py
[2025-11-28T19:36:40.439+0000] {processor.py:830} INFO - Processing file /opt/airflow/dags/predict.py for tasks to queue
[2025-11-28T19:36:40.440+0000] {logging_mixin.py:188} INFO - [2025-11-28T19:36:40.440+0000] {dagbag.py:545} INFO - Filling up the DagBag from /opt/airflow/dags/predict.py
[2025-11-28T19:36:42.146+0000] {logging_mixin.py:188} INFO - [2025-11-28T19:36:42.146+0000] {dagbag.py:355} ERROR - Failed to import: /opt/airflow/dags/predict.py
Traceback (most recent call last):
  File "/home/airflow/.local/lib/python3.12/site-packages/airflow/models/dagbag.py", line 351, in parse
    loader.exec_module(new_module)
  File "<frozen importlib._bootstrap_external>", line 995, in exec_module
  File "<frozen importlib._bootstrap>", line 488, in _call_with_frames_removed
  File "/opt/airflow/dags/predict.py", line 14, in <module>
    from framework.prediction import *
ModuleNotFoundError: No module named 'framework'
[2025-11-28T19:36:42.147+0000] {processor.py:842} WARNING - No viable dags retrieved from /opt/airflow/dags/predict.py
[2025-11-28T19:36:42.165+0000] {processor.py:183} INFO - Processing /opt/airflow/dags/predict.py took 1.732 seconds
[2025-11-28T19:37:12.339+0000] {processor.py:161} INFO - Started process (PID=465) to work on /opt/airflow/dags/predict.py
[2025-11-28T19:37:12.341+0000] {processor.py:830} INFO - Processing file /opt/airflow/dags/predict.py for tasks to queue
[2025-11-28T19:37:12.342+0000] {logging_mixin.py:188} INFO - [2025-11-28T19:37:12.342+0000] {dagbag.py:545} INFO - Filling up the DagBag from /opt/airflow/dags/predict.py
[2025-11-28T19:37:13.885+0000] {logging_mixin.py:188} INFO - [2025-11-28T19:37:13.885+0000] {dagbag.py:355} ERROR - Failed to import: /opt/airflow/dags/predict.py
Traceback (most recent call last):
  File "/home/airflow/.local/lib/python3.12/site-packages/airflow/models/dagbag.py", line 351, in parse
    loader.exec_module(new_module)
  File "<frozen importlib._bootstrap_external>", line 995, in exec_module
  File "<frozen importlib._bootstrap>", line 488, in _call_with_frames_removed
  File "/opt/airflow/dags/predict.py", line 14, in <module>
    from framework.prediction import *
ModuleNotFoundError: No module named 'framework'
[2025-11-28T19:37:13.886+0000] {processor.py:842} WARNING - No viable dags retrieved from /opt/airflow/dags/predict.py
[2025-11-28T19:37:13.910+0000] {processor.py:183} INFO - Processing /opt/airflow/dags/predict.py took 1.575 seconds
[2025-11-28T19:37:44.629+0000] {processor.py:161} INFO - Started process (PID=510) to work on /opt/airflow/dags/predict.py
[2025-11-28T19:37:44.631+0000] {processor.py:830} INFO - Processing file /opt/airflow/dags/predict.py for tasks to queue
[2025-11-28T19:37:44.632+0000] {logging_mixin.py:188} INFO - [2025-11-28T19:37:44.632+0000] {dagbag.py:545} INFO - Filling up the DagBag from /opt/airflow/dags/predict.py
[2025-11-28T19:37:46.286+0000] {logging_mixin.py:188} INFO - [2025-11-28T19:37:46.286+0000] {dagbag.py:355} ERROR - Failed to import: /opt/airflow/dags/predict.py
Traceback (most recent call last):
  File "/home/airflow/.local/lib/python3.12/site-packages/airflow/models/dagbag.py", line 351, in parse
    loader.exec_module(new_module)
  File "<frozen importlib._bootstrap_external>", line 995, in exec_module
  File "<frozen importlib._bootstrap>", line 488, in _call_with_frames_removed
  File "/opt/airflow/dags/predict.py", line 14, in <module>
    from framework.prediction import *
ModuleNotFoundError: No module named 'framework'
[2025-11-28T19:37:46.287+0000] {processor.py:842} WARNING - No viable dags retrieved from /opt/airflow/dags/predict.py
[2025-11-28T19:37:46.303+0000] {processor.py:183} INFO - Processing /opt/airflow/dags/predict.py took 1.678 seconds
[2025-11-28T19:38:16.407+0000] {processor.py:161} INFO - Started process (PID=555) to work on /opt/airflow/dags/predict.py
[2025-11-28T19:38:16.410+0000] {processor.py:830} INFO - Processing file /opt/airflow/dags/predict.py for tasks to queue
[2025-11-28T19:38:16.411+0000] {logging_mixin.py:188} INFO - [2025-11-28T19:38:16.411+0000] {dagbag.py:545} INFO - Filling up the DagBag from /opt/airflow/dags/predict.py
[2025-11-28T19:38:18.007+0000] {logging_mixin.py:188} INFO - [2025-11-28T19:38:18.006+0000] {dagbag.py:355} ERROR - Failed to import: /opt/airflow/dags/predict.py
Traceback (most recent call last):
  File "/home/airflow/.local/lib/python3.12/site-packages/airflow/models/dagbag.py", line 351, in parse
    loader.exec_module(new_module)
  File "<frozen importlib._bootstrap_external>", line 995, in exec_module
  File "<frozen importlib._bootstrap>", line 488, in _call_with_frames_removed
  File "/opt/airflow/dags/predict.py", line 14, in <module>
    from framework.prediction import *
ModuleNotFoundError: No module named 'framework'
[2025-11-28T19:38:18.008+0000] {processor.py:842} WARNING - No viable dags retrieved from /opt/airflow/dags/predict.py
[2025-11-28T19:38:18.022+0000] {processor.py:183} INFO - Processing /opt/airflow/dags/predict.py took 1.619 seconds
[2025-11-28T19:38:48.134+0000] {processor.py:161} INFO - Started process (PID=600) to work on /opt/airflow/dags/predict.py
[2025-11-28T19:38:48.136+0000] {processor.py:830} INFO - Processing file /opt/airflow/dags/predict.py for tasks to queue
[2025-11-28T19:38:48.137+0000] {logging_mixin.py:188} INFO - [2025-11-28T19:38:48.136+0000] {dagbag.py:545} INFO - Filling up the DagBag from /opt/airflow/dags/predict.py
[2025-11-28T19:38:49.773+0000] {logging_mixin.py:188} INFO - [2025-11-28T19:38:49.772+0000] {dagbag.py:355} ERROR - Failed to import: /opt/airflow/dags/predict.py
Traceback (most recent call last):
  File "/home/airflow/.local/lib/python3.12/site-packages/airflow/models/dagbag.py", line 351, in parse
    loader.exec_module(new_module)
  File "<frozen importlib._bootstrap_external>", line 995, in exec_module
  File "<frozen importlib._bootstrap>", line 488, in _call_with_frames_removed
  File "/opt/airflow/dags/predict.py", line 14, in <module>
    from framework.prediction import *
ModuleNotFoundError: No module named 'framework'
[2025-11-28T19:38:49.774+0000] {processor.py:842} WARNING - No viable dags retrieved from /opt/airflow/dags/predict.py
[2025-11-28T19:38:49.790+0000] {processor.py:183} INFO - Processing /opt/airflow/dags/predict.py took 1.660 seconds
[2025-11-28T19:40:24.748+0000] {processor.py:161} INFO - Started process (PID=209) to work on /opt/airflow/dags/predict.py
[2025-11-28T19:40:24.750+0000] {processor.py:830} INFO - Processing file /opt/airflow/dags/predict.py for tasks to queue
[2025-11-28T19:40:24.754+0000] {logging_mixin.py:188} INFO - [2025-11-28T19:40:24.753+0000] {dagbag.py:545} INFO - Filling up the DagBag from /opt/airflow/dags/predict.py
[2025-11-28T19:40:27.964+0000] {logging_mixin.py:188} INFO - [2025-11-28T19:40:27.964+0000] {dagbag.py:355} ERROR - Failed to import: /opt/airflow/dags/predict.py
Traceback (most recent call last):
  File "/home/airflow/.local/lib/python3.12/site-packages/airflow/models/dagbag.py", line 351, in parse
    loader.exec_module(new_module)
  File "<frozen importlib._bootstrap_external>", line 995, in exec_module
  File "<frozen importlib._bootstrap>", line 488, in _call_with_frames_removed
  File "/opt/airflow/dags/predict.py", line 14, in <module>
    from framework.prediction import *
ModuleNotFoundError: No module named 'framework'
[2025-11-28T19:40:27.966+0000] {processor.py:842} WARNING - No viable dags retrieved from /opt/airflow/dags/predict.py
[2025-11-28T19:40:27.985+0000] {processor.py:183} INFO - Processing /opt/airflow/dags/predict.py took 3.245 seconds
[2025-11-28T19:40:58.145+0000] {processor.py:161} INFO - Started process (PID=249) to work on /opt/airflow/dags/predict.py
[2025-11-28T19:40:58.148+0000] {processor.py:830} INFO - Processing file /opt/airflow/dags/predict.py for tasks to queue
[2025-11-28T19:40:58.150+0000] {logging_mixin.py:188} INFO - [2025-11-28T19:40:58.150+0000] {dagbag.py:545} INFO - Filling up the DagBag from /opt/airflow/dags/predict.py
[2025-11-28T19:41:00.949+0000] {logging_mixin.py:188} INFO - [2025-11-28T19:41:00.948+0000] {dagbag.py:355} ERROR - Failed to import: /opt/airflow/dags/predict.py
Traceback (most recent call last):
  File "/home/airflow/.local/lib/python3.12/site-packages/airflow/models/dagbag.py", line 351, in parse
    loader.exec_module(new_module)
  File "<frozen importlib._bootstrap_external>", line 995, in exec_module
  File "<frozen importlib._bootstrap>", line 488, in _call_with_frames_removed
  File "/opt/airflow/dags/predict.py", line 14, in <module>
    from framework.prediction import *
ModuleNotFoundError: No module named 'framework'
[2025-11-28T19:41:00.950+0000] {processor.py:842} WARNING - No viable dags retrieved from /opt/airflow/dags/predict.py
[2025-11-28T19:41:00.965+0000] {processor.py:183} INFO - Processing /opt/airflow/dags/predict.py took 2.825 seconds
[2025-11-28T19:41:31.163+0000] {processor.py:161} INFO - Started process (PID=291) to work on /opt/airflow/dags/predict.py
[2025-11-28T19:41:31.166+0000] {processor.py:830} INFO - Processing file /opt/airflow/dags/predict.py for tasks to queue
[2025-11-28T19:41:31.167+0000] {logging_mixin.py:188} INFO - [2025-11-28T19:41:31.166+0000] {dagbag.py:545} INFO - Filling up the DagBag from /opt/airflow/dags/predict.py
[2025-11-28T19:41:32.873+0000] {logging_mixin.py:188} INFO - [2025-11-28T19:41:32.872+0000] {dagbag.py:355} ERROR - Failed to import: /opt/airflow/dags/predict.py
Traceback (most recent call last):
  File "/home/airflow/.local/lib/python3.12/site-packages/airflow/models/dagbag.py", line 351, in parse
    loader.exec_module(new_module)
  File "<frozen importlib._bootstrap_external>", line 995, in exec_module
  File "<frozen importlib._bootstrap>", line 488, in _call_with_frames_removed
  File "/opt/airflow/dags/predict.py", line 14, in <module>
    from framework.prediction import *
ModuleNotFoundError: No module named 'framework'
[2025-11-28T19:41:32.873+0000] {processor.py:842} WARNING - No viable dags retrieved from /opt/airflow/dags/predict.py
[2025-11-28T19:41:32.888+0000] {processor.py:183} INFO - Processing /opt/airflow/dags/predict.py took 1.729 seconds
[2025-11-28T19:42:03.245+0000] {processor.py:161} INFO - Started process (PID=336) to work on /opt/airflow/dags/predict.py
[2025-11-28T19:42:03.248+0000] {processor.py:830} INFO - Processing file /opt/airflow/dags/predict.py for tasks to queue
[2025-11-28T19:42:03.250+0000] {logging_mixin.py:188} INFO - [2025-11-28T19:42:03.249+0000] {dagbag.py:545} INFO - Filling up the DagBag from /opt/airflow/dags/predict.py
[2025-11-28T19:42:05.109+0000] {logging_mixin.py:188} INFO - [2025-11-28T19:42:05.108+0000] {dagbag.py:355} ERROR - Failed to import: /opt/airflow/dags/predict.py
Traceback (most recent call last):
  File "/home/airflow/.local/lib/python3.12/site-packages/airflow/models/dagbag.py", line 351, in parse
    loader.exec_module(new_module)
  File "<frozen importlib._bootstrap_external>", line 995, in exec_module
  File "<frozen importlib._bootstrap>", line 488, in _call_with_frames_removed
  File "/opt/airflow/dags/predict.py", line 14, in <module>
    from framework.prediction import *
ModuleNotFoundError: No module named 'framework'
[2025-11-28T19:42:05.109+0000] {processor.py:842} WARNING - No viable dags retrieved from /opt/airflow/dags/predict.py
[2025-11-28T19:42:05.123+0000] {processor.py:183} INFO - Processing /opt/airflow/dags/predict.py took 1.886 seconds
[2025-11-28T19:43:22.864+0000] {processor.py:161} INFO - Started process (PID=183) to work on /opt/airflow/dags/predict.py
[2025-11-28T19:43:22.867+0000] {processor.py:830} INFO - Processing file /opt/airflow/dags/predict.py for tasks to queue
[2025-11-28T19:43:22.870+0000] {logging_mixin.py:188} INFO - [2025-11-28T19:43:22.869+0000] {dagbag.py:545} INFO - Filling up the DagBag from /opt/airflow/dags/predict.py
[2025-11-28T19:43:26.770+0000] {logging_mixin.py:188} WARNING - /opt/airflow/dags/predict.py:34 RemovedInAirflow3Warning: Function `days_ago` is deprecated and will be removed in Airflow 3.0. You can achieve equivalent behavior with `pendulum.today('UTC').add(days=-N, ...)`
[2025-11-28T19:43:26.771+0000] {logging_mixin.py:188} WARNING - /opt/airflow/dags/predict.py:29 RemovedInAirflow3Warning: Param `schedule_interval` is deprecated and will be removed in a future release. Please use `schedule` instead.
[2025-11-28T19:43:26.777+0000] {processor.py:840} INFO - DAG(s) 'ml_prediction_pipeline' retrieved from /opt/airflow/dags/predict.py
[2025-11-28T19:43:26.937+0000] {logging_mixin.py:188} INFO - [2025-11-28T19:43:26.936+0000] {override.py:1829} INFO - Created Permission View: can delete on DAG:ml_prediction_pipeline
[2025-11-28T19:43:26.951+0000] {logging_mixin.py:188} INFO - [2025-11-28T19:43:26.950+0000] {override.py:1829} INFO - Created Permission View: can edit on DAG:ml_prediction_pipeline
[2025-11-28T19:43:26.963+0000] {logging_mixin.py:188} INFO - [2025-11-28T19:43:26.962+0000] {override.py:1829} INFO - Created Permission View: can read on DAG:ml_prediction_pipeline
[2025-11-28T19:43:26.964+0000] {logging_mixin.py:188} INFO - [2025-11-28T19:43:26.963+0000] {dag.py:3096} INFO - Sync 1 DAGs
[2025-11-28T19:43:26.981+0000] {logging_mixin.py:188} INFO - [2025-11-28T19:43:26.981+0000] {dag.py:3118} INFO - Creating ORM DAG for ml_prediction_pipeline
[2025-11-28T19:43:26.997+0000] {logging_mixin.py:188} INFO - [2025-11-28T19:43:26.997+0000] {dag.py:3954} INFO - Setting next_dagrun for ml_prediction_pipeline to 2025-11-27 00:00:00+00:00, run_after=2025-11-28 00:00:00+00:00
[2025-11-28T19:43:27.029+0000] {processor.py:183} INFO - Processing /opt/airflow/dags/predict.py took 4.171 seconds
[2025-11-28T19:43:57.156+0000] {processor.py:161} INFO - Started process (PID=232) to work on /opt/airflow/dags/predict.py
[2025-11-28T19:43:57.159+0000] {processor.py:830} INFO - Processing file /opt/airflow/dags/predict.py for tasks to queue
[2025-11-28T19:43:57.160+0000] {logging_mixin.py:188} INFO - [2025-11-28T19:43:57.160+0000] {dagbag.py:545} INFO - Filling up the DagBag from /opt/airflow/dags/predict.py
[2025-11-28T19:43:59.003+0000] {logging_mixin.py:188} WARNING - /opt/airflow/dags/predict.py:34 RemovedInAirflow3Warning: Function `days_ago` is deprecated and will be removed in Airflow 3.0. You can achieve equivalent behavior with `pendulum.today('UTC').add(days=-N, ...)`
[2025-11-28T19:43:59.004+0000] {logging_mixin.py:188} WARNING - /opt/airflow/dags/predict.py:29 RemovedInAirflow3Warning: Param `schedule_interval` is deprecated and will be removed in a future release. Please use `schedule` instead.
[2025-11-28T19:43:59.007+0000] {processor.py:840} INFO - DAG(s) 'ml_prediction_pipeline' retrieved from /opt/airflow/dags/predict.py
[2025-11-28T19:43:59.024+0000] {logging_mixin.py:188} INFO - [2025-11-28T19:43:59.024+0000] {dag.py:3096} INFO - Sync 1 DAGs
[2025-11-28T19:43:59.035+0000] {logging_mixin.py:188} INFO - [2025-11-28T19:43:59.035+0000] {dag.py:3954} INFO - Setting next_dagrun for ml_prediction_pipeline to 2025-11-27 00:00:00+00:00, run_after=2025-11-28 00:00:00+00:00
[2025-11-28T19:43:59.049+0000] {processor.py:183} INFO - Processing /opt/airflow/dags/predict.py took 1.898 seconds
[2025-11-28T19:44:29.568+0000] {processor.py:161} INFO - Started process (PID=283) to work on /opt/airflow/dags/predict.py
[2025-11-28T19:44:29.570+0000] {processor.py:830} INFO - Processing file /opt/airflow/dags/predict.py for tasks to queue
[2025-11-28T19:44:29.572+0000] {logging_mixin.py:188} INFO - [2025-11-28T19:44:29.572+0000] {dagbag.py:545} INFO - Filling up the DagBag from /opt/airflow/dags/predict.py
[2025-11-28T19:44:31.218+0000] {logging_mixin.py:188} WARNING - /opt/airflow/dags/predict.py:34 RemovedInAirflow3Warning: Function `days_ago` is deprecated and will be removed in Airflow 3.0. You can achieve equivalent behavior with `pendulum.today('UTC').add(days=-N, ...)`
[2025-11-28T19:44:31.218+0000] {logging_mixin.py:188} WARNING - /opt/airflow/dags/predict.py:29 RemovedInAirflow3Warning: Param `schedule_interval` is deprecated and will be removed in a future release. Please use `schedule` instead.
[2025-11-28T19:44:31.222+0000] {processor.py:840} INFO - DAG(s) 'ml_prediction_pipeline' retrieved from /opt/airflow/dags/predict.py
[2025-11-28T19:44:31.235+0000] {logging_mixin.py:188} INFO - [2025-11-28T19:44:31.235+0000] {dag.py:3096} INFO - Sync 1 DAGs
[2025-11-28T19:44:31.246+0000] {logging_mixin.py:188} INFO - [2025-11-28T19:44:31.246+0000] {dag.py:3954} INFO - Setting next_dagrun for ml_prediction_pipeline to 2025-11-27 00:00:00+00:00, run_after=2025-11-28 00:00:00+00:00
[2025-11-28T19:44:31.258+0000] {processor.py:183} INFO - Processing /opt/airflow/dags/predict.py took 1.694 seconds
[2025-11-28T19:45:01.388+0000] {processor.py:161} INFO - Started process (PID=363) to work on /opt/airflow/dags/predict.py
[2025-11-28T19:45:01.390+0000] {processor.py:830} INFO - Processing file /opt/airflow/dags/predict.py for tasks to queue
[2025-11-28T19:45:01.392+0000] {logging_mixin.py:188} INFO - [2025-11-28T19:45:01.392+0000] {dagbag.py:545} INFO - Filling up the DagBag from /opt/airflow/dags/predict.py
[2025-11-28T19:45:03.252+0000] {logging_mixin.py:188} WARNING - /opt/airflow/dags/predict.py:34 RemovedInAirflow3Warning: Function `days_ago` is deprecated and will be removed in Airflow 3.0. You can achieve equivalent behavior with `pendulum.today('UTC').add(days=-N, ...)`
[2025-11-28T19:45:03.255+0000] {logging_mixin.py:188} WARNING - /opt/airflow/dags/predict.py:29 RemovedInAirflow3Warning: Param `schedule_interval` is deprecated and will be removed in a future release. Please use `schedule` instead.
[2025-11-28T19:45:03.258+0000] {processor.py:840} INFO - DAG(s) 'ml_prediction_pipeline' retrieved from /opt/airflow/dags/predict.py
[2025-11-28T19:45:03.271+0000] {logging_mixin.py:188} INFO - [2025-11-28T19:45:03.271+0000] {dag.py:3096} INFO - Sync 1 DAGs
[2025-11-28T19:45:03.283+0000] {logging_mixin.py:188} INFO - [2025-11-28T19:45:03.283+0000] {dag.py:3954} INFO - Setting next_dagrun for ml_prediction_pipeline to 2025-11-27 00:00:00+00:00, run_after=2025-11-28 00:00:00+00:00
[2025-11-28T19:45:03.295+0000] {processor.py:183} INFO - Processing /opt/airflow/dags/predict.py took 1.912 seconds
[2025-11-28T19:45:33.433+0000] {processor.py:161} INFO - Started process (PID=408) to work on /opt/airflow/dags/predict.py
[2025-11-28T19:45:33.436+0000] {processor.py:830} INFO - Processing file /opt/airflow/dags/predict.py for tasks to queue
[2025-11-28T19:45:33.438+0000] {logging_mixin.py:188} INFO - [2025-11-28T19:45:33.437+0000] {dagbag.py:545} INFO - Filling up the DagBag from /opt/airflow/dags/predict.py
[2025-11-28T19:45:35.056+0000] {logging_mixin.py:188} WARNING - /opt/airflow/dags/predict.py:34 RemovedInAirflow3Warning: Function `days_ago` is deprecated and will be removed in Airflow 3.0. You can achieve equivalent behavior with `pendulum.today('UTC').add(days=-N, ...)`
[2025-11-28T19:45:35.057+0000] {logging_mixin.py:188} WARNING - /opt/airflow/dags/predict.py:29 RemovedInAirflow3Warning: Param `schedule_interval` is deprecated and will be removed in a future release. Please use `schedule` instead.
[2025-11-28T19:45:35.060+0000] {processor.py:840} INFO - DAG(s) 'ml_prediction_pipeline' retrieved from /opt/airflow/dags/predict.py
[2025-11-28T19:45:35.073+0000] {logging_mixin.py:188} INFO - [2025-11-28T19:45:35.073+0000] {dag.py:3096} INFO - Sync 1 DAGs
[2025-11-28T19:45:35.085+0000] {logging_mixin.py:188} INFO - [2025-11-28T19:45:35.085+0000] {dag.py:3954} INFO - Setting next_dagrun for ml_prediction_pipeline to 2025-11-27 00:00:00+00:00, run_after=2025-11-28 00:00:00+00:00
[2025-11-28T19:45:35.097+0000] {processor.py:183} INFO - Processing /opt/airflow/dags/predict.py took 1.671 seconds
[2025-11-28T19:46:05.247+0000] {processor.py:161} INFO - Started process (PID=453) to work on /opt/airflow/dags/predict.py
[2025-11-28T19:46:05.250+0000] {processor.py:830} INFO - Processing file /opt/airflow/dags/predict.py for tasks to queue
[2025-11-28T19:46:05.251+0000] {logging_mixin.py:188} INFO - [2025-11-28T19:46:05.251+0000] {dagbag.py:545} INFO - Filling up the DagBag from /opt/airflow/dags/predict.py
[2025-11-28T19:46:06.813+0000] {logging_mixin.py:188} WARNING - /opt/airflow/dags/predict.py:34 RemovedInAirflow3Warning: Function `days_ago` is deprecated and will be removed in Airflow 3.0. You can achieve equivalent behavior with `pendulum.today('UTC').add(days=-N, ...)`
[2025-11-28T19:46:06.814+0000] {logging_mixin.py:188} WARNING - /opt/airflow/dags/predict.py:29 RemovedInAirflow3Warning: Param `schedule_interval` is deprecated and will be removed in a future release. Please use `schedule` instead.
[2025-11-28T19:46:06.817+0000] {processor.py:840} INFO - DAG(s) 'ml_prediction_pipeline' retrieved from /opt/airflow/dags/predict.py
[2025-11-28T19:46:06.831+0000] {logging_mixin.py:188} INFO - [2025-11-28T19:46:06.831+0000] {dag.py:3096} INFO - Sync 1 DAGs
[2025-11-28T19:46:06.843+0000] {logging_mixin.py:188} INFO - [2025-11-28T19:46:06.842+0000] {dag.py:3954} INFO - Setting next_dagrun for ml_prediction_pipeline to 2025-11-27 00:00:00+00:00, run_after=2025-11-28 00:00:00+00:00
[2025-11-28T19:46:06.856+0000] {processor.py:183} INFO - Processing /opt/airflow/dags/predict.py took 1.614 seconds
[2025-11-28T19:46:37.647+0000] {processor.py:161} INFO - Started process (PID=500) to work on /opt/airflow/dags/predict.py
[2025-11-28T19:46:37.648+0000] {processor.py:830} INFO - Processing file /opt/airflow/dags/predict.py for tasks to queue
[2025-11-28T19:46:37.650+0000] {logging_mixin.py:188} INFO - [2025-11-28T19:46:37.649+0000] {dagbag.py:545} INFO - Filling up the DagBag from /opt/airflow/dags/predict.py
[2025-11-28T19:55:54.929+0000] {processor.py:161} INFO - Started process (PID=176) to work on /opt/airflow/dags/predict.py
[2025-11-28T19:55:54.931+0000] {processor.py:830} INFO - Processing file /opt/airflow/dags/predict.py for tasks to queue
[2025-11-28T19:55:54.933+0000] {logging_mixin.py:188} INFO - [2025-11-28T19:55:54.932+0000] {dagbag.py:545} INFO - Filling up the DagBag from /opt/airflow/dags/predict.py
[2025-11-28T19:55:58.195+0000] {logging_mixin.py:188} WARNING - /opt/airflow/dags/predict.py:34 RemovedInAirflow3Warning: Function `days_ago` is deprecated and will be removed in Airflow 3.0. You can achieve equivalent behavior with `pendulum.today('UTC').add(days=-N, ...)`
[2025-11-28T19:55:58.196+0000] {logging_mixin.py:188} WARNING - /opt/airflow/dags/predict.py:29 RemovedInAirflow3Warning: Param `schedule_interval` is deprecated and will be removed in a future release. Please use `schedule` instead.
[2025-11-28T19:55:58.205+0000] {processor.py:840} INFO - DAG(s) 'ml_prediction_pipeline' retrieved from /opt/airflow/dags/predict.py
[2025-11-28T19:55:58.351+0000] {logging_mixin.py:188} INFO - [2025-11-28T19:55:58.350+0000] {dag.py:3096} INFO - Sync 1 DAGs
[2025-11-28T19:55:58.382+0000] {logging_mixin.py:188} INFO - [2025-11-28T19:55:58.382+0000] {dag.py:3954} INFO - Setting next_dagrun for ml_prediction_pipeline to 2025-11-27 00:00:00+00:00, run_after=2025-11-28 00:00:00+00:00
[2025-11-28T19:55:58.412+0000] {processor.py:183} INFO - Processing /opt/airflow/dags/predict.py took 3.488 seconds
[2025-11-28T19:56:28.680+0000] {processor.py:161} INFO - Started process (PID=244) to work on /opt/airflow/dags/predict.py
[2025-11-28T19:56:28.683+0000] {processor.py:830} INFO - Processing file /opt/airflow/dags/predict.py for tasks to queue
[2025-11-28T19:56:28.685+0000] {logging_mixin.py:188} INFO - [2025-11-28T19:56:28.684+0000] {dagbag.py:545} INFO - Filling up the DagBag from /opt/airflow/dags/predict.py
[2025-11-28T19:56:30.695+0000] {logging_mixin.py:188} WARNING - /opt/airflow/dags/predict.py:34 RemovedInAirflow3Warning: Function `days_ago` is deprecated and will be removed in Airflow 3.0. You can achieve equivalent behavior with `pendulum.today('UTC').add(days=-N, ...)`
[2025-11-28T19:56:30.695+0000] {logging_mixin.py:188} WARNING - /opt/airflow/dags/predict.py:29 RemovedInAirflow3Warning: Param `schedule_interval` is deprecated and will be removed in a future release. Please use `schedule` instead.
[2025-11-28T19:56:30.699+0000] {processor.py:840} INFO - DAG(s) 'ml_prediction_pipeline' retrieved from /opt/airflow/dags/predict.py
[2025-11-28T19:56:30.715+0000] {logging_mixin.py:188} INFO - [2025-11-28T19:56:30.715+0000] {dag.py:3096} INFO - Sync 1 DAGs
[2025-11-28T19:56:30.728+0000] {logging_mixin.py:188} INFO - [2025-11-28T19:56:30.728+0000] {dag.py:3954} INFO - Setting next_dagrun for ml_prediction_pipeline to 2025-11-27 00:00:00+00:00, run_after=2025-11-28 00:00:00+00:00
[2025-11-28T19:56:30.742+0000] {processor.py:183} INFO - Processing /opt/airflow/dags/predict.py took 2.066 seconds
[2025-11-28T19:57:01.277+0000] {processor.py:161} INFO - Started process (PID=323) to work on /opt/airflow/dags/predict.py
[2025-11-28T19:57:01.278+0000] {processor.py:830} INFO - Processing file /opt/airflow/dags/predict.py for tasks to queue
[2025-11-28T19:57:01.280+0000] {logging_mixin.py:188} INFO - [2025-11-28T19:57:01.280+0000] {dagbag.py:545} INFO - Filling up the DagBag from /opt/airflow/dags/predict.py
[2025-11-28T19:57:04.062+0000] {logging_mixin.py:188} WARNING - /opt/airflow/dags/predict.py:34 RemovedInAirflow3Warning: Function `days_ago` is deprecated and will be removed in Airflow 3.0. You can achieve equivalent behavior with `pendulum.today('UTC').add(days=-N, ...)`
[2025-11-28T19:57:04.063+0000] {logging_mixin.py:188} WARNING - /opt/airflow/dags/predict.py:29 RemovedInAirflow3Warning: Param `schedule_interval` is deprecated and will be removed in a future release. Please use `schedule` instead.
[2025-11-28T19:57:04.067+0000] {processor.py:840} INFO - DAG(s) 'ml_prediction_pipeline' retrieved from /opt/airflow/dags/predict.py
[2025-11-28T19:57:04.095+0000] {logging_mixin.py:188} INFO - [2025-11-28T19:57:04.094+0000] {dag.py:3096} INFO - Sync 1 DAGs
[2025-11-28T19:57:04.115+0000] {logging_mixin.py:188} INFO - [2025-11-28T19:57:04.114+0000] {dag.py:3954} INFO - Setting next_dagrun for ml_prediction_pipeline to 2025-11-27 00:00:00+00:00, run_after=2025-11-28 00:00:00+00:00
[2025-11-28T19:57:04.135+0000] {processor.py:183} INFO - Processing /opt/airflow/dags/predict.py took 2.862 seconds
[2025-11-28T19:57:34.239+0000] {processor.py:161} INFO - Started process (PID=372) to work on /opt/airflow/dags/predict.py
[2025-11-28T19:57:34.240+0000] {processor.py:830} INFO - Processing file /opt/airflow/dags/predict.py for tasks to queue
[2025-11-28T19:57:34.242+0000] {logging_mixin.py:188} INFO - [2025-11-28T19:57:34.242+0000] {dagbag.py:545} INFO - Filling up the DagBag from /opt/airflow/dags/predict.py
[2025-11-28T19:57:36.435+0000] {logging_mixin.py:188} WARNING - /opt/airflow/dags/predict.py:34 RemovedInAirflow3Warning: Function `days_ago` is deprecated and will be removed in Airflow 3.0. You can achieve equivalent behavior with `pendulum.today('UTC').add(days=-N, ...)`
[2025-11-28T19:57:36.436+0000] {logging_mixin.py:188} WARNING - /opt/airflow/dags/predict.py:29 RemovedInAirflow3Warning: Param `schedule_interval` is deprecated and will be removed in a future release. Please use `schedule` instead.
[2025-11-28T19:57:36.443+0000] {processor.py:840} INFO - DAG(s) 'ml_prediction_pipeline' retrieved from /opt/airflow/dags/predict.py
[2025-11-28T19:57:36.471+0000] {logging_mixin.py:188} INFO - [2025-11-28T19:57:36.471+0000] {dag.py:3096} INFO - Sync 1 DAGs
[2025-11-28T19:57:36.488+0000] {logging_mixin.py:188} INFO - [2025-11-28T19:57:36.488+0000] {dag.py:3954} INFO - Setting next_dagrun for ml_prediction_pipeline to 2025-11-27 00:00:00+00:00, run_after=2025-11-28 00:00:00+00:00
[2025-11-28T19:57:36.506+0000] {processor.py:183} INFO - Processing /opt/airflow/dags/predict.py took 2.274 seconds
[2025-11-28T19:59:52.300+0000] {processor.py:161} INFO - Started process (PID=181) to work on /opt/airflow/dags/predict.py
[2025-11-28T19:59:52.305+0000] {processor.py:830} INFO - Processing file /opt/airflow/dags/predict.py for tasks to queue
[2025-11-28T19:59:52.308+0000] {logging_mixin.py:188} INFO - [2025-11-28T19:59:52.307+0000] {dagbag.py:545} INFO - Filling up the DagBag from /opt/airflow/dags/predict.py
[2025-11-28T19:59:59.487+0000] {logging_mixin.py:188} WARNING - /opt/airflow/dags/predict.py:34 RemovedInAirflow3Warning: Function `days_ago` is deprecated and will be removed in Airflow 3.0. You can achieve equivalent behavior with `pendulum.today('UTC').add(days=-N, ...)`
[2025-11-28T19:59:59.489+0000] {logging_mixin.py:188} WARNING - /opt/airflow/dags/predict.py:29 RemovedInAirflow3Warning: Param `schedule_interval` is deprecated and will be removed in a future release. Please use `schedule` instead.
[2025-11-28T19:59:59.501+0000] {processor.py:840} INFO - DAG(s) 'ml_prediction_pipeline' retrieved from /opt/airflow/dags/predict.py
[2025-11-28T19:59:59.670+0000] {logging_mixin.py:188} INFO - [2025-11-28T19:59:59.669+0000] {dag.py:3096} INFO - Sync 1 DAGs
[2025-11-28T19:59:59.699+0000] {logging_mixin.py:188} INFO - [2025-11-28T19:59:59.699+0000] {dag.py:3954} INFO - Setting next_dagrun for ml_prediction_pipeline to 2025-11-27 00:00:00+00:00, run_after=2025-11-28 00:00:00+00:00
[2025-11-28T19:59:59.735+0000] {processor.py:183} INFO - Processing /opt/airflow/dags/predict.py took 5.056 seconds
[2025-11-28T20:00:29.896+0000] {processor.py:161} INFO - Started process (PID=315) to work on /opt/airflow/dags/predict.py
[2025-11-28T20:00:29.898+0000] {processor.py:830} INFO - Processing file /opt/airflow/dags/predict.py for tasks to queue
[2025-11-28T20:00:29.900+0000] {logging_mixin.py:188} INFO - [2025-11-28T20:00:29.899+0000] {dagbag.py:545} INFO - Filling up the DagBag from /opt/airflow/dags/predict.py
[2025-11-28T20:00:35.168+0000] {logging_mixin.py:188} WARNING - /opt/airflow/dags/predict.py:34 RemovedInAirflow3Warning: Function `days_ago` is deprecated and will be removed in Airflow 3.0. You can achieve equivalent behavior with `pendulum.today('UTC').add(days=-N, ...)`
[2025-11-28T20:00:35.169+0000] {logging_mixin.py:188} WARNING - /opt/airflow/dags/predict.py:29 RemovedInAirflow3Warning: Param `schedule_interval` is deprecated and will be removed in a future release. Please use `schedule` instead.
[2025-11-28T20:00:35.179+0000] {processor.py:840} INFO - DAG(s) 'ml_prediction_pipeline' retrieved from /opt/airflow/dags/predict.py
[2025-11-28T20:00:35.214+0000] {logging_mixin.py:188} INFO - [2025-11-28T20:00:35.214+0000] {dag.py:3096} INFO - Sync 1 DAGs
[2025-11-28T20:00:35.243+0000] {logging_mixin.py:188} INFO - [2025-11-28T20:00:35.243+0000] {dag.py:3954} INFO - Setting next_dagrun for ml_prediction_pipeline to 2025-11-27 00:00:00+00:00, run_after=2025-11-28 00:00:00+00:00
[2025-11-28T20:00:35.270+0000] {processor.py:183} INFO - Processing /opt/airflow/dags/predict.py took 3.919 seconds
[2025-11-28T20:01:05.420+0000] {processor.py:161} INFO - Started process (PID=519) to work on /opt/airflow/dags/predict.py
[2025-11-28T20:01:05.422+0000] {processor.py:830} INFO - Processing file /opt/airflow/dags/predict.py for tasks to queue
[2025-11-28T20:01:05.424+0000] {logging_mixin.py:188} INFO - [2025-11-28T20:01:05.423+0000] {dagbag.py:545} INFO - Filling up the DagBag from /opt/airflow/dags/predict.py
[2025-11-28T20:01:07.779+0000] {logging_mixin.py:188} WARNING - /opt/airflow/dags/predict.py:34 RemovedInAirflow3Warning: Function `days_ago` is deprecated and will be removed in Airflow 3.0. You can achieve equivalent behavior with `pendulum.today('UTC').add(days=-N, ...)`
[2025-11-28T20:01:07.780+0000] {logging_mixin.py:188} WARNING - /opt/airflow/dags/predict.py:29 RemovedInAirflow3Warning: Param `schedule_interval` is deprecated and will be removed in a future release. Please use `schedule` instead.
[2025-11-28T20:01:07.784+0000] {processor.py:840} INFO - DAG(s) 'ml_prediction_pipeline' retrieved from /opt/airflow/dags/predict.py
[2025-11-28T20:01:07.807+0000] {logging_mixin.py:188} INFO - [2025-11-28T20:01:07.807+0000] {dag.py:3096} INFO - Sync 1 DAGs
[2025-11-28T20:01:07.826+0000] {logging_mixin.py:188} INFO - [2025-11-28T20:01:07.826+0000] {dag.py:3954} INFO - Setting next_dagrun for ml_prediction_pipeline to 2025-11-27 00:00:00+00:00, run_after=2025-11-28 00:00:00+00:00
[2025-11-28T20:01:07.851+0000] {processor.py:183} INFO - Processing /opt/airflow/dags/predict.py took 2.436 seconds
[2025-11-28T20:01:38.840+0000] {processor.py:161} INFO - Started process (PID=699) to work on /opt/airflow/dags/predict.py
[2025-11-28T20:01:38.843+0000] {processor.py:830} INFO - Processing file /opt/airflow/dags/predict.py for tasks to queue
[2025-11-28T20:01:38.846+0000] {logging_mixin.py:188} INFO - [2025-11-28T20:01:38.845+0000] {dagbag.py:545} INFO - Filling up the DagBag from /opt/airflow/dags/predict.py
[2025-11-28T20:01:42.154+0000] {logging_mixin.py:188} WARNING - /opt/airflow/dags/predict.py:34 RemovedInAirflow3Warning: Function `days_ago` is deprecated and will be removed in Airflow 3.0. You can achieve equivalent behavior with `pendulum.today('UTC').add(days=-N, ...)`
[2025-11-28T20:01:42.155+0000] {logging_mixin.py:188} WARNING - /opt/airflow/dags/predict.py:29 RemovedInAirflow3Warning: Param `schedule_interval` is deprecated and will be removed in a future release. Please use `schedule` instead.
[2025-11-28T20:01:42.161+0000] {processor.py:840} INFO - DAG(s) 'ml_prediction_pipeline' retrieved from /opt/airflow/dags/predict.py
[2025-11-28T20:01:42.187+0000] {logging_mixin.py:188} INFO - [2025-11-28T20:01:42.186+0000] {dag.py:3096} INFO - Sync 1 DAGs
[2025-11-28T20:01:42.210+0000] {logging_mixin.py:188} INFO - [2025-11-28T20:01:42.210+0000] {dag.py:3954} INFO - Setting next_dagrun for ml_prediction_pipeline to 2025-11-27 00:00:00+00:00, run_after=2025-11-28 00:00:00+00:00
[2025-11-28T20:01:42.230+0000] {processor.py:183} INFO - Processing /opt/airflow/dags/predict.py took 3.398 seconds
[2025-11-28T20:02:12.464+0000] {processor.py:161} INFO - Started process (PID=899) to work on /opt/airflow/dags/predict.py
[2025-11-28T20:02:12.466+0000] {processor.py:830} INFO - Processing file /opt/airflow/dags/predict.py for tasks to queue
[2025-11-28T20:02:12.470+0000] {logging_mixin.py:188} INFO - [2025-11-28T20:02:12.469+0000] {dagbag.py:545} INFO - Filling up the DagBag from /opt/airflow/dags/predict.py
[2025-11-28T20:02:17.501+0000] {logging_mixin.py:188} WARNING - /opt/airflow/dags/predict.py:34 RemovedInAirflow3Warning: Function `days_ago` is deprecated and will be removed in Airflow 3.0. You can achieve equivalent behavior with `pendulum.today('UTC').add(days=-N, ...)`
[2025-11-28T20:02:17.502+0000] {logging_mixin.py:188} WARNING - /opt/airflow/dags/predict.py:29 RemovedInAirflow3Warning: Param `schedule_interval` is deprecated and will be removed in a future release. Please use `schedule` instead.
[2025-11-28T20:02:17.521+0000] {processor.py:840} INFO - DAG(s) 'ml_prediction_pipeline' retrieved from /opt/airflow/dags/predict.py
[2025-11-28T20:02:17.562+0000] {logging_mixin.py:188} INFO - [2025-11-28T20:02:17.561+0000] {dag.py:3096} INFO - Sync 1 DAGs
[2025-11-28T20:02:17.610+0000] {logging_mixin.py:188} INFO - [2025-11-28T20:02:17.610+0000] {dag.py:3954} INFO - Setting next_dagrun for ml_prediction_pipeline to 2025-11-28 00:00:00+00:00, run_after=2025-11-29 00:00:00+00:00
[2025-11-28T20:02:17.642+0000] {processor.py:183} INFO - Processing /opt/airflow/dags/predict.py took 5.188 seconds
[2025-11-28T20:02:48.029+0000] {processor.py:161} INFO - Started process (PID=1215) to work on /opt/airflow/dags/predict.py
[2025-11-28T20:02:48.032+0000] {processor.py:830} INFO - Processing file /opt/airflow/dags/predict.py for tasks to queue
[2025-11-28T20:02:48.037+0000] {logging_mixin.py:188} INFO - [2025-11-28T20:02:48.036+0000] {dagbag.py:545} INFO - Filling up the DagBag from /opt/airflow/dags/predict.py
[2025-11-28T20:02:52.602+0000] {logging_mixin.py:188} WARNING - /opt/airflow/dags/predict.py:34 RemovedInAirflow3Warning: Function `days_ago` is deprecated and will be removed in Airflow 3.0. You can achieve equivalent behavior with `pendulum.today('UTC').add(days=-N, ...)`
[2025-11-28T20:02:52.604+0000] {logging_mixin.py:188} WARNING - /opt/airflow/dags/predict.py:29 RemovedInAirflow3Warning: Param `schedule_interval` is deprecated and will be removed in a future release. Please use `schedule` instead.
[2025-11-28T20:02:52.614+0000] {processor.py:840} INFO - DAG(s) 'ml_prediction_pipeline' retrieved from /opt/airflow/dags/predict.py
[2025-11-28T20:02:52.668+0000] {logging_mixin.py:188} INFO - [2025-11-28T20:02:52.667+0000] {dag.py:3096} INFO - Sync 1 DAGs
[2025-11-28T20:02:52.711+0000] {logging_mixin.py:188} INFO - [2025-11-28T20:02:52.711+0000] {dag.py:3954} INFO - Setting next_dagrun for ml_prediction_pipeline to 2025-11-28 00:00:00+00:00, run_after=2025-11-29 00:00:00+00:00
[2025-11-28T20:02:52.741+0000] {processor.py:183} INFO - Processing /opt/airflow/dags/predict.py took 4.721 seconds
[2025-11-28T20:03:23.441+0000] {processor.py:161} INFO - Started process (PID=1347) to work on /opt/airflow/dags/predict.py
[2025-11-28T20:03:23.442+0000] {processor.py:830} INFO - Processing file /opt/airflow/dags/predict.py for tasks to queue
[2025-11-28T20:03:23.443+0000] {logging_mixin.py:188} INFO - [2025-11-28T20:03:23.443+0000] {dagbag.py:545} INFO - Filling up the DagBag from /opt/airflow/dags/predict.py
[2025-11-28T20:03:25.806+0000] {logging_mixin.py:188} WARNING - /opt/airflow/dags/predict.py:34 RemovedInAirflow3Warning: Function `days_ago` is deprecated and will be removed in Airflow 3.0. You can achieve equivalent behavior with `pendulum.today('UTC').add(days=-N, ...)`
[2025-11-28T20:03:25.807+0000] {logging_mixin.py:188} WARNING - /opt/airflow/dags/predict.py:29 RemovedInAirflow3Warning: Param `schedule_interval` is deprecated and will be removed in a future release. Please use `schedule` instead.
[2025-11-28T20:03:25.814+0000] {processor.py:840} INFO - DAG(s) 'ml_prediction_pipeline' retrieved from /opt/airflow/dags/predict.py
[2025-11-28T20:03:25.843+0000] {logging_mixin.py:188} INFO - [2025-11-28T20:03:25.842+0000] {dag.py:3096} INFO - Sync 1 DAGs
[2025-11-28T20:03:25.867+0000] {logging_mixin.py:188} INFO - [2025-11-28T20:03:25.867+0000] {dag.py:3954} INFO - Setting next_dagrun for ml_prediction_pipeline to 2025-11-28 00:00:00+00:00, run_after=2025-11-29 00:00:00+00:00
[2025-11-28T20:03:25.898+0000] {processor.py:183} INFO - Processing /opt/airflow/dags/predict.py took 2.461 seconds
[2025-11-28T20:03:56.500+0000] {processor.py:161} INFO - Started process (PID=1392) to work on /opt/airflow/dags/predict.py
[2025-11-28T20:03:56.502+0000] {processor.py:830} INFO - Processing file /opt/airflow/dags/predict.py for tasks to queue
[2025-11-28T20:03:56.504+0000] {logging_mixin.py:188} INFO - [2025-11-28T20:03:56.503+0000] {dagbag.py:545} INFO - Filling up the DagBag from /opt/airflow/dags/predict.py
[2025-11-28T20:03:59.100+0000] {logging_mixin.py:188} WARNING - /opt/airflow/dags/predict.py:34 RemovedInAirflow3Warning: Function `days_ago` is deprecated and will be removed in Airflow 3.0. You can achieve equivalent behavior with `pendulum.today('UTC').add(days=-N, ...)`
[2025-11-28T20:03:59.102+0000] {logging_mixin.py:188} WARNING - /opt/airflow/dags/predict.py:29 RemovedInAirflow3Warning: Param `schedule_interval` is deprecated and will be removed in a future release. Please use `schedule` instead.
[2025-11-28T20:03:59.106+0000] {processor.py:840} INFO - DAG(s) 'ml_prediction_pipeline' retrieved from /opt/airflow/dags/predict.py
[2025-11-28T20:03:59.125+0000] {logging_mixin.py:188} INFO - [2025-11-28T20:03:59.125+0000] {dag.py:3096} INFO - Sync 1 DAGs
[2025-11-28T20:03:59.146+0000] {logging_mixin.py:188} INFO - [2025-11-28T20:03:59.146+0000] {dag.py:3954} INFO - Setting next_dagrun for ml_prediction_pipeline to 2025-11-28 00:00:00+00:00, run_after=2025-11-29 00:00:00+00:00
[2025-11-28T20:03:59.160+0000] {processor.py:183} INFO - Processing /opt/airflow/dags/predict.py took 2.667 seconds
[2025-11-28T20:04:29.243+0000] {processor.py:161} INFO - Started process (PID=1438) to work on /opt/airflow/dags/predict.py
[2025-11-28T20:04:29.243+0000] {processor.py:830} INFO - Processing file /opt/airflow/dags/predict.py for tasks to queue
[2025-11-28T20:04:29.245+0000] {logging_mixin.py:188} INFO - [2025-11-28T20:04:29.244+0000] {dagbag.py:545} INFO - Filling up the DagBag from /opt/airflow/dags/predict.py
[2025-11-28T20:04:31.337+0000] {logging_mixin.py:188} WARNING - /opt/airflow/dags/predict.py:34 RemovedInAirflow3Warning: Function `days_ago` is deprecated and will be removed in Airflow 3.0. You can achieve equivalent behavior with `pendulum.today('UTC').add(days=-N, ...)`
[2025-11-28T20:04:31.338+0000] {logging_mixin.py:188} WARNING - /opt/airflow/dags/predict.py:29 RemovedInAirflow3Warning: Param `schedule_interval` is deprecated and will be removed in a future release. Please use `schedule` instead.
[2025-11-28T20:04:31.344+0000] {processor.py:840} INFO - DAG(s) 'ml_prediction_pipeline' retrieved from /opt/airflow/dags/predict.py
[2025-11-28T20:04:31.367+0000] {logging_mixin.py:188} INFO - [2025-11-28T20:04:31.366+0000] {dag.py:3096} INFO - Sync 1 DAGs
[2025-11-28T20:04:31.387+0000] {logging_mixin.py:188} INFO - [2025-11-28T20:04:31.387+0000] {dag.py:3954} INFO - Setting next_dagrun for ml_prediction_pipeline to 2025-11-28 00:00:00+00:00, run_after=2025-11-29 00:00:00+00:00
[2025-11-28T20:04:31.405+0000] {processor.py:183} INFO - Processing /opt/airflow/dags/predict.py took 2.167 seconds
[2025-11-28T20:40:55.645+0000] {processor.py:161} INFO - Started process (PID=175) to work on /opt/airflow/dags/predict.py
[2025-11-28T20:40:55.647+0000] {processor.py:830} INFO - Processing file /opt/airflow/dags/predict.py for tasks to queue
[2025-11-28T20:40:55.649+0000] {logging_mixin.py:188} INFO - [2025-11-28T20:40:55.648+0000] {dagbag.py:545} INFO - Filling up the DagBag from /opt/airflow/dags/predict.py
[2025-11-28T20:40:59.595+0000] {logging_mixin.py:188} WARNING - /opt/airflow/dags/predict.py:34 RemovedInAirflow3Warning: Function `days_ago` is deprecated and will be removed in Airflow 3.0. You can achieve equivalent behavior with `pendulum.today('UTC').add(days=-N, ...)`
[2025-11-28T20:40:59.597+0000] {logging_mixin.py:188} WARNING - /opt/airflow/dags/predict.py:29 RemovedInAirflow3Warning: Param `schedule_interval` is deprecated and will be removed in a future release. Please use `schedule` instead.
[2025-11-28T20:40:59.603+0000] {processor.py:840} INFO - DAG(s) 'ml_prediction_pipeline' retrieved from /opt/airflow/dags/predict.py
[2025-11-28T20:40:59.730+0000] {logging_mixin.py:188} INFO - [2025-11-28T20:40:59.730+0000] {dag.py:3096} INFO - Sync 1 DAGs
[2025-11-28T20:40:59.747+0000] {logging_mixin.py:188} INFO - [2025-11-28T20:40:59.747+0000] {dag.py:3954} INFO - Setting next_dagrun for ml_prediction_pipeline to 2025-11-28 00:00:00+00:00, run_after=2025-11-29 00:00:00+00:00
[2025-11-28T20:40:59.773+0000] {processor.py:183} INFO - Processing /opt/airflow/dags/predict.py took 4.133 seconds
