[2025-11-28T11:38:14.285+0000] {local_task_job_runner.py:120} INFO - ::group::Pre task execution logs
[2025-11-28T11:38:14.346+0000] {taskinstance.py:2076} INFO - Dependencies all met for dep_context=non-requeueable deps ti=<TaskInstance: ml_prediction_pipeline.load_model scheduled__2025-11-27T00:00:00+00:00 [queued]>
[2025-11-28T11:38:14.361+0000] {taskinstance.py:2076} INFO - Dependencies all met for dep_context=requeueable deps ti=<TaskInstance: ml_prediction_pipeline.load_model scheduled__2025-11-27T00:00:00+00:00 [queued]>
[2025-11-28T11:38:14.361+0000] {taskinstance.py:2306} INFO - Starting attempt 1 of 3
[2025-11-28T11:38:14.387+0000] {taskinstance.py:2330} INFO - Executing <Task(PythonOperator): load_model> on 2025-11-27 00:00:00+00:00
[2025-11-28T11:38:14.405+0000] {logging_mixin.py:188} WARNING - /home/***/.local/lib/python3.12/site-packages/***/task/task_runner/standard_task_runner.py:61 DeprecationWarning: This process (pid=737) is multi-threaded, use of fork() may lead to deadlocks in the child.
[2025-11-28T11:38:14.406+0000] {standard_task_runner.py:63} INFO - Started process 744 to run task
[2025-11-28T11:38:14.404+0000] {standard_task_runner.py:90} INFO - Running: ['***', 'tasks', 'run', 'ml_prediction_pipeline', 'load_model', 'scheduled__2025-11-27T00:00:00+00:00', '--job-id', '254', '--raw', '--subdir', 'DAGS_FOLDER/predicao.py', '--cfg-path', '/tmp/tmp81x_e_lo']
[2025-11-28T11:38:14.411+0000] {standard_task_runner.py:91} INFO - Job 254: Subtask load_model
[2025-11-28T11:38:14.524+0000] {task_command.py:426} INFO - Running <TaskInstance: ml_prediction_pipeline.load_model scheduled__2025-11-27T00:00:00+00:00 [running]> on host 351eaf83ff35
[2025-11-28T11:38:14.664+0000] {taskinstance.py:2648} INFO - Exporting env vars: AIRFLOW_CTX_DAG_EMAIL='data-team@example.com' AIRFLOW_CTX_DAG_OWNER='data_science_team' AIRFLOW_CTX_DAG_ID='ml_prediction_pipeline' AIRFLOW_CTX_TASK_ID='load_model' AIRFLOW_CTX_EXECUTION_DATE='2025-11-27T00:00:00+00:00' AIRFLOW_CTX_TRY_NUMBER='1' AIRFLOW_CTX_DAG_RUN_ID='scheduled__2025-11-27T00:00:00+00:00'
[2025-11-28T11:38:14.665+0000] {taskinstance.py:430} INFO - ::endgroup::
[2025-11-28T11:38:14.684+0000] {logging_mixin.py:188} INFO - 🤖 Carregando modelo 'diabete_model'...
[2025-11-28T11:38:14.689+0000] {logging_mixin.py:188} WARNING - /home/luisveloso/MLOps_projects/framework/prediction.py:135 FutureWarning: ``mlflow.tracking.client.MlflowClient.get_latest_versions`` is deprecated since 2.9.0. Model registry stages will be removed in a future major release. To learn more about the deprecation of model registry stages, see our migration guide here: https://mlflow.org/docs/latest/model-registry.html#migrating-from-stages
[2025-11-28T11:38:14.839+0000] {logging_mixin.py:188} INFO - 📦 Versão encontrada: 1
[2025-11-28T11:38:14.942+0000] {logging_mixin.py:188} WARNING - Downloading artifacts:   0%|          | 0/5 [00:00<?, ?it/s]
[2025-11-28T11:38:15.070+0000] {logging_mixin.py:188} WARNING - Downloading artifacts:  20%|##        | 1/5 [00:00<00:00,  7.85it/s]
[2025-11-28T11:38:15.072+0000] {logging_mixin.py:188} WARNING - Downloading artifacts:  20%|##        | 1/5 [00:00<00:00,  7.85it/s]
[2025-11-28T11:38:15.077+0000] {logging_mixin.py:188} WARNING - Downloading artifacts:  40%|####      | 2/5 [00:00<00:00,  7.85it/s]
[2025-11-28T11:38:15.082+0000] {logging_mixin.py:188} WARNING - Downloading artifacts:  60%|######    | 3/5 [00:00<00:00,  7.85it/s]
[2025-11-28T11:38:15.083+0000] {logging_mixin.py:188} WARNING - Downloading artifacts:  80%|########  | 4/5 [00:00<00:00,  7.85it/s]
[2025-11-28T11:38:15.109+0000] {logging_mixin.py:188} WARNING - Downloading artifacts: 100%|##########| 5/5 [00:00<00:00,  7.85it/s]
[2025-11-28T11:38:15.110+0000] {logging_mixin.py:188} WARNING - Downloading artifacts: 100%|##########| 5/5 [00:00<00:00, 29.96it/s]
[2025-11-28T11:38:16.120+0000] {logging_mixin.py:188} INFO - 📋 Features do modelo: ['BMI', 'DiabetesPedigreeFunction', 'Insulin', 'SkinThickness']
[2025-11-28T11:38:16.138+0000] {logging_mixin.py:188} INFO - ✅ Modelo carregado!
[2025-11-28T11:38:16.166+0000] {python.py:237} INFO - Done. Returned value was: None
[2025-11-28T11:38:16.167+0000] {taskinstance.py:441} INFO - ::group::Post task execution logs
[2025-11-28T11:38:16.178+0000] {taskinstance.py:1206} INFO - Marking task as SUCCESS. dag_id=ml_prediction_pipeline, task_id=load_model, run_id=scheduled__2025-11-27T00:00:00+00:00, execution_date=20251127T000000, start_date=20251128T113814, end_date=20251128T113816
[2025-11-28T11:38:16.238+0000] {local_task_job_runner.py:240} INFO - Task exited with return code 0
[2025-11-28T11:38:16.268+0000] {taskinstance.py:3498} INFO - 1 downstream tasks scheduled from follow-on schedule check
[2025-11-28T11:38:16.272+0000] {local_task_job_runner.py:222} INFO - ::endgroup::
