[2025-11-28T00:40:43.981+0000] {local_task_job_runner.py:120} INFO - ::group::Pre task execution logs
[2025-11-28T00:40:44.000+0000] {taskinstance.py:2076} INFO - Dependencies all met for dep_context=non-requeueable deps ti=<TaskInstance: etl_pipeline_final.task_patient_ids scheduled__2025-11-27T00:00:00+00:00 [queued]>
[2025-11-28T00:40:44.005+0000] {taskinstance.py:2076} INFO - Dependencies all met for dep_context=requeueable deps ti=<TaskInstance: etl_pipeline_final.task_patient_ids scheduled__2025-11-27T00:00:00+00:00 [queued]>
[2025-11-28T00:40:44.005+0000] {taskinstance.py:2306} INFO - Starting attempt 1 of 1
[2025-11-28T00:40:44.017+0000] {taskinstance.py:2330} INFO - Executing <Task(_PythonDecoratedOperator): task_patient_ids> on 2025-11-27 00:00:00+00:00
[2025-11-28T00:40:44.024+0000] {standard_task_runner.py:90} INFO - Running: ['***', 'tasks', 'run', 'etl_pipeline_final', 'task_patient_ids', 'scheduled__2025-11-27T00:00:00+00:00', '--job-id', '92', '--raw', '--subdir', 'DAGS_FOLDER/etl.py', '--cfg-path', '/tmp/tmp3o5q_mc5']
[2025-11-28T00:40:44.026+0000] {logging_mixin.py:188} WARNING - /home/***/.local/lib/python3.12/site-packages/***/task/task_runner/standard_task_runner.py:61 DeprecationWarning: This process (pid=249) is multi-threaded, use of fork() may lead to deadlocks in the child.
[2025-11-28T00:40:44.026+0000] {standard_task_runner.py:91} INFO - Job 92: Subtask task_patient_ids
[2025-11-28T00:40:44.027+0000] {standard_task_runner.py:63} INFO - Started process 251 to run task
[2025-11-28T00:40:44.084+0000] {task_command.py:426} INFO - Running <TaskInstance: etl_pipeline_final.task_patient_ids scheduled__2025-11-27T00:00:00+00:00 [running]> on host 526a5b4f3a6c
[2025-11-28T00:40:44.323+0000] {taskinstance.py:2648} INFO - Exporting env vars: AIRFLOW_CTX_DAG_OWNER='***' AIRFLOW_CTX_DAG_ID='etl_pipeline_final' AIRFLOW_CTX_TASK_ID='task_patient_ids' AIRFLOW_CTX_EXECUTION_DATE='2025-11-27T00:00:00+00:00' AIRFLOW_CTX_TRY_NUMBER='1' AIRFLOW_CTX_DAG_RUN_ID='scheduled__2025-11-27T00:00:00+00:00'
[2025-11-28T00:40:44.324+0000] {taskinstance.py:430} INFO - ::endgroup::
[2025-11-28T00:40:44.325+0000] {python.py:237} INFO - Done. Returned value was: {'predictor':      Pregnancies  Glucose  ...            event_timestamp  patient_id
0              6      148  ... 2023-10-22 00:40:43.182355           0
1              1       85  ... 2023-10-23 00:40:43.182355           1
2              8      183  ... 2023-10-24 00:40:43.182355           2
3              1       89  ... 2023-10-25 00:40:43.182355           3
4              0      137  ... 2023-10-26 00:40:43.182355           4
..           ...      ...  ...                        ...         ...
764            2      122  ... 2025-11-24 00:40:43.182355         764
765            5      121  ... 2025-11-25 00:40:43.182355         765
766            1      126  ... 2025-11-26 00:40:43.182355         766
767            1       93  ... 2025-11-27 00:40:43.182355         767
768            1       93  ... 2025-11-28 00:40:43.182355         768

[769 rows x 10 columns], 'target':      Outcome            event_timestamp  patient_id
0          1 2023-10-22 00:40:43.182355           0
1          0 2023-10-23 00:40:43.182355           1
2          1 2023-10-24 00:40:43.182355           2
3          0 2023-10-25 00:40:43.182355           3
4          1 2023-10-26 00:40:43.182355           4
..       ...                        ...         ...
764        0 2025-11-24 00:40:43.182355         764
765        0 2025-11-25 00:40:43.182355         765
766        1 2025-11-26 00:40:43.182355         766
767        0 2025-11-27 00:40:43.182355         767
768        0 2025-11-28 00:40:43.182355         768

[769 rows x 3 columns]}
[2025-11-28T00:40:44.332+0000] {taskinstance.py:441} INFO - ::group::Post task execution logs
[2025-11-28T00:40:44.365+0000] {taskinstance.py:1206} INFO - Marking task as SUCCESS. dag_id=etl_pipeline_final, task_id=task_patient_ids, run_id=scheduled__2025-11-27T00:00:00+00:00, execution_date=20251127T000000, start_date=20251128T004044, end_date=20251128T004044
[2025-11-28T00:40:44.401+0000] {local_task_job_runner.py:240} INFO - Task exited with return code 0
[2025-11-28T00:40:44.417+0000] {taskinstance.py:3498} INFO - 1 downstream tasks scheduled from follow-on schedule check
[2025-11-28T00:40:44.420+0000] {local_task_job_runner.py:222} INFO - ::endgroup::
